<?xml version="1.0" encoding="UTF-8"?>
<testsuite name="com.aninfo.integration.cucumber.CucumberTest" tests="42" skipped="0" failures="0" errors="0" timestamp="2023-12-02T22:03:20" hostname="valentin-750XFG" time="0.325">
  <properties/>
  <testcase name="Given No tickets to access" classname="com.aninfo.integration.cucumber.CucumberTest" time="0.0"/>
  <testcase name="When Trying to get tickets" classname="com.aninfo.integration.cucumber.CucumberTest" time="0.0"/>
  <testcase name="Then I get no tickets" classname="com.aninfo.integration.cucumber.CucumberTest" time="0.0"/>
  <testcase name="Given Two tickets" classname="com.aninfo.integration.cucumber.CucumberTest" time="0.0"/>
  <testcase name="When Trying to get tickets" classname="com.aninfo.integration.cucumber.CucumberTest" time="0.0"/>
  <testcase name="Then I get two tickets" classname="com.aninfo.integration.cucumber.CucumberTest" time="0.0"/>
  <testcase name="Given Ticket with name Ticket1 because of accesing" classname="com.aninfo.integration.cucumber.CucumberTest" time="0.0"/>
  <testcase name="When Trying to find ticket with name Ticket1" classname="com.aninfo.integration.cucumber.CucumberTest" time="0.0"/>
  <testcase name="Then I get the ticket appropriately" classname="com.aninfo.integration.cucumber.CucumberTest" time="0.0"/>
  <testcase name="Given Ticket with name MyTicket1 because of accesing" classname="com.aninfo.integration.cucumber.CucumberTest" time="0.0"/>
  <testcase name="When Trying to find ticket with name MyTicket2" classname="com.aninfo.integration.cucumber.CucumberTest" time="0.0"/>
  <testcase name="Then I get an Invalid Ticket Exception because of accessing" classname="com.aninfo.integration.cucumber.CucumberTest" time="0.001"/>
  <testcase name="Given No ticket with name ticket1" classname="com.aninfo.integration.cucumber.CucumberTest" time="0.0"/>
  <testcase name="When Trying to create a ticket with name ticket1" classname="com.aninfo.integration.cucumber.CucumberTest" time="0.0"/>
  <testcase name="Then It is created successfully" classname="com.aninfo.integration.cucumber.CucumberTest" time="0.0"/>
  <testcase name="And Ticket is named ticket1" classname="com.aninfo.integration.cucumber.CucumberTest" time="0.0"/>
  <testcase name="Given A ticket with status NOT STARTED" classname="com.aninfo.integration.cucumber.CucumberTest" time="0.0"/>
  <testcase name="When Trying to edit the status from NOT STARTED to IN PROGRESS" classname="com.aninfo.integration.cucumber.CucumberTest" time="0.001"/>
  <testcase name="Then Status is edited successfully" classname="com.aninfo.integration.cucumber.CucumberTest" time="0.0"/>
  <testcase name="Given A ticket with severity S1" classname="com.aninfo.integration.cucumber.CucumberTest" time="0.0"/>
  <testcase name="When Trying to edit the severity from S1 to S2" classname="com.aninfo.integration.cucumber.CucumberTest" time="0.0"/>
  <testcase name="Then Severity is edited successfully" classname="com.aninfo.integration.cucumber.CucumberTest" time="0.0"/>
  <testcase name="Given A ticket with priority LOW" classname="com.aninfo.integration.cucumber.CucumberTest" time="0.0"/>
  <testcase name="When Trying to edit the priority from LOW to HIGH" classname="com.aninfo.integration.cucumber.CucumberTest" time="0.0"/>
  <testcase name="Then Priority is edited successfully" classname="com.aninfo.integration.cucumber.CucumberTest" time="0.0"/>
  <testcase name="Given A ticket with an empty info" classname="com.aninfo.integration.cucumber.CucumberTest" time="0.0"/>
  <testcase name="When Trying to edit the info to a different one" classname="com.aninfo.integration.cucumber.CucumberTest" time="0.0"/>
  <testcase name="Then Info is edited successfully" classname="com.aninfo.integration.cucumber.CucumberTest" time="0.0"/>
  <testcase name="Given A ticket with name ticket1" classname="com.aninfo.integration.cucumber.CucumberTest" time="0.0"/>
  <testcase name="When Trying to edit the name from ticket1 to ticket2" classname="com.aninfo.integration.cucumber.CucumberTest" time="0.0"/>
  <testcase name="Then Name is edited successfully" classname="com.aninfo.integration.cucumber.CucumberTest" time="0.0"/>
  <testcase name="Given Two tickets with names ticket1 and ticket2" classname="com.aninfo.integration.cucumber.CucumberTest" time="0.0"/>
  <testcase name="When Trying to edit the name of ticket1 to the same name of ticket2" classname="com.aninfo.integration.cucumber.CucumberTest" time="0.0"/>
  <testcase name="Then I get a Ticket Name Already Taken Exception" classname="com.aninfo.integration.cucumber.CucumberTest" time="0.0"/>
  <testcase name="And It remain with the original name" classname="com.aninfo.integration.cucumber.CucumberTest" time="0.0"/>
  <testcase name="Given A ticket" classname="com.aninfo.integration.cucumber.CucumberTest" time="0.0"/>
  <testcase name="When Searching this ticket by it's code" classname="com.aninfo.integration.cucumber.CucumberTest" time="0.0"/>
  <testcase name="Then It is found successfully" classname="com.aninfo.integration.cucumber.CucumberTest" time="0.0"/>
  <testcase name="And The ticket's code matches" classname="com.aninfo.integration.cucumber.CucumberTest" time="0.0"/>
  <testcase name="Given no tickets to search" classname="com.aninfo.integration.cucumber.CucumberTest" time="0.0"/>
  <testcase name="When Searching this ticket by it's code" classname="com.aninfo.integration.cucumber.CucumberTest" time="0.0"/>
  <testcase name="Then I get an Invalid Ticket Exception because of searching" classname="com.aninfo.integration.cucumber.CucumberTest" time="0.0"/>
  <system-out><![CDATA[19:03:15.377 [Test worker] DEBUG org.springframework.test.context.BootstrapUtils - Instantiating CacheAwareContextLoaderDelegate from class [org.springframework.test.context.cache.DefaultCacheAwareContextLoaderDelegate]
19:03:15.393 [Test worker] DEBUG org.springframework.test.context.BootstrapUtils - Instantiating BootstrapContext using constructor [public org.springframework.test.context.support.DefaultBootstrapContext(java.lang.Class,org.springframework.test.context.CacheAwareContextLoaderDelegate)]
19:03:15.434 [Test worker] DEBUG org.springframework.test.context.BootstrapUtils - Instantiating TestContextBootstrapper for test class [com.aninfo.integration.cucumber.TicketSearchTest] from class [org.springframework.boot.test.context.SpringBootTestContextBootstrapper]
19:03:15.459 [Test worker] DEBUG org.springframework.test.context.support.AbstractContextLoader - Did not detect default resource location for test class [com.aninfo.integration.cucumber.TicketIntegrationServiceTest]: class path resource [com/aninfo/integration/cucumber/TicketIntegrationServiceTest-context.xml] does not exist
19:03:15.460 [Test worker] DEBUG org.springframework.test.context.support.AbstractContextLoader - Did not detect default resource location for test class [com.aninfo.integration.cucumber.TicketIntegrationServiceTest]: class path resource [com/aninfo/integration/cucumber/TicketIntegrationServiceTestContext.groovy] does not exist
19:03:15.460 [Test worker] INFO org.springframework.test.context.support.AbstractContextLoader - Could not detect default resource locations for test class [com.aninfo.integration.cucumber.TicketIntegrationServiceTest]: no resource found for suffixes {-context.xml, Context.groovy}.
19:03:15.487 [Test worker] DEBUG org.springframework.test.context.support.ActiveProfilesUtils - Could not find an 'annotation declaring class' for annotation type [org.springframework.test.context.ActiveProfiles] and class [com.aninfo.integration.cucumber.TicketSearchTest]
19:03:15.556 [Test worker] DEBUG org.springframework.boot.test.context.SpringBootTestContextBootstrapper - @TestExecutionListeners is not present for class [com.aninfo.integration.cucumber.TicketSearchTest]: using defaults.
19:03:15.556 [Test worker] INFO org.springframework.boot.test.context.SpringBootTestContextBootstrapper - Loaded default TestExecutionListener class names from location [META-INF/spring.factories]: [org.springframework.boot.test.autoconfigure.restdocs.RestDocsTestExecutionListener, org.springframework.boot.test.autoconfigure.web.client.MockRestServiceServerResetTestExecutionListener, org.springframework.boot.test.autoconfigure.web.servlet.MockMvcPrintOnlyOnFailureTestExecutionListener, org.springframework.boot.test.autoconfigure.web.servlet.WebDriverTestExecutionListener, org.springframework.boot.test.mock.mockito.MockitoTestExecutionListener, org.springframework.boot.test.mock.mockito.ResetMocksTestExecutionListener, org.springframework.test.context.web.ServletTestExecutionListener, org.springframework.test.context.support.DirtiesContextBeforeModesTestExecutionListener, org.springframework.test.context.support.DependencyInjectionTestExecutionListener, org.springframework.test.context.support.DirtiesContextTestExecutionListener, org.springframework.test.context.transaction.TransactionalTestExecutionListener, org.springframework.test.context.jdbc.SqlScriptsTestExecutionListener, org.springframework.test.context.event.EventPublishingTestExecutionListener]
19:03:15.564 [Test worker] INFO org.springframework.boot.test.context.SpringBootTestContextBootstrapper - Using TestExecutionListeners: [org.springframework.test.context.web.ServletTestExecutionListener@1a338c5b, org.springframework.test.context.support.DirtiesContextBeforeModesTestExecutionListener@670884f0, org.springframework.boot.test.mock.mockito.MockitoTestExecutionListener@10f0e659, org.springframework.boot.test.autoconfigure.SpringBootDependencyInjectionTestExecutionListener@168e9e70, org.springframework.test.context.support.DirtiesContextTestExecutionListener@10d989ae, org.springframework.test.context.transaction.TransactionalTestExecutionListener@3355b041, org.springframework.test.context.jdbc.SqlScriptsTestExecutionListener@24005a5c, org.springframework.test.context.event.EventPublishingTestExecutionListener@469f2db2, org.springframework.boot.test.autoconfigure.restdocs.RestDocsTestExecutionListener@1a574836, org.springframework.boot.test.autoconfigure.web.client.MockRestServiceServerResetTestExecutionListener@41e2485, org.springframework.boot.test.autoconfigure.web.servlet.MockMvcPrintOnlyOnFailureTestExecutionListener@226a5ce0, org.springframework.boot.test.autoconfigure.web.servlet.WebDriverTestExecutionListener@1d2717a2, org.springframework.boot.test.mock.mockito.ResetMocksTestExecutionListener@3d91eac8]
19:03:15.576 [Test worker] DEBUG org.springframework.test.context.support.TestPropertySourceUtils - Adding inlined properties to environment: {spring.jmx.enabled=false, org.springframework.boot.test.context.SpringBootTestContextBootstrapper=true, server.port=-1}

  .   ____          _            __ _ _
 /\\ / ___'_ __ _ _(_)_ __  __ _ \ \ \ \
( ( )\___ | '_ | '_| | '_ \/ _` | \ \ \ \
 \\/  ___)| |_)| | | | | || (_| |  ) ) ) )
  '  |____| .__|_| |_|_| |_\__, | / / / /
 =========|_|==============|___/=/_/_/_/
 :: Spring Boot ::        (v2.2.5.RELEASE)

2023-12-02 19:03:15.852  INFO 126758 --- [    Test worker] c.a.i.cucumber.TicketSearchTest          : Starting TicketSearchTest on valentin-750XFG with PID 126758 (started by valentin in /home/valentin/ANALISIS_DE_LA_INFORMACION/TPG/squad_3_2023_2c)
2023-12-02 19:03:15.854  INFO 126758 --- [    Test worker] c.a.i.cucumber.TicketSearchTest          : No active profile set, falling back to default profiles: default
2023-12-02 19:03:16.423  INFO 126758 --- [    Test worker] .s.d.r.c.RepositoryConfigurationDelegate : Bootstrapping Spring Data JPA repositories in DEFAULT mode.
2023-12-02 19:03:16.496  INFO 126758 --- [    Test worker] .s.d.r.c.RepositoryConfigurationDelegate : Finished Spring Data repository scanning in 68ms. Found 1 JPA repository interfaces.
2023-12-02 19:03:17.229  INFO 126758 --- [    Test worker] o.hibernate.jpa.internal.util.LogHelper  : HHH000204: Processing PersistenceUnitInfo [name: default]
2023-12-02 19:03:17.266  INFO 126758 --- [    Test worker] org.hibernate.Version                    : HHH000412: Hibernate ORM core version 5.4.12.Final
2023-12-02 19:03:17.346  INFO 126758 --- [    Test worker] o.hibernate.annotations.common.Version   : HCANN000001: Hibernate Commons Annotations {5.1.0.Final}
2023-12-02 19:03:17.404  INFO 126758 --- [    Test worker] com.zaxxer.hikari.HikariDataSource       : HikariPool-1 - Starting...
2023-12-02 19:03:17.525  INFO 126758 --- [    Test worker] com.zaxxer.hikari.HikariDataSource       : HikariPool-1 - Start completed.
2023-12-02 19:03:17.536  INFO 126758 --- [    Test worker] org.hibernate.dialect.Dialect            : HHH000400: Using dialect: org.hibernate.dialect.H2Dialect
Hibernate: 
    
    drop table ticket if exists
Hibernate: 
    
    drop table ticket_tasks if exists
Hibernate: 
    
    drop sequence if exists hibernate_sequence
Hibernate: create sequence hibernate_sequence start with 1 increment by 1
Hibernate: 
    
    create table ticket (
       code bigint not null,
        client_id bigint,
        closing_date date,
        description varchar(255),
        employee_id bigint,
        priority integer,
        product varchar(255),
        severity integer,
        start_date date,
        status integer,
        title varchar(255),
        version varchar(255),
        primary key (code)
    )
Hibernate: 
    
    create table ticket_tasks (
       ticket_id bigint not null,
        task_id bigint
    )
Hibernate: 
    
    alter table ticket_tasks 
       add constraint FKnbyd5rwnukhkx2huaqj7mmpdn 
       foreign key (ticket_id) 
       references ticket
2023-12-02 19:03:18.004  INFO 126758 --- [    Test worker] o.h.e.t.j.p.i.JtaPlatformInitiator       : HHH000490: Using JtaPlatform implementation: [org.hibernate.engine.transaction.jta.platform.internal.NoJtaPlatform]
2023-12-02 19:03:18.009  INFO 126758 --- [    Test worker] j.LocalContainerEntityManagerFactoryBean : Initialized JPA EntityManagerFactory for persistence unit 'default'
2023-12-02 19:03:18.707  WARN 126758 --- [    Test worker] JpaBaseConfiguration$JpaWebConfiguration : spring.jpa.open-in-view is enabled by default. Therefore, database queries may be performed during view rendering. Explicitly configure spring.jpa.open-in-view to disable this warning
2023-12-02 19:03:19.409  INFO 126758 --- [    Test worker] o.s.s.concurrent.ThreadPoolTaskExecutor  : Initializing ExecutorService 'applicationTaskExecutor'
2023-12-02 19:03:19.719  INFO 126758 --- [    Test worker] o.s.b.a.h2.H2ConsoleAutoConfiguration    : H2 console available at '/h2-console'. Database available at 'jdbc:h2:mem:DBNAME'
2023-12-02 19:03:20.179  INFO 126758 --- [    Test worker] c.a.i.cucumber.TicketSearchTest          : Started TicketSearchTest in 4.597 seconds (JVM running for 5.592)
Before any test execution
Before any test execution
Before any test execution
Before any test execution
Hibernate: 
    select
        ticket0_.code as code1_0_,
        ticket0_.client_id as client_i2_0_,
        ticket0_.closing_date as closing_3_0_,
        ticket0_.description as descript4_0_,
        ticket0_.employee_id as employee5_0_,
        ticket0_.priority as priority6_0_,
        ticket0_.product as product7_0_,
        ticket0_.severity as severity8_0_,
        ticket0_.start_date as start_da9_0_,
        ticket0_.status as status10_0_,
        ticket0_.title as title11_0_,
        ticket0_.version as version12_0_ 
    from
        ticket ticket0_
Resetting system
Hibernate: 
    select
        ticket0_.code as code1_0_,
        ticket0_.client_id as client_i2_0_,
        ticket0_.closing_date as closing_3_0_,
        ticket0_.description as descript4_0_,
        ticket0_.employee_id as employee5_0_,
        ticket0_.priority as priority6_0_,
        ticket0_.product as product7_0_,
        ticket0_.severity as severity8_0_,
        ticket0_.start_date as start_da9_0_,
        ticket0_.status as status10_0_,
        ticket0_.title as title11_0_,
        ticket0_.version as version12_0_ 
    from
        ticket ticket0_
Resetting system
Hibernate: 
    select
        ticket0_.code as code1_0_,
        ticket0_.client_id as client_i2_0_,
        ticket0_.closing_date as closing_3_0_,
        ticket0_.description as descript4_0_,
        ticket0_.employee_id as employee5_0_,
        ticket0_.priority as priority6_0_,
        ticket0_.product as product7_0_,
        ticket0_.severity as severity8_0_,
        ticket0_.start_date as start_da9_0_,
        ticket0_.status as status10_0_,
        ticket0_.title as title11_0_,
        ticket0_.version as version12_0_ 
    from
        ticket ticket0_
Resetting system
Hibernate: 
    select
        ticket0_.code as code1_0_,
        ticket0_.client_id as client_i2_0_,
        ticket0_.closing_date as closing_3_0_,
        ticket0_.description as descript4_0_,
        ticket0_.employee_id as employee5_0_,
        ticket0_.priority as priority6_0_,
        ticket0_.product as product7_0_,
        ticket0_.severity as severity8_0_,
        ticket0_.start_date as start_da9_0_,
        ticket0_.status as status10_0_,
        ticket0_.title as title11_0_,
        ticket0_.version as version12_0_ 
    from
        ticket ticket0_
Resetting system
Hibernate: 
    select
        ticket0_.code as code1_0_,
        ticket0_.client_id as client_i2_0_,
        ticket0_.closing_date as closing_3_0_,
        ticket0_.description as descript4_0_,
        ticket0_.employee_id as employee5_0_,
        ticket0_.priority as priority6_0_,
        ticket0_.product as product7_0_,
        ticket0_.severity as severity8_0_,
        ticket0_.start_date as start_da9_0_,
        ticket0_.status as status10_0_,
        ticket0_.title as title11_0_,
        ticket0_.version as version12_0_ 
    from
        ticket ticket0_
2023-12-02 19:03:20.410  INFO 126758 --- [    Test worker] o.s.t.c.support.AbstractContextLoader    : Could not detect default resource locations for test class [com.aninfo.integration.cucumber.TicketIntegrationServiceTest]: no resource found for suffixes {-context.xml, Context.groovy}.
2023-12-02 19:03:20.411  INFO 126758 --- [    Test worker] .b.t.c.SpringBootTestContextBootstrapper : Loaded default TestExecutionListener class names from location [META-INF/spring.factories]: [org.springframework.boot.test.autoconfigure.restdocs.RestDocsTestExecutionListener, org.springframework.boot.test.autoconfigure.web.client.MockRestServiceServerResetTestExecutionListener, org.springframework.boot.test.autoconfigure.web.servlet.MockMvcPrintOnlyOnFailureTestExecutionListener, org.springframework.boot.test.autoconfigure.web.servlet.WebDriverTestExecutionListener, org.springframework.boot.test.mock.mockito.MockitoTestExecutionListener, org.springframework.boot.test.mock.mockito.ResetMocksTestExecutionListener, org.springframework.test.context.web.ServletTestExecutionListener, org.springframework.test.context.support.DirtiesContextBeforeModesTestExecutionListener, org.springframework.test.context.support.DependencyInjectionTestExecutionListener, org.springframework.test.context.support.DirtiesContextTestExecutionListener, org.springframework.test.context.transaction.TransactionalTestExecutionListener, org.springframework.test.context.jdbc.SqlScriptsTestExecutionListener, org.springframework.test.context.event.EventPublishingTestExecutionListener]
2023-12-02 19:03:20.411  INFO 126758 --- [    Test worker] .b.t.c.SpringBootTestContextBootstrapper : Using TestExecutionListeners: [org.springframework.test.context.web.ServletTestExecutionListener@11bee8b8, org.springframework.test.context.support.DirtiesContextBeforeModesTestExecutionListener@72995f17, org.springframework.boot.test.mock.mockito.MockitoTestExecutionListener@3d382a8d, org.springframework.boot.test.autoconfigure.SpringBootDependencyInjectionTestExecutionListener@3d98f318, org.springframework.test.context.support.DirtiesContextTestExecutionListener@5b85373b, org.springframework.test.context.transaction.TransactionalTestExecutionListener@63dcbabb, org.springframework.test.context.jdbc.SqlScriptsTestExecutionListener@1fcc980f, org.springframework.test.context.event.EventPublishingTestExecutionListener@65b6a8dd, org.springframework.boot.test.autoconfigure.restdocs.RestDocsTestExecutionListener@17f877bf, org.springframework.boot.test.autoconfigure.web.client.MockRestServiceServerResetTestExecutionListener@11771e99, org.springframework.boot.test.autoconfigure.web.servlet.MockMvcPrintOnlyOnFailureTestExecutionListener@6a00e058, org.springframework.boot.test.autoconfigure.web.servlet.WebDriverTestExecutionListener@3a204d85, org.springframework.boot.test.mock.mockito.ResetMocksTestExecutionListener@6eb180f1]
Before any test execution
Before any test execution
Before any test execution
Before any test execution
Hibernate: 
    select
        ticket0_.code as code1_0_,
        ticket0_.client_id as client_i2_0_,
        ticket0_.closing_date as closing_3_0_,
        ticket0_.description as descript4_0_,
        ticket0_.employee_id as employee5_0_,
        ticket0_.priority as priority6_0_,
        ticket0_.product as product7_0_,
        ticket0_.severity as severity8_0_,
        ticket0_.start_date as start_da9_0_,
        ticket0_.status as status10_0_,
        ticket0_.title as title11_0_,
        ticket0_.version as version12_0_ 
    from
        ticket ticket0_ 
    where
        ticket0_.title=?
Hibernate: 
    call next value for hibernate_sequence
Hibernate: 
    insert 
    into
        ticket
        (client_id, closing_date, description, employee_id, priority, product, severity, start_date, status, title, version, code) 
    values
        (?, ?, ?, ?, ?, ?, ?, ?, ?, ?, ?, ?)
Hibernate: 
    select
        ticket0_.code as code1_0_,
        ticket0_.client_id as client_i2_0_,
        ticket0_.closing_date as closing_3_0_,
        ticket0_.description as descript4_0_,
        ticket0_.employee_id as employee5_0_,
        ticket0_.priority as priority6_0_,
        ticket0_.product as product7_0_,
        ticket0_.severity as severity8_0_,
        ticket0_.start_date as start_da9_0_,
        ticket0_.status as status10_0_,
        ticket0_.title as title11_0_,
        ticket0_.version as version12_0_ 
    from
        ticket ticket0_ 
    where
        ticket0_.title=?
Hibernate: 
    call next value for hibernate_sequence
Hibernate: 
    insert 
    into
        ticket
        (client_id, closing_date, description, employee_id, priority, product, severity, start_date, status, title, version, code) 
    values
        (?, ?, ?, ?, ?, ?, ?, ?, ?, ?, ?, ?)
Hibernate: 
    select
        ticket0_.code as code1_0_,
        ticket0_.client_id as client_i2_0_,
        ticket0_.closing_date as closing_3_0_,
        ticket0_.description as descript4_0_,
        ticket0_.employee_id as employee5_0_,
        ticket0_.priority as priority6_0_,
        ticket0_.product as product7_0_,
        ticket0_.severity as severity8_0_,
        ticket0_.start_date as start_da9_0_,
        ticket0_.status as status10_0_,
        ticket0_.title as title11_0_,
        ticket0_.version as version12_0_ 
    from
        ticket ticket0_
Hibernate: 
    select
        ticket0_.code as code1_0_,
        ticket0_.client_id as client_i2_0_,
        ticket0_.closing_date as closing_3_0_,
        ticket0_.description as descript4_0_,
        ticket0_.employee_id as employee5_0_,
        ticket0_.priority as priority6_0_,
        ticket0_.product as product7_0_,
        ticket0_.severity as severity8_0_,
        ticket0_.start_date as start_da9_0_,
        ticket0_.status as status10_0_,
        ticket0_.title as title11_0_,
        ticket0_.version as version12_0_ 
    from
        ticket ticket0_
Resetting system
Hibernate: 
    select
        ticket0_.code as code1_0_,
        ticket0_.client_id as client_i2_0_,
        ticket0_.closing_date as closing_3_0_,
        ticket0_.description as descript4_0_,
        ticket0_.employee_id as employee5_0_,
        ticket0_.priority as priority6_0_,
        ticket0_.product as product7_0_,
        ticket0_.severity as severity8_0_,
        ticket0_.start_date as start_da9_0_,
        ticket0_.status as status10_0_,
        ticket0_.title as title11_0_,
        ticket0_.version as version12_0_ 
    from
        ticket ticket0_
Hibernate: 
    delete 
    from
        ticket_tasks 
    where
        ticket_id=?
Hibernate: 
    delete 
    from
        ticket_tasks 
    where
        ticket_id=?
Hibernate: 
    delete 
    from
        ticket 
    where
        code=?
Hibernate: 
    delete 
    from
        ticket 
    where
        code=?
Resetting system
Hibernate: 
    select
        ticket0_.code as code1_0_,
        ticket0_.client_id as client_i2_0_,
        ticket0_.closing_date as closing_3_0_,
        ticket0_.description as descript4_0_,
        ticket0_.employee_id as employee5_0_,
        ticket0_.priority as priority6_0_,
        ticket0_.product as product7_0_,
        ticket0_.severity as severity8_0_,
        ticket0_.start_date as start_da9_0_,
        ticket0_.status as status10_0_,
        ticket0_.title as title11_0_,
        ticket0_.version as version12_0_ 
    from
        ticket ticket0_
Resetting system
Hibernate: 
    select
        ticket0_.code as code1_0_,
        ticket0_.client_id as client_i2_0_,
        ticket0_.closing_date as closing_3_0_,
        ticket0_.description as descript4_0_,
        ticket0_.employee_id as employee5_0_,
        ticket0_.priority as priority6_0_,
        ticket0_.product as product7_0_,
        ticket0_.severity as severity8_0_,
        ticket0_.start_date as start_da9_0_,
        ticket0_.status as status10_0_,
        ticket0_.title as title11_0_,
        ticket0_.version as version12_0_ 
    from
        ticket ticket0_
Resetting system
Hibernate: 
    select
        ticket0_.code as code1_0_,
        ticket0_.client_id as client_i2_0_,
        ticket0_.closing_date as closing_3_0_,
        ticket0_.description as descript4_0_,
        ticket0_.employee_id as employee5_0_,
        ticket0_.priority as priority6_0_,
        ticket0_.product as product7_0_,
        ticket0_.severity as severity8_0_,
        ticket0_.start_date as start_da9_0_,
        ticket0_.status as status10_0_,
        ticket0_.title as title11_0_,
        ticket0_.version as version12_0_ 
    from
        ticket ticket0_
2023-12-02 19:03:20.485  INFO 126758 --- [    Test worker] o.s.t.c.support.AbstractContextLoader    : Could not detect default resource locations for test class [com.aninfo.integration.cucumber.TicketIntegrationServiceTest]: no resource found for suffixes {-context.xml, Context.groovy}.
2023-12-02 19:03:20.486  INFO 126758 --- [    Test worker] .b.t.c.SpringBootTestContextBootstrapper : Loaded default TestExecutionListener class names from location [META-INF/spring.factories]: [org.springframework.boot.test.autoconfigure.restdocs.RestDocsTestExecutionListener, org.springframework.boot.test.autoconfigure.web.client.MockRestServiceServerResetTestExecutionListener, org.springframework.boot.test.autoconfigure.web.servlet.MockMvcPrintOnlyOnFailureTestExecutionListener, org.springframework.boot.test.autoconfigure.web.servlet.WebDriverTestExecutionListener, org.springframework.boot.test.mock.mockito.MockitoTestExecutionListener, org.springframework.boot.test.mock.mockito.ResetMocksTestExecutionListener, org.springframework.test.context.web.ServletTestExecutionListener, org.springframework.test.context.support.DirtiesContextBeforeModesTestExecutionListener, org.springframework.test.context.support.DependencyInjectionTestExecutionListener, org.springframework.test.context.support.DirtiesContextTestExecutionListener, org.springframework.test.context.transaction.TransactionalTestExecutionListener, org.springframework.test.context.jdbc.SqlScriptsTestExecutionListener, org.springframework.test.context.event.EventPublishingTestExecutionListener]
2023-12-02 19:03:20.487  INFO 126758 --- [    Test worker] .b.t.c.SpringBootTestContextBootstrapper : Using TestExecutionListeners: [org.springframework.test.context.web.ServletTestExecutionListener@b7856cb, org.springframework.test.context.support.DirtiesContextBeforeModesTestExecutionListener@584e42d4, org.springframework.boot.test.mock.mockito.MockitoTestExecutionListener@4fc2382f, org.springframework.boot.test.autoconfigure.SpringBootDependencyInjectionTestExecutionListener@3114ce94, org.springframework.test.context.support.DirtiesContextTestExecutionListener@78931873, org.springframework.test.context.transaction.TransactionalTestExecutionListener@5261bd57, org.springframework.test.context.jdbc.SqlScriptsTestExecutionListener@c3cf474, org.springframework.test.context.event.EventPublishingTestExecutionListener@1b4bfb09, org.springframework.boot.test.autoconfigure.restdocs.RestDocsTestExecutionListener@7b7b2893, org.springframework.boot.test.autoconfigure.web.client.MockRestServiceServerResetTestExecutionListener@24afa9ae, org.springframework.boot.test.autoconfigure.web.servlet.MockMvcPrintOnlyOnFailureTestExecutionListener@4fdb661b, org.springframework.boot.test.autoconfigure.web.servlet.WebDriverTestExecutionListener@b0c5f5a, org.springframework.boot.test.mock.mockito.ResetMocksTestExecutionListener@2991c118]
Before any test execution
Before any test execution
Before any test execution
Before any test execution
Hibernate: 
    select
        ticket0_.code as code1_0_,
        ticket0_.client_id as client_i2_0_,
        ticket0_.closing_date as closing_3_0_,
        ticket0_.description as descript4_0_,
        ticket0_.employee_id as employee5_0_,
        ticket0_.priority as priority6_0_,
        ticket0_.product as product7_0_,
        ticket0_.severity as severity8_0_,
        ticket0_.start_date as start_da9_0_,
        ticket0_.status as status10_0_,
        ticket0_.title as title11_0_,
        ticket0_.version as version12_0_ 
    from
        ticket ticket0_ 
    where
        ticket0_.title=?
Hibernate: 
    call next value for hibernate_sequence
Hibernate: 
    insert 
    into
        ticket
        (client_id, closing_date, description, employee_id, priority, product, severity, start_date, status, title, version, code) 
    values
        (?, ?, ?, ?, ?, ?, ?, ?, ?, ?, ?, ?)
Hibernate: 
    select
        ticket0_.code as code1_0_,
        ticket0_.client_id as client_i2_0_,
        ticket0_.closing_date as closing_3_0_,
        ticket0_.description as descript4_0_,
        ticket0_.employee_id as employee5_0_,
        ticket0_.priority as priority6_0_,
        ticket0_.product as product7_0_,
        ticket0_.severity as severity8_0_,
        ticket0_.start_date as start_da9_0_,
        ticket0_.status as status10_0_,
        ticket0_.title as title11_0_,
        ticket0_.version as version12_0_ 
    from
        ticket ticket0_ 
    where
        ticket0_.title=?
Resetting system
Hibernate: 
    select
        ticket0_.code as code1_0_,
        ticket0_.client_id as client_i2_0_,
        ticket0_.closing_date as closing_3_0_,
        ticket0_.description as descript4_0_,
        ticket0_.employee_id as employee5_0_,
        ticket0_.priority as priority6_0_,
        ticket0_.product as product7_0_,
        ticket0_.severity as severity8_0_,
        ticket0_.start_date as start_da9_0_,
        ticket0_.status as status10_0_,
        ticket0_.title as title11_0_,
        ticket0_.version as version12_0_ 
    from
        ticket ticket0_
Hibernate: 
    delete 
    from
        ticket_tasks 
    where
        ticket_id=?
Hibernate: 
    delete 
    from
        ticket 
    where
        code=?
Resetting system
Hibernate: 
    select
        ticket0_.code as code1_0_,
        ticket0_.client_id as client_i2_0_,
        ticket0_.closing_date as closing_3_0_,
        ticket0_.description as descript4_0_,
        ticket0_.employee_id as employee5_0_,
        ticket0_.priority as priority6_0_,
        ticket0_.product as product7_0_,
        ticket0_.severity as severity8_0_,
        ticket0_.start_date as start_da9_0_,
        ticket0_.status as status10_0_,
        ticket0_.title as title11_0_,
        ticket0_.version as version12_0_ 
    from
        ticket ticket0_
Resetting system
Hibernate: 
    select
        ticket0_.code as code1_0_,
        ticket0_.client_id as client_i2_0_,
        ticket0_.closing_date as closing_3_0_,
        ticket0_.description as descript4_0_,
        ticket0_.employee_id as employee5_0_,
        ticket0_.priority as priority6_0_,
        ticket0_.product as product7_0_,
        ticket0_.severity as severity8_0_,
        ticket0_.start_date as start_da9_0_,
        ticket0_.status as status10_0_,
        ticket0_.title as title11_0_,
        ticket0_.version as version12_0_ 
    from
        ticket ticket0_
Resetting system
Hibernate: 
    select
        ticket0_.code as code1_0_,
        ticket0_.client_id as client_i2_0_,
        ticket0_.closing_date as closing_3_0_,
        ticket0_.description as descript4_0_,
        ticket0_.employee_id as employee5_0_,
        ticket0_.priority as priority6_0_,
        ticket0_.product as product7_0_,
        ticket0_.severity as severity8_0_,
        ticket0_.start_date as start_da9_0_,
        ticket0_.status as status10_0_,
        ticket0_.title as title11_0_,
        ticket0_.version as version12_0_ 
    from
        ticket ticket0_
2023-12-02 19:03:20.502  INFO 126758 --- [    Test worker] o.s.t.c.support.AbstractContextLoader    : Could not detect default resource locations for test class [com.aninfo.integration.cucumber.TicketIntegrationServiceTest]: no resource found for suffixes {-context.xml, Context.groovy}.
2023-12-02 19:03:20.503  INFO 126758 --- [    Test worker] .b.t.c.SpringBootTestContextBootstrapper : Loaded default TestExecutionListener class names from location [META-INF/spring.factories]: [org.springframework.boot.test.autoconfigure.restdocs.RestDocsTestExecutionListener, org.springframework.boot.test.autoconfigure.web.client.MockRestServiceServerResetTestExecutionListener, org.springframework.boot.test.autoconfigure.web.servlet.MockMvcPrintOnlyOnFailureTestExecutionListener, org.springframework.boot.test.autoconfigure.web.servlet.WebDriverTestExecutionListener, org.springframework.boot.test.mock.mockito.MockitoTestExecutionListener, org.springframework.boot.test.mock.mockito.ResetMocksTestExecutionListener, org.springframework.test.context.web.ServletTestExecutionListener, org.springframework.test.context.support.DirtiesContextBeforeModesTestExecutionListener, org.springframework.test.context.support.DependencyInjectionTestExecutionListener, org.springframework.test.context.support.DirtiesContextTestExecutionListener, org.springframework.test.context.transaction.TransactionalTestExecutionListener, org.springframework.test.context.jdbc.SqlScriptsTestExecutionListener, org.springframework.test.context.event.EventPublishingTestExecutionListener]
2023-12-02 19:03:20.503  INFO 126758 --- [    Test worker] .b.t.c.SpringBootTestContextBootstrapper : Using TestExecutionListeners: [org.springframework.test.context.web.ServletTestExecutionListener@69d98dd, org.springframework.test.context.support.DirtiesContextBeforeModesTestExecutionListener@42369590, org.springframework.boot.test.mock.mockito.MockitoTestExecutionListener@9ded7d, org.springframework.boot.test.autoconfigure.SpringBootDependencyInjectionTestExecutionListener@4e40c69, org.springframework.test.context.support.DirtiesContextTestExecutionListener@6e552758, org.springframework.test.context.transaction.TransactionalTestExecutionListener@1839b517, org.springframework.test.context.jdbc.SqlScriptsTestExecutionListener@77204568, org.springframework.test.context.event.EventPublishingTestExecutionListener@538398a1, org.springframework.boot.test.autoconfigure.restdocs.RestDocsTestExecutionListener@14ab0a6e, org.springframework.boot.test.autoconfigure.web.client.MockRestServiceServerResetTestExecutionListener@41ef84e1, org.springframework.boot.test.autoconfigure.web.servlet.MockMvcPrintOnlyOnFailureTestExecutionListener@341182b1, org.springframework.boot.test.autoconfigure.web.servlet.WebDriverTestExecutionListener@7b984202, org.springframework.boot.test.mock.mockito.ResetMocksTestExecutionListener@37accf65]
Before any test execution
Before any test execution
Before any test execution
Before any test execution
Hibernate: 
    select
        ticket0_.code as code1_0_,
        ticket0_.client_id as client_i2_0_,
        ticket0_.closing_date as closing_3_0_,
        ticket0_.description as descript4_0_,
        ticket0_.employee_id as employee5_0_,
        ticket0_.priority as priority6_0_,
        ticket0_.product as product7_0_,
        ticket0_.severity as severity8_0_,
        ticket0_.start_date as start_da9_0_,
        ticket0_.status as status10_0_,
        ticket0_.title as title11_0_,
        ticket0_.version as version12_0_ 
    from
        ticket ticket0_ 
    where
        ticket0_.title=?
Hibernate: 
    call next value for hibernate_sequence
Hibernate: 
    insert 
    into
        ticket
        (client_id, closing_date, description, employee_id, priority, product, severity, start_date, status, title, version, code) 
    values
        (?, ?, ?, ?, ?, ?, ?, ?, ?, ?, ?, ?)
Hibernate: 
    select
        ticket0_.code as code1_0_,
        ticket0_.client_id as client_i2_0_,
        ticket0_.closing_date as closing_3_0_,
        ticket0_.description as descript4_0_,
        ticket0_.employee_id as employee5_0_,
        ticket0_.priority as priority6_0_,
        ticket0_.product as product7_0_,
        ticket0_.severity as severity8_0_,
        ticket0_.start_date as start_da9_0_,
        ticket0_.status as status10_0_,
        ticket0_.title as title11_0_,
        ticket0_.version as version12_0_ 
    from
        ticket ticket0_ 
    where
        ticket0_.title=?
Resetting system
Hibernate: 
    select
        ticket0_.code as code1_0_,
        ticket0_.client_id as client_i2_0_,
        ticket0_.closing_date as closing_3_0_,
        ticket0_.description as descript4_0_,
        ticket0_.employee_id as employee5_0_,
        ticket0_.priority as priority6_0_,
        ticket0_.product as product7_0_,
        ticket0_.severity as severity8_0_,
        ticket0_.start_date as start_da9_0_,
        ticket0_.status as status10_0_,
        ticket0_.title as title11_0_,
        ticket0_.version as version12_0_ 
    from
        ticket ticket0_
Hibernate: 
    delete 
    from
        ticket_tasks 
    where
        ticket_id=?
Hibernate: 
    delete 
    from
        ticket 
    where
        code=?
Resetting system
Hibernate: 
    select
        ticket0_.code as code1_0_,
        ticket0_.client_id as client_i2_0_,
        ticket0_.closing_date as closing_3_0_,
        ticket0_.description as descript4_0_,
        ticket0_.employee_id as employee5_0_,
        ticket0_.priority as priority6_0_,
        ticket0_.product as product7_0_,
        ticket0_.severity as severity8_0_,
        ticket0_.start_date as start_da9_0_,
        ticket0_.status as status10_0_,
        ticket0_.title as title11_0_,
        ticket0_.version as version12_0_ 
    from
        ticket ticket0_
Resetting system
Hibernate: 
    select
        ticket0_.code as code1_0_,
        ticket0_.client_id as client_i2_0_,
        ticket0_.closing_date as closing_3_0_,
        ticket0_.description as descript4_0_,
        ticket0_.employee_id as employee5_0_,
        ticket0_.priority as priority6_0_,
        ticket0_.product as product7_0_,
        ticket0_.severity as severity8_0_,
        ticket0_.start_date as start_da9_0_,
        ticket0_.status as status10_0_,
        ticket0_.title as title11_0_,
        ticket0_.version as version12_0_ 
    from
        ticket ticket0_
Resetting system
Hibernate: 
    select
        ticket0_.code as code1_0_,
        ticket0_.client_id as client_i2_0_,
        ticket0_.closing_date as closing_3_0_,
        ticket0_.description as descript4_0_,
        ticket0_.employee_id as employee5_0_,
        ticket0_.priority as priority6_0_,
        ticket0_.product as product7_0_,
        ticket0_.severity as severity8_0_,
        ticket0_.start_date as start_da9_0_,
        ticket0_.status as status10_0_,
        ticket0_.title as title11_0_,
        ticket0_.version as version12_0_ 
    from
        ticket ticket0_
2023-12-02 19:03:20.518  INFO 126758 --- [    Test worker] o.s.t.c.support.AbstractContextLoader    : Could not detect default resource locations for test class [com.aninfo.integration.cucumber.TicketIntegrationServiceTest]: no resource found for suffixes {-context.xml, Context.groovy}.
2023-12-02 19:03:20.520  INFO 126758 --- [    Test worker] .b.t.c.SpringBootTestContextBootstrapper : Loaded default TestExecutionListener class names from location [META-INF/spring.factories]: [org.springframework.boot.test.autoconfigure.restdocs.RestDocsTestExecutionListener, org.springframework.boot.test.autoconfigure.web.client.MockRestServiceServerResetTestExecutionListener, org.springframework.boot.test.autoconfigure.web.servlet.MockMvcPrintOnlyOnFailureTestExecutionListener, org.springframework.boot.test.autoconfigure.web.servlet.WebDriverTestExecutionListener, org.springframework.boot.test.mock.mockito.MockitoTestExecutionListener, org.springframework.boot.test.mock.mockito.ResetMocksTestExecutionListener, org.springframework.test.context.web.ServletTestExecutionListener, org.springframework.test.context.support.DirtiesContextBeforeModesTestExecutionListener, org.springframework.test.context.support.DependencyInjectionTestExecutionListener, org.springframework.test.context.support.DirtiesContextTestExecutionListener, org.springframework.test.context.transaction.TransactionalTestExecutionListener, org.springframework.test.context.jdbc.SqlScriptsTestExecutionListener, org.springframework.test.context.event.EventPublishingTestExecutionListener]
2023-12-02 19:03:20.520  INFO 126758 --- [    Test worker] .b.t.c.SpringBootTestContextBootstrapper : Using TestExecutionListeners: [org.springframework.test.context.web.ServletTestExecutionListener@66224589, org.springframework.test.context.support.DirtiesContextBeforeModesTestExecutionListener@f4a40d, org.springframework.boot.test.mock.mockito.MockitoTestExecutionListener@52feb03f, org.springframework.boot.test.autoconfigure.SpringBootDependencyInjectionTestExecutionListener@32521826, org.springframework.test.context.support.DirtiesContextTestExecutionListener@46a80de8, org.springframework.test.context.transaction.TransactionalTestExecutionListener@63d91dfc, org.springframework.test.context.jdbc.SqlScriptsTestExecutionListener@440136f0, org.springframework.test.context.event.EventPublishingTestExecutionListener@66b0857e, org.springframework.boot.test.autoconfigure.restdocs.RestDocsTestExecutionListener@6071030d, org.springframework.boot.test.autoconfigure.web.client.MockRestServiceServerResetTestExecutionListener@4b6cc402, org.springframework.boot.test.autoconfigure.web.servlet.MockMvcPrintOnlyOnFailureTestExecutionListener@697cd29, org.springframework.boot.test.autoconfigure.web.servlet.WebDriverTestExecutionListener@64ee23f0, org.springframework.boot.test.mock.mockito.ResetMocksTestExecutionListener@c6f3d0b]
Before any test execution
Before any test execution
Before any test execution
Before any test execution
Hibernate: 
    select
        ticket0_.code as code1_0_,
        ticket0_.client_id as client_i2_0_,
        ticket0_.closing_date as closing_3_0_,
        ticket0_.description as descript4_0_,
        ticket0_.employee_id as employee5_0_,
        ticket0_.priority as priority6_0_,
        ticket0_.product as product7_0_,
        ticket0_.severity as severity8_0_,
        ticket0_.start_date as start_da9_0_,
        ticket0_.status as status10_0_,
        ticket0_.title as title11_0_,
        ticket0_.version as version12_0_ 
    from
        ticket ticket0_ 
    where
        ticket0_.title=?
Hibernate: 
    call next value for hibernate_sequence
Hibernate: 
    insert 
    into
        ticket
        (client_id, closing_date, description, employee_id, priority, product, severity, start_date, status, title, version, code) 
    values
        (?, ?, ?, ?, ?, ?, ?, ?, ?, ?, ?, ?)
Resetting system
Hibernate: 
    select
        ticket0_.code as code1_0_,
        ticket0_.client_id as client_i2_0_,
        ticket0_.closing_date as closing_3_0_,
        ticket0_.description as descript4_0_,
        ticket0_.employee_id as employee5_0_,
        ticket0_.priority as priority6_0_,
        ticket0_.product as product7_0_,
        ticket0_.severity as severity8_0_,
        ticket0_.start_date as start_da9_0_,
        ticket0_.status as status10_0_,
        ticket0_.title as title11_0_,
        ticket0_.version as version12_0_ 
    from
        ticket ticket0_
Hibernate: 
    delete 
    from
        ticket_tasks 
    where
        ticket_id=?
Hibernate: 
    delete 
    from
        ticket 
    where
        code=?
Resetting system
Hibernate: 
    select
        ticket0_.code as code1_0_,
        ticket0_.client_id as client_i2_0_,
        ticket0_.closing_date as closing_3_0_,
        ticket0_.description as descript4_0_,
        ticket0_.employee_id as employee5_0_,
        ticket0_.priority as priority6_0_,
        ticket0_.product as product7_0_,
        ticket0_.severity as severity8_0_,
        ticket0_.start_date as start_da9_0_,
        ticket0_.status as status10_0_,
        ticket0_.title as title11_0_,
        ticket0_.version as version12_0_ 
    from
        ticket ticket0_
Resetting system
Hibernate: 
    select
        ticket0_.code as code1_0_,
        ticket0_.client_id as client_i2_0_,
        ticket0_.closing_date as closing_3_0_,
        ticket0_.description as descript4_0_,
        ticket0_.employee_id as employee5_0_,
        ticket0_.priority as priority6_0_,
        ticket0_.product as product7_0_,
        ticket0_.severity as severity8_0_,
        ticket0_.start_date as start_da9_0_,
        ticket0_.status as status10_0_,
        ticket0_.title as title11_0_,
        ticket0_.version as version12_0_ 
    from
        ticket ticket0_
Resetting system
Hibernate: 
    select
        ticket0_.code as code1_0_,
        ticket0_.client_id as client_i2_0_,
        ticket0_.closing_date as closing_3_0_,
        ticket0_.description as descript4_0_,
        ticket0_.employee_id as employee5_0_,
        ticket0_.priority as priority6_0_,
        ticket0_.product as product7_0_,
        ticket0_.severity as severity8_0_,
        ticket0_.start_date as start_da9_0_,
        ticket0_.status as status10_0_,
        ticket0_.title as title11_0_,
        ticket0_.version as version12_0_ 
    from
        ticket ticket0_
2023-12-02 19:03:20.534  INFO 126758 --- [    Test worker] o.s.t.c.support.AbstractContextLoader    : Could not detect default resource locations for test class [com.aninfo.integration.cucumber.TicketIntegrationServiceTest]: no resource found for suffixes {-context.xml, Context.groovy}.
2023-12-02 19:03:20.535  INFO 126758 --- [    Test worker] .b.t.c.SpringBootTestContextBootstrapper : Loaded default TestExecutionListener class names from location [META-INF/spring.factories]: [org.springframework.boot.test.autoconfigure.restdocs.RestDocsTestExecutionListener, org.springframework.boot.test.autoconfigure.web.client.MockRestServiceServerResetTestExecutionListener, org.springframework.boot.test.autoconfigure.web.servlet.MockMvcPrintOnlyOnFailureTestExecutionListener, org.springframework.boot.test.autoconfigure.web.servlet.WebDriverTestExecutionListener, org.springframework.boot.test.mock.mockito.MockitoTestExecutionListener, org.springframework.boot.test.mock.mockito.ResetMocksTestExecutionListener, org.springframework.test.context.web.ServletTestExecutionListener, org.springframework.test.context.support.DirtiesContextBeforeModesTestExecutionListener, org.springframework.test.context.support.DependencyInjectionTestExecutionListener, org.springframework.test.context.support.DirtiesContextTestExecutionListener, org.springframework.test.context.transaction.TransactionalTestExecutionListener, org.springframework.test.context.jdbc.SqlScriptsTestExecutionListener, org.springframework.test.context.event.EventPublishingTestExecutionListener]
2023-12-02 19:03:20.535  INFO 126758 --- [    Test worker] .b.t.c.SpringBootTestContextBootstrapper : Using TestExecutionListeners: [org.springframework.test.context.web.ServletTestExecutionListener@433feed2, org.springframework.test.context.support.DirtiesContextBeforeModesTestExecutionListener@5f9dfc88, org.springframework.boot.test.mock.mockito.MockitoTestExecutionListener@34186eb2, org.springframework.boot.test.autoconfigure.SpringBootDependencyInjectionTestExecutionListener@29aa91b6, org.springframework.test.context.support.DirtiesContextTestExecutionListener@155fb32f, org.springframework.test.context.transaction.TransactionalTestExecutionListener@251674b0, org.springframework.test.context.jdbc.SqlScriptsTestExecutionListener@528ce35e, org.springframework.test.context.event.EventPublishingTestExecutionListener@2f56ff98, org.springframework.boot.test.autoconfigure.restdocs.RestDocsTestExecutionListener@4778f796, org.springframework.boot.test.autoconfigure.web.client.MockRestServiceServerResetTestExecutionListener@515da83d, org.springframework.boot.test.autoconfigure.web.servlet.MockMvcPrintOnlyOnFailureTestExecutionListener@647e275b, org.springframework.boot.test.autoconfigure.web.servlet.WebDriverTestExecutionListener@7c4cae73, org.springframework.boot.test.mock.mockito.ResetMocksTestExecutionListener@7c88222b]
Before any test execution
Before any test execution
Before any test execution
Before any test execution
Hibernate: 
    select
        ticket0_.code as code1_0_,
        ticket0_.client_id as client_i2_0_,
        ticket0_.closing_date as closing_3_0_,
        ticket0_.description as descript4_0_,
        ticket0_.employee_id as employee5_0_,
        ticket0_.priority as priority6_0_,
        ticket0_.product as product7_0_,
        ticket0_.severity as severity8_0_,
        ticket0_.start_date as start_da9_0_,
        ticket0_.status as status10_0_,
        ticket0_.title as title11_0_,
        ticket0_.version as version12_0_ 
    from
        ticket ticket0_ 
    where
        ticket0_.title=?
Hibernate: 
    call next value for hibernate_sequence
Hibernate: 
    insert 
    into
        ticket
        (client_id, closing_date, description, employee_id, priority, product, severity, start_date, status, title, version, code) 
    values
        (?, ?, ?, ?, ?, ?, ?, ?, ?, ?, ?, ?)
Hibernate: 
    select
        ticket0_.code as code1_0_0_,
        ticket0_.client_id as client_i2_0_0_,
        ticket0_.closing_date as closing_3_0_0_,
        ticket0_.description as descript4_0_0_,
        ticket0_.employee_id as employee5_0_0_,
        ticket0_.priority as priority6_0_0_,
        ticket0_.product as product7_0_0_,
        ticket0_.severity as severity8_0_0_,
        ticket0_.start_date as start_da9_0_0_,
        ticket0_.status as status10_0_0_,
        ticket0_.title as title11_0_0_,
        ticket0_.version as version12_0_0_ 
    from
        ticket ticket0_ 
    where
        ticket0_.code=?
Hibernate: 
    select
        ticket0_.code as code1_0_0_,
        ticket0_.client_id as client_i2_0_0_,
        ticket0_.closing_date as closing_3_0_0_,
        ticket0_.description as descript4_0_0_,
        ticket0_.employee_id as employee5_0_0_,
        ticket0_.priority as priority6_0_0_,
        ticket0_.product as product7_0_0_,
        ticket0_.severity as severity8_0_0_,
        ticket0_.start_date as start_da9_0_0_,
        ticket0_.status as status10_0_0_,
        ticket0_.title as title11_0_0_,
        ticket0_.version as version12_0_0_ 
    from
        ticket ticket0_ 
    where
        ticket0_.code=?
Hibernate: 
    select
        ticket0_.code as code1_0_,
        ticket0_.client_id as client_i2_0_,
        ticket0_.closing_date as closing_3_0_,
        ticket0_.description as descript4_0_,
        ticket0_.employee_id as employee5_0_,
        ticket0_.priority as priority6_0_,
        ticket0_.product as product7_0_,
        ticket0_.severity as severity8_0_,
        ticket0_.start_date as start_da9_0_,
        ticket0_.status as status10_0_,
        ticket0_.title as title11_0_,
        ticket0_.version as version12_0_ 
    from
        ticket ticket0_ 
    where
        ticket0_.title=?
Hibernate: 
    select
        ticket0_.code as code1_0_0_,
        ticket0_.client_id as client_i2_0_0_,
        ticket0_.closing_date as closing_3_0_0_,
        ticket0_.description as descript4_0_0_,
        ticket0_.employee_id as employee5_0_0_,
        ticket0_.priority as priority6_0_0_,
        ticket0_.product as product7_0_0_,
        ticket0_.severity as severity8_0_0_,
        ticket0_.start_date as start_da9_0_0_,
        ticket0_.status as status10_0_0_,
        ticket0_.title as title11_0_0_,
        ticket0_.version as version12_0_0_ 
    from
        ticket ticket0_ 
    where
        ticket0_.code=?
Hibernate: 
    update
        ticket 
    set
        client_id=?,
        closing_date=?,
        description=?,
        employee_id=?,
        priority=?,
        product=?,
        severity=?,
        start_date=?,
        status=?,
        title=?,
        version=? 
    where
        code=?
Resetting system
Hibernate: 
    select
        ticket0_.code as code1_0_,
        ticket0_.client_id as client_i2_0_,
        ticket0_.closing_date as closing_3_0_,
        ticket0_.description as descript4_0_,
        ticket0_.employee_id as employee5_0_,
        ticket0_.priority as priority6_0_,
        ticket0_.product as product7_0_,
        ticket0_.severity as severity8_0_,
        ticket0_.start_date as start_da9_0_,
        ticket0_.status as status10_0_,
        ticket0_.title as title11_0_,
        ticket0_.version as version12_0_ 
    from
        ticket ticket0_
Hibernate: 
    delete 
    from
        ticket_tasks 
    where
        ticket_id=?
Hibernate: 
    delete 
    from
        ticket 
    where
        code=?
Resetting system
Hibernate: 
    select
        ticket0_.code as code1_0_,
        ticket0_.client_id as client_i2_0_,
        ticket0_.closing_date as closing_3_0_,
        ticket0_.description as descript4_0_,
        ticket0_.employee_id as employee5_0_,
        ticket0_.priority as priority6_0_,
        ticket0_.product as product7_0_,
        ticket0_.severity as severity8_0_,
        ticket0_.start_date as start_da9_0_,
        ticket0_.status as status10_0_,
        ticket0_.title as title11_0_,
        ticket0_.version as version12_0_ 
    from
        ticket ticket0_
Resetting system
Hibernate: 
    select
        ticket0_.code as code1_0_,
        ticket0_.client_id as client_i2_0_,
        ticket0_.closing_date as closing_3_0_,
        ticket0_.description as descript4_0_,
        ticket0_.employee_id as employee5_0_,
        ticket0_.priority as priority6_0_,
        ticket0_.product as product7_0_,
        ticket0_.severity as severity8_0_,
        ticket0_.start_date as start_da9_0_,
        ticket0_.status as status10_0_,
        ticket0_.title as title11_0_,
        ticket0_.version as version12_0_ 
    from
        ticket ticket0_
Resetting system
Hibernate: 
    select
        ticket0_.code as code1_0_,
        ticket0_.client_id as client_i2_0_,
        ticket0_.closing_date as closing_3_0_,
        ticket0_.description as descript4_0_,
        ticket0_.employee_id as employee5_0_,
        ticket0_.priority as priority6_0_,
        ticket0_.product as product7_0_,
        ticket0_.severity as severity8_0_,
        ticket0_.start_date as start_da9_0_,
        ticket0_.status as status10_0_,
        ticket0_.title as title11_0_,
        ticket0_.version as version12_0_ 
    from
        ticket ticket0_
2023-12-02 19:03:20.560  INFO 126758 --- [    Test worker] o.s.t.c.support.AbstractContextLoader    : Could not detect default resource locations for test class [com.aninfo.integration.cucumber.TicketIntegrationServiceTest]: no resource found for suffixes {-context.xml, Context.groovy}.
2023-12-02 19:03:20.561  INFO 126758 --- [    Test worker] .b.t.c.SpringBootTestContextBootstrapper : Loaded default TestExecutionListener class names from location [META-INF/spring.factories]: [org.springframework.boot.test.autoconfigure.restdocs.RestDocsTestExecutionListener, org.springframework.boot.test.autoconfigure.web.client.MockRestServiceServerResetTestExecutionListener, org.springframework.boot.test.autoconfigure.web.servlet.MockMvcPrintOnlyOnFailureTestExecutionListener, org.springframework.boot.test.autoconfigure.web.servlet.WebDriverTestExecutionListener, org.springframework.boot.test.mock.mockito.MockitoTestExecutionListener, org.springframework.boot.test.mock.mockito.ResetMocksTestExecutionListener, org.springframework.test.context.web.ServletTestExecutionListener, org.springframework.test.context.support.DirtiesContextBeforeModesTestExecutionListener, org.springframework.test.context.support.DependencyInjectionTestExecutionListener, org.springframework.test.context.support.DirtiesContextTestExecutionListener, org.springframework.test.context.transaction.TransactionalTestExecutionListener, org.springframework.test.context.jdbc.SqlScriptsTestExecutionListener, org.springframework.test.context.event.EventPublishingTestExecutionListener]
2023-12-02 19:03:20.561  INFO 126758 --- [    Test worker] .b.t.c.SpringBootTestContextBootstrapper : Using TestExecutionListeners: [org.springframework.test.context.web.ServletTestExecutionListener@1ad2fc07, org.springframework.test.context.support.DirtiesContextBeforeModesTestExecutionListener@7f59bfaa, org.springframework.boot.test.mock.mockito.MockitoTestExecutionListener@2e3a88f1, org.springframework.boot.test.autoconfigure.SpringBootDependencyInjectionTestExecutionListener@6654bdc6, org.springframework.test.context.support.DirtiesContextTestExecutionListener@6beb57cf, org.springframework.test.context.transaction.TransactionalTestExecutionListener@597d11f7, org.springframework.test.context.jdbc.SqlScriptsTestExecutionListener@23fa6729, org.springframework.test.context.event.EventPublishingTestExecutionListener@6003441d, org.springframework.boot.test.autoconfigure.restdocs.RestDocsTestExecutionListener@516722fd, org.springframework.boot.test.autoconfigure.web.client.MockRestServiceServerResetTestExecutionListener@6024638f, org.springframework.boot.test.autoconfigure.web.servlet.MockMvcPrintOnlyOnFailureTestExecutionListener@1097838d, org.springframework.boot.test.autoconfigure.web.servlet.WebDriverTestExecutionListener@6a4e0e2e, org.springframework.boot.test.mock.mockito.ResetMocksTestExecutionListener@2d6a950]
Before any test execution
Before any test execution
Before any test execution
Before any test execution
Hibernate: 
    select
        ticket0_.code as code1_0_,
        ticket0_.client_id as client_i2_0_,
        ticket0_.closing_date as closing_3_0_,
        ticket0_.description as descript4_0_,
        ticket0_.employee_id as employee5_0_,
        ticket0_.priority as priority6_0_,
        ticket0_.product as product7_0_,
        ticket0_.severity as severity8_0_,
        ticket0_.start_date as start_da9_0_,
        ticket0_.status as status10_0_,
        ticket0_.title as title11_0_,
        ticket0_.version as version12_0_ 
    from
        ticket ticket0_ 
    where
        ticket0_.title=?
Hibernate: 
    call next value for hibernate_sequence
Hibernate: 
    insert 
    into
        ticket
        (client_id, closing_date, description, employee_id, priority, product, severity, start_date, status, title, version, code) 
    values
        (?, ?, ?, ?, ?, ?, ?, ?, ?, ?, ?, ?)
Hibernate: 
    select
        ticket0_.code as code1_0_0_,
        ticket0_.client_id as client_i2_0_0_,
        ticket0_.closing_date as closing_3_0_0_,
        ticket0_.description as descript4_0_0_,
        ticket0_.employee_id as employee5_0_0_,
        ticket0_.priority as priority6_0_0_,
        ticket0_.product as product7_0_0_,
        ticket0_.severity as severity8_0_0_,
        ticket0_.start_date as start_da9_0_0_,
        ticket0_.status as status10_0_0_,
        ticket0_.title as title11_0_0_,
        ticket0_.version as version12_0_0_ 
    from
        ticket ticket0_ 
    where
        ticket0_.code=?
Hibernate: 
    select
        ticket0_.code as code1_0_0_,
        ticket0_.client_id as client_i2_0_0_,
        ticket0_.closing_date as closing_3_0_0_,
        ticket0_.description as descript4_0_0_,
        ticket0_.employee_id as employee5_0_0_,
        ticket0_.priority as priority6_0_0_,
        ticket0_.product as product7_0_0_,
        ticket0_.severity as severity8_0_0_,
        ticket0_.start_date as start_da9_0_0_,
        ticket0_.status as status10_0_0_,
        ticket0_.title as title11_0_0_,
        ticket0_.version as version12_0_0_ 
    from
        ticket ticket0_ 
    where
        ticket0_.code=?
Hibernate: 
    select
        ticket0_.code as code1_0_,
        ticket0_.client_id as client_i2_0_,
        ticket0_.closing_date as closing_3_0_,
        ticket0_.description as descript4_0_,
        ticket0_.employee_id as employee5_0_,
        ticket0_.priority as priority6_0_,
        ticket0_.product as product7_0_,
        ticket0_.severity as severity8_0_,
        ticket0_.start_date as start_da9_0_,
        ticket0_.status as status10_0_,
        ticket0_.title as title11_0_,
        ticket0_.version as version12_0_ 
    from
        ticket ticket0_ 
    where
        ticket0_.title=?
Hibernate: 
    select
        ticket0_.code as code1_0_0_,
        ticket0_.client_id as client_i2_0_0_,
        ticket0_.closing_date as closing_3_0_0_,
        ticket0_.description as descript4_0_0_,
        ticket0_.employee_id as employee5_0_0_,
        ticket0_.priority as priority6_0_0_,
        ticket0_.product as product7_0_0_,
        ticket0_.severity as severity8_0_0_,
        ticket0_.start_date as start_da9_0_0_,
        ticket0_.status as status10_0_0_,
        ticket0_.title as title11_0_0_,
        ticket0_.version as version12_0_0_ 
    from
        ticket ticket0_ 
    where
        ticket0_.code=?
Hibernate: 
    update
        ticket 
    set
        client_id=?,
        closing_date=?,
        description=?,
        employee_id=?,
        priority=?,
        product=?,
        severity=?,
        start_date=?,
        status=?,
        title=?,
        version=? 
    where
        code=?
Resetting system
Hibernate: 
    select
        ticket0_.code as code1_0_,
        ticket0_.client_id as client_i2_0_,
        ticket0_.closing_date as closing_3_0_,
        ticket0_.description as descript4_0_,
        ticket0_.employee_id as employee5_0_,
        ticket0_.priority as priority6_0_,
        ticket0_.product as product7_0_,
        ticket0_.severity as severity8_0_,
        ticket0_.start_date as start_da9_0_,
        ticket0_.status as status10_0_,
        ticket0_.title as title11_0_,
        ticket0_.version as version12_0_ 
    from
        ticket ticket0_
Hibernate: 
    delete 
    from
        ticket_tasks 
    where
        ticket_id=?
Hibernate: 
    delete 
    from
        ticket 
    where
        code=?
Resetting system
Hibernate: 
    select
        ticket0_.code as code1_0_,
        ticket0_.client_id as client_i2_0_,
        ticket0_.closing_date as closing_3_0_,
        ticket0_.description as descript4_0_,
        ticket0_.employee_id as employee5_0_,
        ticket0_.priority as priority6_0_,
        ticket0_.product as product7_0_,
        ticket0_.severity as severity8_0_,
        ticket0_.start_date as start_da9_0_,
        ticket0_.status as status10_0_,
        ticket0_.title as title11_0_,
        ticket0_.version as version12_0_ 
    from
        ticket ticket0_
Resetting system
Hibernate: 
    select
        ticket0_.code as code1_0_,
        ticket0_.client_id as client_i2_0_,
        ticket0_.closing_date as closing_3_0_,
        ticket0_.description as descript4_0_,
        ticket0_.employee_id as employee5_0_,
        ticket0_.priority as priority6_0_,
        ticket0_.product as product7_0_,
        ticket0_.severity as severity8_0_,
        ticket0_.start_date as start_da9_0_,
        ticket0_.status as status10_0_,
        ticket0_.title as title11_0_,
        ticket0_.version as version12_0_ 
    from
        ticket ticket0_
Resetting system
Hibernate: 
    select
        ticket0_.code as code1_0_,
        ticket0_.client_id as client_i2_0_,
        ticket0_.closing_date as closing_3_0_,
        ticket0_.description as descript4_0_,
        ticket0_.employee_id as employee5_0_,
        ticket0_.priority as priority6_0_,
        ticket0_.product as product7_0_,
        ticket0_.severity as severity8_0_,
        ticket0_.start_date as start_da9_0_,
        ticket0_.status as status10_0_,
        ticket0_.title as title11_0_,
        ticket0_.version as version12_0_ 
    from
        ticket ticket0_
2023-12-02 19:03:20.577  INFO 126758 --- [    Test worker] o.s.t.c.support.AbstractContextLoader    : Could not detect default resource locations for test class [com.aninfo.integration.cucumber.TicketIntegrationServiceTest]: no resource found for suffixes {-context.xml, Context.groovy}.
2023-12-02 19:03:20.578  INFO 126758 --- [    Test worker] .b.t.c.SpringBootTestContextBootstrapper : Loaded default TestExecutionListener class names from location [META-INF/spring.factories]: [org.springframework.boot.test.autoconfigure.restdocs.RestDocsTestExecutionListener, org.springframework.boot.test.autoconfigure.web.client.MockRestServiceServerResetTestExecutionListener, org.springframework.boot.test.autoconfigure.web.servlet.MockMvcPrintOnlyOnFailureTestExecutionListener, org.springframework.boot.test.autoconfigure.web.servlet.WebDriverTestExecutionListener, org.springframework.boot.test.mock.mockito.MockitoTestExecutionListener, org.springframework.boot.test.mock.mockito.ResetMocksTestExecutionListener, org.springframework.test.context.web.ServletTestExecutionListener, org.springframework.test.context.support.DirtiesContextBeforeModesTestExecutionListener, org.springframework.test.context.support.DependencyInjectionTestExecutionListener, org.springframework.test.context.support.DirtiesContextTestExecutionListener, org.springframework.test.context.transaction.TransactionalTestExecutionListener, org.springframework.test.context.jdbc.SqlScriptsTestExecutionListener, org.springframework.test.context.event.EventPublishingTestExecutionListener]
2023-12-02 19:03:20.578  INFO 126758 --- [    Test worker] .b.t.c.SpringBootTestContextBootstrapper : Using TestExecutionListeners: [org.springframework.test.context.web.ServletTestExecutionListener@1f57c5f2, org.springframework.test.context.support.DirtiesContextBeforeModesTestExecutionListener@172914d5, org.springframework.boot.test.mock.mockito.MockitoTestExecutionListener@12460d67, org.springframework.boot.test.autoconfigure.SpringBootDependencyInjectionTestExecutionListener@5425144e, org.springframework.test.context.support.DirtiesContextTestExecutionListener@757c236d, org.springframework.test.context.transaction.TransactionalTestExecutionListener@2a2c0eab, org.springframework.test.context.jdbc.SqlScriptsTestExecutionListener@8a313bc, org.springframework.test.context.event.EventPublishingTestExecutionListener@74d8e182, org.springframework.boot.test.autoconfigure.restdocs.RestDocsTestExecutionListener@60abc33f, org.springframework.boot.test.autoconfigure.web.client.MockRestServiceServerResetTestExecutionListener@2ab8c0d7, org.springframework.boot.test.autoconfigure.web.servlet.MockMvcPrintOnlyOnFailureTestExecutionListener@3a1608cf, org.springframework.boot.test.autoconfigure.web.servlet.WebDriverTestExecutionListener@9713afe, org.springframework.boot.test.mock.mockito.ResetMocksTestExecutionListener@37fdb2d4]
Before any test execution
Before any test execution
Before any test execution
Before any test execution
Hibernate: 
    select
        ticket0_.code as code1_0_,
        ticket0_.client_id as client_i2_0_,
        ticket0_.closing_date as closing_3_0_,
        ticket0_.description as descript4_0_,
        ticket0_.employee_id as employee5_0_,
        ticket0_.priority as priority6_0_,
        ticket0_.product as product7_0_,
        ticket0_.severity as severity8_0_,
        ticket0_.start_date as start_da9_0_,
        ticket0_.status as status10_0_,
        ticket0_.title as title11_0_,
        ticket0_.version as version12_0_ 
    from
        ticket ticket0_ 
    where
        ticket0_.title=?
Hibernate: 
    call next value for hibernate_sequence
Hibernate: 
    insert 
    into
        ticket
        (client_id, closing_date, description, employee_id, priority, product, severity, start_date, status, title, version, code) 
    values
        (?, ?, ?, ?, ?, ?, ?, ?, ?, ?, ?, ?)
Hibernate: 
    select
        ticket0_.code as code1_0_0_,
        ticket0_.client_id as client_i2_0_0_,
        ticket0_.closing_date as closing_3_0_0_,
        ticket0_.description as descript4_0_0_,
        ticket0_.employee_id as employee5_0_0_,
        ticket0_.priority as priority6_0_0_,
        ticket0_.product as product7_0_0_,
        ticket0_.severity as severity8_0_0_,
        ticket0_.start_date as start_da9_0_0_,
        ticket0_.status as status10_0_0_,
        ticket0_.title as title11_0_0_,
        ticket0_.version as version12_0_0_ 
    from
        ticket ticket0_ 
    where
        ticket0_.code=?
Hibernate: 
    select
        ticket0_.code as code1_0_0_,
        ticket0_.client_id as client_i2_0_0_,
        ticket0_.closing_date as closing_3_0_0_,
        ticket0_.description as descript4_0_0_,
        ticket0_.employee_id as employee5_0_0_,
        ticket0_.priority as priority6_0_0_,
        ticket0_.product as product7_0_0_,
        ticket0_.severity as severity8_0_0_,
        ticket0_.start_date as start_da9_0_0_,
        ticket0_.status as status10_0_0_,
        ticket0_.title as title11_0_0_,
        ticket0_.version as version12_0_0_ 
    from
        ticket ticket0_ 
    where
        ticket0_.code=?
Hibernate: 
    select
        ticket0_.code as code1_0_,
        ticket0_.client_id as client_i2_0_,
        ticket0_.closing_date as closing_3_0_,
        ticket0_.description as descript4_0_,
        ticket0_.employee_id as employee5_0_,
        ticket0_.priority as priority6_0_,
        ticket0_.product as product7_0_,
        ticket0_.severity as severity8_0_,
        ticket0_.start_date as start_da9_0_,
        ticket0_.status as status10_0_,
        ticket0_.title as title11_0_,
        ticket0_.version as version12_0_ 
    from
        ticket ticket0_ 
    where
        ticket0_.title=?
Hibernate: 
    select
        ticket0_.code as code1_0_0_,
        ticket0_.client_id as client_i2_0_0_,
        ticket0_.closing_date as closing_3_0_0_,
        ticket0_.description as descript4_0_0_,
        ticket0_.employee_id as employee5_0_0_,
        ticket0_.priority as priority6_0_0_,
        ticket0_.product as product7_0_0_,
        ticket0_.severity as severity8_0_0_,
        ticket0_.start_date as start_da9_0_0_,
        ticket0_.status as status10_0_0_,
        ticket0_.title as title11_0_0_,
        ticket0_.version as version12_0_0_ 
    from
        ticket ticket0_ 
    where
        ticket0_.code=?
Hibernate: 
    update
        ticket 
    set
        client_id=?,
        closing_date=?,
        description=?,
        employee_id=?,
        priority=?,
        product=?,
        severity=?,
        start_date=?,
        status=?,
        title=?,
        version=? 
    where
        code=?
Resetting system
Hibernate: 
    select
        ticket0_.code as code1_0_,
        ticket0_.client_id as client_i2_0_,
        ticket0_.closing_date as closing_3_0_,
        ticket0_.description as descript4_0_,
        ticket0_.employee_id as employee5_0_,
        ticket0_.priority as priority6_0_,
        ticket0_.product as product7_0_,
        ticket0_.severity as severity8_0_,
        ticket0_.start_date as start_da9_0_,
        ticket0_.status as status10_0_,
        ticket0_.title as title11_0_,
        ticket0_.version as version12_0_ 
    from
        ticket ticket0_
Hibernate: 
    delete 
    from
        ticket_tasks 
    where
        ticket_id=?
Hibernate: 
    delete 
    from
        ticket 
    where
        code=?
Resetting system
Hibernate: 
    select
        ticket0_.code as code1_0_,
        ticket0_.client_id as client_i2_0_,
        ticket0_.closing_date as closing_3_0_,
        ticket0_.description as descript4_0_,
        ticket0_.employee_id as employee5_0_,
        ticket0_.priority as priority6_0_,
        ticket0_.product as product7_0_,
        ticket0_.severity as severity8_0_,
        ticket0_.start_date as start_da9_0_,
        ticket0_.status as status10_0_,
        ticket0_.title as title11_0_,
        ticket0_.version as version12_0_ 
    from
        ticket ticket0_
Resetting system
Hibernate: 
    select
        ticket0_.code as code1_0_,
        ticket0_.client_id as client_i2_0_,
        ticket0_.closing_date as closing_3_0_,
        ticket0_.description as descript4_0_,
        ticket0_.employee_id as employee5_0_,
        ticket0_.priority as priority6_0_,
        ticket0_.product as product7_0_,
        ticket0_.severity as severity8_0_,
        ticket0_.start_date as start_da9_0_,
        ticket0_.status as status10_0_,
        ticket0_.title as title11_0_,
        ticket0_.version as version12_0_ 
    from
        ticket ticket0_
Resetting system
Hibernate: 
    select
        ticket0_.code as code1_0_,
        ticket0_.client_id as client_i2_0_,
        ticket0_.closing_date as closing_3_0_,
        ticket0_.description as descript4_0_,
        ticket0_.employee_id as employee5_0_,
        ticket0_.priority as priority6_0_,
        ticket0_.product as product7_0_,
        ticket0_.severity as severity8_0_,
        ticket0_.start_date as start_da9_0_,
        ticket0_.status as status10_0_,
        ticket0_.title as title11_0_,
        ticket0_.version as version12_0_ 
    from
        ticket ticket0_
2023-12-02 19:03:20.593  INFO 126758 --- [    Test worker] o.s.t.c.support.AbstractContextLoader    : Could not detect default resource locations for test class [com.aninfo.integration.cucumber.TicketIntegrationServiceTest]: no resource found for suffixes {-context.xml, Context.groovy}.
2023-12-02 19:03:20.594  INFO 126758 --- [    Test worker] .b.t.c.SpringBootTestContextBootstrapper : Loaded default TestExecutionListener class names from location [META-INF/spring.factories]: [org.springframework.boot.test.autoconfigure.restdocs.RestDocsTestExecutionListener, org.springframework.boot.test.autoconfigure.web.client.MockRestServiceServerResetTestExecutionListener, org.springframework.boot.test.autoconfigure.web.servlet.MockMvcPrintOnlyOnFailureTestExecutionListener, org.springframework.boot.test.autoconfigure.web.servlet.WebDriverTestExecutionListener, org.springframework.boot.test.mock.mockito.MockitoTestExecutionListener, org.springframework.boot.test.mock.mockito.ResetMocksTestExecutionListener, org.springframework.test.context.web.ServletTestExecutionListener, org.springframework.test.context.support.DirtiesContextBeforeModesTestExecutionListener, org.springframework.test.context.support.DependencyInjectionTestExecutionListener, org.springframework.test.context.support.DirtiesContextTestExecutionListener, org.springframework.test.context.transaction.TransactionalTestExecutionListener, org.springframework.test.context.jdbc.SqlScriptsTestExecutionListener, org.springframework.test.context.event.EventPublishingTestExecutionListener]
2023-12-02 19:03:20.594  INFO 126758 --- [    Test worker] .b.t.c.SpringBootTestContextBootstrapper : Using TestExecutionListeners: [org.springframework.test.context.web.ServletTestExecutionListener@3d7689ca, org.springframework.test.context.support.DirtiesContextBeforeModesTestExecutionListener@44971b89, org.springframework.boot.test.mock.mockito.MockitoTestExecutionListener@4a686164, org.springframework.boot.test.autoconfigure.SpringBootDependencyInjectionTestExecutionListener@db5d831, org.springframework.test.context.support.DirtiesContextTestExecutionListener@4843894, org.springframework.test.context.transaction.TransactionalTestExecutionListener@783320de, org.springframework.test.context.jdbc.SqlScriptsTestExecutionListener@71d91dfd, org.springframework.test.context.event.EventPublishingTestExecutionListener@520e37a7, org.springframework.boot.test.autoconfigure.restdocs.RestDocsTestExecutionListener@776bf5ea, org.springframework.boot.test.autoconfigure.web.client.MockRestServiceServerResetTestExecutionListener@163f0e09, org.springframework.boot.test.autoconfigure.web.servlet.MockMvcPrintOnlyOnFailureTestExecutionListener@2fb0dfc6, org.springframework.boot.test.autoconfigure.web.servlet.WebDriverTestExecutionListener@ca06698, org.springframework.boot.test.mock.mockito.ResetMocksTestExecutionListener@24cc1643]
Before any test execution
Before any test execution
Before any test execution
Before any test execution
Hibernate: 
    select
        ticket0_.code as code1_0_,
        ticket0_.client_id as client_i2_0_,
        ticket0_.closing_date as closing_3_0_,
        ticket0_.description as descript4_0_,
        ticket0_.employee_id as employee5_0_,
        ticket0_.priority as priority6_0_,
        ticket0_.product as product7_0_,
        ticket0_.severity as severity8_0_,
        ticket0_.start_date as start_da9_0_,
        ticket0_.status as status10_0_,
        ticket0_.title as title11_0_,
        ticket0_.version as version12_0_ 
    from
        ticket ticket0_ 
    where
        ticket0_.title=?
Hibernate: 
    call next value for hibernate_sequence
Hibernate: 
    insert 
    into
        ticket
        (client_id, closing_date, description, employee_id, priority, product, severity, start_date, status, title, version, code) 
    values
        (?, ?, ?, ?, ?, ?, ?, ?, ?, ?, ?, ?)
Hibernate: 
    select
        ticket0_.code as code1_0_0_,
        ticket0_.client_id as client_i2_0_0_,
        ticket0_.closing_date as closing_3_0_0_,
        ticket0_.description as descript4_0_0_,
        ticket0_.employee_id as employee5_0_0_,
        ticket0_.priority as priority6_0_0_,
        ticket0_.product as product7_0_0_,
        ticket0_.severity as severity8_0_0_,
        ticket0_.start_date as start_da9_0_0_,
        ticket0_.status as status10_0_0_,
        ticket0_.title as title11_0_0_,
        ticket0_.version as version12_0_0_ 
    from
        ticket ticket0_ 
    where
        ticket0_.code=?
Hibernate: 
    select
        ticket0_.code as code1_0_0_,
        ticket0_.client_id as client_i2_0_0_,
        ticket0_.closing_date as closing_3_0_0_,
        ticket0_.description as descript4_0_0_,
        ticket0_.employee_id as employee5_0_0_,
        ticket0_.priority as priority6_0_0_,
        ticket0_.product as product7_0_0_,
        ticket0_.severity as severity8_0_0_,
        ticket0_.start_date as start_da9_0_0_,
        ticket0_.status as status10_0_0_,
        ticket0_.title as title11_0_0_,
        ticket0_.version as version12_0_0_ 
    from
        ticket ticket0_ 
    where
        ticket0_.code=?
Hibernate: 
    select
        ticket0_.code as code1_0_,
        ticket0_.client_id as client_i2_0_,
        ticket0_.closing_date as closing_3_0_,
        ticket0_.description as descript4_0_,
        ticket0_.employee_id as employee5_0_,
        ticket0_.priority as priority6_0_,
        ticket0_.product as product7_0_,
        ticket0_.severity as severity8_0_,
        ticket0_.start_date as start_da9_0_,
        ticket0_.status as status10_0_,
        ticket0_.title as title11_0_,
        ticket0_.version as version12_0_ 
    from
        ticket ticket0_ 
    where
        ticket0_.title=?
Hibernate: 
    select
        ticket0_.code as code1_0_0_,
[...]
Before any test execution
Before any test execution
Before any test execution
Before any test execution
Hibernate: 
    select
        ticket0_.code as code1_0_,
        ticket0_.client_id as client_i2_0_,
        ticket0_.closing_date as closing_3_0_,
        ticket0_.description as descript4_0_,
        ticket0_.employee_id as employee5_0_,
        ticket0_.priority as priority6_0_,
        ticket0_.product as product7_0_,
        ticket0_.severity as severity8_0_,
        ticket0_.start_date as start_da9_0_,
        ticket0_.status as status10_0_,
        ticket0_.title as title11_0_,
        ticket0_.version as version12_0_ 
    from
        ticket ticket0_ 
    where
        ticket0_.title=?
Hibernate: 
    call next value for hibernate_sequence
Hibernate: 
    insert 
    into
        ticket
        (client_id, closing_date, description, employee_id, priority, product, severity, start_date, status, title, version, code) 
    values
        (?, ?, ?, ?, ?, ?, ?, ?, ?, ?, ?, ?)
Hibernate: 
    select
        ticket0_.code as code1_0_,
        ticket0_.client_id as client_i2_0_,
        ticket0_.closing_date as closing_3_0_,
        ticket0_.description as descript4_0_,
        ticket0_.employee_id as employee5_0_,
        ticket0_.priority as priority6_0_,
        ticket0_.product as product7_0_,
        ticket0_.severity as severity8_0_,
        ticket0_.start_date as start_da9_0_,
        ticket0_.status as status10_0_,
        ticket0_.title as title11_0_,
        ticket0_.version as version12_0_ 
    from
        ticket ticket0_ 
    where
        ticket0_.title=?
Hibernate: 
    call next value for hibernate_sequence
Hibernate: 
    insert 
    into
        ticket
        (client_id, closing_date, description, employee_id, priority, product, severity, start_date, status, title, version, code) 
    values
        (?, ?, ?, ?, ?, ?, ?, ?, ?, ?, ?, ?)
Hibernate: 
    select
        ticket0_.code as code1_0_0_,
        ticket0_.client_id as client_i2_0_0_,
        ticket0_.closing_date as closing_3_0_0_,
        ticket0_.description as descript4_0_0_,
        ticket0_.employee_id as employee5_0_0_,
        ticket0_.priority as priority6_0_0_,
        ticket0_.product as product7_0_0_,
        ticket0_.severity as severity8_0_0_,
        ticket0_.start_date as start_da9_0_0_,
        ticket0_.status as status10_0_0_,
        ticket0_.title as title11_0_0_,
        ticket0_.version as version12_0_0_ 
    from
        ticket ticket0_ 
    where
        ticket0_.code=?
Hibernate: 
    select
        ticket0_.code as code1_0_0_,
        ticket0_.client_id as client_i2_0_0_,
        ticket0_.closing_date as closing_3_0_0_,
        ticket0_.description as descript4_0_0_,
        ticket0_.employee_id as employee5_0_0_,
        ticket0_.priority as priority6_0_0_,
        ticket0_.product as product7_0_0_,
        ticket0_.severity as severity8_0_0_,
        ticket0_.start_date as start_da9_0_0_,
        ticket0_.status as status10_0_0_,
        ticket0_.title as title11_0_0_,
        ticket0_.version as version12_0_0_ 
    from
        ticket ticket0_ 
    where
        ticket0_.code=?
Hibernate: 
    select
        ticket0_.code as code1_0_,
        ticket0_.client_id as client_i2_0_,
        ticket0_.closing_date as closing_3_0_,
        ticket0_.description as descript4_0_,
        ticket0_.employee_id as employee5_0_,
        ticket0_.priority as priority6_0_,
        ticket0_.product as product7_0_,
        ticket0_.severity as severity8_0_,
        ticket0_.start_date as start_da9_0_,
        ticket0_.status as status10_0_,
        ticket0_.title as title11_0_,
        ticket0_.version as version12_0_ 
    from
        ticket ticket0_ 
    where
        ticket0_.title=?
Resetting system
Hibernate: 
    select
        ticket0_.code as code1_0_,
        ticket0_.client_id as client_i2_0_,
        ticket0_.closing_date as closing_3_0_,
        ticket0_.description as descript4_0_,
        ticket0_.employee_id as employee5_0_,
        ticket0_.priority as priority6_0_,
        ticket0_.product as product7_0_,
        ticket0_.severity as severity8_0_,
        ticket0_.start_date as start_da9_0_,
        ticket0_.status as status10_0_,
        ticket0_.title as title11_0_,
        ticket0_.version as version12_0_ 
    from
        ticket ticket0_
Hibernate: 
    delete 
    from
        ticket_tasks 
    where
        ticket_id=?
Hibernate: 
    delete 
    from
        ticket_tasks 
    where
        ticket_id=?
Hibernate: 
    delete 
    from
        ticket 
    where
        code=?
Hibernate: 
    delete 
    from
        ticket 
    where
        code=?
Resetting system
Hibernate: 
    select
        ticket0_.code as code1_0_,
        ticket0_.client_id as client_i2_0_,
        ticket0_.closing_date as closing_3_0_,
        ticket0_.description as descript4_0_,
        ticket0_.employee_id as employee5_0_,
        ticket0_.priority as priority6_0_,
        ticket0_.product as product7_0_,
        ticket0_.severity as severity8_0_,
        ticket0_.start_date as start_da9_0_,
        ticket0_.status as status10_0_,
        ticket0_.title as title11_0_,
        ticket0_.version as version12_0_ 
    from
        ticket ticket0_
Resetting system
Hibernate: 
    select
        ticket0_.code as code1_0_,
        ticket0_.client_id as client_i2_0_,
        ticket0_.closing_date as closing_3_0_,
        ticket0_.description as descript4_0_,
        ticket0_.employee_id as employee5_0_,
        ticket0_.priority as priority6_0_,
        ticket0_.product as product7_0_,
        ticket0_.severity as severity8_0_,
        ticket0_.start_date as start_da9_0_,
        ticket0_.status as status10_0_,
        ticket0_.title as title11_0_,
        ticket0_.version as version12_0_ 
    from
        ticket ticket0_
Resetting system
Hibernate: 
    select
        ticket0_.code as code1_0_,
        ticket0_.client_id as client_i2_0_,
        ticket0_.closing_date as closing_3_0_,
        ticket0_.description as descript4_0_,
        ticket0_.employee_id as employee5_0_,
        ticket0_.priority as priority6_0_,
        ticket0_.product as product7_0_,
        ticket0_.severity as severity8_0_,
        ticket0_.start_date as start_da9_0_,
        ticket0_.status as status10_0_,
        ticket0_.title as title11_0_,
        ticket0_.version as version12_0_ 
    from
        ticket ticket0_
2023-12-02 19:03:20.639  INFO 126758 --- [    Test worker] o.s.t.c.support.AbstractContextLoader    : Could not detect default resource locations for test class [com.aninfo.integration.cucumber.TicketIntegrationServiceTest]: no resource found for suffixes {-context.xml, Context.groovy}.
2023-12-02 19:03:20.640  INFO 126758 --- [    Test worker] .b.t.c.SpringBootTestContextBootstrapper : Loaded default TestExecutionListener class names from location [META-INF/spring.factories]: [org.springframework.boot.test.autoconfigure.restdocs.RestDocsTestExecutionListener, org.springframework.boot.test.autoconfigure.web.client.MockRestServiceServerResetTestExecutionListener, org.springframework.boot.test.autoconfigure.web.servlet.MockMvcPrintOnlyOnFailureTestExecutionListener, org.springframework.boot.test.autoconfigure.web.servlet.WebDriverTestExecutionListener, org.springframework.boot.test.mock.mockito.MockitoTestExecutionListener, org.springframework.boot.test.mock.mockito.ResetMocksTestExecutionListener, org.springframework.test.context.web.ServletTestExecutionListener, org.springframework.test.context.support.DirtiesContextBeforeModesTestExecutionListener, org.springframework.test.context.support.DependencyInjectionTestExecutionListener, org.springframework.test.context.support.DirtiesContextTestExecutionListener, org.springframework.test.context.transaction.TransactionalTestExecutionListener, org.springframework.test.context.jdbc.SqlScriptsTestExecutionListener, org.springframework.test.context.event.EventPublishingTestExecutionListener]
2023-12-02 19:03:20.640  INFO 126758 --- [    Test worker] .b.t.c.SpringBootTestContextBootstrapper : Using TestExecutionListeners: [org.springframework.test.context.web.ServletTestExecutionListener@500bd798, org.springframework.test.context.support.DirtiesContextBeforeModesTestExecutionListener@278bc942, org.springframework.boot.test.mock.mockito.MockitoTestExecutionListener@387f63c2, org.springframework.boot.test.autoconfigure.SpringBootDependencyInjectionTestExecutionListener@4fd9b143, org.springframework.test.context.support.DirtiesContextTestExecutionListener@41e00837, org.springframework.test.context.transaction.TransactionalTestExecutionListener@38d81890, org.springframework.test.context.jdbc.SqlScriptsTestExecutionListener@7b7a1d3a, org.springframework.test.context.event.EventPublishingTestExecutionListener@792be8bf, org.springframework.boot.test.autoconfigure.restdocs.RestDocsTestExecutionListener@38cbf61d, org.springframework.boot.test.autoconfigure.web.client.MockRestServiceServerResetTestExecutionListener@40af750c, org.springframework.boot.test.autoconfigure.web.servlet.MockMvcPrintOnlyOnFailureTestExecutionListener@6b9723ee, org.springframework.boot.test.autoconfigure.web.servlet.WebDriverTestExecutionListener@4ddf4033, org.springframework.boot.test.mock.mockito.ResetMocksTestExecutionListener@2ac33c8b]
Before any test execution
Before any test execution
Before any test execution
Before any test execution
Hibernate: 
    select
        ticket0_.code as code1_0_,
        ticket0_.client_id as client_i2_0_,
        ticket0_.closing_date as closing_3_0_,
        ticket0_.description as descript4_0_,
        ticket0_.employee_id as employee5_0_,
        ticket0_.priority as priority6_0_,
        ticket0_.product as product7_0_,
        ticket0_.severity as severity8_0_,
        ticket0_.start_date as start_da9_0_,
        ticket0_.status as status10_0_,
        ticket0_.title as title11_0_,
        ticket0_.version as version12_0_ 
    from
        ticket ticket0_ 
    where
        ticket0_.title=?
Hibernate: 
    call next value for hibernate_sequence
Hibernate: 
    insert 
    into
        ticket
        (client_id, closing_date, description, employee_id, priority, product, severity, start_date, status, title, version, code) 
    values
        (?, ?, ?, ?, ?, ?, ?, ?, ?, ?, ?, ?)
Hibernate: 
    select
        ticket0_.code as code1_0_0_,
        ticket0_.client_id as client_i2_0_0_,
        ticket0_.closing_date as closing_3_0_0_,
        ticket0_.description as descript4_0_0_,
        ticket0_.employee_id as employee5_0_0_,
        ticket0_.priority as priority6_0_0_,
        ticket0_.product as product7_0_0_,
        ticket0_.severity as severity8_0_0_,
        ticket0_.start_date as start_da9_0_0_,
        ticket0_.status as status10_0_0_,
        ticket0_.title as title11_0_0_,
        ticket0_.version as version12_0_0_ 
    from
        ticket ticket0_ 
    where
        ticket0_.code=?
Resetting system
Hibernate: 
    select
        ticket0_.code as code1_0_,
        ticket0_.client_id as client_i2_0_,
        ticket0_.closing_date as closing_3_0_,
        ticket0_.description as descript4_0_,
        ticket0_.employee_id as employee5_0_,
        ticket0_.priority as priority6_0_,
        ticket0_.product as product7_0_,
        ticket0_.severity as severity8_0_,
        ticket0_.start_date as start_da9_0_,
        ticket0_.status as status10_0_,
        ticket0_.title as title11_0_,
        ticket0_.version as version12_0_ 
    from
        ticket ticket0_
Hibernate: 
    delete 
    from
        ticket_tasks 
    where
        ticket_id=?
Hibernate: 
    delete 
    from
        ticket 
    where
        code=?
Resetting system
Hibernate: 
    select
        ticket0_.code as code1_0_,
        ticket0_.client_id as client_i2_0_,
        ticket0_.closing_date as closing_3_0_,
        ticket0_.description as descript4_0_,
        ticket0_.employee_id as employee5_0_,
        ticket0_.priority as priority6_0_,
        ticket0_.product as product7_0_,
        ticket0_.severity as severity8_0_,
        ticket0_.start_date as start_da9_0_,
        ticket0_.status as status10_0_,
        ticket0_.title as title11_0_,
        ticket0_.version as version12_0_ 
    from
        ticket ticket0_
Resetting system
Hibernate: 
    select
        ticket0_.code as code1_0_,
        ticket0_.client_id as client_i2_0_,
        ticket0_.closing_date as closing_3_0_,
        ticket0_.description as descript4_0_,
        ticket0_.employee_id as employee5_0_,
        ticket0_.priority as priority6_0_,
        ticket0_.product as product7_0_,
        ticket0_.severity as severity8_0_,
        ticket0_.start_date as start_da9_0_,
        ticket0_.status as status10_0_,
        ticket0_.title as title11_0_,
        ticket0_.version as version12_0_ 
    from
        ticket ticket0_
Resetting system
Hibernate: 
    select
        ticket0_.code as code1_0_,
        ticket0_.client_id as client_i2_0_,
        ticket0_.closing_date as closing_3_0_,
        ticket0_.description as descript4_0_,
        ticket0_.employee_id as employee5_0_,
        ticket0_.priority as priority6_0_,
        ticket0_.product as product7_0_,
        ticket0_.severity as severity8_0_,
        ticket0_.start_date as start_da9_0_,
        ticket0_.status as status10_0_,
        ticket0_.title as title11_0_,
        ticket0_.version as version12_0_ 
    from
        ticket ticket0_
2023-12-02 19:03:20.650  INFO 126758 --- [    Test worker] o.s.t.c.support.AbstractContextLoader    : Could not detect default resource locations for test class [com.aninfo.integration.cucumber.TicketIntegrationServiceTest]: no resource found for suffixes {-context.xml, Context.groovy}.
2023-12-02 19:03:20.651  INFO 126758 --- [    Test worker] .b.t.c.SpringBootTestContextBootstrapper : Loaded default TestExecutionListener class names from location [META-INF/spring.factories]: [org.springframework.boot.test.autoconfigure.restdocs.RestDocsTestExecutionListener, org.springframework.boot.test.autoconfigure.web.client.MockRestServiceServerResetTestExecutionListener, org.springframework.boot.test.autoconfigure.web.servlet.MockMvcPrintOnlyOnFailureTestExecutionListener, org.springframework.boot.test.autoconfigure.web.servlet.WebDriverTestExecutionListener, org.springframework.boot.test.mock.mockito.MockitoTestExecutionListener, org.springframework.boot.test.mock.mockito.ResetMocksTestExecutionListener, org.springframework.test.context.web.ServletTestExecutionListener, org.springframework.test.context.support.DirtiesContextBeforeModesTestExecutionListener, org.springframework.test.context.support.DependencyInjectionTestExecutionListener, org.springframework.test.context.support.DirtiesContextTestExecutionListener, org.springframework.test.context.transaction.TransactionalTestExecutionListener, org.springframework.test.context.jdbc.SqlScriptsTestExecutionListener, org.springframework.test.context.event.EventPublishingTestExecutionListener]
2023-12-02 19:03:20.651  INFO 126758 --- [    Test worker] .b.t.c.SpringBootTestContextBootstrapper : Using TestExecutionListeners: [org.springframework.test.context.web.ServletTestExecutionListener@179f4f84, org.springframework.test.context.support.DirtiesContextBeforeModesTestExecutionListener@22fe5203, org.springframework.boot.test.mock.mockito.MockitoTestExecutionListener@52a22b5b, org.springframework.boot.test.autoconfigure.SpringBootDependencyInjectionTestExecutionListener@1952a22b, org.springframework.test.context.support.DirtiesContextTestExecutionListener@74dc3dea, org.springframework.test.context.transaction.TransactionalTestExecutionListener@24620738, org.springframework.test.context.jdbc.SqlScriptsTestExecutionListener@6759081c, org.springframework.test.context.event.EventPublishingTestExecutionListener@6b16ad26, org.springframework.boot.test.autoconfigure.restdocs.RestDocsTestExecutionListener@7e30eec3, org.springframework.boot.test.autoconfigure.web.client.MockRestServiceServerResetTestExecutionListener@4a5f6dfa, org.springframework.boot.test.autoconfigure.web.servlet.MockMvcPrintOnlyOnFailureTestExecutionListener@65698545, org.springframework.boot.test.autoconfigure.web.servlet.WebDriverTestExecutionListener@3b487b53, org.springframework.boot.test.mock.mockito.ResetMocksTestExecutionListener@4277dc0f]
Before any test execution
Before any test execution
Before any test execution
Before any test execution
Hibernate: 
    select
        ticket0_.code as code1_0_0_,
        ticket0_.client_id as client_i2_0_0_,
        ticket0_.closing_date as closing_3_0_0_,
        ticket0_.description as descript4_0_0_,
        ticket0_.employee_id as employee5_0_0_,
        ticket0_.priority as priority6_0_0_,
        ticket0_.product as product7_0_0_,
        ticket0_.severity as severity8_0_0_,
        ticket0_.start_date as start_da9_0_0_,
        ticket0_.status as status10_0_0_,
        ticket0_.title as title11_0_0_,
        ticket0_.version as version12_0_0_ 
    from
        ticket ticket0_ 
    where
        ticket0_.code=?
Resetting system
Hibernate: 
    select
        ticket0_.code as code1_0_,
        ticket0_.client_id as client_i2_0_,
        ticket0_.closing_date as closing_3_0_,
        ticket0_.description as descript4_0_,
        ticket0_.employee_id as employee5_0_,
        ticket0_.priority as priority6_0_,
        ticket0_.product as product7_0_,
        ticket0_.severity as severity8_0_,
        ticket0_.start_date as start_da9_0_,
        ticket0_.status as status10_0_,
        ticket0_.title as title11_0_,
        ticket0_.version as version12_0_ 
    from
        ticket ticket0_
Resetting system
Hibernate: 
    select
        ticket0_.code as code1_0_,
        ticket0_.client_id as client_i2_0_,
        ticket0_.closing_date as closing_3_0_,
        ticket0_.description as descript4_0_,
        ticket0_.employee_id as employee5_0_,
        ticket0_.priority as priority6_0_,
        ticket0_.product as product7_0_,
        ticket0_.severity as severity8_0_,
        ticket0_.start_date as start_da9_0_,
        ticket0_.status as status10_0_,
        ticket0_.title as title11_0_,
        ticket0_.version as version12_0_ 
    from
        ticket ticket0_
Resetting system
Hibernate: 
    select
        ticket0_.code as code1_0_,
        ticket0_.client_id as client_i2_0_,
        ticket0_.closing_date as closing_3_0_,
        ticket0_.description as descript4_0_,
        ticket0_.employee_id as employee5_0_,
        ticket0_.priority as priority6_0_,
        ticket0_.product as product7_0_,
        ticket0_.severity as severity8_0_,
        ticket0_.start_date as start_da9_0_,
        ticket0_.status as status10_0_,
        ticket0_.title as title11_0_,
        ticket0_.version as version12_0_ 
    from
        ticket ticket0_
Resetting system
Hibernate: 
    select
        ticket0_.code as code1_0_,
        ticket0_.client_id as client_i2_0_,
        ticket0_.closing_date as closing_3_0_,
        ticket0_.description as descript4_0_,
        ticket0_.employee_id as employee5_0_,
        ticket0_.priority as priority6_0_,
        ticket0_.product as product7_0_,
        ticket0_.severity as severity8_0_,
        ticket0_.start_date as start_da9_0_,
        ticket0_.status as status10_0_,
        ticket0_.title as title11_0_,
        ticket0_.version as version12_0_ 
    from
        ticket ticket0_

13 Scenarios (?[32m13 passed?[0m)
42 Steps (?[32m42 passed?[0m)
0m0.416s

]]></system-out>
  <system-err><![CDATA[]]></system-err>
</testsuite>
