<?xml version="1.0" encoding="UTF-8"?>
<testsuite name="com.aninfo.integration.cucumber.CucumberTest" tests="57" skipped="7" failures="0" errors="0" timestamp="2023-12-03T15:35:29" hostname="valentin-750XFG" time="0.466">
  <properties/>
  <testcase name="Given No tickets to access" classname="com.aninfo.integration.cucumber.CucumberTest" time="0.0"/>
  <testcase name="When Trying to get tickets" classname="com.aninfo.integration.cucumber.CucumberTest" time="0.0"/>
  <testcase name="Then I get no tickets" classname="com.aninfo.integration.cucumber.CucumberTest" time="0.0"/>
  <testcase name="Given Two tickets" classname="com.aninfo.integration.cucumber.CucumberTest" time="0.0"/>
  <testcase name="When Trying to get tickets" classname="com.aninfo.integration.cucumber.CucumberTest" time="0.0"/>
  <testcase name="Then I get two tickets" classname="com.aninfo.integration.cucumber.CucumberTest" time="0.0"/>
  <testcase name="Given Ticket with name Ticket1 because of accesing" classname="com.aninfo.integration.cucumber.CucumberTest" time="0.0"/>
  <testcase name="When Trying to find ticket with name Ticket1" classname="com.aninfo.integration.cucumber.CucumberTest" time="0.0"/>
  <testcase name="Then I get the ticket appropriately" classname="com.aninfo.integration.cucumber.CucumberTest" time="0.0"/>
  <testcase name="Given Ticket with name MyTicket1 because of accesing" classname="com.aninfo.integration.cucumber.CucumberTest" time="0.001"/>
  <testcase name="When Trying to find ticket with name MyTicket2" classname="com.aninfo.integration.cucumber.CucumberTest" time="0.0"/>
  <testcase name="Then I get an Invalid Ticket Exception because of accessing" classname="com.aninfo.integration.cucumber.CucumberTest" time="0.0"/>
  <testcase name="Given No ticket with name ticket1" classname="com.aninfo.integration.cucumber.CucumberTest" time="0.0"/>
  <testcase name="When Trying to create a ticket with name ticket1" classname="com.aninfo.integration.cucumber.CucumberTest" time="0.0"/>
  <testcase name="Then It is created successfully" classname="com.aninfo.integration.cucumber.CucumberTest" time="0.0"/>
  <testcase name="And Ticket is named ticket1" classname="com.aninfo.integration.cucumber.CucumberTest" time="0.0"/>
  <testcase name="Given A ticket with status NOT STARTED" classname="com.aninfo.integration.cucumber.CucumberTest" time="0.0"/>
  <testcase name="When Trying to edit the status from NOT STARTED to IN PROGRESS" classname="com.aninfo.integration.cucumber.CucumberTest" time="0.0"/>
  <testcase name="Then Status is edited successfully" classname="com.aninfo.integration.cucumber.CucumberTest" time="0.0"/>
  <testcase name="Given A ticket with severity S1" classname="com.aninfo.integration.cucumber.CucumberTest" time="0.0"/>
  <testcase name="When Trying to edit the severity from S1 to S2" classname="com.aninfo.integration.cucumber.CucumberTest" time="0.0"/>
  <testcase name="Then Severity is edited successfully" classname="com.aninfo.integration.cucumber.CucumberTest" time="0.0"/>
  <testcase name="Given A ticket with priority LOW" classname="com.aninfo.integration.cucumber.CucumberTest" time="0.001"/>
  <testcase name="When Trying to edit the priority from LOW to HIGH" classname="com.aninfo.integration.cucumber.CucumberTest" time="0.0"/>
  <testcase name="Then Priority is edited successfully" classname="com.aninfo.integration.cucumber.CucumberTest" time="0.0"/>
  <testcase name="Given A ticket with an empty info" classname="com.aninfo.integration.cucumber.CucumberTest" time="0.0"/>
  <testcase name="When Trying to edit the info to a different one" classname="com.aninfo.integration.cucumber.CucumberTest" time="0.0"/>
  <testcase name="Then Info is edited successfully" classname="com.aninfo.integration.cucumber.CucumberTest" time="0.0"/>
  <testcase name="Given A ticket with name ticket1" classname="com.aninfo.integration.cucumber.CucumberTest" time="0.0"/>
  <testcase name="When Trying to edit the name from ticket1 to ticket2" classname="com.aninfo.integration.cucumber.CucumberTest" time="0.0"/>
  <testcase name="Then Name is edited successfully" classname="com.aninfo.integration.cucumber.CucumberTest" time="0.0"/>
  <testcase name="Given Two tickets with names ticket1 and ticket2" classname="com.aninfo.integration.cucumber.CucumberTest" time="0.0"/>
  <testcase name="When Trying to edit the name of ticket1 to the same name of ticket2" classname="com.aninfo.integration.cucumber.CucumberTest" time="0.0"/>
  <testcase name="Then I get a Ticket Name Already Taken Exception" classname="com.aninfo.integration.cucumber.CucumberTest" time="0.0"/>
  <testcase name="And It remain with the original name" classname="com.aninfo.integration.cucumber.CucumberTest" time="0.0"/>
  <testcase name="Given A ticket with product product1" classname="com.aninfo.integration.cucumber.CucumberTest" time="0.0"/>
  <testcase name="When Trying to edit the product from product1 to product2" classname="com.aninfo.integration.cucumber.CucumberTest" time="0.0"/>
  <testcase name="Then Product is edited successfully" classname="com.aninfo.integration.cucumber.CucumberTest" time="0.0"/>
  <testcase name="Given A ticket with version version1" classname="com.aninfo.integration.cucumber.CucumberTest" time="0.0"/>
  <testcase name="When Trying to edit the version from version1 to version2" classname="com.aninfo.integration.cucumber.CucumberTest" time="0.0"/>
  <testcase name="Then Version is edited successfully" classname="com.aninfo.integration.cucumber.CucumberTest" time="0.0"/>
  <testcase name="Given A ticket with clientID 0" classname="com.aninfo.integration.cucumber.CucumberTest" time="0.001">
    <skipped/>
  </testcase>
  <testcase name="When Trying to edit the clientID from 0 to 1" classname="com.aninfo.integration.cucumber.CucumberTest" time="0.0">
    <skipped/>
  </testcase>
  <testcase name="Then ClientID is edited successfully" classname="com.aninfo.integration.cucumber.CucumberTest" time="0.0">
    <skipped/>
  </testcase>
  <testcase name="Given A ticket with employeeId 0" classname="com.aninfo.integration.cucumber.CucumberTest" time="0.0"/>
  <testcase name="When Trying to edit the employeeId from 0 to 1" classname="com.aninfo.integration.cucumber.CucumberTest" time="0.0"/>
  <testcase name="Then EmployeeId is edited successfully" classname="com.aninfo.integration.cucumber.CucumberTest" time="0.0">
    <skipped/>
  </testcase>
  <testcase name="Given A ticket with closingDate today" classname="com.aninfo.integration.cucumber.CucumberTest" time="0.0">
    <skipped/>
  </testcase>
  <testcase name="When Trying to edit the closingDate from today to tomorrow" classname="com.aninfo.integration.cucumber.CucumberTest" time="0.0">
    <skipped/>
  </testcase>
  <testcase name="Then ClosingDate is edited successfully" classname="com.aninfo.integration.cucumber.CucumberTest" time="0.0">
    <skipped/>
  </testcase>
  <testcase name="Given A ticket" classname="com.aninfo.integration.cucumber.CucumberTest" time="0.0"/>
  <testcase name="When Searching this ticket by it's code" classname="com.aninfo.integration.cucumber.CucumberTest" time="0.0"/>
  <testcase name="Then It is found successfully" classname="com.aninfo.integration.cucumber.CucumberTest" time="0.0"/>
  <testcase name="And The ticket's code matches" classname="com.aninfo.integration.cucumber.CucumberTest" time="0.0"/>
  <testcase name="Given no tickets to search" classname="com.aninfo.integration.cucumber.CucumberTest" time="0.0"/>
  <testcase name="When Searching this ticket by it's code" classname="com.aninfo.integration.cucumber.CucumberTest" time="0.001"/>
  <testcase name="Then I get an Invalid Ticket Exception because of searching" classname="com.aninfo.integration.cucumber.CucumberTest" time="0.0"/>
  <system-out><![CDATA[12:35:25.250 [Test worker] DEBUG org.springframework.test.context.BootstrapUtils - Instantiating CacheAwareContextLoaderDelegate from class [org.springframework.test.context.cache.DefaultCacheAwareContextLoaderDelegate]
12:35:25.258 [Test worker] DEBUG org.springframework.test.context.BootstrapUtils - Instantiating BootstrapContext using constructor [public org.springframework.test.context.support.DefaultBootstrapContext(java.lang.Class,org.springframework.test.context.CacheAwareContextLoaderDelegate)]
12:35:25.284 [Test worker] DEBUG org.springframework.test.context.BootstrapUtils - Instantiating TestContextBootstrapper for test class [com.aninfo.integration.cucumber.TicketSearchTest] from class [org.springframework.boot.test.context.SpringBootTestContextBootstrapper]
12:35:25.306 [Test worker] DEBUG org.springframework.test.context.support.AbstractContextLoader - Did not detect default resource location for test class [com.aninfo.integration.cucumber.TicketIntegrationServiceTest]: class path resource [com/aninfo/integration/cucumber/TicketIntegrationServiceTest-context.xml] does not exist
12:35:25.307 [Test worker] DEBUG org.springframework.test.context.support.AbstractContextLoader - Did not detect default resource location for test class [com.aninfo.integration.cucumber.TicketIntegrationServiceTest]: class path resource [com/aninfo/integration/cucumber/TicketIntegrationServiceTestContext.groovy] does not exist
12:35:25.307 [Test worker] INFO org.springframework.test.context.support.AbstractContextLoader - Could not detect default resource locations for test class [com.aninfo.integration.cucumber.TicketIntegrationServiceTest]: no resource found for suffixes {-context.xml, Context.groovy}.
12:35:25.342 [Test worker] DEBUG org.springframework.test.context.support.ActiveProfilesUtils - Could not find an 'annotation declaring class' for annotation type [org.springframework.test.context.ActiveProfiles] and class [com.aninfo.integration.cucumber.TicketSearchTest]
12:35:25.461 [Test worker] DEBUG org.springframework.boot.test.context.SpringBootTestContextBootstrapper - @TestExecutionListeners is not present for class [com.aninfo.integration.cucumber.TicketSearchTest]: using defaults.
12:35:25.462 [Test worker] INFO org.springframework.boot.test.context.SpringBootTestContextBootstrapper - Loaded default TestExecutionListener class names from location [META-INF/spring.factories]: [org.springframework.boot.test.autoconfigure.restdocs.RestDocsTestExecutionListener, org.springframework.boot.test.autoconfigure.web.client.MockRestServiceServerResetTestExecutionListener, org.springframework.boot.test.autoconfigure.web.servlet.MockMvcPrintOnlyOnFailureTestExecutionListener, org.springframework.boot.test.autoconfigure.web.servlet.WebDriverTestExecutionListener, org.springframework.boot.test.mock.mockito.MockitoTestExecutionListener, org.springframework.boot.test.mock.mockito.ResetMocksTestExecutionListener, org.springframework.test.context.web.ServletTestExecutionListener, org.springframework.test.context.support.DirtiesContextBeforeModesTestExecutionListener, org.springframework.test.context.support.DependencyInjectionTestExecutionListener, org.springframework.test.context.support.DirtiesContextTestExecutionListener, org.springframework.test.context.transaction.TransactionalTestExecutionListener, org.springframework.test.context.jdbc.SqlScriptsTestExecutionListener, org.springframework.test.context.event.EventPublishingTestExecutionListener]
12:35:25.476 [Test worker] INFO org.springframework.boot.test.context.SpringBootTestContextBootstrapper - Using TestExecutionListeners: [org.springframework.test.context.web.ServletTestExecutionListener@5213f7e1, org.springframework.test.context.support.DirtiesContextBeforeModesTestExecutionListener@2a3f9ef5, org.springframework.boot.test.mock.mockito.MockitoTestExecutionListener@1ae3ff5, org.springframework.boot.test.autoconfigure.SpringBootDependencyInjectionTestExecutionListener@5cacafc, org.springframework.test.context.support.DirtiesContextTestExecutionListener@48ab895b, org.springframework.test.context.transaction.TransactionalTestExecutionListener@1e357e8d, org.springframework.test.context.jdbc.SqlScriptsTestExecutionListener@6e94bb29, org.springframework.test.context.event.EventPublishingTestExecutionListener@3dda112d, org.springframework.boot.test.autoconfigure.restdocs.RestDocsTestExecutionListener@292fa69c, org.springframework.boot.test.autoconfigure.web.client.MockRestServiceServerResetTestExecutionListener@1c5b7422, org.springframework.boot.test.autoconfigure.web.servlet.MockMvcPrintOnlyOnFailureTestExecutionListener@575dd973, org.springframework.boot.test.autoconfigure.web.servlet.WebDriverTestExecutionListener@3ae3e9cc, org.springframework.boot.test.mock.mockito.ResetMocksTestExecutionListener@6eacb34a]
12:35:25.497 [Test worker] DEBUG org.springframework.test.context.support.TestPropertySourceUtils - Adding inlined properties to environment: {spring.jmx.enabled=false, org.springframework.boot.test.context.SpringBootTestContextBootstrapper=true, server.port=-1}

  .   ____          _            __ _ _
 /\\ / ___'_ __ _ _(_)_ __  __ _ \ \ \ \
( ( )\___ | '_ | '_| | '_ \/ _` | \ \ \ \
 \\/  ___)| |_)| | | | | || (_| |  ) ) ) )
  '  |____| .__|_| |_|_| |_\__, | / / / /
 =========|_|==============|___/=/_/_/_/
 :: Spring Boot ::        (v2.2.5.RELEASE)

2023-12-03 12:35:25.760  INFO 41311 --- [    Test worker] c.a.i.cucumber.TicketSearchTest          : Starting TicketSearchTest on valentin-750XFG with PID 41311 (started by valentin in /home/valentin/ANALISIS_DE_LA_INFORMACION/TPG/squad_3_2023_2c)
2023-12-03 12:35:25.762  INFO 41311 --- [    Test worker] c.a.i.cucumber.TicketSearchTest          : No active profile set, falling back to default profiles: default
2023-12-03 12:35:26.486  INFO 41311 --- [    Test worker] .s.d.r.c.RepositoryConfigurationDelegate : Bootstrapping Spring Data JPA repositories in DEFAULT mode.
2023-12-03 12:35:26.582  INFO 41311 --- [    Test worker] .s.d.r.c.RepositoryConfigurationDelegate : Finished Spring Data repository scanning in 91ms. Found 1 JPA repository interfaces.
2023-12-03 12:35:27.321  INFO 41311 --- [    Test worker] o.hibernate.jpa.internal.util.LogHelper  : HHH000204: Processing PersistenceUnitInfo [name: default]
2023-12-03 12:35:27.389  INFO 41311 --- [    Test worker] org.hibernate.Version                    : HHH000412: Hibernate ORM core version 5.4.12.Final
2023-12-03 12:35:27.515  INFO 41311 --- [    Test worker] o.hibernate.annotations.common.Version   : HCANN000001: Hibernate Commons Annotations {5.1.0.Final}
2023-12-03 12:35:27.569  INFO 41311 --- [    Test worker] com.zaxxer.hikari.HikariDataSource       : HikariPool-1 - Starting...
2023-12-03 12:35:27.692  INFO 41311 --- [    Test worker] com.zaxxer.hikari.HikariDataSource       : HikariPool-1 - Start completed.
2023-12-03 12:35:27.708  INFO 41311 --- [    Test worker] org.hibernate.dialect.Dialect            : HHH000400: Using dialect: org.hibernate.dialect.H2Dialect
Hibernate: 
    
    drop table ticket if exists
Hibernate: 
    
    drop table ticket_tasks if exists
Hibernate: 
    
    drop sequence if exists hibernate_sequence
Hibernate: create sequence hibernate_sequence start with 1 increment by 1
Hibernate: 
    
    create table ticket (
       code bigint not null,
        client_id bigint,
        closing_date date,
        description varchar(255),
        employee_id bigint,
        priority integer,
        product varchar(255),
        severity integer,
        start_date date,
        status integer,
        title varchar(255),
        version varchar(255),
        primary key (code)
    )
Hibernate: 
    
    create table ticket_tasks (
       ticket_id bigint not null,
        task_id bigint
    )
Hibernate: 
    
    alter table ticket_tasks 
       add constraint FKnbyd5rwnukhkx2huaqj7mmpdn 
       foreign key (ticket_id) 
       references ticket
2023-12-03 12:35:28.162  INFO 41311 --- [    Test worker] o.h.e.t.j.p.i.JtaPlatformInitiator       : HHH000490: Using JtaPlatform implementation: [org.hibernate.engine.transaction.jta.platform.internal.NoJtaPlatform]
2023-12-03 12:35:28.166  INFO 41311 --- [    Test worker] j.LocalContainerEntityManagerFactoryBean : Initialized JPA EntityManagerFactory for persistence unit 'default'
2023-12-03 12:35:28.615  WARN 41311 --- [    Test worker] JpaBaseConfiguration$JpaWebConfiguration : spring.jpa.open-in-view is enabled by default. Therefore, database queries may be performed during view rendering. Explicitly configure spring.jpa.open-in-view to disable this warning
2023-12-03 12:35:29.341  INFO 41311 --- [    Test worker] o.s.s.concurrent.ThreadPoolTaskExecutor  : Initializing ExecutorService 'applicationTaskExecutor'
2023-12-03 12:35:29.517  INFO 41311 --- [    Test worker] o.s.b.a.h2.H2ConsoleAutoConfiguration    : H2 console available at '/h2-console'. Database available at 'jdbc:h2:mem:DBNAME'
2023-12-03 12:35:29.836  INFO 41311 --- [    Test worker] c.a.i.cucumber.TicketSearchTest          : Started TicketSearchTest in 4.332 seconds (JVM running for 5.513)
Before any test execution
Before any test execution
Before any test execution
Before any test execution
Hibernate: 
    select
        ticket0_.code as code1_0_,
        ticket0_.client_id as client_i2_0_,
        ticket0_.closing_date as closing_3_0_,
        ticket0_.description as descript4_0_,
        ticket0_.employee_id as employee5_0_,
        ticket0_.priority as priority6_0_,
        ticket0_.product as product7_0_,
        ticket0_.severity as severity8_0_,
        ticket0_.start_date as start_da9_0_,
        ticket0_.status as status10_0_,
        ticket0_.title as title11_0_,
        ticket0_.version as version12_0_ 
    from
        ticket ticket0_
Resetting system
Hibernate: 
    select
        ticket0_.code as code1_0_,
        ticket0_.client_id as client_i2_0_,
        ticket0_.closing_date as closing_3_0_,
        ticket0_.description as descript4_0_,
        ticket0_.employee_id as employee5_0_,
        ticket0_.priority as priority6_0_,
        ticket0_.product as product7_0_,
        ticket0_.severity as severity8_0_,
        ticket0_.start_date as start_da9_0_,
        ticket0_.status as status10_0_,
        ticket0_.title as title11_0_,
        ticket0_.version as version12_0_ 
    from
        ticket ticket0_
Resetting system
Hibernate: 
    select
        ticket0_.code as code1_0_,
        ticket0_.client_id as client_i2_0_,
        ticket0_.closing_date as closing_3_0_,
        ticket0_.description as descript4_0_,
        ticket0_.employee_id as employee5_0_,
        ticket0_.priority as priority6_0_,
        ticket0_.product as product7_0_,
        ticket0_.severity as severity8_0_,
        ticket0_.start_date as start_da9_0_,
        ticket0_.status as status10_0_,
        ticket0_.title as title11_0_,
        ticket0_.version as version12_0_ 
    from
        ticket ticket0_
Resetting system
Hibernate: 
    select
        ticket0_.code as code1_0_,
        ticket0_.client_id as client_i2_0_,
        ticket0_.closing_date as closing_3_0_,
        ticket0_.description as descript4_0_,
        ticket0_.employee_id as employee5_0_,
        ticket0_.priority as priority6_0_,
        ticket0_.product as product7_0_,
        ticket0_.severity as severity8_0_,
        ticket0_.start_date as start_da9_0_,
        ticket0_.status as status10_0_,
        ticket0_.title as title11_0_,
        ticket0_.version as version12_0_ 
    from
        ticket ticket0_
Resetting system
Hibernate: 
    select
        ticket0_.code as code1_0_,
        ticket0_.client_id as client_i2_0_,
        ticket0_.closing_date as closing_3_0_,
        ticket0_.description as descript4_0_,
        ticket0_.employee_id as employee5_0_,
        ticket0_.priority as priority6_0_,
        ticket0_.product as product7_0_,
        ticket0_.severity as severity8_0_,
        ticket0_.start_date as start_da9_0_,
        ticket0_.status as status10_0_,
        ticket0_.title as title11_0_,
        ticket0_.version as version12_0_ 
    from
        ticket ticket0_
2023-12-03 12:35:30.053  INFO 41311 --- [    Test worker] o.s.t.c.support.AbstractContextLoader    : Could not detect default resource locations for test class [com.aninfo.integration.cucumber.TicketIntegrationServiceTest]: no resource found for suffixes {-context.xml, Context.groovy}.
2023-12-03 12:35:30.054  INFO 41311 --- [    Test worker] .b.t.c.SpringBootTestContextBootstrapper : Loaded default TestExecutionListener class names from location [META-INF/spring.factories]: [org.springframework.boot.test.autoconfigure.restdocs.RestDocsTestExecutionListener, org.springframework.boot.test.autoconfigure.web.client.MockRestServiceServerResetTestExecutionListener, org.springframework.boot.test.autoconfigure.web.servlet.MockMvcPrintOnlyOnFailureTestExecutionListener, org.springframework.boot.test.autoconfigure.web.servlet.WebDriverTestExecutionListener, org.springframework.boot.test.mock.mockito.MockitoTestExecutionListener, org.springframework.boot.test.mock.mockito.ResetMocksTestExecutionListener, org.springframework.test.context.web.ServletTestExecutionListener, org.springframework.test.context.support.DirtiesContextBeforeModesTestExecutionListener, org.springframework.test.context.support.DependencyInjectionTestExecutionListener, org.springframework.test.context.support.DirtiesContextTestExecutionListener, org.springframework.test.context.transaction.TransactionalTestExecutionListener, org.springframework.test.context.jdbc.SqlScriptsTestExecutionListener, org.springframework.test.context.event.EventPublishingTestExecutionListener]
2023-12-03 12:35:30.054  INFO 41311 --- [    Test worker] .b.t.c.SpringBootTestContextBootstrapper : Using TestExecutionListeners: [org.springframework.test.context.web.ServletTestExecutionListener@f938ccb, org.springframework.test.context.support.DirtiesContextBeforeModesTestExecutionListener@312e793c, org.springframework.boot.test.mock.mockito.MockitoTestExecutionListener@3decb327, org.springframework.boot.test.autoconfigure.SpringBootDependencyInjectionTestExecutionListener@2f436009, org.springframework.test.context.support.DirtiesContextTestExecutionListener@3c2544fe, org.springframework.test.context.transaction.TransactionalTestExecutionListener@7e802ddf, org.springframework.test.context.jdbc.SqlScriptsTestExecutionListener@26adcca3, org.springframework.test.context.event.EventPublishingTestExecutionListener@12dab357, org.springframework.boot.test.autoconfigure.restdocs.RestDocsTestExecutionListener@44e1746, org.springframework.boot.test.autoconfigure.web.client.MockRestServiceServerResetTestExecutionListener@7b5f2cc5, org.springframework.boot.test.autoconfigure.web.servlet.MockMvcPrintOnlyOnFailureTestExecutionListener@335f2fd9, org.springframework.boot.test.autoconfigure.web.servlet.WebDriverTestExecutionListener@745862ee, org.springframework.boot.test.mock.mockito.ResetMocksTestExecutionListener@d8bf04]
Before any test execution
Before any test execution
Before any test execution
Before any test execution
Hibernate: 
    select
        ticket0_.code as code1_0_,
        ticket0_.client_id as client_i2_0_,
        ticket0_.closing_date as closing_3_0_,
        ticket0_.description as descript4_0_,
        ticket0_.employee_id as employee5_0_,
        ticket0_.priority as priority6_0_,
        ticket0_.product as product7_0_,
        ticket0_.severity as severity8_0_,
        ticket0_.start_date as start_da9_0_,
        ticket0_.status as status10_0_,
        ticket0_.title as title11_0_,
        ticket0_.version as version12_0_ 
    from
        ticket ticket0_ 
    where
        ticket0_.title=?
Hibernate: 
    call next value for hibernate_sequence
Hibernate: 
    insert 
    into
        ticket
        (client_id, closing_date, description, employee_id, priority, product, severity, start_date, status, title, version, code) 
    values
        (?, ?, ?, ?, ?, ?, ?, ?, ?, ?, ?, ?)
Hibernate: 
    select
        ticket0_.code as code1_0_,
        ticket0_.client_id as client_i2_0_,
        ticket0_.closing_date as closing_3_0_,
        ticket0_.description as descript4_0_,
        ticket0_.employee_id as employee5_0_,
        ticket0_.priority as priority6_0_,
        ticket0_.product as product7_0_,
        ticket0_.severity as severity8_0_,
        ticket0_.start_date as start_da9_0_,
        ticket0_.status as status10_0_,
        ticket0_.title as title11_0_,
        ticket0_.version as version12_0_ 
    from
        ticket ticket0_ 
    where
        ticket0_.title=?
Hibernate: 
    call next value for hibernate_sequence
Hibernate: 
    insert 
    into
        ticket
        (client_id, closing_date, description, employee_id, priority, product, severity, start_date, status, title, version, code) 
    values
        (?, ?, ?, ?, ?, ?, ?, ?, ?, ?, ?, ?)
Hibernate: 
    select
        ticket0_.code as code1_0_,
        ticket0_.client_id as client_i2_0_,
        ticket0_.closing_date as closing_3_0_,
        ticket0_.description as descript4_0_,
        ticket0_.employee_id as employee5_0_,
        ticket0_.priority as priority6_0_,
        ticket0_.product as product7_0_,
        ticket0_.severity as severity8_0_,
        ticket0_.start_date as start_da9_0_,
        ticket0_.status as status10_0_,
        ticket0_.title as title11_0_,
        ticket0_.version as version12_0_ 
    from
        ticket ticket0_
Hibernate: 
    select
        ticket0_.code as code1_0_,
        ticket0_.client_id as client_i2_0_,
        ticket0_.closing_date as closing_3_0_,
        ticket0_.description as descript4_0_,
        ticket0_.employee_id as employee5_0_,
        ticket0_.priority as priority6_0_,
        ticket0_.product as product7_0_,
        ticket0_.severity as severity8_0_,
        ticket0_.start_date as start_da9_0_,
        ticket0_.status as status10_0_,
        ticket0_.title as title11_0_,
        ticket0_.version as version12_0_ 
    from
        ticket ticket0_
Resetting system
Hibernate: 
    select
        ticket0_.code as code1_0_,
        ticket0_.client_id as client_i2_0_,
        ticket0_.closing_date as closing_3_0_,
        ticket0_.description as descript4_0_,
        ticket0_.employee_id as employee5_0_,
        ticket0_.priority as priority6_0_,
        ticket0_.product as product7_0_,
        ticket0_.severity as severity8_0_,
        ticket0_.start_date as start_da9_0_,
        ticket0_.status as status10_0_,
        ticket0_.title as title11_0_,
        ticket0_.version as version12_0_ 
    from
        ticket ticket0_
Hibernate: 
    delete 
    from
        ticket_tasks 
    where
        ticket_id=?
Hibernate: 
    delete 
    from
        ticket_tasks 
    where
        ticket_id=?
Hibernate: 
    delete 
    from
        ticket 
    where
        code=?
Hibernate: 
    delete 
    from
        ticket 
    where
        code=?
Resetting system
Hibernate: 
    select
        ticket0_.code as code1_0_,
        ticket0_.client_id as client_i2_0_,
        ticket0_.closing_date as closing_3_0_,
        ticket0_.description as descript4_0_,
        ticket0_.employee_id as employee5_0_,
        ticket0_.priority as priority6_0_,
        ticket0_.product as product7_0_,
        ticket0_.severity as severity8_0_,
        ticket0_.start_date as start_da9_0_,
        ticket0_.status as status10_0_,
        ticket0_.title as title11_0_,
        ticket0_.version as version12_0_ 
    from
        ticket ticket0_
Resetting system
Hibernate: 
    select
        ticket0_.code as code1_0_,
        ticket0_.client_id as client_i2_0_,
        ticket0_.closing_date as closing_3_0_,
        ticket0_.description as descript4_0_,
        ticket0_.employee_id as employee5_0_,
        ticket0_.priority as priority6_0_,
        ticket0_.product as product7_0_,
        ticket0_.severity as severity8_0_,
        ticket0_.start_date as start_da9_0_,
        ticket0_.status as status10_0_,
        ticket0_.title as title11_0_,
        ticket0_.version as version12_0_ 
    from
        ticket ticket0_
Resetting system
Hibernate: 
    select
        ticket0_.code as code1_0_,
        ticket0_.client_id as client_i2_0_,
        ticket0_.closing_date as closing_3_0_,
        ticket0_.description as descript4_0_,
        ticket0_.employee_id as employee5_0_,
        ticket0_.priority as priority6_0_,
        ticket0_.product as product7_0_,
        ticket0_.severity as severity8_0_,
        ticket0_.start_date as start_da9_0_,
        ticket0_.status as status10_0_,
        ticket0_.title as title11_0_,
        ticket0_.version as version12_0_ 
    from
        ticket ticket0_
2023-12-03 12:35:30.173  INFO 41311 --- [    Test worker] o.s.t.c.support.AbstractContextLoader    : Could not detect default resource locations for test class [com.aninfo.integration.cucumber.TicketIntegrationServiceTest]: no resource found for suffixes {-context.xml, Context.groovy}.
2023-12-03 12:35:30.175  INFO 41311 --- [    Test worker] .b.t.c.SpringBootTestContextBootstrapper : Loaded default TestExecutionListener class names from location [META-INF/spring.factories]: [org.springframework.boot.test.autoconfigure.restdocs.RestDocsTestExecutionListener, org.springframework.boot.test.autoconfigure.web.client.MockRestServiceServerResetTestExecutionListener, org.springframework.boot.test.autoconfigure.web.servlet.MockMvcPrintOnlyOnFailureTestExecutionListener, org.springframework.boot.test.autoconfigure.web.servlet.WebDriverTestExecutionListener, org.springframework.boot.test.mock.mockito.MockitoTestExecutionListener, org.springframework.boot.test.mock.mockito.ResetMocksTestExecutionListener, org.springframework.test.context.web.ServletTestExecutionListener, org.springframework.test.context.support.DirtiesContextBeforeModesTestExecutionListener, org.springframework.test.context.support.DependencyInjectionTestExecutionListener, org.springframework.test.context.support.DirtiesContextTestExecutionListener, org.springframework.test.context.transaction.TransactionalTestExecutionListener, org.springframework.test.context.jdbc.SqlScriptsTestExecutionListener, org.springframework.test.context.event.EventPublishingTestExecutionListener]
2023-12-03 12:35:30.176  INFO 41311 --- [    Test worker] .b.t.c.SpringBootTestContextBootstrapper : Using TestExecutionListeners: [org.springframework.test.context.web.ServletTestExecutionListener@746779d8, org.springframework.test.context.support.DirtiesContextBeforeModesTestExecutionListener@5cb6f8f4, org.springframework.boot.test.mock.mockito.MockitoTestExecutionListener@5e139099, org.springframework.boot.test.autoconfigure.SpringBootDependencyInjectionTestExecutionListener@7debe919, org.springframework.test.context.support.DirtiesContextTestExecutionListener@320df6c5, org.springframework.test.context.transaction.TransactionalTestExecutionListener@5917d928, org.springframework.test.context.jdbc.SqlScriptsTestExecutionListener@1b421dcb, org.springframework.test.context.event.EventPublishingTestExecutionListener@39c38c9b, org.springframework.boot.test.autoconfigure.restdocs.RestDocsTestExecutionListener@6425feb8, org.springframework.boot.test.autoconfigure.web.client.MockRestServiceServerResetTestExecutionListener@31ca58d, org.springframework.boot.test.autoconfigure.web.servlet.MockMvcPrintOnlyOnFailureTestExecutionListener@83b4c60, org.springframework.boot.test.autoconfigure.web.servlet.WebDriverTestExecutionListener@2d39aea8, org.springframework.boot.test.mock.mockito.ResetMocksTestExecutionListener@66224589]
Before any test execution
Before any test execution
Before any test execution
Before any test execution
Hibernate: 
    select
        ticket0_.code as code1_0_,
        ticket0_.client_id as client_i2_0_,
        ticket0_.closing_date as closing_3_0_,
        ticket0_.description as descript4_0_,
        ticket0_.employee_id as employee5_0_,
        ticket0_.priority as priority6_0_,
        ticket0_.product as product7_0_,
        ticket0_.severity as severity8_0_,
        ticket0_.start_date as start_da9_0_,
        ticket0_.status as status10_0_,
        ticket0_.title as title11_0_,
        ticket0_.version as version12_0_ 
    from
        ticket ticket0_ 
    where
        ticket0_.title=?
Hibernate: 
    call next value for hibernate_sequence
Hibernate: 
    insert 
    into
        ticket
        (client_id, closing_date, description, employee_id, priority, product, severity, start_date, status, title, version, code) 
    values
        (?, ?, ?, ?, ?, ?, ?, ?, ?, ?, ?, ?)
Hibernate: 
    select
        ticket0_.code as code1_0_,
        ticket0_.client_id as client_i2_0_,
        ticket0_.closing_date as closing_3_0_,
        ticket0_.description as descript4_0_,
        ticket0_.employee_id as employee5_0_,
        ticket0_.priority as priority6_0_,
        ticket0_.product as product7_0_,
        ticket0_.severity as severity8_0_,
        ticket0_.start_date as start_da9_0_,
        ticket0_.status as status10_0_,
        ticket0_.title as title11_0_,
        ticket0_.version as version12_0_ 
    from
        ticket ticket0_ 
    where
        ticket0_.title=?
Resetting system
Hibernate: 
    select
        ticket0_.code as code1_0_,
        ticket0_.client_id as client_i2_0_,
        ticket0_.closing_date as closing_3_0_,
        ticket0_.description as descript4_0_,
        ticket0_.employee_id as employee5_0_,
        ticket0_.priority as priority6_0_,
        ticket0_.product as product7_0_,
        ticket0_.severity as severity8_0_,
        ticket0_.start_date as start_da9_0_,
        ticket0_.status as status10_0_,
        ticket0_.title as title11_0_,
        ticket0_.version as version12_0_ 
    from
        ticket ticket0_
Hibernate: 
    delete 
    from
        ticket_tasks 
    where
        ticket_id=?
Hibernate: 
    delete 
    from
        ticket 
    where
        code=?
Resetting system
Hibernate: 
    select
        ticket0_.code as code1_0_,
        ticket0_.client_id as client_i2_0_,
        ticket0_.closing_date as closing_3_0_,
        ticket0_.description as descript4_0_,
        ticket0_.employee_id as employee5_0_,
        ticket0_.priority as priority6_0_,
        ticket0_.product as product7_0_,
        ticket0_.severity as severity8_0_,
        ticket0_.start_date as start_da9_0_,
        ticket0_.status as status10_0_,
        ticket0_.title as title11_0_,
        ticket0_.version as version12_0_ 
    from
        ticket ticket0_
Resetting system
Hibernate: 
    select
        ticket0_.code as code1_0_,
        ticket0_.client_id as client_i2_0_,
        ticket0_.closing_date as closing_3_0_,
        ticket0_.description as descript4_0_,
        ticket0_.employee_id as employee5_0_,
        ticket0_.priority as priority6_0_,
        ticket0_.product as product7_0_,
        ticket0_.severity as severity8_0_,
        ticket0_.start_date as start_da9_0_,
        ticket0_.status as status10_0_,
        ticket0_.title as title11_0_,
        ticket0_.version as version12_0_ 
    from
        ticket ticket0_
Resetting system
Hibernate: 
    select
        ticket0_.code as code1_0_,
        ticket0_.client_id as client_i2_0_,
        ticket0_.closing_date as closing_3_0_,
        ticket0_.description as descript4_0_,
        ticket0_.employee_id as employee5_0_,
        ticket0_.priority as priority6_0_,
        ticket0_.product as product7_0_,
        ticket0_.severity as severity8_0_,
        ticket0_.start_date as start_da9_0_,
        ticket0_.status as status10_0_,
        ticket0_.title as title11_0_,
        ticket0_.version as version12_0_ 
    from
        ticket ticket0_
2023-12-03 12:35:30.205  INFO 41311 --- [    Test worker] o.s.t.c.support.AbstractContextLoader    : Could not detect default resource locations for test class [com.aninfo.integration.cucumber.TicketIntegrationServiceTest]: no resource found for suffixes {-context.xml, Context.groovy}.
2023-12-03 12:35:30.207  INFO 41311 --- [    Test worker] .b.t.c.SpringBootTestContextBootstrapper : Loaded default TestExecutionListener class names from location [META-INF/spring.factories]: [org.springframework.boot.test.autoconfigure.restdocs.RestDocsTestExecutionListener, org.springframework.boot.test.autoconfigure.web.client.MockRestServiceServerResetTestExecutionListener, org.springframework.boot.test.autoconfigure.web.servlet.MockMvcPrintOnlyOnFailureTestExecutionListener, org.springframework.boot.test.autoconfigure.web.servlet.WebDriverTestExecutionListener, org.springframework.boot.test.mock.mockito.MockitoTestExecutionListener, org.springframework.boot.test.mock.mockito.ResetMocksTestExecutionListener, org.springframework.test.context.web.ServletTestExecutionListener, org.springframework.test.context.support.DirtiesContextBeforeModesTestExecutionListener, org.springframework.test.context.support.DependencyInjectionTestExecutionListener, org.springframework.test.context.support.DirtiesContextTestExecutionListener, org.springframework.test.context.transaction.TransactionalTestExecutionListener, org.springframework.test.context.jdbc.SqlScriptsTestExecutionListener, org.springframework.test.context.event.EventPublishingTestExecutionListener]
2023-12-03 12:35:30.207  INFO 41311 --- [    Test worker] .b.t.c.SpringBootTestContextBootstrapper : Using TestExecutionListeners: [org.springframework.test.context.web.ServletTestExecutionListener@155fb32f, org.springframework.test.context.support.DirtiesContextBeforeModesTestExecutionListener@251674b0, org.springframework.boot.test.mock.mockito.MockitoTestExecutionListener@528ce35e, org.springframework.boot.test.autoconfigure.SpringBootDependencyInjectionTestExecutionListener@2f56ff98, org.springframework.test.context.support.DirtiesContextTestExecutionListener@4778f796, org.springframework.test.context.transaction.TransactionalTestExecutionListener@515da83d, org.springframework.test.context.jdbc.SqlScriptsTestExecutionListener@647e275b, org.springframework.test.context.event.EventPublishingTestExecutionListener@7c4cae73, org.springframework.boot.test.autoconfigure.restdocs.RestDocsTestExecutionListener@7c88222b, org.springframework.boot.test.autoconfigure.web.client.MockRestServiceServerResetTestExecutionListener@402871c7, org.springframework.boot.test.autoconfigure.web.servlet.MockMvcPrintOnlyOnFailureTestExecutionListener@5579d266, org.springframework.boot.test.autoconfigure.web.servlet.WebDriverTestExecutionListener@4c5fc18c, org.springframework.boot.test.mock.mockito.ResetMocksTestExecutionListener@71fb3b56]
Before any test execution
Before any test execution
Before any test execution
Before any test execution
Hibernate: 
    select
        ticket0_.code as code1_0_,
        ticket0_.client_id as client_i2_0_,
        ticket0_.closing_date as closing_3_0_,
        ticket0_.description as descript4_0_,
        ticket0_.employee_id as employee5_0_,
        ticket0_.priority as priority6_0_,
        ticket0_.product as product7_0_,
        ticket0_.severity as severity8_0_,
        ticket0_.start_date as start_da9_0_,
        ticket0_.status as status10_0_,
        ticket0_.title as title11_0_,
        ticket0_.version as version12_0_ 
    from
        ticket ticket0_ 
    where
        ticket0_.title=?
Hibernate: 
    call next value for hibernate_sequence
Hibernate: 
    insert 
    into
        ticket
        (client_id, closing_date, description, employee_id, priority, product, severity, start_date, status, title, version, code) 
    values
        (?, ?, ?, ?, ?, ?, ?, ?, ?, ?, ?, ?)
Hibernate: 
    select
        ticket0_.code as code1_0_,
        ticket0_.client_id as client_i2_0_,
        ticket0_.closing_date as closing_3_0_,
        ticket0_.description as descript4_0_,
        ticket0_.employee_id as employee5_0_,
        ticket0_.priority as priority6_0_,
        ticket0_.product as product7_0_,
        ticket0_.severity as severity8_0_,
        ticket0_.start_date as start_da9_0_,
        ticket0_.status as status10_0_,
        ticket0_.title as title11_0_,
        ticket0_.version as version12_0_ 
    from
        ticket ticket0_ 
    where
        ticket0_.title=?
Resetting system
Hibernate: 
    select
        ticket0_.code as code1_0_,
        ticket0_.client_id as client_i2_0_,
        ticket0_.closing_date as closing_3_0_,
        ticket0_.description as descript4_0_,
        ticket0_.employee_id as employee5_0_,
        ticket0_.priority as priority6_0_,
        ticket0_.product as product7_0_,
        ticket0_.severity as severity8_0_,
        ticket0_.start_date as start_da9_0_,
        ticket0_.status as status10_0_,
        ticket0_.title as title11_0_,
        ticket0_.version as version12_0_ 
    from
        ticket ticket0_
Hibernate: 
    delete 
    from
        ticket_tasks 
    where
        ticket_id=?
Hibernate: 
    delete 
    from
        ticket 
    where
        code=?
Resetting system
Hibernate: 
    select
        ticket0_.code as code1_0_,
        ticket0_.client_id as client_i2_0_,
        ticket0_.closing_date as closing_3_0_,
        ticket0_.description as descript4_0_,
        ticket0_.employee_id as employee5_0_,
        ticket0_.priority as priority6_0_,
        ticket0_.product as product7_0_,
        ticket0_.severity as severity8_0_,
        ticket0_.start_date as start_da9_0_,
        ticket0_.status as status10_0_,
        ticket0_.title as title11_0_,
        ticket0_.version as version12_0_ 
    from
        ticket ticket0_
Resetting system
Hibernate: 
    select
        ticket0_.code as code1_0_,
        ticket0_.client_id as client_i2_0_,
        ticket0_.closing_date as closing_3_0_,
        ticket0_.description as descript4_0_,
        ticket0_.employee_id as employee5_0_,
        ticket0_.priority as priority6_0_,
        ticket0_.product as product7_0_,
        ticket0_.severity as severity8_0_,
        ticket0_.start_date as start_da9_0_,
        ticket0_.status as status10_0_,
        ticket0_.title as title11_0_,
        ticket0_.version as version12_0_ 
    from
        ticket ticket0_
Resetting system
Hibernate: 
    select
        ticket0_.code as code1_0_,
        ticket0_.client_id as client_i2_0_,
        ticket0_.closing_date as closing_3_0_,
        ticket0_.description as descript4_0_,
        ticket0_.employee_id as employee5_0_,
        ticket0_.priority as priority6_0_,
        ticket0_.product as product7_0_,
        ticket0_.severity as severity8_0_,
        ticket0_.start_date as start_da9_0_,
        ticket0_.status as status10_0_,
        ticket0_.title as title11_0_,
        ticket0_.version as version12_0_ 
    from
        ticket ticket0_
2023-12-03 12:35:30.224  INFO 41311 --- [    Test worker] o.s.t.c.support.AbstractContextLoader    : Could not detect default resource locations for test class [com.aninfo.integration.cucumber.TicketIntegrationServiceTest]: no resource found for suffixes {-context.xml, Context.groovy}.
2023-12-03 12:35:30.225  INFO 41311 --- [    Test worker] .b.t.c.SpringBootTestContextBootstrapper : Loaded default TestExecutionListener class names from location [META-INF/spring.factories]: [org.springframework.boot.test.autoconfigure.restdocs.RestDocsTestExecutionListener, org.springframework.boot.test.autoconfigure.web.client.MockRestServiceServerResetTestExecutionListener, org.springframework.boot.test.autoconfigure.web.servlet.MockMvcPrintOnlyOnFailureTestExecutionListener, org.springframework.boot.test.autoconfigure.web.servlet.WebDriverTestExecutionListener, org.springframework.boot.test.mock.mockito.MockitoTestExecutionListener, org.springframework.boot.test.mock.mockito.ResetMocksTestExecutionListener, org.springframework.test.context.web.ServletTestExecutionListener, org.springframework.test.context.support.DirtiesContextBeforeModesTestExecutionListener, org.springframework.test.context.support.DependencyInjectionTestExecutionListener, org.springframework.test.context.support.DirtiesContextTestExecutionListener, org.springframework.test.context.transaction.TransactionalTestExecutionListener, org.springframework.test.context.jdbc.SqlScriptsTestExecutionListener, org.springframework.test.context.event.EventPublishingTestExecutionListener]
2023-12-03 12:35:30.225  INFO 41311 --- [    Test worker] .b.t.c.SpringBootTestContextBootstrapper : Using TestExecutionListeners: [org.springframework.test.context.web.ServletTestExecutionListener@7b5d9251, org.springframework.test.context.support.DirtiesContextBeforeModesTestExecutionListener@47eaef67, org.springframework.boot.test.mock.mockito.MockitoTestExecutionListener@5633083b, org.springframework.boot.test.autoconfigure.SpringBootDependencyInjectionTestExecutionListener@3ac0db44, org.springframework.test.context.support.DirtiesContextTestExecutionListener@2d981957, org.springframework.test.context.transaction.TransactionalTestExecutionListener@3d195a54, org.springframework.test.context.jdbc.SqlScriptsTestExecutionListener@7325ff1c, org.springframework.test.context.event.EventPublishingTestExecutionListener@4f8310c7, org.springframework.boot.test.autoconfigure.restdocs.RestDocsTestExecutionListener@223cfac1, org.springframework.boot.test.autoconfigure.web.client.MockRestServiceServerResetTestExecutionListener@5500cf28, org.springframework.boot.test.autoconfigure.web.servlet.MockMvcPrintOnlyOnFailureTestExecutionListener@981178b, org.springframework.boot.test.autoconfigure.web.servlet.WebDriverTestExecutionListener@5e532b54, org.springframework.boot.test.mock.mockito.ResetMocksTestExecutionListener@1b7c38ad]
Before any test execution
Before any test execution
Before any test execution
Before any test execution
Hibernate: 
    select
        ticket0_.code as code1_0_,
        ticket0_.client_id as client_i2_0_,
        ticket0_.closing_date as closing_3_0_,
        ticket0_.description as descript4_0_,
        ticket0_.employee_id as employee5_0_,
        ticket0_.priority as priority6_0_,
        ticket0_.product as product7_0_,
        ticket0_.severity as severity8_0_,
        ticket0_.start_date as start_da9_0_,
        ticket0_.status as status10_0_,
        ticket0_.title as title11_0_,
        ticket0_.version as version12_0_ 
    from
        ticket ticket0_ 
    where
        ticket0_.title=?
Hibernate: 
    call next value for hibernate_sequence
Hibernate: 
    insert 
    into
        ticket
        (client_id, closing_date, description, employee_id, priority, product, severity, start_date, status, title, version, code) 
    values
        (?, ?, ?, ?, ?, ?, ?, ?, ?, ?, ?, ?)
Resetting system
Hibernate: 
    select
        ticket0_.code as code1_0_,
        ticket0_.client_id as client_i2_0_,
        ticket0_.closing_date as closing_3_0_,
        ticket0_.description as descript4_0_,
        ticket0_.employee_id as employee5_0_,
        ticket0_.priority as priority6_0_,
        ticket0_.product as product7_0_,
        ticket0_.severity as severity8_0_,
        ticket0_.start_date as start_da9_0_,
        ticket0_.status as status10_0_,
        ticket0_.title as title11_0_,
        ticket0_.version as version12_0_ 
    from
        ticket ticket0_
Hibernate: 
    delete 
    from
        ticket_tasks 
    where
        ticket_id=?
Hibernate: 
    delete 
    from
        ticket 
    where
        code=?
Resetting system
Hibernate: 
    select
        ticket0_.code as code1_0_,
        ticket0_.client_id as client_i2_0_,
        ticket0_.closing_date as closing_3_0_,
        ticket0_.description as descript4_0_,
        ticket0_.employee_id as employee5_0_,
        ticket0_.priority as priority6_0_,
        ticket0_.product as product7_0_,
        ticket0_.severity as severity8_0_,
        ticket0_.start_date as start_da9_0_,
        ticket0_.status as status10_0_,
        ticket0_.title as title11_0_,
        ticket0_.version as version12_0_ 
    from
        ticket ticket0_
Resetting system
Hibernate: 
    select
        ticket0_.code as code1_0_,
        ticket0_.client_id as client_i2_0_,
        ticket0_.closing_date as closing_3_0_,
        ticket0_.description as descript4_0_,
        ticket0_.employee_id as employee5_0_,
        ticket0_.priority as priority6_0_,
        ticket0_.product as product7_0_,
        ticket0_.severity as severity8_0_,
        ticket0_.start_date as start_da9_0_,
        ticket0_.status as status10_0_,
        ticket0_.title as title11_0_,
        ticket0_.version as version12_0_ 
    from
        ticket ticket0_
Resetting system
Hibernate: 
    select
        ticket0_.code as code1_0_,
        ticket0_.client_id as client_i2_0_,
        ticket0_.closing_date as closing_3_0_,
        ticket0_.description as descript4_0_,
        ticket0_.employee_id as employee5_0_,
        ticket0_.priority as priority6_0_,
        ticket0_.product as product7_0_,
        ticket0_.severity as severity8_0_,
        ticket0_.start_date as start_da9_0_,
        ticket0_.status as status10_0_,
        ticket0_.title as title11_0_,
        ticket0_.version as version12_0_ 
    from
        ticket ticket0_
2023-12-03 12:35:30.240  INFO 41311 --- [    Test worker] o.s.t.c.support.AbstractContextLoader    : Could not detect default resource locations for test class [com.aninfo.integration.cucumber.TicketIntegrationServiceTest]: no resource found for suffixes {-context.xml, Context.groovy}.
2023-12-03 12:35:30.241  INFO 41311 --- [    Test worker] .b.t.c.SpringBootTestContextBootstrapper : Loaded default TestExecutionListener class names from location [META-INF/spring.factories]: [org.springframework.boot.test.autoconfigure.restdocs.RestDocsTestExecutionListener, org.springframework.boot.test.autoconfigure.web.client.MockRestServiceServerResetTestExecutionListener, org.springframework.boot.test.autoconfigure.web.servlet.MockMvcPrintOnlyOnFailureTestExecutionListener, org.springframework.boot.test.autoconfigure.web.servlet.WebDriverTestExecutionListener, org.springframework.boot.test.mock.mockito.MockitoTestExecutionListener, org.springframework.boot.test.mock.mockito.ResetMocksTestExecutionListener, org.springframework.test.context.web.ServletTestExecutionListener, org.springframework.test.context.support.DirtiesContextBeforeModesTestExecutionListener, org.springframework.test.context.support.DependencyInjectionTestExecutionListener, org.springframework.test.context.support.DirtiesContextTestExecutionListener, org.springframework.test.context.transaction.TransactionalTestExecutionListener, org.springframework.test.context.jdbc.SqlScriptsTestExecutionListener, org.springframework.test.context.event.EventPublishingTestExecutionListener]
2023-12-03 12:35:30.241  INFO 41311 --- [    Test worker] .b.t.c.SpringBootTestContextBootstrapper : Using TestExecutionListeners: [org.springframework.test.context.web.ServletTestExecutionListener@71d2f81b, org.springframework.test.context.support.DirtiesContextBeforeModesTestExecutionListener@6d2efdbb, org.springframework.boot.test.mock.mockito.MockitoTestExecutionListener@11941e03, org.springframework.boot.test.autoconfigure.SpringBootDependencyInjectionTestExecutionListener@6f204ec6, org.springframework.test.context.support.DirtiesContextTestExecutionListener@9d46119, org.springframework.test.context.transaction.TransactionalTestExecutionListener@130d86bd, org.springframework.test.context.jdbc.SqlScriptsTestExecutionListener@2258e6d9, org.springframework.test.context.event.EventPublishingTestExecutionListener@4fe3ca2a, org.springframework.boot.test.autoconfigure.restdocs.RestDocsTestExecutionListener@6595a666, org.springframework.boot.test.autoconfigure.web.client.MockRestServiceServerResetTestExecutionListener@1ad2fc07, org.springframework.boot.test.autoconfigure.web.servlet.MockMvcPrintOnlyOnFailureTestExecutionListener@7f59bfaa, org.springframework.boot.test.autoconfigure.web.servlet.WebDriverTestExecutionListener@2e3a88f1, org.springframework.boot.test.mock.mockito.ResetMocksTestExecutionListener@6654bdc6]
Before any test execution
Before any test execution
Before any test execution
Before any test execution
Hibernate: 
    select
        ticket0_.code as code1_0_,
        ticket0_.client_id as client_i2_0_,
        ticket0_.closing_date as closing_3_0_,
        ticket0_.description as descript4_0_,
        ticket0_.employee_id as employee5_0_,
        ticket0_.priority as priority6_0_,
        ticket0_.product as product7_0_,
        ticket0_.severity as severity8_0_,
        ticket0_.start_date as start_da9_0_,
        ticket0_.status as status10_0_,
        ticket0_.title as title11_0_,
        ticket0_.version as version12_0_ 
    from
        ticket ticket0_ 
    where
        ticket0_.title=?
Hibernate: 
    call next value for hibernate_sequence
Hibernate: 
    insert 
    into
        ticket
        (client_id, closing_date, description, employee_id, priority, product, severity, start_date, status, title, version, code) 
    values
        (?, ?, ?, ?, ?, ?, ?, ?, ?, ?, ?, ?)
Hibernate: 
    select
        ticket0_.code as code1_0_0_,
        ticket0_.client_id as client_i2_0_0_,
        ticket0_.closing_date as closing_3_0_0_,
        ticket0_.description as descript4_0_0_,
        ticket0_.employee_id as employee5_0_0_,
        ticket0_.priority as priority6_0_0_,
        ticket0_.product as product7_0_0_,
        ticket0_.severity as severity8_0_0_,
        ticket0_.start_date as start_da9_0_0_,
        ticket0_.status as status10_0_0_,
        ticket0_.title as title11_0_0_,
        ticket0_.version as version12_0_0_ 
    from
        ticket ticket0_ 
    where
        ticket0_.code=?
Hibernate: 
    select
        ticket0_.code as code1_0_0_,
        ticket0_.client_id as client_i2_0_0_,
        ticket0_.closing_date as closing_3_0_0_,
        ticket0_.description as descript4_0_0_,
        ticket0_.employee_id as employee5_0_0_,
        ticket0_.priority as priority6_0_0_,
        ticket0_.product as product7_0_0_,
        ticket0_.severity as severity8_0_0_,
        ticket0_.start_date as start_da9_0_0_,
        ticket0_.status as status10_0_0_,
        ticket0_.title as title11_0_0_,
        ticket0_.version as version12_0_0_ 
    from
        ticket ticket0_ 
    where
        ticket0_.code=?
Hibernate: 
    select
        ticket0_.code as code1_0_,
        ticket0_.client_id as client_i2_0_,
        ticket0_.closing_date as closing_3_0_,
        ticket0_.description as descript4_0_,
        ticket0_.employee_id as employee5_0_,
        ticket0_.priority as priority6_0_,
        ticket0_.product as product7_0_,
        ticket0_.severity as severity8_0_,
        ticket0_.start_date as start_da9_0_,
        ticket0_.status as status10_0_,
        ticket0_.title as title11_0_,
        ticket0_.version as version12_0_ 
    from
        ticket ticket0_ 
    where
        ticket0_.title=?
Hibernate: 
    select
        ticket0_.code as code1_0_0_,
        ticket0_.client_id as client_i2_0_0_,
        ticket0_.closing_date as closing_3_0_0_,
        ticket0_.description as descript4_0_0_,
        ticket0_.employee_id as employee5_0_0_,
        ticket0_.priority as priority6_0_0_,
        ticket0_.product as product7_0_0_,
        ticket0_.severity as severity8_0_0_,
        ticket0_.start_date as start_da9_0_0_,
        ticket0_.status as status10_0_0_,
        ticket0_.title as title11_0_0_,
        ticket0_.version as version12_0_0_ 
    from
        ticket ticket0_ 
    where
        ticket0_.code=?
Hibernate: 
    update
        ticket 
    set
        client_id=?,
        closing_date=?,
        description=?,
        employee_id=?,
        priority=?,
        product=?,
        severity=?,
        start_date=?,
        status=?,
        title=?,
        version=? 
    where
        code=?
Resetting system
Hibernate: 
    select
        ticket0_.code as code1_0_,
        ticket0_.client_id as client_i2_0_,
        ticket0_.closing_date as closing_3_0_,
        ticket0_.description as descript4_0_,
        ticket0_.employee_id as employee5_0_,
        ticket0_.priority as priority6_0_,
        ticket0_.product as product7_0_,
        ticket0_.severity as severity8_0_,
        ticket0_.start_date as start_da9_0_,
        ticket0_.status as status10_0_,
        ticket0_.title as title11_0_,
        ticket0_.version as version12_0_ 
    from
        ticket ticket0_
Hibernate: 
    delete 
    from
        ticket_tasks 
    where
        ticket_id=?
Hibernate: 
    delete 
    from
        ticket 
    where
        code=?
Resetting system
Hibernate: 
    select
        ticket0_.code as code1_0_,
        ticket0_.client_id as client_i2_0_,
        ticket0_.closing_date as closing_3_0_,
        ticket0_.description as descript4_0_,
        ticket0_.employee_id as employee5_0_,
        ticket0_.priority as priority6_0_,
        ticket0_.product as product7_0_,
        ticket0_.severity as severity8_0_,
        ticket0_.start_date as start_da9_0_,
        ticket0_.status as status10_0_,
        ticket0_.title as title11_0_,
        ticket0_.version as version12_0_ 
    from
        ticket ticket0_
Resetting system
Hibernate: 
    select
        ticket0_.code as code1_0_,
        ticket0_.client_id as client_i2_0_,
        ticket0_.closing_date as closing_3_0_,
        ticket0_.description as descript4_0_,
        ticket0_.employee_id as employee5_0_,
        ticket0_.priority as priority6_0_,
        ticket0_.product as product7_0_,
        ticket0_.severity as severity8_0_,
        ticket0_.start_date as start_da9_0_,
        ticket0_.status as status10_0_,
        ticket0_.title as title11_0_,
        ticket0_.version as version12_0_ 
    from
        ticket ticket0_
Resetting system
Hibernate: 
    select
        ticket0_.code as code1_0_,
        ticket0_.client_id as client_i2_0_,
        ticket0_.closing_date as closing_3_0_,
        ticket0_.description as descript4_0_,
        ticket0_.employee_id as employee5_0_,
        ticket0_.priority as priority6_0_,
        ticket0_.product as product7_0_,
        ticket0_.severity as severity8_0_,
        ticket0_.start_date as start_da9_0_,
        ticket0_.status as status10_0_,
        ticket0_.title as title11_0_,
        ticket0_.version as version12_0_ 
    from
        ticket ticket0_
2023-12-03 12:35:30.267  INFO 41311 --- [    Test worker] o.s.t.c.support.AbstractContextLoader    : Could not detect default resource locations for test class [com.aninfo.integration.cucumber.TicketIntegrationServiceTest]: no resource found for suffixes {-context.xml, Context.groovy}.
2023-12-03 12:35:30.268  INFO 41311 --- [    Test worker] .b.t.c.SpringBootTestContextBootstrapper : Loaded default TestExecutionListener class names from location [META-INF/spring.factories]: [org.springframework.boot.test.autoconfigure.restdocs.RestDocsTestExecutionListener, org.springframework.boot.test.autoconfigure.web.client.MockRestServiceServerResetTestExecutionListener, org.springframework.boot.test.autoconfigure.web.servlet.MockMvcPrintOnlyOnFailureTestExecutionListener, org.springframework.boot.test.autoconfigure.web.servlet.WebDriverTestExecutionListener, org.springframework.boot.test.mock.mockito.MockitoTestExecutionListener, org.springframework.boot.test.mock.mockito.ResetMocksTestExecutionListener, org.springframework.test.context.web.ServletTestExecutionListener, org.springframework.test.context.support.DirtiesContextBeforeModesTestExecutionListener, org.springframework.test.context.support.DependencyInjectionTestExecutionListener, org.springframework.test.context.support.DirtiesContextTestExecutionListener, org.springframework.test.context.transaction.TransactionalTestExecutionListener, org.springframework.test.context.jdbc.SqlScriptsTestExecutionListener, org.springframework.test.context.event.EventPublishingTestExecutionListener]
2023-12-03 12:35:30.268  INFO 41311 --- [    Test worker] .b.t.c.SpringBootTestContextBootstrapper : Using TestExecutionListeners: [org.springframework.test.context.web.ServletTestExecutionListener@2b50495e, org.springframework.test.context.support.DirtiesContextBeforeModesTestExecutionListener@64b0f439, org.springframework.boot.test.mock.mockito.MockitoTestExecutionListener@4f67e8c7, org.springframework.boot.test.autoconfigure.SpringBootDependencyInjectionTestExecutionListener@1fb12339, org.springframework.test.context.support.DirtiesContextTestExecutionListener@36829328, org.springframework.test.context.transaction.TransactionalTestExecutionListener@5570a8fd, org.springframework.test.context.jdbc.SqlScriptsTestExecutionListener@25a15344, org.springframework.test.context.event.EventPublishingTestExecutionListener@331f0422, org.springframework.boot.test.autoconfigure.restdocs.RestDocsTestExecutionListener@11a6daba, org.springframework.boot.test.autoconfigure.web.client.MockRestServiceServerResetTestExecutionListener@4141af33, org.springframework.boot.test.autoconfigure.web.servlet.MockMvcPrintOnlyOnFailureTestExecutionListener@6ed5ff2c, org.springframework.boot.test.autoconfigure.web.servlet.WebDriverTestExecutionListener@25a0d8c0, org.springframework.boot.test.mock.mockito.ResetMocksTestExecutionListener@2f4a5c4]
Before any test execution
Before any test execution
Before any test execution
Before any test execution
Hibernate: 
    select
        ticket0_.code as code1_0_,
        ticket0_.client_id as client_i2_0_,
        ticket0_.closing_date as closing_3_0_,
        ticket0_.description as descript4_0_,
        ticket0_.employee_id as employee5_0_,
        ticket0_.priority as priority6_0_,
        ticket0_.product as product7_0_,
        ticket0_.severity as severity8_0_,
        ticket0_.start_date as start_da9_0_,
        ticket0_.status as status10_0_,
        ticket0_.title as title11_0_,
        ticket0_.version as version12_0_ 
    from
        ticket ticket0_ 
    where
        ticket0_.title=?
Hibernate: 
    call next value for hibernate_sequence
Hibernate: 
    insert 
    into
        ticket
        (client_id, closing_date, description, employee_id, priority, product, severity, start_date, status, title, version, code) 
    values
        (?, ?, ?, ?, ?, ?, ?, ?, ?, ?, ?, ?)
Hibernate: 
    select
        ticket0_.code as code1_0_0_,
        ticket0_.client_id as client_i2_0_0_,
        ticket0_.closing_date as closing_3_0_0_,
        ticket0_.description as descript4_0_0_,
        ticket0_.employee_id as employee5_0_0_,
        ticket0_.priority as priority6_0_0_,
        ticket0_.product as product7_0_0_,
        ticket0_.severity as severity8_0_0_,
        ticket0_.start_date as start_da9_0_0_,
        ticket0_.status as status10_0_0_,
        ticket0_.title as title11_0_0_,
        ticket0_.version as version12_0_0_ 
    from
        ticket ticket0_ 
    where
        ticket0_.code=?
Hibernate: 
    select
        ticket0_.code as code1_0_0_,
        ticket0_.client_id as client_i2_0_0_,
        ticket0_.closing_date as closing_3_0_0_,
        ticket0_.description as descript4_0_0_,
        ticket0_.employee_id as employee5_0_0_,
        ticket0_.priority as priority6_0_0_,
        ticket0_.product as product7_0_0_,
        ticket0_.severity as severity8_0_0_,
        ticket0_.start_date as start_da9_0_0_,
        ticket0_.status as status10_0_0_,
        ticket0_.title as title11_0_0_,
        ticket0_.version as version12_0_0_ 
    from
        ticket ticket0_ 
    where
        ticket0_.code=?
Hibernate: 
    select
        ticket0_.code as code1_0_,
        ticket0_.client_id as client_i2_0_,
        ticket0_.closing_date as closing_3_0_,
        ticket0_.description as descript4_0_,
        ticket0_.employee_id as employee5_0_,
        ticket0_.priority as priority6_0_,
        ticket0_.product as product7_0_,
        ticket0_.severity as severity8_0_,
        ticket0_.start_date as start_da9_0_,
        ticket0_.status as status10_0_,
        ticket0_.title as title11_0_,
        ticket0_.version as version12_0_ 
    from
        ticket ticket0_ 
    where
        ticket0_.title=?
Hibernate: 
    select
        ticket0_.code as code1_0_0_,
        ticket0_.client_id as client_i2_0_0_,
        ticket0_.closing_date as closing_3_0_0_,
        ticket0_.description as descript4_0_0_,
        ticket0_.employee_id as employee5_0_0_,
        ticket0_.priority as priority6_0_0_,
        ticket0_.product as product7_0_0_,
        ticket0_.severity as severity8_0_0_,
        ticket0_.start_date as start_da9_0_0_,
        ticket0_.status as status10_0_0_,
        ticket0_.title as title11_0_0_,
        ticket0_.version as version12_0_0_ 
    from
        ticket ticket0_ 
    where
        ticket0_.code=?
Hibernate: 
    update
        ticket 
    set
        client_id=?,
        closing_date=?,
        description=?,
        employee_id=?,
        priority=?,
        product=?,
        severity=?,
        start_date=?,
        status=?,
        title=?,
        version=? 
    where
        code=?
Resetting system
Hibernate: 
    select
        ticket0_.code as code1_0_,
        ticket0_.client_id as client_i2_0_,
        ticket0_.closing_date as closing_3_0_,
        ticket0_.description as descript4_0_,
        ticket0_.employee_id as employee5_0_,
        ticket0_.priority as priority6_0_,
        ticket0_.product as product7_0_,
        ticket0_.severity as severity8_0_,
        ticket0_.start_date as start_da9_0_,
        ticket0_.status as status10_0_,
        ticket0_.title as title11_0_,
        ticket0_.version as version12_0_ 
    from
        ticket ticket0_
Hibernate: 
    delete 
    from
        ticket_tasks 
    where
        ticket_id=?
Hibernate: 
    delete 
    from
        ticket 
    where
        code=?
Resetting system
Hibernate: 
    select
        ticket0_.code as code1_0_,
        ticket0_.client_id as client_i2_0_,
        ticket0_.closing_date as closing_3_0_,
        ticket0_.description as descript4_0_,
        ticket0_.employee_id as employee5_0_,
        ticket0_.priority as priority6_0_,
        ticket0_.product as product7_0_,
        ticket0_.severity as severity8_0_,
        ticket0_.start_date as start_da9_0_,
        ticket0_.status as status10_0_,
        ticket0_.title as title11_0_,
        ticket0_.version as version12_0_ 
    from
        ticket ticket0_
Resetting system
Hibernate: 
    select
        ticket0_.code as code1_0_,
        ticket0_.client_id as client_i2_0_,
        ticket0_.closing_date as closing_3_0_,
        ticket0_.description as descript4_0_,
        ticket0_.employee_id as employee5_0_,
        ticket0_.priority as priority6_0_,
        ticket0_.product as product7_0_,
        ticket0_.severity as severity8_0_,
        ticket0_.start_date as start_da9_0_,
        ticket0_.status as status10_0_,
        ticket0_.title as title11_0_,
        ticket0_.version as version12_0_ 
    from
        ticket ticket0_
Resetting system
Hibernate: 
    select
        ticket0_.code as code1_0_,
        ticket0_.client_id as client_i2_0_,
        ticket0_.closing_date as closing_3_0_,
        ticket0_.description as descript4_0_,
        ticket0_.employee_id as employee5_0_,
        ticket0_.priority as priority6_0_,
        ticket0_.product as product7_0_,
        ticket0_.severity as severity8_0_,
        ticket0_.start_date as start_da9_0_,
        ticket0_.status as status10_0_,
        ticket0_.title as title11_0_,
        ticket0_.version as version12_0_ 
    from
        ticket ticket0_
2023-12-03 12:35:30.284  INFO 41311 --- [    Test worker] o.s.t.c.support.AbstractContextLoader    : Could not detect default resource locations for test class [com.aninfo.integration.cucumber.TicketIntegrationServiceTest]: no resource found for suffixes {-context.xml, Context.groovy}.
2023-12-03 12:35:30.285  INFO 41311 --- [    Test worker] .b.t.c.SpringBootTestContextBootstrapper : Loaded default TestExecutionListener class names from location [META-INF/spring.factories]: [org.springframework.boot.test.autoconfigure.restdocs.RestDocsTestExecutionListener, org.springframework.boot.test.autoconfigure.web.client.MockRestServiceServerResetTestExecutionListener, org.springframework.boot.test.autoconfigure.web.servlet.MockMvcPrintOnlyOnFailureTestExecutionListener, org.springframework.boot.test.autoconfigure.web.servlet.WebDriverTestExecutionListener, org.springframework.boot.test.mock.mockito.MockitoTestExecutionListener, org.springframework.boot.test.mock.mockito.ResetMocksTestExecutionListener, org.springframework.test.context.web.ServletTestExecutionListener, org.springframework.test.context.support.DirtiesContextBeforeModesTestExecutionListener, org.springframework.test.context.support.DependencyInjectionTestExecutionListener, org.springframework.test.context.support.DirtiesContextTestExecutionListener, org.springframework.test.context.transaction.TransactionalTestExecutionListener, org.springframework.test.context.jdbc.SqlScriptsTestExecutionListener, org.springframework.test.context.event.EventPublishingTestExecutionListener]
2023-12-03 12:35:30.286  INFO 41311 --- [    Test worker] .b.t.c.SpringBootTestContextBootstrapper : Using TestExecutionListeners: [org.springframework.test.context.web.ServletTestExecutionListener@4b63c4bf, org.springframework.test.context.support.DirtiesContextBeforeModesTestExecutionListener@1dc7a971, org.springframework.boot.test.mock.mockito.MockitoTestExecutionListener@702b5c57, org.springframework.boot.test.autoconfigure.SpringBootDependencyInjectionTestExecutionListener@211655ff, org.springframework.test.context.support.DirtiesContextTestExecutionListener@74053b5e, org.springframework.test.context.transaction.TransactionalTestExecutionListener@54a9888e, org.springframework.test.context.jdbc.SqlScriptsTestExecutionListener@7e4abfa8, org.springframework.test.context.event.EventPublishingTestExecutionListener@6de0b433, org.springframework.boot.test.autoconfigure.restdocs.RestDocsTestExecutionListener@30e2bd1a, org.springframework.boot.test.autoconfigure.web.client.MockRestServiceServerResetTestExecutionListener@2897ae70, org.springframework.boot.test.autoconfigure.web.servlet.MockMvcPrintOnlyOnFailureTestExecutionListener@38bf335, org.springframework.boot.test.autoconfigure.web.servlet.WebDriverTestExecutionListener@6b229e5b, org.springframework.boot.test.mock.mockito.ResetMocksTestExecutionListener@4e0de448]
Before any test execution
Before any test execution
Before any test execution
Before any test execution
Hibernate: 
    select
        ticket0_.code as code1_0_,
        ticket0_.client_id as client_i2_0_,
        ticket0_.closing_date as closing_3_0_,
        ticket0_.description as descript4_0_,
        ticket0_.employee_id as employee5_0_,
        ticket0_.priority as priority6_0_,
        ticket0_.product as product7_0_,
        ticket0_.severity as severity8_0_,
        ticket0_.start_date as start_da9_0_,
        ticket0_.status as status10_0_,
        ticket0_.title as title11_0_,
        ticket0_.version as version12_0_ 
    from
        ticket ticket0_ 
    where
        ticket0_.title=?
Hibernate: 
    call next value for hibernate_sequence
Hibernate: 
    insert 
    into
        ticket
        (client_id, closing_date, description, employee_id, priority, product, severity, start_date, status, title, version, code) 
    values
        (?, ?, ?, ?, ?, ?, ?, ?, ?, ?, ?, ?)
Hibernate: 
    select
        ticket0_.code as code1_0_0_,
        ticket0_.client_id as client_i2_0_0_,
        ticket0_.closing_date as closing_3_0_0_,
        ticket0_.description as descript4_0_0_,
        ticket0_.employee_id as employee5_0_0_,
        ticket0_.priority as priority6_0_0_,
        ticket0_.product as product7_0_0_,
        ticket0_.severity as severity8_0_0_,
        ticket0_.start_date as start_da9_0_0_,
        ticket0_.status as status10_0_0_,
        ticket0_.title as title11_0_0_,
        ticket0_.version as version12_0_0_ 
    from
        ticket ticket0_ 
    where
        ticket0_.code=?
Hibernate: 
    select
        ticket0_.code as code1_0_0_,
        ticket0_.client_id as client_i2_0_0_,
        ticket0_.closing_date as closing_3_0_0_,
        ticket0_.description as descript4_0_0_,
        ticket0_.employee_id as employee5_0_0_,
        ticket0_.priority as priority6_0_0_,
        ticket0_.product as product7_0_0_,
        ticket0_.severity as severity8_0_0_,
        ticket0_.start_date as start_da9_0_0_,
        ticket0_.status as status10_0_0_,
        ticket0_.title as title11_0_0_,
        ticket0_.version as version12_0_0_ 
    from
        ticket ticket0_ 
    where
        ticket0_.code=?
Hibernate: 
    select
        ticket0_.code as code1_0_,
        ticket0_.client_id as client_i2_0_,
        ticket0_.closing_date as closing_3_0_,
        ticket0_.description as descript4_0_,
        ticket0_.employee_id as employee5_0_,
        ticket0_.priority as priority6_0_,
        ticket0_.product as product7_0_,
        ticket0_.severity as severity8_0_,
        ticket0_.start_date as start_da9_0_,
        ticket0_.status as status10_0_,
        ticket0_.title as title11_0_,
        ticket0_.version as version12_0_ 
    from
        ticket ticket0_ 
    where
        ticket0_.title=?
Hibernate: 
    select
        ticket0_.code as code1_0_0_,
        ticket0_.client_id as client_i2_0_0_,
        ticket0_.closing_date as closing_3_0_0_,
        ticket0_.description as descript4_0_0_,
        ticket0_.employee_id as employee5_0_0_,
        ticket0_.priority as priority6_0_0_,
        ticket0_.product as product7_0_0_,
        ticket0_.severity as severity8_0_0_,
        ticket0_.start_date as start_da9_0_0_,
        ticket0_.status as status10_0_0_,
        ticket0_.title as title11_0_0_,
        ticket0_.version as version12_0_0_ 
    from
        ticket ticket0_ 
    where
        ticket0_.code=?
Hibernate: 
    update
        ticket 
    set
        client_id=?,
        closing_date=?,
        description=?,
        employee_id=?,
        priority=?,
        product=?,
        severity=?,
        start_date=?,
        status=?,
        title=?,
        version=? 
    where
        code=?
Resetting system
Hibernate: 
    select
        ticket0_.code as code1_0_,
        ticket0_.client_id as client_i2_0_,
        ticket0_.closing_date as closing_3_0_,
        ticket0_.description as descript4_0_,
        ticket0_.employee_id as employee5_0_,
        ticket0_.priority as priority6_0_,
        ticket0_.product as product7_0_,
        ticket0_.severity as severity8_0_,
        ticket0_.start_date as start_da9_0_,
        ticket0_.status as status10_0_,
        ticket0_.title as title11_0_,
        ticket0_.version as version12_0_ 
    from
        ticket ticket0_
Hibernate: 
    delete 
    from
        ticket_tasks 
    where
        ticket_id=?
Hibernate: 
    delete 
    from
        ticket 
    where
        code=?
Resetting system
Hibernate: 
    select
        ticket0_.code as code1_0_,
        ticket0_.client_id as client_i2_0_,
        ticket0_.closing_date as closing_3_0_,
        ticket0_.description as descript4_0_,
        ticket0_.employee_id as employee5_0_,
        ticket0_.priority as priority6_0_,
        ticket0_.product as product7_0_,
        ticket0_.severity as severity8_0_,
        ticket0_.start_date as start_da9_0_,
        ticket0_.status as status10_0_,
        ticket0_.title as title11_0_,
        ticket0_.version as version12_0_ 
    from
        ticket ticket0_
Resetting system
Hibernate: 
    select
        ticket0_.code as code1_0_,
        ticket0_.client_id as client_i2_0_,
        ticket0_.closing_date as closing_3_0_,
        ticket0_.description as descript4_0_,
        ticket0_.employee_id as employee5_0_,
        ticket0_.priority as priority6_0_,
        ticket0_.product as product7_0_,
        ticket0_.severity as severity8_0_,
        ticket0_.start_date as start_da9_0_,
        ticket0_.status as status10_0_,
        ticket0_.title as title11_0_,
        ticket0_.version as version12_0_ 
    from
        ticket ticket0_
Resetting system
Hibernate: 
    select
        ticket0_.code as code1_0_,
        ticket0_.client_id as client_i2_0_,
        ticket0_.closing_date as closing_3_0_,
        ticket0_.description as descript4_0_,
        ticket0_.employee_id as employee5_0_,
        ticket0_.priority as priority6_0_,
        ticket0_.product as product7_0_,
        ticket0_.severity as severity8_0_,
        ticket0_.start_date as start_da9_0_,
        ticket0_.status as status10_0_,
        ticket0_.title as title11_0_,
        ticket0_.version as version12_0_ 
    from
        ticket ticket0_
2023-12-03 12:35:30.300  INFO 41311 --- [    Test worker] o.s.t.c.support.AbstractContextLoader    : Could not detect default resource locations for test class [com.aninfo.integration.cucumber.TicketIntegrationServiceTest]: no resource found for suffixes {-context.xml, Context.groovy}.
2023-12-03 12:35:30.301  INFO 41311 --- [    Test worker] .b.t.c.SpringBootTestContextBootstrapper : Loaded default TestExecutionListener class names from location [META-INF/spring.factories]: [org.springframework.boot.test.autoconfigure.restdocs.RestDocsTestExecutionListener, org.springframework.boot.test.autoconfigure.web.client.MockRestServiceServerResetTestExecutionListener, org.springframework.boot.test.autoconfigure.web.servlet.MockMvcPrintOnlyOnFailureTestExecutionListener, org.springframework.boot.test.autoconfigure.web.servlet.WebDriverTestExecutionListener, org.springframework.boot.test.mock.mockito.MockitoTestExecutionListener, org.springframework.boot.test.mock.mockito.ResetMocksTestExecutionListener, org.springframework.test.context.web.ServletTestExecutionListener, org.springframework.test.context.support.DirtiesContextBeforeModesTestExecutionListener, org.springframework.test.context.support.DependencyInjectionTestExecutionListener, org.springframework.test.context.support.DirtiesContextTestExecutionListener, org.springframework.test.context.transaction.TransactionalTestExecutionListener, org.springframework.test.context.jdbc.SqlScriptsTestExecutionListener, org.springframework.test.context.event.EventPublishingTestExecutionListener]
2023-12-03 12:35:30.301  INFO 41311 --- [    Test worker] .b.t.c.SpringBootTestContextBootstrapper : Using TestExecutionListeners: [org.springframework.test.context.web.ServletTestExecutionListener@407e05b7, org.springframework.test.context.support.DirtiesContextBeforeModesTestExecutionListener@2cbb65d9, org.springframework.boot.test.mock.mockito.MockitoTestExecutionListener@59e4f906, org.springframework.boot.test.autoconfigure.SpringBootDependencyInjectionTestExecutionListener@787b3f01, org.springframework.test.context.support.DirtiesContextTestExecutionListener@4818de04, org.springframework.test.context.transaction.TransactionalTestExecutionListener@3ffaef73, org.springframework.test.context.jdbc.SqlScriptsTestExecutionListener@41a80d43, org.springframework.test.context.event.EventPublishingTestExecutionListener@608ab140, org.springframework.boot.test.autoconfigure.restdocs.RestDocsTestExecutionListener@6eecbbab, org.springframework.boot.test.autoconfigure.web.client.MockRestServiceServerResetTestExecutionListener@6854072, org.springframework.boot.test.autoconfigure.web.servlet.MockMvcPrintOnlyOnFailureTestExecutionListener@74687f4, org.springframework.boot.test.autoconfigure.web.servlet.WebDriverTestExecutionListener@32f326ed, org.springframework.boot.test.mock.mockito.ResetMocksTestExecutionListener@39c9f2fb]
Before any test execution
Before any test execution
Before any test execution
Before any test execution
Hibernate: 
    select
        ticket0_.code as code1_0_,
        ticket0_.client_id as client_i2_0_,
        ticket0_.closing_date as closing_3_0_,
        ticket0_.description as descript4_0_,
        ticket0_.employee_id as employee5_0_,
        ticket0_.priority as priority6_0_,
        ticket0_.product as product7_0_,
        ticket0_.severity as severity8_0_,
        ticket0_.start_date as start_da9_0_,
        ticket0_.status as status10_0_,
        ticket0_.title as title11_0_,
        ticket0_.version as version12_0_ 
    from
        ticket ticket0_ 
    where
        ticket0_.title=?
Hibernate: 
    call next value for hibernate_sequence
Hibernate: 
    insert 
    into
[...]
        ticket0_.product as product7_0_,
        ticket0_.severity as severity8_0_,
        ticket0_.start_date as start_da9_0_,
        ticket0_.status as status10_0_,
        ticket0_.title as title11_0_,
        ticket0_.version as version12_0_ 
    from
        ticket ticket0_
2023-12-03 12:35:30.404  INFO 41311 --- [    Test worker] o.s.t.c.support.AbstractContextLoader    : Could not detect default resource locations for test class [com.aninfo.integration.cucumber.TicketIntegrationServiceTest]: no resource found for suffixes {-context.xml, Context.groovy}.
2023-12-03 12:35:30.406  INFO 41311 --- [    Test worker] .b.t.c.SpringBootTestContextBootstrapper : Loaded default TestExecutionListener class names from location [META-INF/spring.factories]: [org.springframework.boot.test.autoconfigure.restdocs.RestDocsTestExecutionListener, org.springframework.boot.test.autoconfigure.web.client.MockRestServiceServerResetTestExecutionListener, org.springframework.boot.test.autoconfigure.web.servlet.MockMvcPrintOnlyOnFailureTestExecutionListener, org.springframework.boot.test.autoconfigure.web.servlet.WebDriverTestExecutionListener, org.springframework.boot.test.mock.mockito.MockitoTestExecutionListener, org.springframework.boot.test.mock.mockito.ResetMocksTestExecutionListener, org.springframework.test.context.web.ServletTestExecutionListener, org.springframework.test.context.support.DirtiesContextBeforeModesTestExecutionListener, org.springframework.test.context.support.DependencyInjectionTestExecutionListener, org.springframework.test.context.support.DirtiesContextTestExecutionListener, org.springframework.test.context.transaction.TransactionalTestExecutionListener, org.springframework.test.context.jdbc.SqlScriptsTestExecutionListener, org.springframework.test.context.event.EventPublishingTestExecutionListener]
2023-12-03 12:35:30.407  INFO 41311 --- [    Test worker] .b.t.c.SpringBootTestContextBootstrapper : Using TestExecutionListeners: [org.springframework.test.context.web.ServletTestExecutionListener@21e26fe4, org.springframework.test.context.support.DirtiesContextBeforeModesTestExecutionListener@24ee0381, org.springframework.boot.test.mock.mockito.MockitoTestExecutionListener@45747368, org.springframework.boot.test.autoconfigure.SpringBootDependencyInjectionTestExecutionListener@11fd249, org.springframework.test.context.support.DirtiesContextTestExecutionListener@33b010c1, org.springframework.test.context.transaction.TransactionalTestExecutionListener@6796ff3d, org.springframework.test.context.jdbc.SqlScriptsTestExecutionListener@11f2f94, org.springframework.test.context.event.EventPublishingTestExecutionListener@7eed3864, org.springframework.boot.test.autoconfigure.restdocs.RestDocsTestExecutionListener@4de81960, org.springframework.boot.test.autoconfigure.web.client.MockRestServiceServerResetTestExecutionListener@1d5768f7, org.springframework.boot.test.autoconfigure.web.servlet.MockMvcPrintOnlyOnFailureTestExecutionListener@65cc9746, org.springframework.boot.test.autoconfigure.web.servlet.WebDriverTestExecutionListener@72f5ad83, org.springframework.boot.test.mock.mockito.ResetMocksTestExecutionListener@7fdb99a4]
Before any test execution
Before any test execution
Before any test execution
Before any test execution
Resetting system
Hibernate: 
    select
        ticket0_.code as code1_0_,
        ticket0_.client_id as client_i2_0_,
        ticket0_.closing_date as closing_3_0_,
        ticket0_.description as descript4_0_,
        ticket0_.employee_id as employee5_0_,
        ticket0_.priority as priority6_0_,
        ticket0_.product as product7_0_,
        ticket0_.severity as severity8_0_,
        ticket0_.start_date as start_da9_0_,
        ticket0_.status as status10_0_,
        ticket0_.title as title11_0_,
        ticket0_.version as version12_0_ 
    from
        ticket ticket0_
Resetting system
Hibernate: 
    select
        ticket0_.code as code1_0_,
        ticket0_.client_id as client_i2_0_,
        ticket0_.closing_date as closing_3_0_,
        ticket0_.description as descript4_0_,
        ticket0_.employee_id as employee5_0_,
        ticket0_.priority as priority6_0_,
        ticket0_.product as product7_0_,
        ticket0_.severity as severity8_0_,
        ticket0_.start_date as start_da9_0_,
        ticket0_.status as status10_0_,
        ticket0_.title as title11_0_,
        ticket0_.version as version12_0_ 
    from
        ticket ticket0_
Resetting system
Hibernate: 
    select
        ticket0_.code as code1_0_,
        ticket0_.client_id as client_i2_0_,
        ticket0_.closing_date as closing_3_0_,
        ticket0_.description as descript4_0_,
        ticket0_.employee_id as employee5_0_,
        ticket0_.priority as priority6_0_,
        ticket0_.product as product7_0_,
        ticket0_.severity as severity8_0_,
        ticket0_.start_date as start_da9_0_,
        ticket0_.status as status10_0_,
        ticket0_.title as title11_0_,
        ticket0_.version as version12_0_ 
    from
        ticket ticket0_
Resetting system
Hibernate: 
    select
        ticket0_.code as code1_0_,
        ticket0_.client_id as client_i2_0_,
        ticket0_.closing_date as closing_3_0_,
        ticket0_.description as descript4_0_,
        ticket0_.employee_id as employee5_0_,
        ticket0_.priority as priority6_0_,
        ticket0_.product as product7_0_,
        ticket0_.severity as severity8_0_,
        ticket0_.start_date as start_da9_0_,
        ticket0_.status as status10_0_,
        ticket0_.title as title11_0_,
        ticket0_.version as version12_0_ 
    from
        ticket ticket0_
2023-12-03 12:35:30.414  INFO 41311 --- [    Test worker] o.s.t.c.support.AbstractContextLoader    : Could not detect default resource locations for test class [com.aninfo.integration.cucumber.TicketIntegrationServiceTest]: no resource found for suffixes {-context.xml, Context.groovy}.
2023-12-03 12:35:30.415  INFO 41311 --- [    Test worker] .b.t.c.SpringBootTestContextBootstrapper : Loaded default TestExecutionListener class names from location [META-INF/spring.factories]: [org.springframework.boot.test.autoconfigure.restdocs.RestDocsTestExecutionListener, org.springframework.boot.test.autoconfigure.web.client.MockRestServiceServerResetTestExecutionListener, org.springframework.boot.test.autoconfigure.web.servlet.MockMvcPrintOnlyOnFailureTestExecutionListener, org.springframework.boot.test.autoconfigure.web.servlet.WebDriverTestExecutionListener, org.springframework.boot.test.mock.mockito.MockitoTestExecutionListener, org.springframework.boot.test.mock.mockito.ResetMocksTestExecutionListener, org.springframework.test.context.web.ServletTestExecutionListener, org.springframework.test.context.support.DirtiesContextBeforeModesTestExecutionListener, org.springframework.test.context.support.DependencyInjectionTestExecutionListener, org.springframework.test.context.support.DirtiesContextTestExecutionListener, org.springframework.test.context.transaction.TransactionalTestExecutionListener, org.springframework.test.context.jdbc.SqlScriptsTestExecutionListener, org.springframework.test.context.event.EventPublishingTestExecutionListener]
2023-12-03 12:35:30.415  INFO 41311 --- [    Test worker] .b.t.c.SpringBootTestContextBootstrapper : Using TestExecutionListeners: [org.springframework.test.context.web.ServletTestExecutionListener@2d02bbb5, org.springframework.test.context.support.DirtiesContextBeforeModesTestExecutionListener@1f476707, org.springframework.boot.test.mock.mockito.MockitoTestExecutionListener@7d7d79b9, org.springframework.boot.test.autoconfigure.SpringBootDependencyInjectionTestExecutionListener@4697b2fc, org.springframework.test.context.support.DirtiesContextTestExecutionListener@7ef06688, org.springframework.test.context.transaction.TransactionalTestExecutionListener@5aab490e, org.springframework.test.context.jdbc.SqlScriptsTestExecutionListener@4c8d4353, org.springframework.test.context.event.EventPublishingTestExecutionListener@37f6086c, org.springframework.boot.test.autoconfigure.restdocs.RestDocsTestExecutionListener@4acffc3c, org.springframework.boot.test.autoconfigure.web.client.MockRestServiceServerResetTestExecutionListener@4a2c2f52, org.springframework.boot.test.autoconfigure.web.servlet.MockMvcPrintOnlyOnFailureTestExecutionListener@6c1d6a9f, org.springframework.boot.test.autoconfigure.web.servlet.WebDriverTestExecutionListener@6bafaa18, org.springframework.boot.test.mock.mockito.ResetMocksTestExecutionListener@5eb4854d]
Before any test execution
Before any test execution
Before any test execution
Before any test execution
Hibernate: 
    select
        ticket0_.code as code1_0_,
        ticket0_.client_id as client_i2_0_,
        ticket0_.closing_date as closing_3_0_,
        ticket0_.description as descript4_0_,
        ticket0_.employee_id as employee5_0_,
        ticket0_.priority as priority6_0_,
        ticket0_.product as product7_0_,
        ticket0_.severity as severity8_0_,
        ticket0_.start_date as start_da9_0_,
        ticket0_.status as status10_0_,
        ticket0_.title as title11_0_,
        ticket0_.version as version12_0_ 
    from
        ticket ticket0_ 
    where
        ticket0_.title=?
Hibernate: 
    call next value for hibernate_sequence
Hibernate: 
    insert 
    into
        ticket
        (client_id, closing_date, description, employee_id, priority, product, severity, start_date, status, title, version, code) 
    values
        (?, ?, ?, ?, ?, ?, ?, ?, ?, ?, ?, ?)
Hibernate: 
    select
        ticket0_.code as code1_0_0_,
        ticket0_.client_id as client_i2_0_0_,
        ticket0_.closing_date as closing_3_0_0_,
        ticket0_.description as descript4_0_0_,
        ticket0_.employee_id as employee5_0_0_,
        ticket0_.priority as priority6_0_0_,
        ticket0_.product as product7_0_0_,
        ticket0_.severity as severity8_0_0_,
        ticket0_.start_date as start_da9_0_0_,
        ticket0_.status as status10_0_0_,
        ticket0_.title as title11_0_0_,
        ticket0_.version as version12_0_0_ 
    from
        ticket ticket0_ 
    where
        ticket0_.code=?
Resetting system
Hibernate: 
    select
        ticket0_.code as code1_0_,
        ticket0_.client_id as client_i2_0_,
        ticket0_.closing_date as closing_3_0_,
        ticket0_.description as descript4_0_,
        ticket0_.employee_id as employee5_0_,
        ticket0_.priority as priority6_0_,
        ticket0_.product as product7_0_,
        ticket0_.severity as severity8_0_,
        ticket0_.start_date as start_da9_0_,
        ticket0_.status as status10_0_,
        ticket0_.title as title11_0_,
        ticket0_.version as version12_0_ 
    from
        ticket ticket0_
Hibernate: 
    delete 
    from
        ticket_tasks 
    where
        ticket_id=?
Hibernate: 
    delete 
    from
        ticket 
    where
        code=?
Resetting system
Hibernate: 
    select
        ticket0_.code as code1_0_,
        ticket0_.client_id as client_i2_0_,
        ticket0_.closing_date as closing_3_0_,
        ticket0_.description as descript4_0_,
        ticket0_.employee_id as employee5_0_,
        ticket0_.priority as priority6_0_,
        ticket0_.product as product7_0_,
        ticket0_.severity as severity8_0_,
        ticket0_.start_date as start_da9_0_,
        ticket0_.status as status10_0_,
        ticket0_.title as title11_0_,
        ticket0_.version as version12_0_ 
    from
        ticket ticket0_
Resetting system
Hibernate: 
    select
        ticket0_.code as code1_0_,
        ticket0_.client_id as client_i2_0_,
        ticket0_.closing_date as closing_3_0_,
        ticket0_.description as descript4_0_,
        ticket0_.employee_id as employee5_0_,
        ticket0_.priority as priority6_0_,
        ticket0_.product as product7_0_,
        ticket0_.severity as severity8_0_,
        ticket0_.start_date as start_da9_0_,
        ticket0_.status as status10_0_,
        ticket0_.title as title11_0_,
        ticket0_.version as version12_0_ 
    from
        ticket ticket0_
Resetting system
Hibernate: 
    select
        ticket0_.code as code1_0_,
        ticket0_.client_id as client_i2_0_,
        ticket0_.closing_date as closing_3_0_,
        ticket0_.description as descript4_0_,
        ticket0_.employee_id as employee5_0_,
        ticket0_.priority as priority6_0_,
        ticket0_.product as product7_0_,
        ticket0_.severity as severity8_0_,
        ticket0_.start_date as start_da9_0_,
        ticket0_.status as status10_0_,
        ticket0_.title as title11_0_,
        ticket0_.version as version12_0_ 
    from
        ticket ticket0_
2023-12-03 12:35:30.425  INFO 41311 --- [    Test worker] o.s.t.c.support.AbstractContextLoader    : Could not detect default resource locations for test class [com.aninfo.integration.cucumber.TicketIntegrationServiceTest]: no resource found for suffixes {-context.xml, Context.groovy}.
2023-12-03 12:35:30.426  INFO 41311 --- [    Test worker] .b.t.c.SpringBootTestContextBootstrapper : Loaded default TestExecutionListener class names from location [META-INF/spring.factories]: [org.springframework.boot.test.autoconfigure.restdocs.RestDocsTestExecutionListener, org.springframework.boot.test.autoconfigure.web.client.MockRestServiceServerResetTestExecutionListener, org.springframework.boot.test.autoconfigure.web.servlet.MockMvcPrintOnlyOnFailureTestExecutionListener, org.springframework.boot.test.autoconfigure.web.servlet.WebDriverTestExecutionListener, org.springframework.boot.test.mock.mockito.MockitoTestExecutionListener, org.springframework.boot.test.mock.mockito.ResetMocksTestExecutionListener, org.springframework.test.context.web.ServletTestExecutionListener, org.springframework.test.context.support.DirtiesContextBeforeModesTestExecutionListener, org.springframework.test.context.support.DependencyInjectionTestExecutionListener, org.springframework.test.context.support.DirtiesContextTestExecutionListener, org.springframework.test.context.transaction.TransactionalTestExecutionListener, org.springframework.test.context.jdbc.SqlScriptsTestExecutionListener, org.springframework.test.context.event.EventPublishingTestExecutionListener]
2023-12-03 12:35:30.426  INFO 41311 --- [    Test worker] .b.t.c.SpringBootTestContextBootstrapper : Using TestExecutionListeners: [org.springframework.test.context.web.ServletTestExecutionListener@5a5322e8, org.springframework.test.context.support.DirtiesContextBeforeModesTestExecutionListener@1b55d086, org.springframework.boot.test.mock.mockito.MockitoTestExecutionListener@4c025f94, org.springframework.boot.test.autoconfigure.SpringBootDependencyInjectionTestExecutionListener@13e57ae4, org.springframework.test.context.support.DirtiesContextTestExecutionListener@50625e12, org.springframework.test.context.transaction.TransactionalTestExecutionListener@65867578, org.springframework.test.context.jdbc.SqlScriptsTestExecutionListener@3b2668a3, org.springframework.test.context.event.EventPublishingTestExecutionListener@32c1779, org.springframework.boot.test.autoconfigure.restdocs.RestDocsTestExecutionListener@417c5bc0, org.springframework.boot.test.autoconfigure.web.client.MockRestServiceServerResetTestExecutionListener@1787cb22, org.springframework.boot.test.autoconfigure.web.servlet.MockMvcPrintOnlyOnFailureTestExecutionListener@1f6cca01, org.springframework.boot.test.autoconfigure.web.servlet.WebDriverTestExecutionListener@7c18814a, org.springframework.boot.test.mock.mockito.ResetMocksTestExecutionListener@5f196752]
Before any test execution
Before any test execution
Before any test execution
Before any test execution
Hibernate: 
    select
        ticket0_.code as code1_0_0_,
        ticket0_.client_id as client_i2_0_0_,
        ticket0_.closing_date as closing_3_0_0_,
        ticket0_.description as descript4_0_0_,
        ticket0_.employee_id as employee5_0_0_,
        ticket0_.priority as priority6_0_0_,
        ticket0_.product as product7_0_0_,
        ticket0_.severity as severity8_0_0_,
        ticket0_.start_date as start_da9_0_0_,
        ticket0_.status as status10_0_0_,
        ticket0_.title as title11_0_0_,
        ticket0_.version as version12_0_0_ 
    from
        ticket ticket0_ 
    where
        ticket0_.code=?
Resetting system
Hibernate: 
    select
        ticket0_.code as code1_0_,
        ticket0_.client_id as client_i2_0_,
        ticket0_.closing_date as closing_3_0_,
        ticket0_.description as descript4_0_,
        ticket0_.employee_id as employee5_0_,
        ticket0_.priority as priority6_0_,
        ticket0_.product as product7_0_,
        ticket0_.severity as severity8_0_,
        ticket0_.start_date as start_da9_0_,
        ticket0_.status as status10_0_,
        ticket0_.title as title11_0_,
        ticket0_.version as version12_0_ 
    from
        ticket ticket0_
Resetting system
Hibernate: 
    select
        ticket0_.code as code1_0_,
        ticket0_.client_id as client_i2_0_,
        ticket0_.closing_date as closing_3_0_,
        ticket0_.description as descript4_0_,
        ticket0_.employee_id as employee5_0_,
        ticket0_.priority as priority6_0_,
        ticket0_.product as product7_0_,
        ticket0_.severity as severity8_0_,
        ticket0_.start_date as start_da9_0_,
        ticket0_.status as status10_0_,
        ticket0_.title as title11_0_,
        ticket0_.version as version12_0_ 
    from
        ticket ticket0_
Resetting system
Hibernate: 
    select
        ticket0_.code as code1_0_,
        ticket0_.client_id as client_i2_0_,
        ticket0_.closing_date as closing_3_0_,
        ticket0_.description as descript4_0_,
        ticket0_.employee_id as employee5_0_,
        ticket0_.priority as priority6_0_,
        ticket0_.product as product7_0_,
        ticket0_.severity as severity8_0_,
        ticket0_.start_date as start_da9_0_,
        ticket0_.status as status10_0_,
        ticket0_.title as title11_0_,
        ticket0_.version as version12_0_ 
    from
        ticket ticket0_
Resetting system
Hibernate: 
    select
        ticket0_.code as code1_0_,
        ticket0_.client_id as client_i2_0_,
        ticket0_.closing_date as closing_3_0_,
        ticket0_.description as descript4_0_,
        ticket0_.employee_id as employee5_0_,
        ticket0_.priority as priority6_0_,
        ticket0_.product as product7_0_,
        ticket0_.severity as severity8_0_,
        ticket0_.start_date as start_da9_0_,
        ticket0_.status as status10_0_,
        ticket0_.title as title11_0_,
        ticket0_.version as version12_0_ 
    from
        ticket ticket0_

18 Scenarios (?[33m3 undefined?[0m, ?[32m15 passed?[0m)
57 Steps (?[36m2 skipped?[0m, ?[33m5 undefined?[0m, ?[32m50 passed?[0m)
0m0.499s


You can implement missing steps with the snippets below:

@Given("^A ticket with clientID (\\d+)$")
public void a_ticket_with_clientID(int arg1) throws Throwable {
    // Write code here that turns the phrase above into concrete actions
    throw new PendingException();
}

@Then("^EmployeeId is edited successfully$")
public void employeeid_is_edited_successfully() throws Throwable {
    // Write code here that turns the phrase above into concrete actions
    throw new PendingException();
}

@Given("^A ticket with closingDate today$")
public void a_ticket_with_closingDate_today() throws Throwable {
    // Write code here that turns the phrase above into concrete actions
    throw new PendingException();
}

@When("^Trying to edit the closingDate from today to tomorrow$")
public void trying_to_edit_the_closingDate_from_today_to_tomorrow() throws Throwable {
    // Write code here that turns the phrase above into concrete actions
    throw new PendingException();
}

@Then("^ClosingDate is edited successfully$")
public void closingdate_is_edited_successfully() throws Throwable {
    // Write code here that turns the phrase above into concrete actions
    throw new PendingException();
}

]]></system-out>
  <system-err><![CDATA[]]></system-err>
</testsuite>
