<?xml version="1.0" encoding="UTF-8"?>
<testsuite name="com.aninfo.integration.cucumber.CucumberTest" tests="57" skipped="7" failures="0" errors="0" timestamp="2023-12-04T22:15:57" hostname="manuelpol-Lenovo-V130-15IKB" time="1.46">
  <properties/>
  <testcase name="Given No tickets to access" classname="com.aninfo.integration.cucumber.CucumberTest" time="0.001"/>
  <testcase name="When Trying to get tickets" classname="com.aninfo.integration.cucumber.CucumberTest" time="0.0"/>
  <testcase name="Then I get no tickets" classname="com.aninfo.integration.cucumber.CucumberTest" time="0.0"/>
  <testcase name="Given Two tickets" classname="com.aninfo.integration.cucumber.CucumberTest" time="0.0"/>
  <testcase name="When Trying to get tickets" classname="com.aninfo.integration.cucumber.CucumberTest" time="0.001"/>
  <testcase name="Then I get two tickets" classname="com.aninfo.integration.cucumber.CucumberTest" time="0.001"/>
  <testcase name="Given Ticket with name Ticket1 because of accesing" classname="com.aninfo.integration.cucumber.CucumberTest" time="0.0"/>
  <testcase name="When Trying to find ticket with name Ticket1" classname="com.aninfo.integration.cucumber.CucumberTest" time="0.0"/>
  <testcase name="Then I get the ticket appropriately" classname="com.aninfo.integration.cucumber.CucumberTest" time="0.001"/>
  <testcase name="Given Ticket with name MyTicket1 because of accesing" classname="com.aninfo.integration.cucumber.CucumberTest" time="0.001"/>
  <testcase name="When Trying to find ticket with name MyTicket2" classname="com.aninfo.integration.cucumber.CucumberTest" time="0.0"/>
  <testcase name="Then I get an Invalid Ticket Exception because of accessing" classname="com.aninfo.integration.cucumber.CucumberTest" time="0.0"/>
  <testcase name="Given No ticket with name ticket1" classname="com.aninfo.integration.cucumber.CucumberTest" time="0.001"/>
  <testcase name="When Trying to create a ticket with name ticket1" classname="com.aninfo.integration.cucumber.CucumberTest" time="0.001"/>
  <testcase name="Then It is created successfully" classname="com.aninfo.integration.cucumber.CucumberTest" time="0.002"/>
  <testcase name="And Ticket is named ticket1" classname="com.aninfo.integration.cucumber.CucumberTest" time="0.001"/>
  <testcase name="Given A ticket with status NOT STARTED" classname="com.aninfo.integration.cucumber.CucumberTest" time="0.0"/>
  <testcase name="When Trying to edit the status from NOT STARTED to IN PROGRESS" classname="com.aninfo.integration.cucumber.CucumberTest" time="0.001"/>
  <testcase name="Then Status is edited successfully" classname="com.aninfo.integration.cucumber.CucumberTest" time="0.002"/>
  <testcase name="Given A ticket with severity S1" classname="com.aninfo.integration.cucumber.CucumberTest" time="0.0"/>
  <testcase name="When Trying to edit the severity from S1 to S2" classname="com.aninfo.integration.cucumber.CucumberTest" time="0.0"/>
  <testcase name="Then Severity is edited successfully" classname="com.aninfo.integration.cucumber.CucumberTest" time="0.001"/>
  <testcase name="Given A ticket with priority LOW" classname="com.aninfo.integration.cucumber.CucumberTest" time="0.001"/>
  <testcase name="When Trying to edit the priority from LOW to HIGH" classname="com.aninfo.integration.cucumber.CucumberTest" time="0.001"/>
  <testcase name="Then Priority is edited successfully" classname="com.aninfo.integration.cucumber.CucumberTest" time="0.0"/>
  <testcase name="Given A ticket with an empty info" classname="com.aninfo.integration.cucumber.CucumberTest" time="0.001"/>
  <testcase name="When Trying to edit the info to a different one" classname="com.aninfo.integration.cucumber.CucumberTest" time="0.0"/>
  <testcase name="Then Info is edited successfully" classname="com.aninfo.integration.cucumber.CucumberTest" time="0.002"/>
  <testcase name="Given A ticket with name ticket1" classname="com.aninfo.integration.cucumber.CucumberTest" time="0.0"/>
  <testcase name="When Trying to edit the name from ticket1 to ticket2" classname="com.aninfo.integration.cucumber.CucumberTest" time="0.001"/>
  <testcase name="Then Name is edited successfully" classname="com.aninfo.integration.cucumber.CucumberTest" time="0.001"/>
  <testcase name="Given Two tickets with names ticket1 and ticket2" classname="com.aninfo.integration.cucumber.CucumberTest" time="0.0"/>
  <testcase name="When Trying to edit the name of ticket1 to the same name of ticket2" classname="com.aninfo.integration.cucumber.CucumberTest" time="0.001"/>
  <testcase name="Then I get a Ticket Name Already Taken Exception" classname="com.aninfo.integration.cucumber.CucumberTest" time="0.0"/>
  <testcase name="And It remain with the original name" classname="com.aninfo.integration.cucumber.CucumberTest" time="0.001"/>
  <testcase name="Given A ticket with product product1" classname="com.aninfo.integration.cucumber.CucumberTest" time="0.0"/>
  <testcase name="When Trying to edit the product from product1 to product2" classname="com.aninfo.integration.cucumber.CucumberTest" time="0.0"/>
  <testcase name="Then Product is edited successfully" classname="com.aninfo.integration.cucumber.CucumberTest" time="0.001"/>
  <testcase name="Given A ticket with version version1" classname="com.aninfo.integration.cucumber.CucumberTest" time="0.0"/>
  <testcase name="When Trying to edit the version from version1 to version2" classname="com.aninfo.integration.cucumber.CucumberTest" time="0.0"/>
  <testcase name="Then Version is edited successfully" classname="com.aninfo.integration.cucumber.CucumberTest" time="0.0"/>
  <testcase name="Given A ticket with clientID 0" classname="com.aninfo.integration.cucumber.CucumberTest" time="0.001">
    <skipped/>
  </testcase>
  <testcase name="When Trying to edit the clientID from 0 to 1" classname="com.aninfo.integration.cucumber.CucumberTest" time="0.001">
    <skipped/>
  </testcase>
  <testcase name="Then ClientID is edited successfully" classname="com.aninfo.integration.cucumber.CucumberTest" time="0.0">
    <skipped/>
  </testcase>
  <testcase name="Given A ticket with employeeId 0" classname="com.aninfo.integration.cucumber.CucumberTest" time="0.003"/>
  <testcase name="When Trying to edit the employeeId from 0 to 1" classname="com.aninfo.integration.cucumber.CucumberTest" time="0.001"/>
  <testcase name="Then EmployeeId is edited successfully" classname="com.aninfo.integration.cucumber.CucumberTest" time="0.0">
    <skipped/>
  </testcase>
  <testcase name="Given A ticket with closingDate today" classname="com.aninfo.integration.cucumber.CucumberTest" time="0.0">
    <skipped/>
  </testcase>
  <testcase name="When Trying to edit the closingDate from today to tomorrow" classname="com.aninfo.integration.cucumber.CucumberTest" time="0.0">
    <skipped/>
  </testcase>
  <testcase name="Then ClosingDate is edited successfully" classname="com.aninfo.integration.cucumber.CucumberTest" time="0.0">
    <skipped/>
  </testcase>
  <testcase name="Given A ticket" classname="com.aninfo.integration.cucumber.CucumberTest" time="0.0"/>
  <testcase name="When Searching this ticket by it's code" classname="com.aninfo.integration.cucumber.CucumberTest" time="0.0"/>
  <testcase name="Then It is found successfully" classname="com.aninfo.integration.cucumber.CucumberTest" time="0.001"/>
  <testcase name="And The ticket's code matches" classname="com.aninfo.integration.cucumber.CucumberTest" time="0.0"/>
  <testcase name="Given no tickets to search" classname="com.aninfo.integration.cucumber.CucumberTest" time="0.0"/>
  <testcase name="When Searching this ticket by it's code" classname="com.aninfo.integration.cucumber.CucumberTest" time="0.0"/>
  <testcase name="Then I get an Invalid Ticket Exception because of searching" classname="com.aninfo.integration.cucumber.CucumberTest" time="0.001"/>
  <system-out><![CDATA[19:15:45.347 [Test worker] DEBUG org.springframework.test.context.BootstrapUtils - Instantiating CacheAwareContextLoaderDelegate from class [org.springframework.test.context.cache.DefaultCacheAwareContextLoaderDelegate]
19:15:45.385 [Test worker] DEBUG org.springframework.test.context.BootstrapUtils - Instantiating BootstrapContext using constructor [public org.springframework.test.context.support.DefaultBootstrapContext(java.lang.Class,org.springframework.test.context.CacheAwareContextLoaderDelegate)]
19:15:45.530 [Test worker] DEBUG org.springframework.test.context.BootstrapUtils - Instantiating TestContextBootstrapper for test class [com.aninfo.integration.cucumber.TicketEditTest] from class [org.springframework.boot.test.context.SpringBootTestContextBootstrapper]
19:15:45.618 [Test worker] DEBUG org.springframework.test.context.support.AbstractContextLoader - Did not detect default resource location for test class [com.aninfo.integration.cucumber.TicketIntegrationServiceTest]: class path resource [com/aninfo/integration/cucumber/TicketIntegrationServiceTest-context.xml] does not exist
19:15:45.620 [Test worker] DEBUG org.springframework.test.context.support.AbstractContextLoader - Did not detect default resource location for test class [com.aninfo.integration.cucumber.TicketIntegrationServiceTest]: class path resource [com/aninfo/integration/cucumber/TicketIntegrationServiceTestContext.groovy] does not exist
19:15:45.628 [Test worker] INFO org.springframework.test.context.support.AbstractContextLoader - Could not detect default resource locations for test class [com.aninfo.integration.cucumber.TicketIntegrationServiceTest]: no resource found for suffixes {-context.xml, Context.groovy}.
19:15:45.732 [Test worker] DEBUG org.springframework.test.context.support.ActiveProfilesUtils - Could not find an 'annotation declaring class' for annotation type [org.springframework.test.context.ActiveProfiles] and class [com.aninfo.integration.cucumber.TicketEditTest]
19:15:45.994 [Test worker] DEBUG org.springframework.boot.test.context.SpringBootTestContextBootstrapper - @TestExecutionListeners is not present for class [com.aninfo.integration.cucumber.TicketEditTest]: using defaults.
19:15:45.995 [Test worker] INFO org.springframework.boot.test.context.SpringBootTestContextBootstrapper - Loaded default TestExecutionListener class names from location [META-INF/spring.factories]: [org.springframework.boot.test.autoconfigure.restdocs.RestDocsTestExecutionListener, org.springframework.boot.test.autoconfigure.web.client.MockRestServiceServerResetTestExecutionListener, org.springframework.boot.test.autoconfigure.web.servlet.MockMvcPrintOnlyOnFailureTestExecutionListener, org.springframework.boot.test.autoconfigure.web.servlet.WebDriverTestExecutionListener, org.springframework.boot.test.mock.mockito.MockitoTestExecutionListener, org.springframework.boot.test.mock.mockito.ResetMocksTestExecutionListener, org.springframework.test.context.web.ServletTestExecutionListener, org.springframework.test.context.support.DirtiesContextBeforeModesTestExecutionListener, org.springframework.test.context.support.DependencyInjectionTestExecutionListener, org.springframework.test.context.support.DirtiesContextTestExecutionListener, org.springframework.test.context.transaction.TransactionalTestExecutionListener, org.springframework.test.context.jdbc.SqlScriptsTestExecutionListener, org.springframework.test.context.event.EventPublishingTestExecutionListener]
19:15:46.016 [Test worker] INFO org.springframework.boot.test.context.SpringBootTestContextBootstrapper - Using TestExecutionListeners: [org.springframework.test.context.web.ServletTestExecutionListener@3694ae55, org.springframework.test.context.support.DirtiesContextBeforeModesTestExecutionListener@3c5635f4, org.springframework.boot.test.mock.mockito.MockitoTestExecutionListener@34dc901f, org.springframework.boot.test.autoconfigure.SpringBootDependencyInjectionTestExecutionListener@541d9d9c, org.springframework.test.context.support.DirtiesContextTestExecutionListener@47e8774c, org.springframework.test.context.transaction.TransactionalTestExecutionListener@4a9c13d0, org.springframework.test.context.jdbc.SqlScriptsTestExecutionListener@1a103ef4, org.springframework.test.context.event.EventPublishingTestExecutionListener@2259b157, org.springframework.boot.test.autoconfigure.restdocs.RestDocsTestExecutionListener@260fe047, org.springframework.boot.test.autoconfigure.web.client.MockRestServiceServerResetTestExecutionListener@c2765c5, org.springframework.boot.test.autoconfigure.web.servlet.MockMvcPrintOnlyOnFailureTestExecutionListener@175b0d2b, org.springframework.boot.test.autoconfigure.web.servlet.WebDriverTestExecutionListener@78e7d59e, org.springframework.boot.test.mock.mockito.ResetMocksTestExecutionListener@21330f1d]
19:15:46.075 [Test worker] DEBUG org.springframework.test.context.support.TestPropertySourceUtils - Adding inlined properties to environment: {spring.jmx.enabled=false, org.springframework.boot.test.context.SpringBootTestContextBootstrapper=true, server.port=-1}

  .   ____          _            __ _ _
 /\\ / ___'_ __ _ _(_)_ __  __ _ \ \ \ \
( ( )\___ | '_ | '_| | '_ \/ _` | \ \ \ \
 \\/  ___)| |_)| | | | | || (_| |  ) ) ) )
  '  |____| .__|_| |_|_| |_\__, | / / / /
 =========|_|==============|___/=/_/_/_/
 :: Spring Boot ::        (v2.2.5.RELEASE)

2023-12-04 19:15:46.749  INFO 213155 --- [    Test worker] c.a.integration.cucumber.TicketEditTest  : Starting TicketEditTest on manuelpol-Lenovo-V130-15IKB with PID 213155 (started by manuelpol in /home/manuelpol/Escritorio/aninfo/psa/backend)
2023-12-04 19:15:46.752  INFO 213155 --- [    Test worker] c.a.integration.cucumber.TicketEditTest  : No active profile set, falling back to default profiles: default
2023-12-04 19:15:48.292  INFO 213155 --- [    Test worker] .s.d.r.c.RepositoryConfigurationDelegate : Bootstrapping Spring Data JPA repositories in DEFAULT mode.
2023-12-04 19:15:48.535  INFO 213155 --- [    Test worker] .s.d.r.c.RepositoryConfigurationDelegate : Finished Spring Data repository scanning in 230ms. Found 1 JPA repository interfaces.
2023-12-04 19:15:50.409  INFO 213155 --- [    Test worker] o.hibernate.jpa.internal.util.LogHelper  : HHH000204: Processing PersistenceUnitInfo [name: default]
2023-12-04 19:15:50.541  INFO 213155 --- [    Test worker] org.hibernate.Version                    : HHH000412: Hibernate ORM core version 5.4.12.Final
2023-12-04 19:15:50.836  INFO 213155 --- [    Test worker] o.hibernate.annotations.common.Version   : HCANN000001: Hibernate Commons Annotations {5.1.0.Final}
2023-12-04 19:15:50.971  INFO 213155 --- [    Test worker] com.zaxxer.hikari.HikariDataSource       : HikariPool-1 - Starting...
2023-12-04 19:15:51.300  INFO 213155 --- [    Test worker] com.zaxxer.hikari.HikariDataSource       : HikariPool-1 - Start completed.
2023-12-04 19:15:51.326  INFO 213155 --- [    Test worker] org.hibernate.dialect.Dialect            : HHH000400: Using dialect: org.hibernate.dialect.H2Dialect
Hibernate: 
    
    drop table ticket if exists
Hibernate: 
    
    drop table ticket_tasks if exists
Hibernate: 
    
    drop sequence if exists hibernate_sequence
Hibernate: create sequence hibernate_sequence start with 1 increment by 1
Hibernate: 
    
    create table ticket (
       code bigint not null,
        client_id bigint,
        closing_date date,
        description varchar(255),
        employee_id bigint,
        priority integer,
        product varchar(255),
        severity integer,
        start_date date,
        status integer,
        title varchar(255),
        version varchar(255),
        primary key (code)
    )
Hibernate: 
    
    create table ticket_tasks (
       ticket_id bigint not null,
        task_id bigint
    )
Hibernate: 
    
    alter table ticket_tasks 
       add constraint FKnbyd5rwnukhkx2huaqj7mmpdn 
       foreign key (ticket_id) 
       references ticket
2023-12-04 19:15:52.462  INFO 213155 --- [    Test worker] o.h.e.t.j.p.i.JtaPlatformInitiator       : HHH000490: Using JtaPlatform implementation: [org.hibernate.engine.transaction.jta.platform.internal.NoJtaPlatform]
2023-12-04 19:15:52.471  INFO 213155 --- [    Test worker] j.LocalContainerEntityManagerFactoryBean : Initialized JPA EntityManagerFactory for persistence unit 'default'
2023-12-04 19:15:54.026  WARN 213155 --- [    Test worker] JpaBaseConfiguration$JpaWebConfiguration : spring.jpa.open-in-view is enabled by default. Therefore, database queries may be performed during view rendering. Explicitly configure spring.jpa.open-in-view to disable this warning
2023-12-04 19:15:55.610  INFO 213155 --- [    Test worker] o.s.s.concurrent.ThreadPoolTaskExecutor  : Initializing ExecutorService 'applicationTaskExecutor'
2023-12-04 19:15:56.273  INFO 213155 --- [    Test worker] o.s.b.a.h2.H2ConsoleAutoConfiguration    : H2 console available at '/h2-console'. Database available at 'jdbc:h2:mem:DBNAME'
2023-12-04 19:15:57.266  INFO 213155 --- [    Test worker] c.a.integration.cucumber.TicketEditTest  : Started TicketEditTest in 11.162 seconds (JVM running for 14.825)
Before any test execution
Before any test execution
Before any test execution
Before any test execution
Hibernate: 
    select
        ticket0_.code as code1_0_,
        ticket0_.client_id as client_i2_0_,
        ticket0_.closing_date as closing_3_0_,
        ticket0_.description as descript4_0_,
        ticket0_.employee_id as employee5_0_,
        ticket0_.priority as priority6_0_,
        ticket0_.product as product7_0_,
        ticket0_.severity as severity8_0_,
        ticket0_.start_date as start_da9_0_,
        ticket0_.status as status10_0_,
        ticket0_.title as title11_0_,
        ticket0_.version as version12_0_ 
    from
        ticket ticket0_
Resetting system
Hibernate: 
    select
        ticket0_.code as code1_0_,
        ticket0_.client_id as client_i2_0_,
        ticket0_.closing_date as closing_3_0_,
        ticket0_.description as descript4_0_,
        ticket0_.employee_id as employee5_0_,
        ticket0_.priority as priority6_0_,
        ticket0_.product as product7_0_,
        ticket0_.severity as severity8_0_,
        ticket0_.start_date as start_da9_0_,
        ticket0_.status as status10_0_,
        ticket0_.title as title11_0_,
        ticket0_.version as version12_0_ 
    from
        ticket ticket0_
Resetting system
Hibernate: 
    select
        ticket0_.code as code1_0_,
        ticket0_.client_id as client_i2_0_,
        ticket0_.closing_date as closing_3_0_,
        ticket0_.description as descript4_0_,
        ticket0_.employee_id as employee5_0_,
        ticket0_.priority as priority6_0_,
        ticket0_.product as product7_0_,
        ticket0_.severity as severity8_0_,
        ticket0_.start_date as start_da9_0_,
        ticket0_.status as status10_0_,
        ticket0_.title as title11_0_,
        ticket0_.version as version12_0_ 
    from
        ticket ticket0_
Resetting system
Hibernate: 
    select
        ticket0_.code as code1_0_,
        ticket0_.client_id as client_i2_0_,
        ticket0_.closing_date as closing_3_0_,
        ticket0_.description as descript4_0_,
        ticket0_.employee_id as employee5_0_,
        ticket0_.priority as priority6_0_,
        ticket0_.product as product7_0_,
        ticket0_.severity as severity8_0_,
        ticket0_.start_date as start_da9_0_,
        ticket0_.status as status10_0_,
        ticket0_.title as title11_0_,
        ticket0_.version as version12_0_ 
    from
        ticket ticket0_
Resetting system
Hibernate: 
    select
        ticket0_.code as code1_0_,
        ticket0_.client_id as client_i2_0_,
        ticket0_.closing_date as closing_3_0_,
        ticket0_.description as descript4_0_,
        ticket0_.employee_id as employee5_0_,
        ticket0_.priority as priority6_0_,
        ticket0_.product as product7_0_,
        ticket0_.severity as severity8_0_,
        ticket0_.start_date as start_da9_0_,
        ticket0_.status as status10_0_,
        ticket0_.title as title11_0_,
        ticket0_.version as version12_0_ 
    from
        ticket ticket0_
2023-12-04 19:15:58.033  INFO 213155 --- [    Test worker] o.s.t.c.support.AbstractContextLoader    : Could not detect default resource locations for test class [com.aninfo.integration.cucumber.TicketIntegrationServiceTest]: no resource found for suffixes {-context.xml, Context.groovy}.
2023-12-04 19:15:58.042  INFO 213155 --- [    Test worker] .b.t.c.SpringBootTestContextBootstrapper : Loaded default TestExecutionListener class names from location [META-INF/spring.factories]: [org.springframework.boot.test.autoconfigure.restdocs.RestDocsTestExecutionListener, org.springframework.boot.test.autoconfigure.web.client.MockRestServiceServerResetTestExecutionListener, org.springframework.boot.test.autoconfigure.web.servlet.MockMvcPrintOnlyOnFailureTestExecutionListener, org.springframework.boot.test.autoconfigure.web.servlet.WebDriverTestExecutionListener, org.springframework.boot.test.mock.mockito.MockitoTestExecutionListener, org.springframework.boot.test.mock.mockito.ResetMocksTestExecutionListener, org.springframework.test.context.web.ServletTestExecutionListener, org.springframework.test.context.support.DirtiesContextBeforeModesTestExecutionListener, org.springframework.test.context.support.DependencyInjectionTestExecutionListener, org.springframework.test.context.support.DirtiesContextTestExecutionListener, org.springframework.test.context.transaction.TransactionalTestExecutionListener, org.springframework.test.context.jdbc.SqlScriptsTestExecutionListener, org.springframework.test.context.event.EventPublishingTestExecutionListener]
2023-12-04 19:15:58.045  INFO 213155 --- [    Test worker] .b.t.c.SpringBootTestContextBootstrapper : Using TestExecutionListeners: [org.springframework.test.context.web.ServletTestExecutionListener@1060fa3f, org.springframework.test.context.support.DirtiesContextBeforeModesTestExecutionListener@5431cda0, org.springframework.boot.test.mock.mockito.MockitoTestExecutionListener@569b654d, org.springframework.boot.test.autoconfigure.SpringBootDependencyInjectionTestExecutionListener@7c82828b, org.springframework.test.context.support.DirtiesContextTestExecutionListener@6ba43e26, org.springframework.test.context.transaction.TransactionalTestExecutionListener@3122b23f, org.springframework.test.context.jdbc.SqlScriptsTestExecutionListener@3c1e085b, org.springframework.test.context.event.EventPublishingTestExecutionListener@54e05389, org.springframework.boot.test.autoconfigure.restdocs.RestDocsTestExecutionListener@1e7f123d, org.springframework.boot.test.autoconfigure.web.client.MockRestServiceServerResetTestExecutionListener@3ae8e887, org.springframework.boot.test.autoconfigure.web.servlet.MockMvcPrintOnlyOnFailureTestExecutionListener@76f86351, org.springframework.boot.test.autoconfigure.web.servlet.WebDriverTestExecutionListener@20520a1c, org.springframework.boot.test.mock.mockito.ResetMocksTestExecutionListener@465a0ad1]
Before any test execution
Before any test execution
Before any test execution
Before any test execution
Hibernate: 
    select
        ticket0_.code as code1_0_,
        ticket0_.client_id as client_i2_0_,
        ticket0_.closing_date as closing_3_0_,
        ticket0_.description as descript4_0_,
        ticket0_.employee_id as employee5_0_,
        ticket0_.priority as priority6_0_,
        ticket0_.product as product7_0_,
        ticket0_.severity as severity8_0_,
        ticket0_.start_date as start_da9_0_,
        ticket0_.status as status10_0_,
        ticket0_.title as title11_0_,
        ticket0_.version as version12_0_ 
    from
        ticket ticket0_ 
    where
        ticket0_.title=?
Hibernate: 
    call next value for hibernate_sequence
Hibernate: 
    insert 
    into
        ticket
        (client_id, closing_date, description, employee_id, priority, product, severity, start_date, status, title, version, code) 
    values
        (?, ?, ?, ?, ?, ?, ?, ?, ?, ?, ?, ?)
Hibernate: 
    select
        ticket0_.code as code1_0_,
        ticket0_.client_id as client_i2_0_,
        ticket0_.closing_date as closing_3_0_,
        ticket0_.description as descript4_0_,
        ticket0_.employee_id as employee5_0_,
        ticket0_.priority as priority6_0_,
        ticket0_.product as product7_0_,
        ticket0_.severity as severity8_0_,
        ticket0_.start_date as start_da9_0_,
        ticket0_.status as status10_0_,
        ticket0_.title as title11_0_,
        ticket0_.version as version12_0_ 
    from
        ticket ticket0_ 
    where
        ticket0_.title=?
Hibernate: 
    call next value for hibernate_sequence
Hibernate: 
    insert 
    into
        ticket
        (client_id, closing_date, description, employee_id, priority, product, severity, start_date, status, title, version, code) 
    values
        (?, ?, ?, ?, ?, ?, ?, ?, ?, ?, ?, ?)
Hibernate: 
    select
        ticket0_.code as code1_0_,
        ticket0_.client_id as client_i2_0_,
        ticket0_.closing_date as closing_3_0_,
        ticket0_.description as descript4_0_,
        ticket0_.employee_id as employee5_0_,
        ticket0_.priority as priority6_0_,
        ticket0_.product as product7_0_,
        ticket0_.severity as severity8_0_,
        ticket0_.start_date as start_da9_0_,
        ticket0_.status as status10_0_,
        ticket0_.title as title11_0_,
        ticket0_.version as version12_0_ 
    from
        ticket ticket0_
Hibernate: 
    select
        ticket0_.code as code1_0_,
        ticket0_.client_id as client_i2_0_,
        ticket0_.closing_date as closing_3_0_,
        ticket0_.description as descript4_0_,
        ticket0_.employee_id as employee5_0_,
        ticket0_.priority as priority6_0_,
        ticket0_.product as product7_0_,
        ticket0_.severity as severity8_0_,
        ticket0_.start_date as start_da9_0_,
        ticket0_.status as status10_0_,
        ticket0_.title as title11_0_,
        ticket0_.version as version12_0_ 
    from
        ticket ticket0_
Resetting system
Hibernate: 
    select
        ticket0_.code as code1_0_,
        ticket0_.client_id as client_i2_0_,
        ticket0_.closing_date as closing_3_0_,
        ticket0_.description as descript4_0_,
        ticket0_.employee_id as employee5_0_,
        ticket0_.priority as priority6_0_,
        ticket0_.product as product7_0_,
        ticket0_.severity as severity8_0_,
        ticket0_.start_date as start_da9_0_,
        ticket0_.status as status10_0_,
        ticket0_.title as title11_0_,
        ticket0_.version as version12_0_ 
    from
        ticket ticket0_
Hibernate: 
    delete 
    from
        ticket_tasks 
    where
        ticket_id=?
Hibernate: 
    delete 
    from
        ticket_tasks 
    where
        ticket_id=?
Hibernate: 
    delete 
    from
        ticket 
    where
        code=?
Hibernate: 
    delete 
    from
        ticket 
    where
        code=?
Resetting system
Hibernate: 
    select
        ticket0_.code as code1_0_,
        ticket0_.client_id as client_i2_0_,
        ticket0_.closing_date as closing_3_0_,
        ticket0_.description as descript4_0_,
        ticket0_.employee_id as employee5_0_,
        ticket0_.priority as priority6_0_,
        ticket0_.product as product7_0_,
        ticket0_.severity as severity8_0_,
        ticket0_.start_date as start_da9_0_,
        ticket0_.status as status10_0_,
        ticket0_.title as title11_0_,
        ticket0_.version as version12_0_ 
    from
        ticket ticket0_
Resetting system
Hibernate: 
    select
        ticket0_.code as code1_0_,
        ticket0_.client_id as client_i2_0_,
        ticket0_.closing_date as closing_3_0_,
        ticket0_.description as descript4_0_,
        ticket0_.employee_id as employee5_0_,
        ticket0_.priority as priority6_0_,
        ticket0_.product as product7_0_,
        ticket0_.severity as severity8_0_,
        ticket0_.start_date as start_da9_0_,
        ticket0_.status as status10_0_,
        ticket0_.title as title11_0_,
        ticket0_.version as version12_0_ 
    from
        ticket ticket0_
Resetting system
Hibernate: 
    select
        ticket0_.code as code1_0_,
        ticket0_.client_id as client_i2_0_,
        ticket0_.closing_date as closing_3_0_,
        ticket0_.description as descript4_0_,
        ticket0_.employee_id as employee5_0_,
        ticket0_.priority as priority6_0_,
        ticket0_.product as product7_0_,
        ticket0_.severity as severity8_0_,
        ticket0_.start_date as start_da9_0_,
        ticket0_.status as status10_0_,
        ticket0_.title as title11_0_,
        ticket0_.version as version12_0_ 
    from
        ticket ticket0_
2023-12-04 19:15:58.314  INFO 213155 --- [    Test worker] o.s.t.c.support.AbstractContextLoader    : Could not detect default resource locations for test class [com.aninfo.integration.cucumber.TicketIntegrationServiceTest]: no resource found for suffixes {-context.xml, Context.groovy}.
2023-12-04 19:15:58.321  INFO 213155 --- [    Test worker] .b.t.c.SpringBootTestContextBootstrapper : Loaded default TestExecutionListener class names from location [META-INF/spring.factories]: [org.springframework.boot.test.autoconfigure.restdocs.RestDocsTestExecutionListener, org.springframework.boot.test.autoconfigure.web.client.MockRestServiceServerResetTestExecutionListener, org.springframework.boot.test.autoconfigure.web.servlet.MockMvcPrintOnlyOnFailureTestExecutionListener, org.springframework.boot.test.autoconfigure.web.servlet.WebDriverTestExecutionListener, org.springframework.boot.test.mock.mockito.MockitoTestExecutionListener, org.springframework.boot.test.mock.mockito.ResetMocksTestExecutionListener, org.springframework.test.context.web.ServletTestExecutionListener, org.springframework.test.context.support.DirtiesContextBeforeModesTestExecutionListener, org.springframework.test.context.support.DependencyInjectionTestExecutionListener, org.springframework.test.context.support.DirtiesContextTestExecutionListener, org.springframework.test.context.transaction.TransactionalTestExecutionListener, org.springframework.test.context.jdbc.SqlScriptsTestExecutionListener, org.springframework.test.context.event.EventPublishingTestExecutionListener]
2023-12-04 19:15:58.322  INFO 213155 --- [    Test worker] .b.t.c.SpringBootTestContextBootstrapper : Using TestExecutionListeners: [org.springframework.test.context.web.ServletTestExecutionListener@e72fa5d, org.springframework.test.context.support.DirtiesContextBeforeModesTestExecutionListener@6c18bffc, org.springframework.boot.test.mock.mockito.MockitoTestExecutionListener@5200558, org.springframework.boot.test.autoconfigure.SpringBootDependencyInjectionTestExecutionListener@53a591b8, org.springframework.test.context.support.DirtiesContextTestExecutionListener@4a1c3983, org.springframework.test.context.transaction.TransactionalTestExecutionListener@63529863, org.springframework.test.context.jdbc.SqlScriptsTestExecutionListener@665d5b94, org.springframework.test.context.event.EventPublishingTestExecutionListener@198a2eb6, org.springframework.boot.test.autoconfigure.restdocs.RestDocsTestExecutionListener@3271cc25, org.springframework.boot.test.autoconfigure.web.client.MockRestServiceServerResetTestExecutionListener@4517cb88, org.springframework.boot.test.autoconfigure.web.servlet.MockMvcPrintOnlyOnFailureTestExecutionListener@491ab945, org.springframework.boot.test.autoconfigure.web.servlet.WebDriverTestExecutionListener@12dc14e, org.springframework.boot.test.mock.mockito.ResetMocksTestExecutionListener@3d0135aa]
Before any test execution
Before any test execution
Before any test execution
Before any test execution
Hibernate: 
    select
        ticket0_.code as code1_0_,
        ticket0_.client_id as client_i2_0_,
        ticket0_.closing_date as closing_3_0_,
        ticket0_.description as descript4_0_,
        ticket0_.employee_id as employee5_0_,
        ticket0_.priority as priority6_0_,
        ticket0_.product as product7_0_,
        ticket0_.severity as severity8_0_,
        ticket0_.start_date as start_da9_0_,
        ticket0_.status as status10_0_,
        ticket0_.title as title11_0_,
        ticket0_.version as version12_0_ 
    from
        ticket ticket0_ 
    where
        ticket0_.title=?
Hibernate: 
    call next value for hibernate_sequence
Hibernate: 
    insert 
    into
        ticket
        (client_id, closing_date, description, employee_id, priority, product, severity, start_date, status, title, version, code) 
    values
        (?, ?, ?, ?, ?, ?, ?, ?, ?, ?, ?, ?)
Hibernate: 
    select
        ticket0_.code as code1_0_,
        ticket0_.client_id as client_i2_0_,
        ticket0_.closing_date as closing_3_0_,
        ticket0_.description as descript4_0_,
        ticket0_.employee_id as employee5_0_,
        ticket0_.priority as priority6_0_,
        ticket0_.product as product7_0_,
        ticket0_.severity as severity8_0_,
        ticket0_.start_date as start_da9_0_,
        ticket0_.status as status10_0_,
        ticket0_.title as title11_0_,
        ticket0_.version as version12_0_ 
    from
        ticket ticket0_ 
    where
        ticket0_.title=?
Resetting system
Hibernate: 
    select
        ticket0_.code as code1_0_,
        ticket0_.client_id as client_i2_0_,
        ticket0_.closing_date as closing_3_0_,
        ticket0_.description as descript4_0_,
        ticket0_.employee_id as employee5_0_,
        ticket0_.priority as priority6_0_,
        ticket0_.product as product7_0_,
        ticket0_.severity as severity8_0_,
        ticket0_.start_date as start_da9_0_,
        ticket0_.status as status10_0_,
        ticket0_.title as title11_0_,
        ticket0_.version as version12_0_ 
    from
        ticket ticket0_
Hibernate: 
    delete 
    from
        ticket_tasks 
    where
        ticket_id=?
Hibernate: 
    delete 
    from
        ticket 
    where
        code=?
Resetting system
Hibernate: 
    select
        ticket0_.code as code1_0_,
        ticket0_.client_id as client_i2_0_,
        ticket0_.closing_date as closing_3_0_,
        ticket0_.description as descript4_0_,
        ticket0_.employee_id as employee5_0_,
        ticket0_.priority as priority6_0_,
        ticket0_.product as product7_0_,
        ticket0_.severity as severity8_0_,
        ticket0_.start_date as start_da9_0_,
        ticket0_.status as status10_0_,
        ticket0_.title as title11_0_,
        ticket0_.version as version12_0_ 
    from
        ticket ticket0_
Resetting system
Hibernate: 
    select
        ticket0_.code as code1_0_,
        ticket0_.client_id as client_i2_0_,
        ticket0_.closing_date as closing_3_0_,
        ticket0_.description as descript4_0_,
        ticket0_.employee_id as employee5_0_,
        ticket0_.priority as priority6_0_,
        ticket0_.product as product7_0_,
        ticket0_.severity as severity8_0_,
        ticket0_.start_date as start_da9_0_,
        ticket0_.status as status10_0_,
        ticket0_.title as title11_0_,
        ticket0_.version as version12_0_ 
    from
        ticket ticket0_
Resetting system
Hibernate: 
    select
        ticket0_.code as code1_0_,
        ticket0_.client_id as client_i2_0_,
        ticket0_.closing_date as closing_3_0_,
        ticket0_.description as descript4_0_,
        ticket0_.employee_id as employee5_0_,
        ticket0_.priority as priority6_0_,
        ticket0_.product as product7_0_,
        ticket0_.severity as severity8_0_,
        ticket0_.start_date as start_da9_0_,
        ticket0_.status as status10_0_,
        ticket0_.title as title11_0_,
        ticket0_.version as version12_0_ 
    from
        ticket ticket0_
2023-12-04 19:15:58.391  INFO 213155 --- [    Test worker] o.s.t.c.support.AbstractContextLoader    : Could not detect default resource locations for test class [com.aninfo.integration.cucumber.TicketIntegrationServiceTest]: no resource found for suffixes {-context.xml, Context.groovy}.
2023-12-04 19:15:58.392  INFO 213155 --- [    Test worker] .b.t.c.SpringBootTestContextBootstrapper : Loaded default TestExecutionListener class names from location [META-INF/spring.factories]: [org.springframework.boot.test.autoconfigure.restdocs.RestDocsTestExecutionListener, org.springframework.boot.test.autoconfigure.web.client.MockRestServiceServerResetTestExecutionListener, org.springframework.boot.test.autoconfigure.web.servlet.MockMvcPrintOnlyOnFailureTestExecutionListener, org.springframework.boot.test.autoconfigure.web.servlet.WebDriverTestExecutionListener, org.springframework.boot.test.mock.mockito.MockitoTestExecutionListener, org.springframework.boot.test.mock.mockito.ResetMocksTestExecutionListener, org.springframework.test.context.web.ServletTestExecutionListener, org.springframework.test.context.support.DirtiesContextBeforeModesTestExecutionListener, org.springframework.test.context.support.DependencyInjectionTestExecutionListener, org.springframework.test.context.support.DirtiesContextTestExecutionListener, org.springframework.test.context.transaction.TransactionalTestExecutionListener, org.springframework.test.context.jdbc.SqlScriptsTestExecutionListener, org.springframework.test.context.event.EventPublishingTestExecutionListener]
2023-12-04 19:15:58.394  INFO 213155 --- [    Test worker] .b.t.c.SpringBootTestContextBootstrapper : Using TestExecutionListeners: [org.springframework.test.context.web.ServletTestExecutionListener@4c0193fd, org.springframework.test.context.support.DirtiesContextBeforeModesTestExecutionListener@3b8f36e, org.springframework.boot.test.mock.mockito.MockitoTestExecutionListener@1a6f49ed, org.springframework.boot.test.autoconfigure.SpringBootDependencyInjectionTestExecutionListener@17dec476, org.springframework.test.context.support.DirtiesContextTestExecutionListener@5700330b, org.springframework.test.context.transaction.TransactionalTestExecutionListener@13678906, org.springframework.test.context.jdbc.SqlScriptsTestExecutionListener@73a79aa6, org.springframework.test.context.event.EventPublishingTestExecutionListener@123b1dd0, org.springframework.boot.test.autoconfigure.restdocs.RestDocsTestExecutionListener@4475ecf7, org.springframework.boot.test.autoconfigure.web.client.MockRestServiceServerResetTestExecutionListener@6bf562c6, org.springframework.boot.test.autoconfigure.web.servlet.MockMvcPrintOnlyOnFailureTestExecutionListener@24c8b7b4, org.springframework.boot.test.autoconfigure.web.servlet.WebDriverTestExecutionListener@6ed7fb60, org.springframework.boot.test.mock.mockito.ResetMocksTestExecutionListener@5aea019]
Before any test execution
Before any test execution
Before any test execution
Before any test execution
Hibernate: 
    select
        ticket0_.code as code1_0_,
        ticket0_.client_id as client_i2_0_,
        ticket0_.closing_date as closing_3_0_,
        ticket0_.description as descript4_0_,
        ticket0_.employee_id as employee5_0_,
        ticket0_.priority as priority6_0_,
        ticket0_.product as product7_0_,
        ticket0_.severity as severity8_0_,
        ticket0_.start_date as start_da9_0_,
        ticket0_.status as status10_0_,
        ticket0_.title as title11_0_,
        ticket0_.version as version12_0_ 
    from
        ticket ticket0_ 
    where
        ticket0_.title=?
Hibernate: 
    call next value for hibernate_sequence
Hibernate: 
    insert 
    into
        ticket
        (client_id, closing_date, description, employee_id, priority, product, severity, start_date, status, title, version, code) 
    values
        (?, ?, ?, ?, ?, ?, ?, ?, ?, ?, ?, ?)
Hibernate: 
    select
        ticket0_.code as code1_0_,
        ticket0_.client_id as client_i2_0_,
        ticket0_.closing_date as closing_3_0_,
        ticket0_.description as descript4_0_,
        ticket0_.employee_id as employee5_0_,
        ticket0_.priority as priority6_0_,
        ticket0_.product as product7_0_,
        ticket0_.severity as severity8_0_,
        ticket0_.start_date as start_da9_0_,
        ticket0_.status as status10_0_,
        ticket0_.title as title11_0_,
        ticket0_.version as version12_0_ 
    from
        ticket ticket0_ 
    where
        ticket0_.title=?
Resetting system
Hibernate: 
    select
        ticket0_.code as code1_0_,
        ticket0_.client_id as client_i2_0_,
        ticket0_.closing_date as closing_3_0_,
        ticket0_.description as descript4_0_,
        ticket0_.employee_id as employee5_0_,
        ticket0_.priority as priority6_0_,
        ticket0_.product as product7_0_,
        ticket0_.severity as severity8_0_,
        ticket0_.start_date as start_da9_0_,
        ticket0_.status as status10_0_,
        ticket0_.title as title11_0_,
        ticket0_.version as version12_0_ 
    from
        ticket ticket0_
Hibernate: 
    delete 
    from
        ticket_tasks 
    where
        ticket_id=?
Hibernate: 
    delete 
    from
        ticket 
    where
        code=?
Resetting system
Hibernate: 
    select
        ticket0_.code as code1_0_,
        ticket0_.client_id as client_i2_0_,
        ticket0_.closing_date as closing_3_0_,
        ticket0_.description as descript4_0_,
        ticket0_.employee_id as employee5_0_,
        ticket0_.priority as priority6_0_,
        ticket0_.product as product7_0_,
        ticket0_.severity as severity8_0_,
        ticket0_.start_date as start_da9_0_,
        ticket0_.status as status10_0_,
        ticket0_.title as title11_0_,
        ticket0_.version as version12_0_ 
    from
        ticket ticket0_
Resetting system
Hibernate: 
    select
        ticket0_.code as code1_0_,
        ticket0_.client_id as client_i2_0_,
        ticket0_.closing_date as closing_3_0_,
        ticket0_.description as descript4_0_,
        ticket0_.employee_id as employee5_0_,
        ticket0_.priority as priority6_0_,
        ticket0_.product as product7_0_,
        ticket0_.severity as severity8_0_,
        ticket0_.start_date as start_da9_0_,
        ticket0_.status as status10_0_,
        ticket0_.title as title11_0_,
        ticket0_.version as version12_0_ 
    from
        ticket ticket0_
Resetting system
Hibernate: 
    select
        ticket0_.code as code1_0_,
        ticket0_.client_id as client_i2_0_,
        ticket0_.closing_date as closing_3_0_,
        ticket0_.description as descript4_0_,
        ticket0_.employee_id as employee5_0_,
        ticket0_.priority as priority6_0_,
        ticket0_.product as product7_0_,
        ticket0_.severity as severity8_0_,
        ticket0_.start_date as start_da9_0_,
        ticket0_.status as status10_0_,
        ticket0_.title as title11_0_,
        ticket0_.version as version12_0_ 
    from
        ticket ticket0_
2023-12-04 19:15:58.444  INFO 213155 --- [    Test worker] o.s.t.c.support.AbstractContextLoader    : Could not detect default resource locations for test class [com.aninfo.integration.cucumber.TicketIntegrationServiceTest]: no resource found for suffixes {-context.xml, Context.groovy}.
2023-12-04 19:15:58.450  INFO 213155 --- [    Test worker] .b.t.c.SpringBootTestContextBootstrapper : Loaded default TestExecutionListener class names from location [META-INF/spring.factories]: [org.springframework.boot.test.autoconfigure.restdocs.RestDocsTestExecutionListener, org.springframework.boot.test.autoconfigure.web.client.MockRestServiceServerResetTestExecutionListener, org.springframework.boot.test.autoconfigure.web.servlet.MockMvcPrintOnlyOnFailureTestExecutionListener, org.springframework.boot.test.autoconfigure.web.servlet.WebDriverTestExecutionListener, org.springframework.boot.test.mock.mockito.MockitoTestExecutionListener, org.springframework.boot.test.mock.mockito.ResetMocksTestExecutionListener, org.springframework.test.context.web.ServletTestExecutionListener, org.springframework.test.context.support.DirtiesContextBeforeModesTestExecutionListener, org.springframework.test.context.support.DependencyInjectionTestExecutionListener, org.springframework.test.context.support.DirtiesContextTestExecutionListener, org.springframework.test.context.transaction.TransactionalTestExecutionListener, org.springframework.test.context.jdbc.SqlScriptsTestExecutionListener, org.springframework.test.context.event.EventPublishingTestExecutionListener]
2023-12-04 19:15:58.452  INFO 213155 --- [    Test worker] .b.t.c.SpringBootTestContextBootstrapper : Using TestExecutionListeners: [org.springframework.test.context.web.ServletTestExecutionListener@1b8a4be1, org.springframework.test.context.support.DirtiesContextBeforeModesTestExecutionListener@761db38, org.springframework.boot.test.mock.mockito.MockitoTestExecutionListener@3ac3c62d, org.springframework.boot.test.autoconfigure.SpringBootDependencyInjectionTestExecutionListener@45e14520, org.springframework.test.context.support.DirtiesContextTestExecutionListener@c7dcb3e, org.springframework.test.context.transaction.TransactionalTestExecutionListener@54c7992, org.springframework.test.context.jdbc.SqlScriptsTestExecutionListener@219a25b8, org.springframework.test.context.event.EventPublishingTestExecutionListener@6e9dacee, org.springframework.boot.test.autoconfigure.restdocs.RestDocsTestExecutionListener@cdbae38, org.springframework.boot.test.autoconfigure.web.client.MockRestServiceServerResetTestExecutionListener@6a3dd6d8, org.springframework.boot.test.autoconfigure.web.servlet.MockMvcPrintOnlyOnFailureTestExecutionListener@1a7a99c2, org.springframework.boot.test.autoconfigure.web.servlet.WebDriverTestExecutionListener@1983bcbf, org.springframework.boot.test.mock.mockito.ResetMocksTestExecutionListener@48787bd9]
Before any test execution
Before any test execution
Before any test execution
Before any test execution
Hibernate: 
    select
        ticket0_.code as code1_0_,
        ticket0_.client_id as client_i2_0_,
        ticket0_.closing_date as closing_3_0_,
        ticket0_.description as descript4_0_,
        ticket0_.employee_id as employee5_0_,
        ticket0_.priority as priority6_0_,
        ticket0_.product as product7_0_,
        ticket0_.severity as severity8_0_,
        ticket0_.start_date as start_da9_0_,
        ticket0_.status as status10_0_,
        ticket0_.title as title11_0_,
        ticket0_.version as version12_0_ 
    from
        ticket ticket0_ 
    where
        ticket0_.title=?
Hibernate: 
    call next value for hibernate_sequence
Hibernate: 
    insert 
    into
        ticket
        (client_id, closing_date, description, employee_id, priority, product, severity, start_date, status, title, version, code) 
    values
        (?, ?, ?, ?, ?, ?, ?, ?, ?, ?, ?, ?)
Resetting system
Hibernate: 
    select
        ticket0_.code as code1_0_,
        ticket0_.client_id as client_i2_0_,
        ticket0_.closing_date as closing_3_0_,
        ticket0_.description as descript4_0_,
        ticket0_.employee_id as employee5_0_,
        ticket0_.priority as priority6_0_,
        ticket0_.product as product7_0_,
        ticket0_.severity as severity8_0_,
        ticket0_.start_date as start_da9_0_,
        ticket0_.status as status10_0_,
        ticket0_.title as title11_0_,
        ticket0_.version as version12_0_ 
    from
        ticket ticket0_
Hibernate: 
    delete 
    from
        ticket_tasks 
    where
        ticket_id=?
Hibernate: 
    delete 
    from
        ticket 
    where
        code=?
Resetting system
Hibernate: 
    select
        ticket0_.code as code1_0_,
        ticket0_.client_id as client_i2_0_,
        ticket0_.closing_date as closing_3_0_,
        ticket0_.description as descript4_0_,
        ticket0_.employee_id as employee5_0_,
        ticket0_.priority as priority6_0_,
        ticket0_.product as product7_0_,
        ticket0_.severity as severity8_0_,
        ticket0_.start_date as start_da9_0_,
        ticket0_.status as status10_0_,
        ticket0_.title as title11_0_,
        ticket0_.version as version12_0_ 
    from
        ticket ticket0_
Resetting system
Hibernate: 
    select
        ticket0_.code as code1_0_,
        ticket0_.client_id as client_i2_0_,
        ticket0_.closing_date as closing_3_0_,
        ticket0_.description as descript4_0_,
        ticket0_.employee_id as employee5_0_,
        ticket0_.priority as priority6_0_,
        ticket0_.product as product7_0_,
        ticket0_.severity as severity8_0_,
        ticket0_.start_date as start_da9_0_,
        ticket0_.status as status10_0_,
        ticket0_.title as title11_0_,
        ticket0_.version as version12_0_ 
    from
        ticket ticket0_
Resetting system
Hibernate: 
    select
        ticket0_.code as code1_0_,
        ticket0_.client_id as client_i2_0_,
        ticket0_.closing_date as closing_3_0_,
        ticket0_.description as descript4_0_,
        ticket0_.employee_id as employee5_0_,
        ticket0_.priority as priority6_0_,
        ticket0_.product as product7_0_,
        ticket0_.severity as severity8_0_,
        ticket0_.start_date as start_da9_0_,
        ticket0_.status as status10_0_,
        ticket0_.title as title11_0_,
        ticket0_.version as version12_0_ 
    from
        ticket ticket0_
2023-12-04 19:15:58.489  INFO 213155 --- [    Test worker] o.s.t.c.support.AbstractContextLoader    : Could not detect default resource locations for test class [com.aninfo.integration.cucumber.TicketIntegrationServiceTest]: no resource found for suffixes {-context.xml, Context.groovy}.
2023-12-04 19:15:58.492  INFO 213155 --- [    Test worker] .b.t.c.SpringBootTestContextBootstrapper : Loaded default TestExecutionListener class names from location [META-INF/spring.factories]: [org.springframework.boot.test.autoconfigure.restdocs.RestDocsTestExecutionListener, org.springframework.boot.test.autoconfigure.web.client.MockRestServiceServerResetTestExecutionListener, org.springframework.boot.test.autoconfigure.web.servlet.MockMvcPrintOnlyOnFailureTestExecutionListener, org.springframework.boot.test.autoconfigure.web.servlet.WebDriverTestExecutionListener, org.springframework.boot.test.mock.mockito.MockitoTestExecutionListener, org.springframework.boot.test.mock.mockito.ResetMocksTestExecutionListener, org.springframework.test.context.web.ServletTestExecutionListener, org.springframework.test.context.support.DirtiesContextBeforeModesTestExecutionListener, org.springframework.test.context.support.DependencyInjectionTestExecutionListener, org.springframework.test.context.support.DirtiesContextTestExecutionListener, org.springframework.test.context.transaction.TransactionalTestExecutionListener, org.springframework.test.context.jdbc.SqlScriptsTestExecutionListener, org.springframework.test.context.event.EventPublishingTestExecutionListener]
2023-12-04 19:15:58.492  INFO 213155 --- [    Test worker] .b.t.c.SpringBootTestContextBootstrapper : Using TestExecutionListeners: [org.springframework.test.context.web.ServletTestExecutionListener@749f31f9, org.springframework.test.context.support.DirtiesContextBeforeModesTestExecutionListener@3d3d38fa, org.springframework.boot.test.mock.mockito.MockitoTestExecutionListener@4bfbb6f1, org.springframework.boot.test.autoconfigure.SpringBootDependencyInjectionTestExecutionListener@1c5f792f, org.springframework.test.context.support.DirtiesContextTestExecutionListener@114293a4, org.springframework.test.context.transaction.TransactionalTestExecutionListener@45ec839e, org.springframework.test.context.jdbc.SqlScriptsTestExecutionListener@53b6f9ec, org.springframework.test.context.event.EventPublishingTestExecutionListener@34c764b4, org.springframework.boot.test.autoconfigure.restdocs.RestDocsTestExecutionListener@311d1e3b, org.springframework.boot.test.autoconfigure.web.client.MockRestServiceServerResetTestExecutionListener@10cc8bf5, org.springframework.boot.test.autoconfigure.web.servlet.MockMvcPrintOnlyOnFailureTestExecutionListener@74517999, org.springframework.boot.test.autoconfigure.web.servlet.WebDriverTestExecutionListener@7b3c5163, org.springframework.boot.test.mock.mockito.ResetMocksTestExecutionListener@228964f9]
Before any test execution
Before any test execution
Before any test execution
Before any test execution
Hibernate: 
    select
        ticket0_.code as code1_0_,
        ticket0_.client_id as client_i2_0_,
        ticket0_.closing_date as closing_3_0_,
        ticket0_.description as descript4_0_,
        ticket0_.employee_id as employee5_0_,
        ticket0_.priority as priority6_0_,
        ticket0_.product as product7_0_,
        ticket0_.severity as severity8_0_,
        ticket0_.start_date as start_da9_0_,
        ticket0_.status as status10_0_,
        ticket0_.title as title11_0_,
        ticket0_.version as version12_0_ 
    from
        ticket ticket0_ 
    where
        ticket0_.title=?
Hibernate: 
    call next value for hibernate_sequence
Hibernate: 
    insert 
    into
        ticket
        (client_id, closing_date, description, employee_id, priority, product, severity, start_date, status, title, version, code) 
    values
        (?, ?, ?, ?, ?, ?, ?, ?, ?, ?, ?, ?)
Hibernate: 
    select
        ticket0_.code as code1_0_0_,
        ticket0_.client_id as client_i2_0_0_,
        ticket0_.closing_date as closing_3_0_0_,
        ticket0_.description as descript4_0_0_,
        ticket0_.employee_id as employee5_0_0_,
        ticket0_.priority as priority6_0_0_,
        ticket0_.product as product7_0_0_,
        ticket0_.severity as severity8_0_0_,
        ticket0_.start_date as start_da9_0_0_,
        ticket0_.status as status10_0_0_,
        ticket0_.title as title11_0_0_,
        ticket0_.version as version12_0_0_ 
    from
        ticket ticket0_ 
    where
        ticket0_.code=?
Hibernate: 
    select
        ticket0_.code as code1_0_0_,
        ticket0_.client_id as client_i2_0_0_,
        ticket0_.closing_date as closing_3_0_0_,
        ticket0_.description as descript4_0_0_,
        ticket0_.employee_id as employee5_0_0_,
        ticket0_.priority as priority6_0_0_,
        ticket0_.product as product7_0_0_,
        ticket0_.severity as severity8_0_0_,
        ticket0_.start_date as start_da9_0_0_,
        ticket0_.status as status10_0_0_,
        ticket0_.title as title11_0_0_,
        ticket0_.version as version12_0_0_ 
    from
        ticket ticket0_ 
    where
        ticket0_.code=?
Hibernate: 
    update
        ticket 
    set
        client_id=?,
        closing_date=?,
        description=?,
        employee_id=?,
        priority=?,
        product=?,
        severity=?,
        start_date=?,
        status=?,
        title=?,
        version=? 
    where
        code=?
Resetting system
Hibernate: 
    select
        ticket0_.code as code1_0_,
        ticket0_.client_id as client_i2_0_,
        ticket0_.closing_date as closing_3_0_,
        ticket0_.description as descript4_0_,
        ticket0_.employee_id as employee5_0_,
        ticket0_.priority as priority6_0_,
        ticket0_.product as product7_0_,
        ticket0_.severity as severity8_0_,
        ticket0_.start_date as start_da9_0_,
        ticket0_.status as status10_0_,
        ticket0_.title as title11_0_,
        ticket0_.version as version12_0_ 
    from
        ticket ticket0_
Hibernate: 
    delete 
    from
        ticket_tasks 
    where
        ticket_id=?
Hibernate: 
    delete 
    from
        ticket 
    where
        code=?
Resetting system
Hibernate: 
    select
        ticket0_.code as code1_0_,
        ticket0_.client_id as client_i2_0_,
        ticket0_.closing_date as closing_3_0_,
        ticket0_.description as descript4_0_,
        ticket0_.employee_id as employee5_0_,
        ticket0_.priority as priority6_0_,
        ticket0_.product as product7_0_,
        ticket0_.severity as severity8_0_,
        ticket0_.start_date as start_da9_0_,
        ticket0_.status as status10_0_,
        ticket0_.title as title11_0_,
        ticket0_.version as version12_0_ 
    from
        ticket ticket0_
Resetting system
Hibernate: 
    select
        ticket0_.code as code1_0_,
        ticket0_.client_id as client_i2_0_,
        ticket0_.closing_date as closing_3_0_,
        ticket0_.description as descript4_0_,
        ticket0_.employee_id as employee5_0_,
        ticket0_.priority as priority6_0_,
        ticket0_.product as product7_0_,
        ticket0_.severity as severity8_0_,
        ticket0_.start_date as start_da9_0_,
        ticket0_.status as status10_0_,
        ticket0_.title as title11_0_,
        ticket0_.version as version12_0_ 
    from
        ticket ticket0_
Resetting system
Hibernate: 
    select
        ticket0_.code as code1_0_,
        ticket0_.client_id as client_i2_0_,
        ticket0_.closing_date as closing_3_0_,
        ticket0_.description as descript4_0_,
        ticket0_.employee_id as employee5_0_,
        ticket0_.priority as priority6_0_,
        ticket0_.product as product7_0_,
        ticket0_.severity as severity8_0_,
        ticket0_.start_date as start_da9_0_,
        ticket0_.status as status10_0_,
        ticket0_.title as title11_0_,
        ticket0_.version as version12_0_ 
    from
        ticket ticket0_
2023-12-04 19:15:58.592  INFO 213155 --- [    Test worker] o.s.t.c.support.AbstractContextLoader    : Could not detect default resource locations for test class [com.aninfo.integration.cucumber.TicketIntegrationServiceTest]: no resource found for suffixes {-context.xml, Context.groovy}.
2023-12-04 19:15:58.594  INFO 213155 --- [    Test worker] .b.t.c.SpringBootTestContextBootstrapper : Loaded default TestExecutionListener class names from location [META-INF/spring.factories]: [org.springframework.boot.test.autoconfigure.restdocs.RestDocsTestExecutionListener, org.springframework.boot.test.autoconfigure.web.client.MockRestServiceServerResetTestExecutionListener, org.springframework.boot.test.autoconfigure.web.servlet.MockMvcPrintOnlyOnFailureTestExecutionListener, org.springframework.boot.test.autoconfigure.web.servlet.WebDriverTestExecutionListener, org.springframework.boot.test.mock.mockito.MockitoTestExecutionListener, org.springframework.boot.test.mock.mockito.ResetMocksTestExecutionListener, org.springframework.test.context.web.ServletTestExecutionListener, org.springframework.test.context.support.DirtiesContextBeforeModesTestExecutionListener, org.springframework.test.context.support.DependencyInjectionTestExecutionListener, org.springframework.test.context.support.DirtiesContextTestExecutionListener, org.springframework.test.context.transaction.TransactionalTestExecutionListener, org.springframework.test.context.jdbc.SqlScriptsTestExecutionListener, org.springframework.test.context.event.EventPublishingTestExecutionListener]
2023-12-04 19:15:58.595  INFO 213155 --- [    Test worker] .b.t.c.SpringBootTestContextBootstrapper : Using TestExecutionListeners: [org.springframework.test.context.web.ServletTestExecutionListener@16cd9ea, org.springframework.test.context.support.DirtiesContextBeforeModesTestExecutionListener@35bb1db3, org.springframework.boot.test.mock.mockito.MockitoTestExecutionListener@56ad8a96, org.springframework.boot.test.autoconfigure.SpringBootDependencyInjectionTestExecutionListener@702cd013, org.springframework.test.context.support.DirtiesContextTestExecutionListener@1768e475, org.springframework.test.context.transaction.TransactionalTestExecutionListener@7a5335ae, org.springframework.test.context.jdbc.SqlScriptsTestExecutionListener@4090f948, org.springframework.test.context.event.EventPublishingTestExecutionListener@56aa1501, org.springframework.boot.test.autoconfigure.restdocs.RestDocsTestExecutionListener@6b108ed, org.springframework.boot.test.autoconfigure.web.client.MockRestServiceServerResetTestExecutionListener@65aca3d0, org.springframework.boot.test.autoconfigure.web.servlet.MockMvcPrintOnlyOnFailureTestExecutionListener@22314c94, org.springframework.boot.test.autoconfigure.web.servlet.WebDriverTestExecutionListener@24b547ce, org.springframework.boot.test.mock.mockito.ResetMocksTestExecutionListener@2a4dd5d5]
Before any test execution
Before any test execution
Before any test execution
Before any test execution
Hibernate: 
    select
        ticket0_.code as code1_0_,
        ticket0_.client_id as client_i2_0_,
        ticket0_.closing_date as closing_3_0_,
        ticket0_.description as descript4_0_,
        ticket0_.employee_id as employee5_0_,
        ticket0_.priority as priority6_0_,
        ticket0_.product as product7_0_,
        ticket0_.severity as severity8_0_,
        ticket0_.start_date as start_da9_0_,
        ticket0_.status as status10_0_,
        ticket0_.title as title11_0_,
        ticket0_.version as version12_0_ 
    from
        ticket ticket0_ 
    where
        ticket0_.title=?
Hibernate: 
    call next value for hibernate_sequence
Hibernate: 
    insert 
    into
        ticket
        (client_id, closing_date, description, employee_id, priority, product, severity, start_date, status, title, version, code) 
    values
        (?, ?, ?, ?, ?, ?, ?, ?, ?, ?, ?, ?)
Hibernate: 
    select
        ticket0_.code as code1_0_0_,
        ticket0_.client_id as client_i2_0_0_,
        ticket0_.closing_date as closing_3_0_0_,
        ticket0_.description as descript4_0_0_,
        ticket0_.employee_id as employee5_0_0_,
        ticket0_.priority as priority6_0_0_,
        ticket0_.product as product7_0_0_,
        ticket0_.severity as severity8_0_0_,
        ticket0_.start_date as start_da9_0_0_,
        ticket0_.status as status10_0_0_,
        ticket0_.title as title11_0_0_,
        ticket0_.version as version12_0_0_ 
    from
        ticket ticket0_ 
    where
        ticket0_.code=?
Hibernate: 
    select
        ticket0_.code as code1_0_0_,
        ticket0_.client_id as client_i2_0_0_,
        ticket0_.closing_date as closing_3_0_0_,
        ticket0_.description as descript4_0_0_,
        ticket0_.employee_id as employee5_0_0_,
        ticket0_.priority as priority6_0_0_,
        ticket0_.product as product7_0_0_,
        ticket0_.severity as severity8_0_0_,
        ticket0_.start_date as start_da9_0_0_,
        ticket0_.status as status10_0_0_,
        ticket0_.title as title11_0_0_,
        ticket0_.version as version12_0_0_ 
    from
        ticket ticket0_ 
    where
        ticket0_.code=?
Hibernate: 
    update
        ticket 
    set
        client_id=?,
        closing_date=?,
        description=?,
        employee_id=?,
        priority=?,
        product=?,
        severity=?,
        start_date=?,
        status=?,
        title=?,
        version=? 
    where
        code=?
Resetting system
Hibernate: 
    select
        ticket0_.code as code1_0_,
        ticket0_.client_id as client_i2_0_,
        ticket0_.closing_date as closing_3_0_,
        ticket0_.description as descript4_0_,
        ticket0_.employee_id as employee5_0_,
        ticket0_.priority as priority6_0_,
        ticket0_.product as product7_0_,
        ticket0_.severity as severity8_0_,
        ticket0_.start_date as start_da9_0_,
        ticket0_.status as status10_0_,
        ticket0_.title as title11_0_,
        ticket0_.version as version12_0_ 
    from
        ticket ticket0_
Hibernate: 
    delete 
    from
        ticket_tasks 
    where
        ticket_id=?
Hibernate: 
    delete 
    from
        ticket 
    where
        code=?
Resetting system
Hibernate: 
    select
        ticket0_.code as code1_0_,
        ticket0_.client_id as client_i2_0_,
        ticket0_.closing_date as closing_3_0_,
        ticket0_.description as descript4_0_,
        ticket0_.employee_id as employee5_0_,
        ticket0_.priority as priority6_0_,
        ticket0_.product as product7_0_,
        ticket0_.severity as severity8_0_,
        ticket0_.start_date as start_da9_0_,
        ticket0_.status as status10_0_,
        ticket0_.title as title11_0_,
        ticket0_.version as version12_0_ 
    from
        ticket ticket0_
Resetting system
Hibernate: 
    select
        ticket0_.code as code1_0_,
        ticket0_.client_id as client_i2_0_,
        ticket0_.closing_date as closing_3_0_,
        ticket0_.description as descript4_0_,
        ticket0_.employee_id as employee5_0_,
        ticket0_.priority as priority6_0_,
        ticket0_.product as product7_0_,
        ticket0_.severity as severity8_0_,
        ticket0_.start_date as start_da9_0_,
        ticket0_.status as status10_0_,
        ticket0_.title as title11_0_,
        ticket0_.version as version12_0_ 
    from
        ticket ticket0_
Resetting system
Hibernate: 
    select
        ticket0_.code as code1_0_,
        ticket0_.client_id as client_i2_0_,
        ticket0_.closing_date as closing_3_0_,
        ticket0_.description as descript4_0_,
        ticket0_.employee_id as employee5_0_,
        ticket0_.priority as priority6_0_,
        ticket0_.product as product7_0_,
        ticket0_.severity as severity8_0_,
        ticket0_.start_date as start_da9_0_,
        ticket0_.status as status10_0_,
        ticket0_.title as title11_0_,
        ticket0_.version as version12_0_ 
    from
        ticket ticket0_
2023-12-04 19:15:58.643  INFO 213155 --- [    Test worker] o.s.t.c.support.AbstractContextLoader    : Could not detect default resource locations for test class [com.aninfo.integration.cucumber.TicketIntegrationServiceTest]: no resource found for suffixes {-context.xml, Context.groovy}.
2023-12-04 19:15:58.647  INFO 213155 --- [    Test worker] .b.t.c.SpringBootTestContextBootstrapper : Loaded default TestExecutionListener class names from location [META-INF/spring.factories]: [org.springframework.boot.test.autoconfigure.restdocs.RestDocsTestExecutionListener, org.springframework.boot.test.autoconfigure.web.client.MockRestServiceServerResetTestExecutionListener, org.springframework.boot.test.autoconfigure.web.servlet.MockMvcPrintOnlyOnFailureTestExecutionListener, org.springframework.boot.test.autoconfigure.web.servlet.WebDriverTestExecutionListener, org.springframework.boot.test.mock.mockito.MockitoTestExecutionListener, org.springframework.boot.test.mock.mockito.ResetMocksTestExecutionListener, org.springframework.test.context.web.ServletTestExecutionListener, org.springframework.test.context.support.DirtiesContextBeforeModesTestExecutionListener, org.springframework.test.context.support.DependencyInjectionTestExecutionListener, org.springframework.test.context.support.DirtiesContextTestExecutionListener, org.springframework.test.context.transaction.TransactionalTestExecutionListener, org.springframework.test.context.jdbc.SqlScriptsTestExecutionListener, org.springframework.test.context.event.EventPublishingTestExecutionListener]
2023-12-04 19:15:58.648  INFO 213155 --- [    Test worker] .b.t.c.SpringBootTestContextBootstrapper : Using TestExecutionListeners: [org.springframework.test.context.web.ServletTestExecutionListener@455536e2, org.springframework.test.context.support.DirtiesContextBeforeModesTestExecutionListener@466c6464, org.springframework.boot.test.mock.mockito.MockitoTestExecutionListener@72ba5af1, org.springframework.boot.test.autoconfigure.SpringBootDependencyInjectionTestExecutionListener@1331c662, org.springframework.test.context.support.DirtiesContextTestExecutionListener@7fbf00c0, org.springframework.test.context.transaction.TransactionalTestExecutionListener@5a550417, org.springframework.test.context.jdbc.SqlScriptsTestExecutionListener@7a18a07e, org.springframework.test.context.event.EventPublishingTestExecutionListener@67876b89, org.springframework.boot.test.autoconfigure.restdocs.RestDocsTestExecutionListener@60b9deb9, org.springframework.boot.test.autoconfigure.web.client.MockRestServiceServerResetTestExecutionListener@12be0b05, org.springframework.boot.test.autoconfigure.web.servlet.MockMvcPrintOnlyOnFailureTestExecutionListener@2d9a527c, org.springframework.boot.test.autoconfigure.web.servlet.WebDriverTestExecutionListener@711dbf65, org.springframework.boot.test.mock.mockito.ResetMocksTestExecutionListener@5f7ffbe9]
Before any test execution
Before any test execution
Before any test execution
Before any test execution
Hibernate: 
    select
        ticket0_.code as code1_0_,
        ticket0_.client_id as client_i2_0_,
        ticket0_.closing_date as closing_3_0_,
        ticket0_.description as descript4_0_,
        ticket0_.employee_id as employee5_0_,
        ticket0_.priority as priority6_0_,
        ticket0_.product as product7_0_,
        ticket0_.severity as severity8_0_,
        ticket0_.start_date as start_da9_0_,
        ticket0_.status as status10_0_,
        ticket0_.title as title11_0_,
        ticket0_.version as version12_0_ 
    from
        ticket ticket0_ 
    where
        ticket0_.title=?
Hibernate: 
    call next value for hibernate_sequence
Hibernate: 
    insert 
    into
        ticket
        (client_id, closing_date, description, employee_id, priority, product, severity, start_date, status, title, version, code) 
    values
        (?, ?, ?, ?, ?, ?, ?, ?, ?, ?, ?, ?)
Hibernate: 
    select
        ticket0_.code as code1_0_0_,
        ticket0_.client_id as client_i2_0_0_,
        ticket0_.closing_date as closing_3_0_0_,
        ticket0_.description as descript4_0_0_,
        ticket0_.employee_id as employee5_0_0_,
        ticket0_.priority as priority6_0_0_,
        ticket0_.product as product7_0_0_,
        ticket0_.severity as severity8_0_0_,
        ticket0_.start_date as start_da9_0_0_,
        ticket0_.status as status10_0_0_,
        ticket0_.title as title11_0_0_,
        ticket0_.version as version12_0_0_ 
    from
        ticket ticket0_ 
    where
        ticket0_.code=?
Hibernate: 
    select
        ticket0_.code as code1_0_0_,
        ticket0_.client_id as client_i2_0_0_,
        ticket0_.closing_date as closing_3_0_0_,
        ticket0_.description as descript4_0_0_,
        ticket0_.employee_id as employee5_0_0_,
        ticket0_.priority as priority6_0_0_,
        ticket0_.product as product7_0_0_,
        ticket0_.severity as severity8_0_0_,
        ticket0_.start_date as start_da9_0_0_,
        ticket0_.status as status10_0_0_,
        ticket0_.title as title11_0_0_,
        ticket0_.version as version12_0_0_ 
    from
        ticket ticket0_ 
    where
        ticket0_.code=?
Hibernate: 
    update
        ticket 
    set
        client_id=?,
        closing_date=?,
        description=?,
        employee_id=?,
        priority=?,
        product=?,
        severity=?,
        start_date=?,
        status=?,
        title=?,
        version=? 
    where
        code=?
Resetting system
Hibernate: 
    select
        ticket0_.code as code1_0_,
        ticket0_.client_id as client_i2_0_,
        ticket0_.closing_date as closing_3_0_,
        ticket0_.description as descript4_0_,
        ticket0_.employee_id as employee5_0_,
        ticket0_.priority as priority6_0_,
        ticket0_.product as product7_0_,
        ticket0_.severity as severity8_0_,
        ticket0_.start_date as start_da9_0_,
        ticket0_.status as status10_0_,
        ticket0_.title as title11_0_,
        ticket0_.version as version12_0_ 
    from
        ticket ticket0_
Hibernate: 
    delete 
    from
        ticket_tasks 
    where
        ticket_id=?
Hibernate: 
    delete 
    from
        ticket 
    where
        code=?
Resetting system
Hibernate: 
    select
        ticket0_.code as code1_0_,
        ticket0_.client_id as client_i2_0_,
        ticket0_.closing_date as closing_3_0_,
        ticket0_.description as descript4_0_,
        ticket0_.employee_id as employee5_0_,
        ticket0_.priority as priority6_0_,
        ticket0_.product as product7_0_,
        ticket0_.severity as severity8_0_,
        ticket0_.start_date as start_da9_0_,
        ticket0_.status as status10_0_,
        ticket0_.title as title11_0_,
        ticket0_.version as version12_0_ 
    from
        ticket ticket0_
Resetting system
Hibernate: 
    select
        ticket0_.code as code1_0_,
        ticket0_.client_id as client_i2_0_,
        ticket0_.closing_date as closing_3_0_,
        ticket0_.description as descript4_0_,
        ticket0_.employee_id as employee5_0_,
        ticket0_.priority as priority6_0_,
        ticket0_.product as product7_0_,
        ticket0_.severity as severity8_0_,
        ticket0_.start_date as start_da9_0_,
        ticket0_.status as status10_0_,
        ticket0_.title as title11_0_,
        ticket0_.version as version12_0_ 
    from
        ticket ticket0_
Resetting system
Hibernate: 
    select
        ticket0_.code as code1_0_,
        ticket0_.client_id as client_i2_0_,
        ticket0_.closing_date as closing_3_0_,
        ticket0_.description as descript4_0_,
        ticket0_.employee_id as employee5_0_,
        ticket0_.priority as priority6_0_,
        ticket0_.product as product7_0_,
        ticket0_.severity as severity8_0_,
        ticket0_.start_date as start_da9_0_,
        ticket0_.status as status10_0_,
        ticket0_.title as title11_0_,
        ticket0_.version as version12_0_ 
    from
        ticket ticket0_
2023-12-04 19:15:58.713  INFO 213155 --- [    Test worker] o.s.t.c.support.AbstractContextLoader    : Could not detect default resource locations for test class [com.aninfo.integration.cucumber.TicketIntegrationServiceTest]: no resource found for suffixes {-context.xml, Context.groovy}.
2023-12-04 19:15:58.718  INFO 213155 --- [    Test worker] .b.t.c.SpringBootTestContextBootstrapper : Loaded default TestExecutionListener class names from location [META-INF/spring.factories]: [org.springframework.boot.test.autoconfigure.restdocs.RestDocsTestExecutionListener, org.springframework.boot.test.autoconfigure.web.client.MockRestServiceServerResetTestExecutionListener, org.springframework.boot.test.autoconfigure.web.servlet.MockMvcPrintOnlyOnFailureTestExecutionListener, org.springframework.boot.test.autoconfigure.web.servlet.WebDriverTestExecutionListener, org.springframework.boot.test.mock.mockito.MockitoTestExecutionListener, org.springframework.boot.test.mock.mockito.ResetMocksTestExecutionListener, org.springframework.test.context.web.ServletTestExecutionListener, org.springframework.test.context.support.DirtiesContextBeforeModesTestExecutionListener, org.springframework.test.context.support.DependencyInjectionTestExecutionListener, org.springframework.test.context.support.DirtiesContextTestExecutionListener, org.springframework.test.context.transaction.TransactionalTestExecutionListener, org.springframework.test.context.jdbc.SqlScriptsTestExecutionListener, org.springframework.test.context.event.EventPublishingTestExecutionListener]
2023-12-04 19:15:58.719  INFO 213155 --- [    Test worker] .b.t.c.SpringBootTestContextBootstrapper : Using TestExecutionListeners: [org.springframework.test.context.web.ServletTestExecutionListener@5dc1885d, org.springframework.test.context.support.DirtiesContextBeforeModesTestExecutionListener@334371da, org.springframework.boot.test.mock.mockito.MockitoTestExecutionListener@b245562, org.springframework.boot.test.autoconfigure.SpringBootDependencyInjectionTestExecutionListener@1fb94607, org.springframework.test.context.support.DirtiesContextTestExecutionListener@4e6bb6cd, org.springframework.test.context.transaction.TransactionalTestExecutionListener@668ec37b, org.springframework.test.context.jdbc.SqlScriptsTestExecutionListener@4f28158d, org.springframework.test.context.event.EventPublishingTestExecutionListener@1af4fb11, org.springframework.boot.test.autoconfigure.restdocs.RestDocsTestExecutionListener@9baeb5c, org.springframework.boot.test.autoconfigure.web.client.MockRestServiceServerResetTestExecutionListener@19bf640b, org.springframework.boot.test.autoconfigure.web.servlet.MockMvcPrintOnlyOnFailureTestExecutionListener@16b48ecc, org.springframework.boot.test.autoconfigure.web.servlet.WebDriverTestExecutionListener@2ba5d378, org.springframework.boot.test.mock.mockito.ResetMocksTestExecutionListener@759b3d5b]
Before any test execution
Before any test execution
Before any test execution
Before any test execution
Hibernate: 
    select
        ticket0_.code as code1_0_,
        ticket0_.client_id as client_i2_0_,
        ticket0_.closing_date as closing_3_0_,
        ticket0_.description as descript4_0_,
        ticket0_.employee_id as employee5_0_,
        ticket0_.priority as priority6_0_,
        ticket0_.product as product7_0_,
        ticket0_.severity as severity8_0_,
        ticket0_.start_date as start_da9_0_,
        ticket0_.status as status10_0_,
        ticket0_.title as title11_0_,
        ticket0_.version as version12_0_ 
    from
        ticket ticket0_ 
    where
        ticket0_.title=?
Hibernate: 
    call next value for hibernate_sequence
Hibernate: 
    insert 
    into
        ticket
        (client_id, closing_date, description, employee_id, priority, product, severity, start_date, status, title, version, code) 
    values
        (?, ?, ?, ?, ?, ?, ?, ?, ?, ?, ?, ?)
Hibernate: 
    select
        ticket0_.code as code1_0_0_,
        ticket0_.client_id as client_i2_0_0_,
        ticket0_.closing_date as closing_3_0_0_,
        ticket0_.description as descript4_0_0_,
        ticket0_.employee_id as employee5_0_0_,
        ticket0_.priority as priority6_0_0_,
        ticket0_.product as product7_0_0_,
        ticket0_.severity as severity8_0_0_,
        ticket0_.start_date as start_da9_0_0_,
        ticket0_.status as status10_0_0_,
        ticket0_.title as title11_0_0_,
        ticket0_.version as version12_0_0_ 
    from
        ticket ticket0_ 
    where
        ticket0_.code=?
Hibernate: 
    select
        ticket0_.code as code1_0_0_,
        ticket0_.client_id as client_i2_0_0_,
        ticket0_.closing_date as closing_3_0_0_,
        ticket0_.description as descript4_0_0_,
        ticket0_.employee_id as employee5_0_0_,
        ticket0_.priority as priority6_0_0_,
        ticket0_.product as product7_0_0_,
        ticket0_.severity as severity8_0_0_,
        ticket0_.start_date as start_da9_0_0_,
        ticket0_.status as status10_0_0_,
        ticket0_.title as title11_0_0_,
        ticket0_.version as version12_0_0_ 
    from
        ticket ticket0_ 
    where
        ticket0_.code=?
Hibernate: 
    update
        ticket 
    set
        client_id=?,
        closing_date=?,
        description=?,
        employee_id=?,
        priority=?,
        product=?,
        severity=?,
        start_date=?,
        status=?,
        title=?,
        version=? 
    where
        code=?
Resetting system
Hibernate: 
    select
        ticket0_.code as code1_0_,
        ticket0_.client_id as client_i2_0_,
        ticket0_.closing_date as closing_3_0_,
        ticket0_.description as descript4_0_,
        ticket0_.employee_id as employee5_0_,
        ticket0_.priority as priority6_0_,
        ticket0_.product as product7_0_,
        ticket0_.severity as severity8_0_,
        ticket0_.start_date as start_da9_0_,
        ticket0_.status as status10_0_,
        ticket0_.title as title11_0_,
        ticket0_.version as version12_0_ 
    from
        ticket ticket0_
Hibernate: 
    delete 
    from
        ticket_tasks 
    where
        ticket_id=?
Hibernate: 
    delete 
    from
        ticket 
    where
        code=?
Resetting system
Hibernate: 
    select
        ticket0_.code as code1_0_,
        ticket0_.client_id as client_i2_0_,
        ticket0_.closing_date as closing_3_0_,
        ticket0_.description as descript4_0_,
        ticket0_.employee_id as employee5_0_,
        ticket0_.priority as priority6_0_,
        ticket0_.product as product7_0_,
        ticket0_.severity as severity8_0_,
        ticket0_.start_date as start_da9_0_,
        ticket0_.status as status10_0_,
        ticket0_.title as title11_0_,
        ticket0_.version as version12_0_ 
    from
        ticket ticket0_
Resetting system
Hibernate: 
    select
        ticket0_.code as code1_0_,
        ticket0_.client_id as client_i2_0_,
        ticket0_.closing_date as closing_3_0_,
        ticket0_.description as descript4_0_,
        ticket0_.employee_id as employee5_0_,
        ticket0_.priority as priority6_0_,
        ticket0_.product as product7_0_,
        ticket0_.severity as severity8_0_,
        ticket0_.start_date as start_da9_0_,
        ticket0_.status as status10_0_,
        ticket0_.title as title11_0_,
[...]
        ticket0_.status as status10_0_,
        ticket0_.title as title11_0_,
        ticket0_.version as version12_0_ 
    from
        ticket ticket0_
Resetting system
Hibernate: 
    select
        ticket0_.code as code1_0_,
        ticket0_.client_id as client_i2_0_,
        ticket0_.closing_date as closing_3_0_,
        ticket0_.description as descript4_0_,
        ticket0_.employee_id as employee5_0_,
        ticket0_.priority as priority6_0_,
        ticket0_.product as product7_0_,
        ticket0_.severity as severity8_0_,
        ticket0_.start_date as start_da9_0_,
        ticket0_.status as status10_0_,
        ticket0_.title as title11_0_,
        ticket0_.version as version12_0_ 
    from
        ticket ticket0_
2023-12-04 19:15:59.141  INFO 213155 --- [    Test worker] o.s.t.c.support.AbstractContextLoader    : Could not detect default resource locations for test class [com.aninfo.integration.cucumber.TicketIntegrationServiceTest]: no resource found for suffixes {-context.xml, Context.groovy}.
2023-12-04 19:15:59.150  INFO 213155 --- [    Test worker] .b.t.c.SpringBootTestContextBootstrapper : Loaded default TestExecutionListener class names from location [META-INF/spring.factories]: [org.springframework.boot.test.autoconfigure.restdocs.RestDocsTestExecutionListener, org.springframework.boot.test.autoconfigure.web.client.MockRestServiceServerResetTestExecutionListener, org.springframework.boot.test.autoconfigure.web.servlet.MockMvcPrintOnlyOnFailureTestExecutionListener, org.springframework.boot.test.autoconfigure.web.servlet.WebDriverTestExecutionListener, org.springframework.boot.test.mock.mockito.MockitoTestExecutionListener, org.springframework.boot.test.mock.mockito.ResetMocksTestExecutionListener, org.springframework.test.context.web.ServletTestExecutionListener, org.springframework.test.context.support.DirtiesContextBeforeModesTestExecutionListener, org.springframework.test.context.support.DependencyInjectionTestExecutionListener, org.springframework.test.context.support.DirtiesContextTestExecutionListener, org.springframework.test.context.transaction.TransactionalTestExecutionListener, org.springframework.test.context.jdbc.SqlScriptsTestExecutionListener, org.springframework.test.context.event.EventPublishingTestExecutionListener]
2023-12-04 19:15:59.155  INFO 213155 --- [    Test worker] .b.t.c.SpringBootTestContextBootstrapper : Using TestExecutionListeners: [org.springframework.test.context.web.ServletTestExecutionListener@54706509, org.springframework.test.context.support.DirtiesContextBeforeModesTestExecutionListener@3fed23df, org.springframework.boot.test.mock.mockito.MockitoTestExecutionListener@45a43597, org.springframework.boot.test.autoconfigure.SpringBootDependencyInjectionTestExecutionListener@1fcdbe5a, org.springframework.test.context.support.DirtiesContextTestExecutionListener@4842d887, org.springframework.test.context.transaction.TransactionalTestExecutionListener@1e67f98b, org.springframework.test.context.jdbc.SqlScriptsTestExecutionListener@7a8b6f5d, org.springframework.test.context.event.EventPublishingTestExecutionListener@8463138, org.springframework.boot.test.autoconfigure.restdocs.RestDocsTestExecutionListener@569e4657, org.springframework.boot.test.autoconfigure.web.client.MockRestServiceServerResetTestExecutionListener@779456ae, org.springframework.boot.test.autoconfigure.web.servlet.MockMvcPrintOnlyOnFailureTestExecutionListener@56442e86, org.springframework.boot.test.autoconfigure.web.servlet.WebDriverTestExecutionListener@6f321a87, org.springframework.boot.test.mock.mockito.ResetMocksTestExecutionListener@4bba55c8]
Before any test execution
Before any test execution
Before any test execution
Before any test execution
Resetting system
Hibernate: 
    select
        ticket0_.code as code1_0_,
        ticket0_.client_id as client_i2_0_,
        ticket0_.closing_date as closing_3_0_,
        ticket0_.description as descript4_0_,
        ticket0_.employee_id as employee5_0_,
        ticket0_.priority as priority6_0_,
        ticket0_.product as product7_0_,
        ticket0_.severity as severity8_0_,
        ticket0_.start_date as start_da9_0_,
        ticket0_.status as status10_0_,
        ticket0_.title as title11_0_,
        ticket0_.version as version12_0_ 
    from
        ticket ticket0_
Resetting system
Hibernate: 
    select
        ticket0_.code as code1_0_,
        ticket0_.client_id as client_i2_0_,
        ticket0_.closing_date as closing_3_0_,
        ticket0_.description as descript4_0_,
        ticket0_.employee_id as employee5_0_,
        ticket0_.priority as priority6_0_,
        ticket0_.product as product7_0_,
        ticket0_.severity as severity8_0_,
        ticket0_.start_date as start_da9_0_,
        ticket0_.status as status10_0_,
        ticket0_.title as title11_0_,
        ticket0_.version as version12_0_ 
    from
        ticket ticket0_
Resetting system
Hibernate: 
    select
        ticket0_.code as code1_0_,
        ticket0_.client_id as client_i2_0_,
        ticket0_.closing_date as closing_3_0_,
        ticket0_.description as descript4_0_,
        ticket0_.employee_id as employee5_0_,
        ticket0_.priority as priority6_0_,
        ticket0_.product as product7_0_,
        ticket0_.severity as severity8_0_,
        ticket0_.start_date as start_da9_0_,
        ticket0_.status as status10_0_,
        ticket0_.title as title11_0_,
        ticket0_.version as version12_0_ 
    from
        ticket ticket0_
Resetting system
Hibernate: 
    select
        ticket0_.code as code1_0_,
        ticket0_.client_id as client_i2_0_,
        ticket0_.closing_date as closing_3_0_,
        ticket0_.description as descript4_0_,
        ticket0_.employee_id as employee5_0_,
        ticket0_.priority as priority6_0_,
        ticket0_.product as product7_0_,
        ticket0_.severity as severity8_0_,
        ticket0_.start_date as start_da9_0_,
        ticket0_.status as status10_0_,
        ticket0_.title as title11_0_,
        ticket0_.version as version12_0_ 
    from
        ticket ticket0_
2023-12-04 19:15:59.180  INFO 213155 --- [    Test worker] o.s.t.c.support.AbstractContextLoader    : Could not detect default resource locations for test class [com.aninfo.integration.cucumber.TicketIntegrationServiceTest]: no resource found for suffixes {-context.xml, Context.groovy}.
2023-12-04 19:15:59.183  INFO 213155 --- [    Test worker] .b.t.c.SpringBootTestContextBootstrapper : Loaded default TestExecutionListener class names from location [META-INF/spring.factories]: [org.springframework.boot.test.autoconfigure.restdocs.RestDocsTestExecutionListener, org.springframework.boot.test.autoconfigure.web.client.MockRestServiceServerResetTestExecutionListener, org.springframework.boot.test.autoconfigure.web.servlet.MockMvcPrintOnlyOnFailureTestExecutionListener, org.springframework.boot.test.autoconfigure.web.servlet.WebDriverTestExecutionListener, org.springframework.boot.test.mock.mockito.MockitoTestExecutionListener, org.springframework.boot.test.mock.mockito.ResetMocksTestExecutionListener, org.springframework.test.context.web.ServletTestExecutionListener, org.springframework.test.context.support.DirtiesContextBeforeModesTestExecutionListener, org.springframework.test.context.support.DependencyInjectionTestExecutionListener, org.springframework.test.context.support.DirtiesContextTestExecutionListener, org.springframework.test.context.transaction.TransactionalTestExecutionListener, org.springframework.test.context.jdbc.SqlScriptsTestExecutionListener, org.springframework.test.context.event.EventPublishingTestExecutionListener]
2023-12-04 19:15:59.184  INFO 213155 --- [    Test worker] .b.t.c.SpringBootTestContextBootstrapper : Using TestExecutionListeners: [org.springframework.test.context.web.ServletTestExecutionListener@367ec133, org.springframework.test.context.support.DirtiesContextBeforeModesTestExecutionListener@570e68ad, org.springframework.boot.test.mock.mockito.MockitoTestExecutionListener@70754ac9, org.springframework.boot.test.autoconfigure.SpringBootDependencyInjectionTestExecutionListener@7853102, org.springframework.test.context.support.DirtiesContextTestExecutionListener@47321f98, org.springframework.test.context.transaction.TransactionalTestExecutionListener@635d4cd3, org.springframework.test.context.jdbc.SqlScriptsTestExecutionListener@39a47173, org.springframework.test.context.event.EventPublishingTestExecutionListener@17875a64, org.springframework.boot.test.autoconfigure.restdocs.RestDocsTestExecutionListener@401e49d3, org.springframework.boot.test.autoconfigure.web.client.MockRestServiceServerResetTestExecutionListener@492caed7, org.springframework.boot.test.autoconfigure.web.servlet.MockMvcPrintOnlyOnFailureTestExecutionListener@53196168, org.springframework.boot.test.autoconfigure.web.servlet.WebDriverTestExecutionListener@7e604515, org.springframework.boot.test.mock.mockito.ResetMocksTestExecutionListener@4c82cbdb]
Before any test execution
Before any test execution
Before any test execution
Before any test execution
Hibernate: 
    select
        ticket0_.code as code1_0_,
        ticket0_.client_id as client_i2_0_,
        ticket0_.closing_date as closing_3_0_,
        ticket0_.description as descript4_0_,
        ticket0_.employee_id as employee5_0_,
        ticket0_.priority as priority6_0_,
        ticket0_.product as product7_0_,
        ticket0_.severity as severity8_0_,
        ticket0_.start_date as start_da9_0_,
        ticket0_.status as status10_0_,
        ticket0_.title as title11_0_,
        ticket0_.version as version12_0_ 
    from
        ticket ticket0_ 
    where
        ticket0_.title=?
Hibernate: 
    call next value for hibernate_sequence
Hibernate: 
    insert 
    into
        ticket
        (client_id, closing_date, description, employee_id, priority, product, severity, start_date, status, title, version, code) 
    values
        (?, ?, ?, ?, ?, ?, ?, ?, ?, ?, ?, ?)
Hibernate: 
    select
        ticket0_.code as code1_0_0_,
        ticket0_.client_id as client_i2_0_0_,
        ticket0_.closing_date as closing_3_0_0_,
        ticket0_.description as descript4_0_0_,
        ticket0_.employee_id as employee5_0_0_,
        ticket0_.priority as priority6_0_0_,
        ticket0_.product as product7_0_0_,
        ticket0_.severity as severity8_0_0_,
        ticket0_.start_date as start_da9_0_0_,
        ticket0_.status as status10_0_0_,
        ticket0_.title as title11_0_0_,
        ticket0_.version as version12_0_0_ 
    from
        ticket ticket0_ 
    where
        ticket0_.code=?
Resetting system
Hibernate: 
    select
        ticket0_.code as code1_0_,
        ticket0_.client_id as client_i2_0_,
        ticket0_.closing_date as closing_3_0_,
        ticket0_.description as descript4_0_,
        ticket0_.employee_id as employee5_0_,
        ticket0_.priority as priority6_0_,
        ticket0_.product as product7_0_,
        ticket0_.severity as severity8_0_,
        ticket0_.start_date as start_da9_0_,
        ticket0_.status as status10_0_,
        ticket0_.title as title11_0_,
        ticket0_.version as version12_0_ 
    from
        ticket ticket0_
Hibernate: 
    delete 
    from
        ticket_tasks 
    where
        ticket_id=?
Hibernate: 
    delete 
    from
        ticket 
    where
        code=?
Resetting system
Hibernate: 
    select
        ticket0_.code as code1_0_,
        ticket0_.client_id as client_i2_0_,
        ticket0_.closing_date as closing_3_0_,
        ticket0_.description as descript4_0_,
        ticket0_.employee_id as employee5_0_,
        ticket0_.priority as priority6_0_,
        ticket0_.product as product7_0_,
        ticket0_.severity as severity8_0_,
        ticket0_.start_date as start_da9_0_,
        ticket0_.status as status10_0_,
        ticket0_.title as title11_0_,
        ticket0_.version as version12_0_ 
    from
        ticket ticket0_
Resetting system
Hibernate: 
    select
        ticket0_.code as code1_0_,
        ticket0_.client_id as client_i2_0_,
        ticket0_.closing_date as closing_3_0_,
        ticket0_.description as descript4_0_,
        ticket0_.employee_id as employee5_0_,
        ticket0_.priority as priority6_0_,
        ticket0_.product as product7_0_,
        ticket0_.severity as severity8_0_,
        ticket0_.start_date as start_da9_0_,
        ticket0_.status as status10_0_,
        ticket0_.title as title11_0_,
        ticket0_.version as version12_0_ 
    from
        ticket ticket0_
Resetting system
Hibernate: 
    select
        ticket0_.code as code1_0_,
        ticket0_.client_id as client_i2_0_,
        ticket0_.closing_date as closing_3_0_,
        ticket0_.description as descript4_0_,
        ticket0_.employee_id as employee5_0_,
        ticket0_.priority as priority6_0_,
        ticket0_.product as product7_0_,
        ticket0_.severity as severity8_0_,
        ticket0_.start_date as start_da9_0_,
        ticket0_.status as status10_0_,
        ticket0_.title as title11_0_,
        ticket0_.version as version12_0_ 
    from
        ticket ticket0_
2023-12-04 19:15:59.217  INFO 213155 --- [    Test worker] o.s.t.c.support.AbstractContextLoader    : Could not detect default resource locations for test class [com.aninfo.integration.cucumber.TicketIntegrationServiceTest]: no resource found for suffixes {-context.xml, Context.groovy}.
2023-12-04 19:15:59.219  INFO 213155 --- [    Test worker] .b.t.c.SpringBootTestContextBootstrapper : Loaded default TestExecutionListener class names from location [META-INF/spring.factories]: [org.springframework.boot.test.autoconfigure.restdocs.RestDocsTestExecutionListener, org.springframework.boot.test.autoconfigure.web.client.MockRestServiceServerResetTestExecutionListener, org.springframework.boot.test.autoconfigure.web.servlet.MockMvcPrintOnlyOnFailureTestExecutionListener, org.springframework.boot.test.autoconfigure.web.servlet.WebDriverTestExecutionListener, org.springframework.boot.test.mock.mockito.MockitoTestExecutionListener, org.springframework.boot.test.mock.mockito.ResetMocksTestExecutionListener, org.springframework.test.context.web.ServletTestExecutionListener, org.springframework.test.context.support.DirtiesContextBeforeModesTestExecutionListener, org.springframework.test.context.support.DependencyInjectionTestExecutionListener, org.springframework.test.context.support.DirtiesContextTestExecutionListener, org.springframework.test.context.transaction.TransactionalTestExecutionListener, org.springframework.test.context.jdbc.SqlScriptsTestExecutionListener, org.springframework.test.context.event.EventPublishingTestExecutionListener]
2023-12-04 19:15:59.219  INFO 213155 --- [    Test worker] .b.t.c.SpringBootTestContextBootstrapper : Using TestExecutionListeners: [org.springframework.test.context.web.ServletTestExecutionListener@4f604a39, org.springframework.test.context.support.DirtiesContextBeforeModesTestExecutionListener@761feab0, org.springframework.boot.test.mock.mockito.MockitoTestExecutionListener@11e704b4, org.springframework.boot.test.autoconfigure.SpringBootDependencyInjectionTestExecutionListener@3ec470d0, org.springframework.test.context.support.DirtiesContextTestExecutionListener@7338c4b3, org.springframework.test.context.transaction.TransactionalTestExecutionListener@7a7bfa0e, org.springframework.test.context.jdbc.SqlScriptsTestExecutionListener@53108351, org.springframework.test.context.event.EventPublishingTestExecutionListener@4e4f3b13, org.springframework.boot.test.autoconfigure.restdocs.RestDocsTestExecutionListener@7b677335, org.springframework.boot.test.autoconfigure.web.client.MockRestServiceServerResetTestExecutionListener@5ee95ddd, org.springframework.boot.test.autoconfigure.web.servlet.MockMvcPrintOnlyOnFailureTestExecutionListener@934575a, org.springframework.boot.test.autoconfigure.web.servlet.WebDriverTestExecutionListener@3e9472cc, org.springframework.boot.test.mock.mockito.ResetMocksTestExecutionListener@7e2a40f0]
Before any test execution
Before any test execution
Before any test execution
Before any test execution
Hibernate: 
    select
        ticket0_.code as code1_0_0_,
        ticket0_.client_id as client_i2_0_0_,
        ticket0_.closing_date as closing_3_0_0_,
        ticket0_.description as descript4_0_0_,
        ticket0_.employee_id as employee5_0_0_,
        ticket0_.priority as priority6_0_0_,
        ticket0_.product as product7_0_0_,
        ticket0_.severity as severity8_0_0_,
        ticket0_.start_date as start_da9_0_0_,
        ticket0_.status as status10_0_0_,
        ticket0_.title as title11_0_0_,
        ticket0_.version as version12_0_0_ 
    from
        ticket ticket0_ 
    where
        ticket0_.code=?
Resetting system
Hibernate: 
    select
        ticket0_.code as code1_0_,
        ticket0_.client_id as client_i2_0_,
        ticket0_.closing_date as closing_3_0_,
        ticket0_.description as descript4_0_,
        ticket0_.employee_id as employee5_0_,
        ticket0_.priority as priority6_0_,
        ticket0_.product as product7_0_,
        ticket0_.severity as severity8_0_,
        ticket0_.start_date as start_da9_0_,
        ticket0_.status as status10_0_,
        ticket0_.title as title11_0_,
        ticket0_.version as version12_0_ 
    from
        ticket ticket0_
Resetting system
Hibernate: 
    select
        ticket0_.code as code1_0_,
        ticket0_.client_id as client_i2_0_,
        ticket0_.closing_date as closing_3_0_,
        ticket0_.description as descript4_0_,
        ticket0_.employee_id as employee5_0_,
        ticket0_.priority as priority6_0_,
        ticket0_.product as product7_0_,
        ticket0_.severity as severity8_0_,
        ticket0_.start_date as start_da9_0_,
        ticket0_.status as status10_0_,
        ticket0_.title as title11_0_,
        ticket0_.version as version12_0_ 
    from
        ticket ticket0_
Resetting system
Hibernate: 
    select
        ticket0_.code as code1_0_,
        ticket0_.client_id as client_i2_0_,
        ticket0_.closing_date as closing_3_0_,
        ticket0_.description as descript4_0_,
        ticket0_.employee_id as employee5_0_,
        ticket0_.priority as priority6_0_,
        ticket0_.product as product7_0_,
        ticket0_.severity as severity8_0_,
        ticket0_.start_date as start_da9_0_,
        ticket0_.status as status10_0_,
        ticket0_.title as title11_0_,
        ticket0_.version as version12_0_ 
    from
        ticket ticket0_
Resetting system
Hibernate: 
    select
        ticket0_.code as code1_0_,
        ticket0_.client_id as client_i2_0_,
        ticket0_.closing_date as closing_3_0_,
        ticket0_.description as descript4_0_,
        ticket0_.employee_id as employee5_0_,
        ticket0_.priority as priority6_0_,
        ticket0_.product as product7_0_,
        ticket0_.severity as severity8_0_,
        ticket0_.start_date as start_da9_0_,
        ticket0_.status as status10_0_,
        ticket0_.title as title11_0_,
        ticket0_.version as version12_0_ 
    from
        ticket ticket0_

18 Scenarios (?[33m3 undefined?[0m, ?[32m15 passed?[0m)
57 Steps (?[36m4 skipped?[0m, ?[33m3 undefined?[0m, ?[32m50 passed?[0m)
0m1,654s


You can implement missing steps with the snippets below:

@Given("^A ticket with clientID (\\d+)$")
public void a_ticket_with_clientID(int arg1) throws Throwable {
    // Write code here that turns the phrase above into concrete actions
    throw new PendingException();
}

@Then("^EmployeeId is edited successfully$")
public void employeeid_is_edited_successfully() throws Throwable {
    // Write code here that turns the phrase above into concrete actions
    throw new PendingException();
}

@Given("^A ticket with closingDate today$")
public void a_ticket_with_closingDate_today() throws Throwable {
    // Write code here that turns the phrase above into concrete actions
    throw new PendingException();
}

]]></system-out>
  <system-err><![CDATA[]]></system-err>
</testsuite>
