<?xml version="1.0" encoding="UTF-8"?>
<testsuite name="com.aninfo.integration.cucumber.CucumberTest" tests="42" skipped="4" failures="0" errors="0" timestamp="2023-12-02T18:19:49" hostname="lminervino-Lenovo-V15-G2-ITL" time="0.665">
  <properties/>
  <testcase name="Given No tickets to access" classname="com.aninfo.integration.cucumber.CucumberTest" time="0.001"/>
  <testcase name="When Trying to get tickets" classname="com.aninfo.integration.cucumber.CucumberTest" time="0.0"/>
  <testcase name="Then I get no tickets" classname="com.aninfo.integration.cucumber.CucumberTest" time="0.001"/>
  <testcase name="Given Two tickets" classname="com.aninfo.integration.cucumber.CucumberTest" time="0.001"/>
  <testcase name="When Trying to get tickets" classname="com.aninfo.integration.cucumber.CucumberTest" time="0.001"/>
  <testcase name="Then I get two tickets" classname="com.aninfo.integration.cucumber.CucumberTest" time="0.001"/>
  <testcase name="Given Ticket with name Ticket1 because of accesing" classname="com.aninfo.integration.cucumber.CucumberTest" time="0.0"/>
  <testcase name="When Trying to find ticket with name Ticket1" classname="com.aninfo.integration.cucumber.CucumberTest" time="0.001"/>
  <testcase name="Then I get the ticket appropriately" classname="com.aninfo.integration.cucumber.CucumberTest" time="0.0"/>
  <testcase name="Given Ticket with name MyTicket1 because of accesing" classname="com.aninfo.integration.cucumber.CucumberTest" time="0.0"/>
  <testcase name="When Trying to find ticket with name MyTicket2" classname="com.aninfo.integration.cucumber.CucumberTest" time="0.001"/>
  <testcase name="Then I get an Invalid Ticket Exception because of accessing" classname="com.aninfo.integration.cucumber.CucumberTest" time="0.0"/>
  <testcase name="Given No ticket with name ticket1" classname="com.aninfo.integration.cucumber.CucumberTest" time="0.0"/>
  <testcase name="When Trying to create a ticket with name ticket1" classname="com.aninfo.integration.cucumber.CucumberTest" time="0.0"/>
  <testcase name="Then It is created successfully" classname="com.aninfo.integration.cucumber.CucumberTest" time="0.0"/>
  <testcase name="And Ticket is named ticket1" classname="com.aninfo.integration.cucumber.CucumberTest" time="0.0"/>
  <testcase name="Given A ticket with status NOT STARTED" classname="com.aninfo.integration.cucumber.CucumberTest" time="0.0"/>
  <testcase name="When Trying to edit the status from NOT STARTED to IN PROGRESS" classname="com.aninfo.integration.cucumber.CucumberTest" time="0.001"/>
  <testcase name="Then Status is edited successfully" classname="com.aninfo.integration.cucumber.CucumberTest" time="0.0"/>
  <testcase name="Given A ticket with severity S1" classname="com.aninfo.integration.cucumber.CucumberTest" time="0.0"/>
  <testcase name="When Trying to edit the severity from S1 to S2" classname="com.aninfo.integration.cucumber.CucumberTest" time="0.0"/>
  <testcase name="Then Severity is edited successfully" classname="com.aninfo.integration.cucumber.CucumberTest" time="0.0"/>
  <testcase name="Given A ticket with priority LOW" classname="com.aninfo.integration.cucumber.CucumberTest" time="0.001"/>
  <testcase name="When Trying to edit the priority from LOW to HIGH" classname="com.aninfo.integration.cucumber.CucumberTest" time="0.001"/>
  <testcase name="Then Priority is edited successfully" classname="com.aninfo.integration.cucumber.CucumberTest" time="0.0"/>
  <testcase name="Given A ticket with an empty info" classname="com.aninfo.integration.cucumber.CucumberTest" time="0.0"/>
  <testcase name="When Trying to edit the info to a different one" classname="com.aninfo.integration.cucumber.CucumberTest" time="0.0"/>
  <testcase name="Then Info is edited successfully" classname="com.aninfo.integration.cucumber.CucumberTest" time="0.0"/>
  <testcase name="Given A ticket with name ticket1" classname="com.aninfo.integration.cucumber.CucumberTest" time="0.0"/>
  <testcase name="When Trying to edit the name from ticket1 to ticket2" classname="com.aninfo.integration.cucumber.CucumberTest" time="0.0"/>
  <testcase name="Then Name is edited successfully" classname="com.aninfo.integration.cucumber.CucumberTest" time="0.0"/>
  <testcase name="Given Two tickets with names ticket1 and ticket2" classname="com.aninfo.integration.cucumber.CucumberTest" time="0.0"/>
  <testcase name="When Trying to edit the name of ticket1 to the same name of ticket2" classname="com.aninfo.integration.cucumber.CucumberTest" time="0.0"/>
  <testcase name="Then I get a Ticket Name Already Taken Exception" classname="com.aninfo.integration.cucumber.CucumberTest" time="0.0"/>
  <testcase name="And It remain with the original name" classname="com.aninfo.integration.cucumber.CucumberTest" time="0.0"/>
  <testcase name="Given A ticket" classname="com.aninfo.integration.cucumber.CucumberTest" time="0.0"/>
  <testcase name="When Searching this ticket by it's code" classname="com.aninfo.integration.cucumber.CucumberTest" time="0.0"/>
  <testcase name="Then It is found successfully" classname="com.aninfo.integration.cucumber.CucumberTest" time="0.0"/>
  <testcase name="And The tickets's code matches" classname="com.aninfo.integration.cucumber.CucumberTest" time="0.001">
    <skipped/>
  </testcase>
  <testcase name="Given no tickets to search" classname="com.aninfo.integration.cucumber.CucumberTest" time="0.0">
    <skipped/>
  </testcase>
  <testcase name="When Searching a ticket by it's code" classname="com.aninfo.integration.cucumber.CucumberTest" time="0.0">
    <skipped/>
  </testcase>
  <testcase name="Then I get an Invalid Ticket Exception because of searching" classname="com.aninfo.integration.cucumber.CucumberTest" time="0.0">
    <skipped/>
  </testcase>
  <system-out><![CDATA[15:19:44.263 [Test worker] DEBUG org.springframework.test.context.BootstrapUtils - Instantiating CacheAwareContextLoaderDelegate from class [org.springframework.test.context.cache.DefaultCacheAwareContextLoaderDelegate]
15:19:44.283 [Test worker] DEBUG org.springframework.test.context.BootstrapUtils - Instantiating BootstrapContext using constructor [public org.springframework.test.context.support.DefaultBootstrapContext(java.lang.Class,org.springframework.test.context.CacheAwareContextLoaderDelegate)]
15:19:44.333 [Test worker] DEBUG org.springframework.test.context.BootstrapUtils - Instantiating TestContextBootstrapper for test class [com.aninfo.integration.cucumber.TicketAccessTest] from class [org.springframework.boot.test.context.SpringBootTestContextBootstrapper]
15:19:44.361 [Test worker] DEBUG org.springframework.test.context.support.AbstractContextLoader - Did not detect default resource location for test class [com.aninfo.integration.cucumber.TicketIntegrationServiceTest]: class path resource [com/aninfo/integration/cucumber/TicketIntegrationServiceTest-context.xml] does not exist
15:19:44.362 [Test worker] DEBUG org.springframework.test.context.support.AbstractContextLoader - Did not detect default resource location for test class [com.aninfo.integration.cucumber.TicketIntegrationServiceTest]: class path resource [com/aninfo/integration/cucumber/TicketIntegrationServiceTestContext.groovy] does not exist
15:19:44.363 [Test worker] INFO org.springframework.test.context.support.AbstractContextLoader - Could not detect default resource locations for test class [com.aninfo.integration.cucumber.TicketIntegrationServiceTest]: no resource found for suffixes {-context.xml, Context.groovy}.
15:19:44.426 [Test worker] DEBUG org.springframework.test.context.support.ActiveProfilesUtils - Could not find an 'annotation declaring class' for annotation type [org.springframework.test.context.ActiveProfiles] and class [com.aninfo.integration.cucumber.TicketAccessTest]
15:19:44.556 [Test worker] DEBUG org.springframework.boot.test.context.SpringBootTestContextBootstrapper - @TestExecutionListeners is not present for class [com.aninfo.integration.cucumber.TicketAccessTest]: using defaults.
15:19:44.557 [Test worker] INFO org.springframework.boot.test.context.SpringBootTestContextBootstrapper - Loaded default TestExecutionListener class names from location [META-INF/spring.factories]: [org.springframework.boot.test.autoconfigure.restdocs.RestDocsTestExecutionListener, org.springframework.boot.test.autoconfigure.web.client.MockRestServiceServerResetTestExecutionListener, org.springframework.boot.test.autoconfigure.web.servlet.MockMvcPrintOnlyOnFailureTestExecutionListener, org.springframework.boot.test.autoconfigure.web.servlet.WebDriverTestExecutionListener, org.springframework.boot.test.mock.mockito.MockitoTestExecutionListener, org.springframework.boot.test.mock.mockito.ResetMocksTestExecutionListener, org.springframework.test.context.web.ServletTestExecutionListener, org.springframework.test.context.support.DirtiesContextBeforeModesTestExecutionListener, org.springframework.test.context.support.DependencyInjectionTestExecutionListener, org.springframework.test.context.support.DirtiesContextTestExecutionListener, org.springframework.test.context.transaction.TransactionalTestExecutionListener, org.springframework.test.context.jdbc.SqlScriptsTestExecutionListener, org.springframework.test.context.event.EventPublishingTestExecutionListener]
15:19:44.576 [Test worker] INFO org.springframework.boot.test.context.SpringBootTestContextBootstrapper - Using TestExecutionListeners: [org.springframework.test.context.web.ServletTestExecutionListener@60958938, org.springframework.test.context.support.DirtiesContextBeforeModesTestExecutionListener@7324b6c2, org.springframework.boot.test.mock.mockito.MockitoTestExecutionListener@11c6419c, org.springframework.boot.test.autoconfigure.SpringBootDependencyInjectionTestExecutionListener@652a4a1e, org.springframework.test.context.support.DirtiesContextTestExecutionListener@29bac3ca, org.springframework.test.context.transaction.TransactionalTestExecutionListener@7f7ee299, org.springframework.test.context.jdbc.SqlScriptsTestExecutionListener@5c97964b, org.springframework.test.context.event.EventPublishingTestExecutionListener@6b5a4d7d, org.springframework.boot.test.autoconfigure.restdocs.RestDocsTestExecutionListener@1481774f, org.springframework.boot.test.autoconfigure.web.client.MockRestServiceServerResetTestExecutionListener@1ce3356c, org.springframework.boot.test.autoconfigure.web.servlet.MockMvcPrintOnlyOnFailureTestExecutionListener@7ca6dd75, org.springframework.boot.test.autoconfigure.web.servlet.WebDriverTestExecutionListener@452e4639, org.springframework.boot.test.mock.mockito.ResetMocksTestExecutionListener@5a0a6adc]
15:19:44.611 [Test worker] DEBUG org.springframework.test.context.support.TestPropertySourceUtils - Adding inlined properties to environment: {spring.jmx.enabled=false, org.springframework.boot.test.context.SpringBootTestContextBootstrapper=true, server.port=-1}

  .   ____          _            __ _ _
 /\\ / ___'_ __ _ _(_)_ __  __ _ \ \ \ \
( ( )\___ | '_ | '_| | '_ \/ _` | \ \ \ \
 \\/  ___)| |_)| | | | | || (_| |  ) ) ) )
  '  |____| .__|_| |_|_| |_\__, | / / / /
 =========|_|==============|___/=/_/_/_/
 :: Spring Boot ::        (v2.2.5.RELEASE)

2023-12-02 15:19:44.889  INFO 12516 --- [    Test worker] c.a.i.cucumber.TicketAccessTest          : Starting TicketAccessTest on lminervino-Lenovo-V15-G2-ITL with PID 12516 (started by lminervino18 in /home/lminervino18/Escritorio/MVP/squad_3_2023_2c)
2023-12-02 15:19:44.891  INFO 12516 --- [    Test worker] c.a.i.cucumber.TicketAccessTest          : No active profile set, falling back to default profiles: default
2023-12-02 15:19:45.707  INFO 12516 --- [    Test worker] .s.d.r.c.RepositoryConfigurationDelegate : Bootstrapping Spring Data JPA repositories in DEFAULT mode.
2023-12-02 15:19:45.835  INFO 12516 --- [    Test worker] .s.d.r.c.RepositoryConfigurationDelegate : Finished Spring Data repository scanning in 121ms. Found 1 JPA repository interfaces.
2023-12-02 15:19:46.446  INFO 12516 --- [    Test worker] o.hibernate.jpa.internal.util.LogHelper  : HHH000204: Processing PersistenceUnitInfo [name: default]
2023-12-02 15:19:46.491  INFO 12516 --- [    Test worker] org.hibernate.Version                    : HHH000412: Hibernate ORM core version 5.4.12.Final
2023-12-02 15:19:46.592  INFO 12516 --- [    Test worker] o.hibernate.annotations.common.Version   : HCANN000001: Hibernate Commons Annotations {5.1.0.Final}
2023-12-02 15:19:46.665  INFO 12516 --- [    Test worker] com.zaxxer.hikari.HikariDataSource       : HikariPool-1 - Starting...
2023-12-02 15:19:46.792  INFO 12516 --- [    Test worker] com.zaxxer.hikari.HikariDataSource       : HikariPool-1 - Start completed.
2023-12-02 15:19:46.805  INFO 12516 --- [    Test worker] org.hibernate.dialect.Dialect            : HHH000400: Using dialect: org.hibernate.dialect.H2Dialect
Hibernate: 
    
    drop table ticket if exists
Hibernate: 
    
    drop table ticket_tasks if exists
Hibernate: 
    
    drop sequence if exists hibernate_sequence
Hibernate: create sequence hibernate_sequence start with 1 increment by 1
Hibernate: 
    
    create table ticket (
       code bigint not null,
        closing_date date,
        description varchar(255),
        employee_id bigint,
        priority integer,
        product varchar(255),
        severity integer,
        start_date date,
        status integer,
        title varchar(255),
        version varchar(255),
        primary key (code)
    )
Hibernate: 
    
    create table ticket_tasks (
       ticket_id bigint not null,
        task_id bigint
    )
Hibernate: 
    
    alter table ticket_tasks 
       add constraint FKnbyd5rwnukhkx2huaqj7mmpdn 
       foreign key (ticket_id) 
       references ticket
2023-12-02 15:19:47.314  INFO 12516 --- [    Test worker] o.h.e.t.j.p.i.JtaPlatformInitiator       : HHH000490: Using JtaPlatform implementation: [org.hibernate.engine.transaction.jta.platform.internal.NoJtaPlatform]
2023-12-02 15:19:47.319  INFO 12516 --- [    Test worker] j.LocalContainerEntityManagerFactoryBean : Initialized JPA EntityManagerFactory for persistence unit 'default'
2023-12-02 15:19:47.841  WARN 12516 --- [    Test worker] JpaBaseConfiguration$JpaWebConfiguration : spring.jpa.open-in-view is enabled by default. Therefore, database queries may be performed during view rendering. Explicitly configure spring.jpa.open-in-view to disable this warning
2023-12-02 15:19:48.464  INFO 12516 --- [    Test worker] o.s.s.concurrent.ThreadPoolTaskExecutor  : Initializing ExecutorService 'applicationTaskExecutor'
2023-12-02 15:19:48.675  INFO 12516 --- [    Test worker] o.s.b.a.h2.H2ConsoleAutoConfiguration    : H2 console available at '/h2-console'. Database available at 'jdbc:h2:mem:DBNAME'
2023-12-02 15:19:49.168  INFO 12516 --- [    Test worker] c.a.i.cucumber.TicketAccessTest          : Started TicketAccessTest in 4.545 seconds (JVM running for 6.088)
Before any test execution
Before any test execution
Before any test execution
Before any test execution
Hibernate: 
    select
        ticket0_.code as code1_0_,
        ticket0_.closing_date as closing_2_0_,
        ticket0_.description as descript3_0_,
        ticket0_.employee_id as employee4_0_,
        ticket0_.priority as priority5_0_,
        ticket0_.product as product6_0_,
        ticket0_.severity as severity7_0_,
        ticket0_.start_date as start_da8_0_,
        ticket0_.status as status9_0_,
        ticket0_.title as title10_0_,
        ticket0_.version as version11_0_ 
    from
        ticket ticket0_
Resetting system
Hibernate: 
    select
        ticket0_.code as code1_0_,
        ticket0_.closing_date as closing_2_0_,
        ticket0_.description as descript3_0_,
        ticket0_.employee_id as employee4_0_,
        ticket0_.priority as priority5_0_,
        ticket0_.product as product6_0_,
        ticket0_.severity as severity7_0_,
        ticket0_.start_date as start_da8_0_,
        ticket0_.status as status9_0_,
        ticket0_.title as title10_0_,
        ticket0_.version as version11_0_ 
    from
        ticket ticket0_
Resetting system
Hibernate: 
    select
        ticket0_.code as code1_0_,
        ticket0_.closing_date as closing_2_0_,
        ticket0_.description as descript3_0_,
        ticket0_.employee_id as employee4_0_,
        ticket0_.priority as priority5_0_,
        ticket0_.product as product6_0_,
        ticket0_.severity as severity7_0_,
        ticket0_.start_date as start_da8_0_,
        ticket0_.status as status9_0_,
        ticket0_.title as title10_0_,
        ticket0_.version as version11_0_ 
    from
        ticket ticket0_
Resetting system
Hibernate: 
    select
        ticket0_.code as code1_0_,
        ticket0_.closing_date as closing_2_0_,
        ticket0_.description as descript3_0_,
        ticket0_.employee_id as employee4_0_,
        ticket0_.priority as priority5_0_,
        ticket0_.product as product6_0_,
        ticket0_.severity as severity7_0_,
        ticket0_.start_date as start_da8_0_,
        ticket0_.status as status9_0_,
        ticket0_.title as title10_0_,
        ticket0_.version as version11_0_ 
    from
        ticket ticket0_
Resetting system
Hibernate: 
    select
        ticket0_.code as code1_0_,
        ticket0_.closing_date as closing_2_0_,
        ticket0_.description as descript3_0_,
        ticket0_.employee_id as employee4_0_,
        ticket0_.priority as priority5_0_,
        ticket0_.product as product6_0_,
        ticket0_.severity as severity7_0_,
        ticket0_.start_date as start_da8_0_,
        ticket0_.status as status9_0_,
        ticket0_.title as title10_0_,
        ticket0_.version as version11_0_ 
    from
        ticket ticket0_
2023-12-02 15:19:49.560  INFO 12516 --- [    Test worker] o.s.t.c.support.AbstractContextLoader    : Could not detect default resource locations for test class [com.aninfo.integration.cucumber.TicketIntegrationServiceTest]: no resource found for suffixes {-context.xml, Context.groovy}.
2023-12-02 15:19:49.563  INFO 12516 --- [    Test worker] .b.t.c.SpringBootTestContextBootstrapper : Loaded default TestExecutionListener class names from location [META-INF/spring.factories]: [org.springframework.boot.test.autoconfigure.restdocs.RestDocsTestExecutionListener, org.springframework.boot.test.autoconfigure.web.client.MockRestServiceServerResetTestExecutionListener, org.springframework.boot.test.autoconfigure.web.servlet.MockMvcPrintOnlyOnFailureTestExecutionListener, org.springframework.boot.test.autoconfigure.web.servlet.WebDriverTestExecutionListener, org.springframework.boot.test.mock.mockito.MockitoTestExecutionListener, org.springframework.boot.test.mock.mockito.ResetMocksTestExecutionListener, org.springframework.test.context.web.ServletTestExecutionListener, org.springframework.test.context.support.DirtiesContextBeforeModesTestExecutionListener, org.springframework.test.context.support.DependencyInjectionTestExecutionListener, org.springframework.test.context.support.DirtiesContextTestExecutionListener, org.springframework.test.context.transaction.TransactionalTestExecutionListener, org.springframework.test.context.jdbc.SqlScriptsTestExecutionListener, org.springframework.test.context.event.EventPublishingTestExecutionListener]
2023-12-02 15:19:49.564  INFO 12516 --- [    Test worker] .b.t.c.SpringBootTestContextBootstrapper : Using TestExecutionListeners: [org.springframework.test.context.web.ServletTestExecutionListener@1d321980, org.springframework.test.context.support.DirtiesContextBeforeModesTestExecutionListener@143a90a1, org.springframework.boot.test.mock.mockito.MockitoTestExecutionListener@4478de85, org.springframework.boot.test.autoconfigure.SpringBootDependencyInjectionTestExecutionListener@170eacf8, org.springframework.test.context.support.DirtiesContextTestExecutionListener@1afd4980, org.springframework.test.context.transaction.TransactionalTestExecutionListener@5a026de6, org.springframework.test.context.jdbc.SqlScriptsTestExecutionListener@588c1cd5, org.springframework.test.context.event.EventPublishingTestExecutionListener@3a871250, org.springframework.boot.test.autoconfigure.restdocs.RestDocsTestExecutionListener@4ac6edc9, org.springframework.boot.test.autoconfigure.web.client.MockRestServiceServerResetTestExecutionListener@3e2c42a, org.springframework.boot.test.autoconfigure.web.servlet.MockMvcPrintOnlyOnFailureTestExecutionListener@3bb00a37, org.springframework.boot.test.autoconfigure.web.servlet.WebDriverTestExecutionListener@39a79a83, org.springframework.boot.test.mock.mockito.ResetMocksTestExecutionListener@44f280db]
Before any test execution
Before any test execution
Before any test execution
Before any test execution
Hibernate: 
    select
        ticket0_.code as code1_0_,
        ticket0_.closing_date as closing_2_0_,
        ticket0_.description as descript3_0_,
        ticket0_.employee_id as employee4_0_,
        ticket0_.priority as priority5_0_,
        ticket0_.product as product6_0_,
        ticket0_.severity as severity7_0_,
        ticket0_.start_date as start_da8_0_,
        ticket0_.status as status9_0_,
        ticket0_.title as title10_0_,
        ticket0_.version as version11_0_ 
    from
        ticket ticket0_ 
    where
        ticket0_.title=?
Hibernate: 
    call next value for hibernate_sequence
Hibernate: 
    insert 
    into
        ticket
        (closing_date, description, employee_id, priority, product, severity, start_date, status, title, version, code) 
    values
        (?, ?, ?, ?, ?, ?, ?, ?, ?, ?, ?)
Hibernate: 
    select
        ticket0_.code as code1_0_,
        ticket0_.closing_date as closing_2_0_,
        ticket0_.description as descript3_0_,
        ticket0_.employee_id as employee4_0_,
        ticket0_.priority as priority5_0_,
        ticket0_.product as product6_0_,
        ticket0_.severity as severity7_0_,
        ticket0_.start_date as start_da8_0_,
        ticket0_.status as status9_0_,
        ticket0_.title as title10_0_,
        ticket0_.version as version11_0_ 
    from
        ticket ticket0_ 
    where
        ticket0_.title=?
Hibernate: 
    call next value for hibernate_sequence
Hibernate: 
    insert 
    into
        ticket
        (closing_date, description, employee_id, priority, product, severity, start_date, status, title, version, code) 
    values
        (?, ?, ?, ?, ?, ?, ?, ?, ?, ?, ?)
Hibernate: 
    select
        ticket0_.code as code1_0_,
        ticket0_.closing_date as closing_2_0_,
        ticket0_.description as descript3_0_,
        ticket0_.employee_id as employee4_0_,
        ticket0_.priority as priority5_0_,
        ticket0_.product as product6_0_,
        ticket0_.severity as severity7_0_,
        ticket0_.start_date as start_da8_0_,
        ticket0_.status as status9_0_,
        ticket0_.title as title10_0_,
        ticket0_.version as version11_0_ 
    from
        ticket ticket0_
Hibernate: 
    select
        ticket0_.code as code1_0_,
        ticket0_.closing_date as closing_2_0_,
        ticket0_.description as descript3_0_,
        ticket0_.employee_id as employee4_0_,
        ticket0_.priority as priority5_0_,
        ticket0_.product as product6_0_,
        ticket0_.severity as severity7_0_,
        ticket0_.start_date as start_da8_0_,
        ticket0_.status as status9_0_,
        ticket0_.title as title10_0_,
        ticket0_.version as version11_0_ 
    from
        ticket ticket0_
Resetting system
Hibernate: 
    select
        ticket0_.code as code1_0_,
        ticket0_.closing_date as closing_2_0_,
        ticket0_.description as descript3_0_,
        ticket0_.employee_id as employee4_0_,
        ticket0_.priority as priority5_0_,
        ticket0_.product as product6_0_,
        ticket0_.severity as severity7_0_,
        ticket0_.start_date as start_da8_0_,
        ticket0_.status as status9_0_,
        ticket0_.title as title10_0_,
        ticket0_.version as version11_0_ 
    from
        ticket ticket0_
Hibernate: 
    delete 
    from
        ticket_tasks 
    where
        ticket_id=?
Hibernate: 
    delete 
    from
        ticket_tasks 
    where
        ticket_id=?
Hibernate: 
    delete 
    from
        ticket 
    where
        code=?
Hibernate: 
    delete 
    from
        ticket 
    where
        code=?
Resetting system
Hibernate: 
    select
        ticket0_.code as code1_0_,
        ticket0_.closing_date as closing_2_0_,
        ticket0_.description as descript3_0_,
        ticket0_.employee_id as employee4_0_,
        ticket0_.priority as priority5_0_,
        ticket0_.product as product6_0_,
        ticket0_.severity as severity7_0_,
        ticket0_.start_date as start_da8_0_,
        ticket0_.status as status9_0_,
        ticket0_.title as title10_0_,
        ticket0_.version as version11_0_ 
    from
        ticket ticket0_
Resetting system
Hibernate: 
    select
        ticket0_.code as code1_0_,
        ticket0_.closing_date as closing_2_0_,
        ticket0_.description as descript3_0_,
        ticket0_.employee_id as employee4_0_,
        ticket0_.priority as priority5_0_,
        ticket0_.product as product6_0_,
        ticket0_.severity as severity7_0_,
        ticket0_.start_date as start_da8_0_,
        ticket0_.status as status9_0_,
        ticket0_.title as title10_0_,
        ticket0_.version as version11_0_ 
    from
        ticket ticket0_
Resetting system
Hibernate: 
    select
        ticket0_.code as code1_0_,
        ticket0_.closing_date as closing_2_0_,
        ticket0_.description as descript3_0_,
        ticket0_.employee_id as employee4_0_,
        ticket0_.priority as priority5_0_,
        ticket0_.product as product6_0_,
        ticket0_.severity as severity7_0_,
        ticket0_.start_date as start_da8_0_,
        ticket0_.status as status9_0_,
        ticket0_.title as title10_0_,
        ticket0_.version as version11_0_ 
    from
        ticket ticket0_
2023-12-02 15:19:49.714  INFO 12516 --- [    Test worker] o.s.t.c.support.AbstractContextLoader    : Could not detect default resource locations for test class [com.aninfo.integration.cucumber.TicketIntegrationServiceTest]: no resource found for suffixes {-context.xml, Context.groovy}.
2023-12-02 15:19:49.717  INFO 12516 --- [    Test worker] .b.t.c.SpringBootTestContextBootstrapper : Loaded default TestExecutionListener class names from location [META-INF/spring.factories]: [org.springframework.boot.test.autoconfigure.restdocs.RestDocsTestExecutionListener, org.springframework.boot.test.autoconfigure.web.client.MockRestServiceServerResetTestExecutionListener, org.springframework.boot.test.autoconfigure.web.servlet.MockMvcPrintOnlyOnFailureTestExecutionListener, org.springframework.boot.test.autoconfigure.web.servlet.WebDriverTestExecutionListener, org.springframework.boot.test.mock.mockito.MockitoTestExecutionListener, org.springframework.boot.test.mock.mockito.ResetMocksTestExecutionListener, org.springframework.test.context.web.ServletTestExecutionListener, org.springframework.test.context.support.DirtiesContextBeforeModesTestExecutionListener, org.springframework.test.context.support.DependencyInjectionTestExecutionListener, org.springframework.test.context.support.DirtiesContextTestExecutionListener, org.springframework.test.context.transaction.TransactionalTestExecutionListener, org.springframework.test.context.jdbc.SqlScriptsTestExecutionListener, org.springframework.test.context.event.EventPublishingTestExecutionListener]
2023-12-02 15:19:49.717  INFO 12516 --- [    Test worker] .b.t.c.SpringBootTestContextBootstrapper : Using TestExecutionListeners: [org.springframework.test.context.web.ServletTestExecutionListener@7a711bde, org.springframework.test.context.support.DirtiesContextBeforeModesTestExecutionListener@7707d1bf, org.springframework.boot.test.mock.mockito.MockitoTestExecutionListener@1ea1dd23, org.springframework.boot.test.autoconfigure.SpringBootDependencyInjectionTestExecutionListener@31d30e35, org.springframework.test.context.support.DirtiesContextTestExecutionListener@438e4c3a, org.springframework.test.context.transaction.TransactionalTestExecutionListener@a4df7dd, org.springframework.test.context.jdbc.SqlScriptsTestExecutionListener@1a956b72, org.springframework.test.context.event.EventPublishingTestExecutionListener@339e6cb3, org.springframework.boot.test.autoconfigure.restdocs.RestDocsTestExecutionListener@2c00966, org.springframework.boot.test.autoconfigure.web.client.MockRestServiceServerResetTestExecutionListener@67d6e5fc, org.springframework.boot.test.autoconfigure.web.servlet.MockMvcPrintOnlyOnFailureTestExecutionListener@56a9cc8f, org.springframework.boot.test.autoconfigure.web.servlet.WebDriverTestExecutionListener@1612c91d, org.springframework.boot.test.mock.mockito.ResetMocksTestExecutionListener@149b7980]
Before any test execution
Before any test execution
Before any test execution
Before any test execution
Hibernate: 
    select
        ticket0_.code as code1_0_,
        ticket0_.closing_date as closing_2_0_,
        ticket0_.description as descript3_0_,
        ticket0_.employee_id as employee4_0_,
        ticket0_.priority as priority5_0_,
        ticket0_.product as product6_0_,
        ticket0_.severity as severity7_0_,
        ticket0_.start_date as start_da8_0_,
        ticket0_.status as status9_0_,
        ticket0_.title as title10_0_,
        ticket0_.version as version11_0_ 
    from
        ticket ticket0_ 
    where
        ticket0_.title=?
Hibernate: 
    call next value for hibernate_sequence
Hibernate: 
    insert 
    into
        ticket
        (closing_date, description, employee_id, priority, product, severity, start_date, status, title, version, code) 
    values
        (?, ?, ?, ?, ?, ?, ?, ?, ?, ?, ?)
Hibernate: 
    select
        ticket0_.code as code1_0_,
        ticket0_.closing_date as closing_2_0_,
        ticket0_.description as descript3_0_,
        ticket0_.employee_id as employee4_0_,
        ticket0_.priority as priority5_0_,
        ticket0_.product as product6_0_,
        ticket0_.severity as severity7_0_,
        ticket0_.start_date as start_da8_0_,
        ticket0_.status as status9_0_,
        ticket0_.title as title10_0_,
        ticket0_.version as version11_0_ 
    from
        ticket ticket0_ 
    where
        ticket0_.title=?
Resetting system
Hibernate: 
    select
        ticket0_.code as code1_0_,
        ticket0_.closing_date as closing_2_0_,
        ticket0_.description as descript3_0_,
        ticket0_.employee_id as employee4_0_,
        ticket0_.priority as priority5_0_,
        ticket0_.product as product6_0_,
        ticket0_.severity as severity7_0_,
        ticket0_.start_date as start_da8_0_,
        ticket0_.status as status9_0_,
        ticket0_.title as title10_0_,
        ticket0_.version as version11_0_ 
    from
        ticket ticket0_
Hibernate: 
    delete 
    from
        ticket_tasks 
    where
        ticket_id=?
Hibernate: 
    delete 
    from
        ticket 
    where
        code=?
Resetting system
Hibernate: 
    select
        ticket0_.code as code1_0_,
        ticket0_.closing_date as closing_2_0_,
        ticket0_.description as descript3_0_,
        ticket0_.employee_id as employee4_0_,
        ticket0_.priority as priority5_0_,
        ticket0_.product as product6_0_,
        ticket0_.severity as severity7_0_,
        ticket0_.start_date as start_da8_0_,
        ticket0_.status as status9_0_,
        ticket0_.title as title10_0_,
        ticket0_.version as version11_0_ 
    from
        ticket ticket0_
Resetting system
Hibernate: 
    select
        ticket0_.code as code1_0_,
        ticket0_.closing_date as closing_2_0_,
        ticket0_.description as descript3_0_,
        ticket0_.employee_id as employee4_0_,
        ticket0_.priority as priority5_0_,
        ticket0_.product as product6_0_,
        ticket0_.severity as severity7_0_,
        ticket0_.start_date as start_da8_0_,
        ticket0_.status as status9_0_,
        ticket0_.title as title10_0_,
        ticket0_.version as version11_0_ 
    from
        ticket ticket0_
Resetting system
Hibernate: 
    select
        ticket0_.code as code1_0_,
        ticket0_.closing_date as closing_2_0_,
        ticket0_.description as descript3_0_,
        ticket0_.employee_id as employee4_0_,
        ticket0_.priority as priority5_0_,
        ticket0_.product as product6_0_,
        ticket0_.severity as severity7_0_,
        ticket0_.start_date as start_da8_0_,
        ticket0_.status as status9_0_,
        ticket0_.title as title10_0_,
        ticket0_.version as version11_0_ 
    from
        ticket ticket0_
2023-12-02 15:19:49.746  INFO 12516 --- [    Test worker] o.s.t.c.support.AbstractContextLoader    : Could not detect default resource locations for test class [com.aninfo.integration.cucumber.TicketIntegrationServiceTest]: no resource found for suffixes {-context.xml, Context.groovy}.
2023-12-02 15:19:49.747  INFO 12516 --- [    Test worker] .b.t.c.SpringBootTestContextBootstrapper : Loaded default TestExecutionListener class names from location [META-INF/spring.factories]: [org.springframework.boot.test.autoconfigure.restdocs.RestDocsTestExecutionListener, org.springframework.boot.test.autoconfigure.web.client.MockRestServiceServerResetTestExecutionListener, org.springframework.boot.test.autoconfigure.web.servlet.MockMvcPrintOnlyOnFailureTestExecutionListener, org.springframework.boot.test.autoconfigure.web.servlet.WebDriverTestExecutionListener, org.springframework.boot.test.mock.mockito.MockitoTestExecutionListener, org.springframework.boot.test.mock.mockito.ResetMocksTestExecutionListener, org.springframework.test.context.web.ServletTestExecutionListener, org.springframework.test.context.support.DirtiesContextBeforeModesTestExecutionListener, org.springframework.test.context.support.DependencyInjectionTestExecutionListener, org.springframework.test.context.support.DirtiesContextTestExecutionListener, org.springframework.test.context.transaction.TransactionalTestExecutionListener, org.springframework.test.context.jdbc.SqlScriptsTestExecutionListener, org.springframework.test.context.event.EventPublishingTestExecutionListener]
2023-12-02 15:19:49.748  INFO 12516 --- [    Test worker] .b.t.c.SpringBootTestContextBootstrapper : Using TestExecutionListeners: [org.springframework.test.context.web.ServletTestExecutionListener@3a9ad71, org.springframework.test.context.support.DirtiesContextBeforeModesTestExecutionListener@71967485, org.springframework.boot.test.mock.mockito.MockitoTestExecutionListener@2bbc6727, org.springframework.boot.test.autoconfigure.SpringBootDependencyInjectionTestExecutionListener@373d020c, org.springframework.test.context.support.DirtiesContextTestExecutionListener@79b1f3bf, org.springframework.test.context.transaction.TransactionalTestExecutionListener@3b418250, org.springframework.test.context.jdbc.SqlScriptsTestExecutionListener@730c5f40, org.springframework.test.context.event.EventPublishingTestExecutionListener@2c7e0e4f, org.springframework.boot.test.autoconfigure.restdocs.RestDocsTestExecutionListener@5a243c74, org.springframework.boot.test.autoconfigure.web.client.MockRestServiceServerResetTestExecutionListener@6d407662, org.springframework.boot.test.autoconfigure.web.servlet.MockMvcPrintOnlyOnFailureTestExecutionListener@7c27c2d5, org.springframework.boot.test.autoconfigure.web.servlet.WebDriverTestExecutionListener@2077b768, org.springframework.boot.test.mock.mockito.ResetMocksTestExecutionListener@5b4be88e]
Before any test execution
Before any test execution
Before any test execution
Before any test execution
Hibernate: 
    select
        ticket0_.code as code1_0_,
        ticket0_.closing_date as closing_2_0_,
        ticket0_.description as descript3_0_,
        ticket0_.employee_id as employee4_0_,
        ticket0_.priority as priority5_0_,
        ticket0_.product as product6_0_,
        ticket0_.severity as severity7_0_,
        ticket0_.start_date as start_da8_0_,
        ticket0_.status as status9_0_,
        ticket0_.title as title10_0_,
        ticket0_.version as version11_0_ 
    from
        ticket ticket0_ 
    where
        ticket0_.title=?
Hibernate: 
    call next value for hibernate_sequence
Hibernate: 
    insert 
    into
        ticket
        (closing_date, description, employee_id, priority, product, severity, start_date, status, title, version, code) 
    values
        (?, ?, ?, ?, ?, ?, ?, ?, ?, ?, ?)
Hibernate: 
    select
        ticket0_.code as code1_0_,
        ticket0_.closing_date as closing_2_0_,
        ticket0_.description as descript3_0_,
        ticket0_.employee_id as employee4_0_,
        ticket0_.priority as priority5_0_,
        ticket0_.product as product6_0_,
        ticket0_.severity as severity7_0_,
        ticket0_.start_date as start_da8_0_,
        ticket0_.status as status9_0_,
        ticket0_.title as title10_0_,
        ticket0_.version as version11_0_ 
    from
        ticket ticket0_ 
    where
        ticket0_.title=?
Resetting system
Hibernate: 
    select
        ticket0_.code as code1_0_,
        ticket0_.closing_date as closing_2_0_,
        ticket0_.description as descript3_0_,
        ticket0_.employee_id as employee4_0_,
        ticket0_.priority as priority5_0_,
        ticket0_.product as product6_0_,
        ticket0_.severity as severity7_0_,
        ticket0_.start_date as start_da8_0_,
        ticket0_.status as status9_0_,
        ticket0_.title as title10_0_,
        ticket0_.version as version11_0_ 
    from
        ticket ticket0_
Hibernate: 
    delete 
    from
        ticket_tasks 
    where
        ticket_id=?
Hibernate: 
    delete 
    from
        ticket 
    where
        code=?
Resetting system
Hibernate: 
    select
        ticket0_.code as code1_0_,
        ticket0_.closing_date as closing_2_0_,
        ticket0_.description as descript3_0_,
        ticket0_.employee_id as employee4_0_,
        ticket0_.priority as priority5_0_,
        ticket0_.product as product6_0_,
        ticket0_.severity as severity7_0_,
        ticket0_.start_date as start_da8_0_,
        ticket0_.status as status9_0_,
        ticket0_.title as title10_0_,
        ticket0_.version as version11_0_ 
    from
        ticket ticket0_
Resetting system
Hibernate: 
    select
        ticket0_.code as code1_0_,
        ticket0_.closing_date as closing_2_0_,
        ticket0_.description as descript3_0_,
        ticket0_.employee_id as employee4_0_,
        ticket0_.priority as priority5_0_,
        ticket0_.product as product6_0_,
        ticket0_.severity as severity7_0_,
        ticket0_.start_date as start_da8_0_,
        ticket0_.status as status9_0_,
        ticket0_.title as title10_0_,
        ticket0_.version as version11_0_ 
    from
        ticket ticket0_
Resetting system
Hibernate: 
    select
        ticket0_.code as code1_0_,
        ticket0_.closing_date as closing_2_0_,
        ticket0_.description as descript3_0_,
        ticket0_.employee_id as employee4_0_,
        ticket0_.priority as priority5_0_,
        ticket0_.product as product6_0_,
        ticket0_.severity as severity7_0_,
        ticket0_.start_date as start_da8_0_,
        ticket0_.status as status9_0_,
        ticket0_.title as title10_0_,
        ticket0_.version as version11_0_ 
    from
        ticket ticket0_
2023-12-02 15:19:49.773  INFO 12516 --- [    Test worker] o.s.t.c.support.AbstractContextLoader    : Could not detect default resource locations for test class [com.aninfo.integration.cucumber.TicketIntegrationServiceTest]: no resource found for suffixes {-context.xml, Context.groovy}.
2023-12-02 15:19:49.774  INFO 12516 --- [    Test worker] .b.t.c.SpringBootTestContextBootstrapper : Loaded default TestExecutionListener class names from location [META-INF/spring.factories]: [org.springframework.boot.test.autoconfigure.restdocs.RestDocsTestExecutionListener, org.springframework.boot.test.autoconfigure.web.client.MockRestServiceServerResetTestExecutionListener, org.springframework.boot.test.autoconfigure.web.servlet.MockMvcPrintOnlyOnFailureTestExecutionListener, org.springframework.boot.test.autoconfigure.web.servlet.WebDriverTestExecutionListener, org.springframework.boot.test.mock.mockito.MockitoTestExecutionListener, org.springframework.boot.test.mock.mockito.ResetMocksTestExecutionListener, org.springframework.test.context.web.ServletTestExecutionListener, org.springframework.test.context.support.DirtiesContextBeforeModesTestExecutionListener, org.springframework.test.context.support.DependencyInjectionTestExecutionListener, org.springframework.test.context.support.DirtiesContextTestExecutionListener, org.springframework.test.context.transaction.TransactionalTestExecutionListener, org.springframework.test.context.jdbc.SqlScriptsTestExecutionListener, org.springframework.test.context.event.EventPublishingTestExecutionListener]
2023-12-02 15:19:49.775  INFO 12516 --- [    Test worker] .b.t.c.SpringBootTestContextBootstrapper : Using TestExecutionListeners: [org.springframework.test.context.web.ServletTestExecutionListener@21d38c5f, org.springframework.test.context.support.DirtiesContextBeforeModesTestExecutionListener@1eaf9050, org.springframework.boot.test.mock.mockito.MockitoTestExecutionListener@2b7c5b2, org.springframework.boot.test.autoconfigure.SpringBootDependencyInjectionTestExecutionListener@26f725d0, org.springframework.test.context.support.DirtiesContextTestExecutionListener@1bfbf425, org.springframework.test.context.transaction.TransactionalTestExecutionListener@79b4ca1a, org.springframework.test.context.jdbc.SqlScriptsTestExecutionListener@45120acb, org.springframework.test.context.event.EventPublishingTestExecutionListener@5ad47e1c, org.springframework.boot.test.autoconfigure.restdocs.RestDocsTestExecutionListener@1e4af3bf, org.springframework.boot.test.autoconfigure.web.client.MockRestServiceServerResetTestExecutionListener@41711e76, org.springframework.boot.test.autoconfigure.web.servlet.MockMvcPrintOnlyOnFailureTestExecutionListener@14e000c1, org.springframework.boot.test.autoconfigure.web.servlet.WebDriverTestExecutionListener@6d3da8df, org.springframework.boot.test.mock.mockito.ResetMocksTestExecutionListener@242379cc]
Before any test execution
Before any test execution
Before any test execution
Before any test execution
Hibernate: 
    select
        ticket0_.code as code1_0_,
        ticket0_.closing_date as closing_2_0_,
        ticket0_.description as descript3_0_,
        ticket0_.employee_id as employee4_0_,
        ticket0_.priority as priority5_0_,
        ticket0_.product as product6_0_,
        ticket0_.severity as severity7_0_,
        ticket0_.start_date as start_da8_0_,
        ticket0_.status as status9_0_,
        ticket0_.title as title10_0_,
        ticket0_.version as version11_0_ 
    from
        ticket ticket0_ 
    where
        ticket0_.title=?
Hibernate: 
    call next value for hibernate_sequence
Hibernate: 
    insert 
    into
        ticket
        (closing_date, description, employee_id, priority, product, severity, start_date, status, title, version, code) 
    values
        (?, ?, ?, ?, ?, ?, ?, ?, ?, ?, ?)
Resetting system
Hibernate: 
    select
        ticket0_.code as code1_0_,
        ticket0_.closing_date as closing_2_0_,
        ticket0_.description as descript3_0_,
        ticket0_.employee_id as employee4_0_,
        ticket0_.priority as priority5_0_,
        ticket0_.product as product6_0_,
        ticket0_.severity as severity7_0_,
        ticket0_.start_date as start_da8_0_,
        ticket0_.status as status9_0_,
        ticket0_.title as title10_0_,
        ticket0_.version as version11_0_ 
    from
        ticket ticket0_
Hibernate: 
    delete 
    from
        ticket_tasks 
    where
        ticket_id=?
Hibernate: 
    delete 
    from
        ticket 
    where
        code=?
Resetting system
Hibernate: 
    select
        ticket0_.code as code1_0_,
        ticket0_.closing_date as closing_2_0_,
        ticket0_.description as descript3_0_,
        ticket0_.employee_id as employee4_0_,
        ticket0_.priority as priority5_0_,
        ticket0_.product as product6_0_,
        ticket0_.severity as severity7_0_,
        ticket0_.start_date as start_da8_0_,
        ticket0_.status as status9_0_,
        ticket0_.title as title10_0_,
        ticket0_.version as version11_0_ 
    from
        ticket ticket0_
Resetting system
Hibernate: 
    select
        ticket0_.code as code1_0_,
        ticket0_.closing_date as closing_2_0_,
        ticket0_.description as descript3_0_,
        ticket0_.employee_id as employee4_0_,
        ticket0_.priority as priority5_0_,
        ticket0_.product as product6_0_,
        ticket0_.severity as severity7_0_,
        ticket0_.start_date as start_da8_0_,
        ticket0_.status as status9_0_,
        ticket0_.title as title10_0_,
        ticket0_.version as version11_0_ 
    from
        ticket ticket0_
Resetting system
Hibernate: 
    select
        ticket0_.code as code1_0_,
        ticket0_.closing_date as closing_2_0_,
        ticket0_.description as descript3_0_,
        ticket0_.employee_id as employee4_0_,
        ticket0_.priority as priority5_0_,
        ticket0_.product as product6_0_,
        ticket0_.severity as severity7_0_,
        ticket0_.start_date as start_da8_0_,
        ticket0_.status as status9_0_,
        ticket0_.title as title10_0_,
        ticket0_.version as version11_0_ 
    from
        ticket ticket0_
2023-12-02 15:19:49.799  INFO 12516 --- [    Test worker] o.s.t.c.support.AbstractContextLoader    : Could not detect default resource locations for test class [com.aninfo.integration.cucumber.TicketIntegrationServiceTest]: no resource found for suffixes {-context.xml, Context.groovy}.
2023-12-02 15:19:49.802  INFO 12516 --- [    Test worker] .b.t.c.SpringBootTestContextBootstrapper : Loaded default TestExecutionListener class names from location [META-INF/spring.factories]: [org.springframework.boot.test.autoconfigure.restdocs.RestDocsTestExecutionListener, org.springframework.boot.test.autoconfigure.web.client.MockRestServiceServerResetTestExecutionListener, org.springframework.boot.test.autoconfigure.web.servlet.MockMvcPrintOnlyOnFailureTestExecutionListener, org.springframework.boot.test.autoconfigure.web.servlet.WebDriverTestExecutionListener, org.springframework.boot.test.mock.mockito.MockitoTestExecutionListener, org.springframework.boot.test.mock.mockito.ResetMocksTestExecutionListener, org.springframework.test.context.web.ServletTestExecutionListener, org.springframework.test.context.support.DirtiesContextBeforeModesTestExecutionListener, org.springframework.test.context.support.DependencyInjectionTestExecutionListener, org.springframework.test.context.support.DirtiesContextTestExecutionListener, org.springframework.test.context.transaction.TransactionalTestExecutionListener, org.springframework.test.context.jdbc.SqlScriptsTestExecutionListener, org.springframework.test.context.event.EventPublishingTestExecutionListener]
2023-12-02 15:19:49.803  INFO 12516 --- [    Test worker] .b.t.c.SpringBootTestContextBootstrapper : Using TestExecutionListeners: [org.springframework.test.context.web.ServletTestExecutionListener@4d39c251, org.springframework.test.context.support.DirtiesContextBeforeModesTestExecutionListener@1242c280, org.springframework.boot.test.mock.mockito.MockitoTestExecutionListener@1890d9c8, org.springframework.boot.test.autoconfigure.SpringBootDependencyInjectionTestExecutionListener@59e6b35b, org.springframework.test.context.support.DirtiesContextTestExecutionListener@5a4ed97c, org.springframework.test.context.transaction.TransactionalTestExecutionListener@5e1c5677, org.springframework.test.context.jdbc.SqlScriptsTestExecutionListener@405c8ae5, org.springframework.test.context.event.EventPublishingTestExecutionListener@2c4c85de, org.springframework.boot.test.autoconfigure.restdocs.RestDocsTestExecutionListener@652c12, org.springframework.boot.test.autoconfigure.web.client.MockRestServiceServerResetTestExecutionListener@3cf66d87, org.springframework.boot.test.autoconfigure.web.servlet.MockMvcPrintOnlyOnFailureTestExecutionListener@18d9c35e, org.springframework.boot.test.autoconfigure.web.servlet.WebDriverTestExecutionListener@5073d7ee, org.springframework.boot.test.mock.mockito.ResetMocksTestExecutionListener@795f744e]
Before any test execution
Before any test execution
Before any test execution
Before any test execution
Hibernate: 
    select
        ticket0_.code as code1_0_,
        ticket0_.closing_date as closing_2_0_,
        ticket0_.description as descript3_0_,
        ticket0_.employee_id as employee4_0_,
        ticket0_.priority as priority5_0_,
        ticket0_.product as product6_0_,
        ticket0_.severity as severity7_0_,
        ticket0_.start_date as start_da8_0_,
        ticket0_.status as status9_0_,
        ticket0_.title as title10_0_,
        ticket0_.version as version11_0_ 
    from
        ticket ticket0_ 
    where
        ticket0_.title=?
Hibernate: 
    call next value for hibernate_sequence
Hibernate: 
    insert 
    into
        ticket
        (closing_date, description, employee_id, priority, product, severity, start_date, status, title, version, code) 
    values
        (?, ?, ?, ?, ?, ?, ?, ?, ?, ?, ?)
Hibernate: 
    select
        ticket0_.code as code1_0_0_,
        ticket0_.closing_date as closing_2_0_0_,
        ticket0_.description as descript3_0_0_,
        ticket0_.employee_id as employee4_0_0_,
        ticket0_.priority as priority5_0_0_,
        ticket0_.product as product6_0_0_,
        ticket0_.severity as severity7_0_0_,
        ticket0_.start_date as start_da8_0_0_,
        ticket0_.status as status9_0_0_,
        ticket0_.title as title10_0_0_,
        ticket0_.version as version11_0_0_ 
    from
        ticket ticket0_ 
    where
        ticket0_.code=?
Hibernate: 
    select
        ticket0_.code as code1_0_0_,
        ticket0_.closing_date as closing_2_0_0_,
        ticket0_.description as descript3_0_0_,
        ticket0_.employee_id as employee4_0_0_,
        ticket0_.priority as priority5_0_0_,
        ticket0_.product as product6_0_0_,
        ticket0_.severity as severity7_0_0_,
        ticket0_.start_date as start_da8_0_0_,
        ticket0_.status as status9_0_0_,
        ticket0_.title as title10_0_0_,
        ticket0_.version as version11_0_0_ 
    from
        ticket ticket0_ 
    where
        ticket0_.code=?
Hibernate: 
    select
        ticket0_.code as code1_0_,
        ticket0_.closing_date as closing_2_0_,
        ticket0_.description as descript3_0_,
        ticket0_.employee_id as employee4_0_,
        ticket0_.priority as priority5_0_,
        ticket0_.product as product6_0_,
        ticket0_.severity as severity7_0_,
        ticket0_.start_date as start_da8_0_,
        ticket0_.status as status9_0_,
        ticket0_.title as title10_0_,
        ticket0_.version as version11_0_ 
    from
        ticket ticket0_ 
    where
        ticket0_.title=?
Hibernate: 
    select
        ticket0_.code as code1_0_0_,
        ticket0_.closing_date as closing_2_0_0_,
        ticket0_.description as descript3_0_0_,
        ticket0_.employee_id as employee4_0_0_,
        ticket0_.priority as priority5_0_0_,
        ticket0_.product as product6_0_0_,
        ticket0_.severity as severity7_0_0_,
        ticket0_.start_date as start_da8_0_0_,
        ticket0_.status as status9_0_0_,
        ticket0_.title as title10_0_0_,
        ticket0_.version as version11_0_0_ 
    from
        ticket ticket0_ 
    where
        ticket0_.code=?
Hibernate: 
    update
        ticket 
    set
        closing_date=?,
        description=?,
        employee_id=?,
        priority=?,
        product=?,
        severity=?,
        start_date=?,
        status=?,
        title=?,
        version=? 
    where
        code=?
Resetting system
Hibernate: 
    select
        ticket0_.code as code1_0_,
        ticket0_.closing_date as closing_2_0_,
        ticket0_.description as descript3_0_,
        ticket0_.employee_id as employee4_0_,
        ticket0_.priority as priority5_0_,
        ticket0_.product as product6_0_,
        ticket0_.severity as severity7_0_,
        ticket0_.start_date as start_da8_0_,
        ticket0_.status as status9_0_,
        ticket0_.title as title10_0_,
        ticket0_.version as version11_0_ 
    from
        ticket ticket0_
Hibernate: 
    delete 
    from
        ticket_tasks 
    where
        ticket_id=?
Hibernate: 
    delete 
    from
        ticket 
    where
        code=?
Resetting system
Hibernate: 
    select
        ticket0_.code as code1_0_,
        ticket0_.closing_date as closing_2_0_,
        ticket0_.description as descript3_0_,
        ticket0_.employee_id as employee4_0_,
        ticket0_.priority as priority5_0_,
        ticket0_.product as product6_0_,
        ticket0_.severity as severity7_0_,
        ticket0_.start_date as start_da8_0_,
        ticket0_.status as status9_0_,
        ticket0_.title as title10_0_,
        ticket0_.version as version11_0_ 
    from
        ticket ticket0_
Resetting system
Hibernate: 
    select
        ticket0_.code as code1_0_,
        ticket0_.closing_date as closing_2_0_,
        ticket0_.description as descript3_0_,
        ticket0_.employee_id as employee4_0_,
        ticket0_.priority as priority5_0_,
        ticket0_.product as product6_0_,
        ticket0_.severity as severity7_0_,
        ticket0_.start_date as start_da8_0_,
        ticket0_.status as status9_0_,
        ticket0_.title as title10_0_,
        ticket0_.version as version11_0_ 
    from
        ticket ticket0_
Resetting system
Hibernate: 
    select
        ticket0_.code as code1_0_,
        ticket0_.closing_date as closing_2_0_,
        ticket0_.description as descript3_0_,
        ticket0_.employee_id as employee4_0_,
        ticket0_.priority as priority5_0_,
        ticket0_.product as product6_0_,
        ticket0_.severity as severity7_0_,
        ticket0_.start_date as start_da8_0_,
        ticket0_.status as status9_0_,
        ticket0_.title as title10_0_,
        ticket0_.version as version11_0_ 
    from
        ticket ticket0_
2023-12-02 15:19:49.855  INFO 12516 --- [    Test worker] o.s.t.c.support.AbstractContextLoader    : Could not detect default resource locations for test class [com.aninfo.integration.cucumber.TicketIntegrationServiceTest]: no resource found for suffixes {-context.xml, Context.groovy}.
2023-12-02 15:19:49.857  INFO 12516 --- [    Test worker] .b.t.c.SpringBootTestContextBootstrapper : Loaded default TestExecutionListener class names from location [META-INF/spring.factories]: [org.springframework.boot.test.autoconfigure.restdocs.RestDocsTestExecutionListener, org.springframework.boot.test.autoconfigure.web.client.MockRestServiceServerResetTestExecutionListener, org.springframework.boot.test.autoconfigure.web.servlet.MockMvcPrintOnlyOnFailureTestExecutionListener, org.springframework.boot.test.autoconfigure.web.servlet.WebDriverTestExecutionListener, org.springframework.boot.test.mock.mockito.MockitoTestExecutionListener, org.springframework.boot.test.mock.mockito.ResetMocksTestExecutionListener, org.springframework.test.context.web.ServletTestExecutionListener, org.springframework.test.context.support.DirtiesContextBeforeModesTestExecutionListener, org.springframework.test.context.support.DependencyInjectionTestExecutionListener, org.springframework.test.context.support.DirtiesContextTestExecutionListener, org.springframework.test.context.transaction.TransactionalTestExecutionListener, org.springframework.test.context.jdbc.SqlScriptsTestExecutionListener, org.springframework.test.context.event.EventPublishingTestExecutionListener]
2023-12-02 15:19:49.857  INFO 12516 --- [    Test worker] .b.t.c.SpringBootTestContextBootstrapper : Using TestExecutionListeners: [org.springframework.test.context.web.ServletTestExecutionListener@6309cc0c, org.springframework.test.context.support.DirtiesContextBeforeModesTestExecutionListener@301b52b4, org.springframework.boot.test.mock.mockito.MockitoTestExecutionListener@52ccdff1, org.springframework.boot.test.autoconfigure.SpringBootDependencyInjectionTestExecutionListener@732c3cf0, org.springframework.test.context.support.DirtiesContextTestExecutionListener@5ee8f735, org.springframework.test.context.transaction.TransactionalTestExecutionListener@348c90ae, org.springframework.test.context.jdbc.SqlScriptsTestExecutionListener@8bf299, org.springframework.test.context.event.EventPublishingTestExecutionListener@125285c4, org.springframework.boot.test.autoconfigure.restdocs.RestDocsTestExecutionListener@b9a89e4, org.springframework.boot.test.autoconfigure.web.client.MockRestServiceServerResetTestExecutionListener@5bc371d9, org.springframework.boot.test.autoconfigure.web.servlet.MockMvcPrintOnlyOnFailureTestExecutionListener@4834f02, org.springframework.boot.test.autoconfigure.web.servlet.WebDriverTestExecutionListener@27986f3, org.springframework.boot.test.mock.mockito.ResetMocksTestExecutionListener@5df3faf1]
Before any test execution
Before any test execution
Before any test execution
Before any test execution
Hibernate: 
    select
        ticket0_.code as code1_0_,
        ticket0_.closing_date as closing_2_0_,
        ticket0_.description as descript3_0_,
        ticket0_.employee_id as employee4_0_,
        ticket0_.priority as priority5_0_,
        ticket0_.product as product6_0_,
        ticket0_.severity as severity7_0_,
        ticket0_.start_date as start_da8_0_,
        ticket0_.status as status9_0_,
        ticket0_.title as title10_0_,
        ticket0_.version as version11_0_ 
    from
        ticket ticket0_ 
    where
        ticket0_.title=?
Hibernate: 
    call next value for hibernate_sequence
Hibernate: 
    insert 
    into
        ticket
        (closing_date, description, employee_id, priority, product, severity, start_date, status, title, version, code) 
    values
        (?, ?, ?, ?, ?, ?, ?, ?, ?, ?, ?)
Hibernate: 
    select
        ticket0_.code as code1_0_0_,
        ticket0_.closing_date as closing_2_0_0_,
        ticket0_.description as descript3_0_0_,
        ticket0_.employee_id as employee4_0_0_,
        ticket0_.priority as priority5_0_0_,
        ticket0_.product as product6_0_0_,
        ticket0_.severity as severity7_0_0_,
        ticket0_.start_date as start_da8_0_0_,
        ticket0_.status as status9_0_0_,
        ticket0_.title as title10_0_0_,
        ticket0_.version as version11_0_0_ 
    from
        ticket ticket0_ 
    where
        ticket0_.code=?
Hibernate: 
    select
        ticket0_.code as code1_0_0_,
        ticket0_.closing_date as closing_2_0_0_,
        ticket0_.description as descript3_0_0_,
        ticket0_.employee_id as employee4_0_0_,
        ticket0_.priority as priority5_0_0_,
        ticket0_.product as product6_0_0_,
        ticket0_.severity as severity7_0_0_,
        ticket0_.start_date as start_da8_0_0_,
        ticket0_.status as status9_0_0_,
        ticket0_.title as title10_0_0_,
        ticket0_.version as version11_0_0_ 
    from
        ticket ticket0_ 
    where
        ticket0_.code=?
Hibernate: 
    select
        ticket0_.code as code1_0_,
        ticket0_.closing_date as closing_2_0_,
        ticket0_.description as descript3_0_,
        ticket0_.employee_id as employee4_0_,
        ticket0_.priority as priority5_0_,
        ticket0_.product as product6_0_,
        ticket0_.severity as severity7_0_,
        ticket0_.start_date as start_da8_0_,
        ticket0_.status as status9_0_,
        ticket0_.title as title10_0_,
        ticket0_.version as version11_0_ 
    from
        ticket ticket0_ 
    where
        ticket0_.title=?
Hibernate: 
    select
        ticket0_.code as code1_0_0_,
        ticket0_.closing_date as closing_2_0_0_,
        ticket0_.description as descript3_0_0_,
        ticket0_.employee_id as employee4_0_0_,
        ticket0_.priority as priority5_0_0_,
        ticket0_.product as product6_0_0_,
        ticket0_.severity as severity7_0_0_,
        ticket0_.start_date as start_da8_0_0_,
        ticket0_.status as status9_0_0_,
        ticket0_.title as title10_0_0_,
        ticket0_.version as version11_0_0_ 
    from
        ticket ticket0_ 
    where
        ticket0_.code=?
Hibernate: 
    update
        ticket 
    set
        closing_date=?,
        description=?,
        employee_id=?,
        priority=?,
        product=?,
        severity=?,
        start_date=?,
        status=?,
        title=?,
        version=? 
    where
        code=?
Resetting system
Hibernate: 
    select
        ticket0_.code as code1_0_,
        ticket0_.closing_date as closing_2_0_,
        ticket0_.description as descript3_0_,
        ticket0_.employee_id as employee4_0_,
        ticket0_.priority as priority5_0_,
        ticket0_.product as product6_0_,
        ticket0_.severity as severity7_0_,
        ticket0_.start_date as start_da8_0_,
        ticket0_.status as status9_0_,
        ticket0_.title as title10_0_,
        ticket0_.version as version11_0_ 
    from
        ticket ticket0_
Hibernate: 
    delete 
    from
        ticket_tasks 
    where
        ticket_id=?
Hibernate: 
    delete 
    from
        ticket 
    where
        code=?
Resetting system
Hibernate: 
    select
        ticket0_.code as code1_0_,
        ticket0_.closing_date as closing_2_0_,
        ticket0_.description as descript3_0_,
        ticket0_.employee_id as employee4_0_,
        ticket0_.priority as priority5_0_,
        ticket0_.product as product6_0_,
        ticket0_.severity as severity7_0_,
        ticket0_.start_date as start_da8_0_,
        ticket0_.status as status9_0_,
        ticket0_.title as title10_0_,
        ticket0_.version as version11_0_ 
    from
        ticket ticket0_
Resetting system
Hibernate: 
    select
        ticket0_.code as code1_0_,
        ticket0_.closing_date as closing_2_0_,
        ticket0_.description as descript3_0_,
        ticket0_.employee_id as employee4_0_,
        ticket0_.priority as priority5_0_,
        ticket0_.product as product6_0_,
        ticket0_.severity as severity7_0_,
        ticket0_.start_date as start_da8_0_,
        ticket0_.status as status9_0_,
        ticket0_.title as title10_0_,
        ticket0_.version as version11_0_ 
    from
        ticket ticket0_
Resetting system
Hibernate: 
    select
        ticket0_.code as code1_0_,
        ticket0_.closing_date as closing_2_0_,
        ticket0_.description as descript3_0_,
        ticket0_.employee_id as employee4_0_,
        ticket0_.priority as priority5_0_,
        ticket0_.product as product6_0_,
        ticket0_.severity as severity7_0_,
        ticket0_.start_date as start_da8_0_,
        ticket0_.status as status9_0_,
        ticket0_.title as title10_0_,
        ticket0_.version as version11_0_ 
    from
        ticket ticket0_
2023-12-02 15:19:49.881  INFO 12516 --- [    Test worker] o.s.t.c.support.AbstractContextLoader    : Could not detect default resource locations for test class [com.aninfo.integration.cucumber.TicketIntegrationServiceTest]: no resource found for suffixes {-context.xml, Context.groovy}.
2023-12-02 15:19:49.882  INFO 12516 --- [    Test worker] .b.t.c.SpringBootTestContextBootstrapper : Loaded default TestExecutionListener class names from location [META-INF/spring.factories]: [org.springframework.boot.test.autoconfigure.restdocs.RestDocsTestExecutionListener, org.springframework.boot.test.autoconfigure.web.client.MockRestServiceServerResetTestExecutionListener, org.springframework.boot.test.autoconfigure.web.servlet.MockMvcPrintOnlyOnFailureTestExecutionListener, org.springframework.boot.test.autoconfigure.web.servlet.WebDriverTestExecutionListener, org.springframework.boot.test.mock.mockito.MockitoTestExecutionListener, org.springframework.boot.test.mock.mockito.ResetMocksTestExecutionListener, org.springframework.test.context.web.ServletTestExecutionListener, org.springframework.test.context.support.DirtiesContextBeforeModesTestExecutionListener, org.springframework.test.context.support.DependencyInjectionTestExecutionListener, org.springframework.test.context.support.DirtiesContextTestExecutionListener, org.springframework.test.context.transaction.TransactionalTestExecutionListener, org.springframework.test.context.jdbc.SqlScriptsTestExecutionListener, org.springframework.test.context.event.EventPublishingTestExecutionListener]
2023-12-02 15:19:49.883  INFO 12516 --- [    Test worker] .b.t.c.SpringBootTestContextBootstrapper : Using TestExecutionListeners: [org.springframework.test.context.web.ServletTestExecutionListener@21b99815, org.springframework.test.context.support.DirtiesContextBeforeModesTestExecutionListener@23851a9d, org.springframework.boot.test.mock.mockito.MockitoTestExecutionListener@7f854d4, org.springframework.boot.test.autoconfigure.SpringBootDependencyInjectionTestExecutionListener@55454677, org.springframework.test.context.support.DirtiesContextTestExecutionListener@38d115fa, org.springframework.test.context.transaction.TransactionalTestExecutionListener@338bb18f, org.springframework.test.context.jdbc.SqlScriptsTestExecutionListener@76901dde, org.springframework.test.context.event.EventPublishingTestExecutionListener@9199b85, org.springframework.boot.test.autoconfigure.restdocs.RestDocsTestExecutionListener@39d73199, org.springframework.boot.test.autoconfigure.web.client.MockRestServiceServerResetTestExecutionListener@57bef8e5, org.springframework.boot.test.autoconfigure.web.servlet.MockMvcPrintOnlyOnFailureTestExecutionListener@21366121, org.springframework.boot.test.autoconfigure.web.servlet.WebDriverTestExecutionListener@64b60331, org.springframework.boot.test.mock.mockito.ResetMocksTestExecutionListener@646dbdc7]
Before any test execution
Before any test execution
Before any test execution
Before any test execution
Hibernate: 
    select
        ticket0_.code as code1_0_,
        ticket0_.closing_date as closing_2_0_,
        ticket0_.description as descript3_0_,
        ticket0_.employee_id as employee4_0_,
        ticket0_.priority as priority5_0_,
        ticket0_.product as product6_0_,
        ticket0_.severity as severity7_0_,
        ticket0_.start_date as start_da8_0_,
        ticket0_.status as status9_0_,
        ticket0_.title as title10_0_,
        ticket0_.version as version11_0_ 
    from
        ticket ticket0_ 
    where
        ticket0_.title=?
Hibernate: 
    call next value for hibernate_sequence
Hibernate: 
    insert 
    into
        ticket
        (closing_date, description, employee_id, priority, product, severity, start_date, status, title, version, code) 
    values
        (?, ?, ?, ?, ?, ?, ?, ?, ?, ?, ?)
Hibernate: 
    select
        ticket0_.code as code1_0_0_,
        ticket0_.closing_date as closing_2_0_0_,
        ticket0_.description as descript3_0_0_,
        ticket0_.employee_id as employee4_0_0_,
        ticket0_.priority as priority5_0_0_,
        ticket0_.product as product6_0_0_,
        ticket0_.severity as severity7_0_0_,
        ticket0_.start_date as start_da8_0_0_,
        ticket0_.status as status9_0_0_,
        ticket0_.title as title10_0_0_,
        ticket0_.version as version11_0_0_ 
    from
        ticket ticket0_ 
    where
        ticket0_.code=?
Hibernate: 
    select
        ticket0_.code as code1_0_0_,
        ticket0_.closing_date as closing_2_0_0_,
        ticket0_.description as descript3_0_0_,
        ticket0_.employee_id as employee4_0_0_,
        ticket0_.priority as priority5_0_0_,
        ticket0_.product as product6_0_0_,
        ticket0_.severity as severity7_0_0_,
        ticket0_.start_date as start_da8_0_0_,
        ticket0_.status as status9_0_0_,
        ticket0_.title as title10_0_0_,
        ticket0_.version as version11_0_0_ 
    from
        ticket ticket0_ 
    where
        ticket0_.code=?
Hibernate: 
    select
        ticket0_.code as code1_0_,
        ticket0_.closing_date as closing_2_0_,
        ticket0_.description as descript3_0_,
        ticket0_.employee_id as employee4_0_,
        ticket0_.priority as priority5_0_,
        ticket0_.product as product6_0_,
        ticket0_.severity as severity7_0_,
        ticket0_.start_date as start_da8_0_,
        ticket0_.status as status9_0_,
        ticket0_.title as title10_0_,
        ticket0_.version as version11_0_ 
    from
        ticket ticket0_ 
    where
        ticket0_.title=?
Hibernate: 
    select
        ticket0_.code as code1_0_0_,
        ticket0_.closing_date as closing_2_0_0_,
        ticket0_.description as descript3_0_0_,
        ticket0_.employee_id as employee4_0_0_,
        ticket0_.priority as priority5_0_0_,
        ticket0_.product as product6_0_0_,
        ticket0_.severity as severity7_0_0_,
        ticket0_.start_date as start_da8_0_0_,
        ticket0_.status as status9_0_0_,
        ticket0_.title as title10_0_0_,
        ticket0_.version as version11_0_0_ 
    from
        ticket ticket0_ 
    where
        ticket0_.code=?
Hibernate: 
    update
        ticket 
    set
        closing_date=?,
        description=?,
        employee_id=?,
        priority=?,
        product=?,
        severity=?,
        start_date=?,
        status=?,
        title=?,
        version=? 
    where
        code=?
Resetting system
Hibernate: 
    select
        ticket0_.code as code1_0_,
        ticket0_.closing_date as closing_2_0_,
        ticket0_.description as descript3_0_,
        ticket0_.employee_id as employee4_0_,
        ticket0_.priority as priority5_0_,
        ticket0_.product as product6_0_,
        ticket0_.severity as severity7_0_,
        ticket0_.start_date as start_da8_0_,
        ticket0_.status as status9_0_,
        ticket0_.title as title10_0_,
        ticket0_.version as version11_0_ 
    from
        ticket ticket0_
Hibernate: 
    delete 
    from
        ticket_tasks 
    where
        ticket_id=?
Hibernate: 
    delete 
    from
        ticket 
    where
        code=?
Resetting system
Hibernate: 
    select
        ticket0_.code as code1_0_,
        ticket0_.closing_date as closing_2_0_,
        ticket0_.description as descript3_0_,
        ticket0_.employee_id as employee4_0_,
        ticket0_.priority as priority5_0_,
        ticket0_.product as product6_0_,
        ticket0_.severity as severity7_0_,
        ticket0_.start_date as start_da8_0_,
        ticket0_.status as status9_0_,
        ticket0_.title as title10_0_,
        ticket0_.version as version11_0_ 
    from
        ticket ticket0_
Resetting system
Hibernate: 
    select
        ticket0_.code as code1_0_,
        ticket0_.closing_date as closing_2_0_,
        ticket0_.description as descript3_0_,
        ticket0_.employee_id as employee4_0_,
        ticket0_.priority as priority5_0_,
        ticket0_.product as product6_0_,
        ticket0_.severity as severity7_0_,
        ticket0_.start_date as start_da8_0_,
        ticket0_.status as status9_0_,
        ticket0_.title as title10_0_,
        ticket0_.version as version11_0_ 
    from
        ticket ticket0_
Resetting system
Hibernate: 
    select
        ticket0_.code as code1_0_,
        ticket0_.closing_date as closing_2_0_,
        ticket0_.description as descript3_0_,
        ticket0_.employee_id as employee4_0_,
        ticket0_.priority as priority5_0_,
        ticket0_.product as product6_0_,
        ticket0_.severity as severity7_0_,
        ticket0_.start_date as start_da8_0_,
        ticket0_.status as status9_0_,
        ticket0_.title as title10_0_,
        ticket0_.version as version11_0_ 
    from
        ticket ticket0_
2023-12-02 15:19:49.907  INFO 12516 --- [    Test worker] o.s.t.c.support.AbstractContextLoader    : Could not detect default resource locations for test class [com.aninfo.integration.cucumber.TicketIntegrationServiceTest]: no resource found for suffixes {-context.xml, Context.groovy}.
2023-12-02 15:19:49.908  INFO 12516 --- [    Test worker] .b.t.c.SpringBootTestContextBootstrapper : Loaded default TestExecutionListener class names from location [META-INF/spring.factories]: [org.springframework.boot.test.autoconfigure.restdocs.RestDocsTestExecutionListener, org.springframework.boot.test.autoconfigure.web.client.MockRestServiceServerResetTestExecutionListener, org.springframework.boot.test.autoconfigure.web.servlet.MockMvcPrintOnlyOnFailureTestExecutionListener, org.springframework.boot.test.autoconfigure.web.servlet.WebDriverTestExecutionListener, org.springframework.boot.test.mock.mockito.MockitoTestExecutionListener, org.springframework.boot.test.mock.mockito.ResetMocksTestExecutionListener, org.springframework.test.context.web.ServletTestExecutionListener, org.springframework.test.context.support.DirtiesContextBeforeModesTestExecutionListener, org.springframework.test.context.support.DependencyInjectionTestExecutionListener, org.springframework.test.context.support.DirtiesContextTestExecutionListener, org.springframework.test.context.transaction.TransactionalTestExecutionListener, org.springframework.test.context.jdbc.SqlScriptsTestExecutionListener, org.springframework.test.context.event.EventPublishingTestExecutionListener]
2023-12-02 15:19:49.909  INFO 12516 --- [    Test worker] .b.t.c.SpringBootTestContextBootstrapper : Using TestExecutionListeners: [org.springframework.test.context.web.ServletTestExecutionListener@5cbba9d6, org.springframework.test.context.support.DirtiesContextBeforeModesTestExecutionListener@6126e37b, org.springframework.boot.test.mock.mockito.MockitoTestExecutionListener@abdbc2d, org.springframework.boot.test.autoconfigure.SpringBootDependencyInjectionTestExecutionListener@5d5027bf, org.springframework.test.context.support.DirtiesContextTestExecutionListener@5c24d0da, org.springframework.test.context.transaction.TransactionalTestExecutionListener@acfdd1e, org.springframework.test.context.jdbc.SqlScriptsTestExecutionListener@6df444be, org.springframework.test.context.event.EventPublishingTestExecutionListener@31c5eb60, org.springframework.boot.test.autoconfigure.restdocs.RestDocsTestExecutionListener@4b1d5f82, org.springframework.boot.test.autoconfigure.web.client.MockRestServiceServerResetTestExecutionListener@3fce4cd2, org.springframework.boot.test.autoconfigure.web.servlet.MockMvcPrintOnlyOnFailureTestExecutionListener@70502e21, org.springframework.boot.test.autoconfigure.web.servlet.WebDriverTestExecutionListener@6e5055a0, org.springframework.boot.test.mock.mockito.ResetMocksTestExecutionListener@4f90e6a7]
Before any test execution
Before any test execution
Before any test execution
Before any test execution
Hibernate: 
    select
        ticket0_.code as code1_0_,
        ticket0_.closing_date as closing_2_0_,
        ticket0_.description as descript3_0_,
        ticket0_.employee_id as employee4_0_,
        ticket0_.priority as priority5_0_,
        ticket0_.product as product6_0_,
        ticket0_.severity as severity7_0_,
        ticket0_.start_date as start_da8_0_,
        ticket0_.status as status9_0_,
        ticket0_.title as title10_0_,
        ticket0_.version as version11_0_ 
    from
        ticket ticket0_ 
    where
        ticket0_.title=?
Hibernate: 
    call next value for hibernate_sequence
Hibernate: 
    insert 
    into
        ticket
        (closing_date, description, employee_id, priority, product, severity, start_date, status, title, version, code) 
    values
        (?, ?, ?, ?, ?, ?, ?, ?, ?, ?, ?)
Hibernate: 
    select
        ticket0_.code as code1_0_0_,
        ticket0_.closing_date as closing_2_0_0_,
        ticket0_.description as descript3_0_0_,
        ticket0_.employee_id as employee4_0_0_,
        ticket0_.priority as priority5_0_0_,
        ticket0_.product as product6_0_0_,
        ticket0_.severity as severity7_0_0_,
        ticket0_.start_date as start_da8_0_0_,
        ticket0_.status as status9_0_0_,
        ticket0_.title as title10_0_0_,
        ticket0_.version as version11_0_0_ 
    from
        ticket ticket0_ 
    where
        ticket0_.code=?
Hibernate: 
    select
        ticket0_.code as code1_0_0_,
        ticket0_.closing_date as closing_2_0_0_,
        ticket0_.description as descript3_0_0_,
        ticket0_.employee_id as employee4_0_0_,
        ticket0_.priority as priority5_0_0_,
        ticket0_.product as product6_0_0_,
        ticket0_.severity as severity7_0_0_,
        ticket0_.start_date as start_da8_0_0_,
        ticket0_.status as status9_0_0_,
        ticket0_.title as title10_0_0_,
        ticket0_.version as version11_0_0_ 
    from
        ticket ticket0_ 
    where
        ticket0_.code=?
Hibernate: 
    select
        ticket0_.code as code1_0_,
        ticket0_.closing_date as closing_2_0_,
        ticket0_.description as descript3_0_,
        ticket0_.employee_id as employee4_0_,
        ticket0_.priority as priority5_0_,
        ticket0_.product as product6_0_,
        ticket0_.severity as severity7_0_,
        ticket0_.start_date as start_da8_0_,
        ticket0_.status as status9_0_,
        ticket0_.title as title10_0_,
        ticket0_.version as version11_0_ 
    from
        ticket ticket0_ 
    where
        ticket0_.title=?
Hibernate: 
    select
        ticket0_.code as code1_0_0_,
        ticket0_.closing_date as closing_2_0_0_,
        ticket0_.description as descript3_0_0_,
        ticket0_.employee_id as employee4_0_0_,
        ticket0_.priority as priority5_0_0_,
        ticket0_.product as product6_0_0_,
        ticket0_.severity as severity7_0_0_,
        ticket0_.start_date as start_da8_0_0_,
        ticket0_.status as status9_0_0_,
        ticket0_.title as title10_0_0_,
        ticket0_.version as version11_0_0_ 
    from
        ticket ticket0_ 
    where
        ticket0_.code=?
Hibernate: 
    update
        ticket 
    set
        closing_date=?,
        description=?,
        employee_id=?,
        priority=?,
        product=?,
        severity=?,
        start_date=?,
        status=?,
        title=?,
        version=? 
    where
        code=?
Resetting system
Hibernate: 
    select
        ticket0_.code as code1_0_,
        ticket0_.closing_date as closing_2_0_,
        ticket0_.description as descript3_0_,
        ticket0_.employee_id as employee4_0_,
        ticket0_.priority as priority5_0_,
        ticket0_.product as product6_0_,
        ticket0_.severity as severity7_0_,
        ticket0_.start_date as start_da8_0_,
        ticket0_.status as status9_0_,
        ticket0_.title as title10_0_,
        ticket0_.version as version11_0_ 
    from
        ticket ticket0_
Hibernate: 
    delete 
    from
        ticket_tasks 
    where
        ticket_id=?
Hibernate: 
    delete 
    from
        ticket 
    where
        code=?
Resetting system
Hibernate: 
    select
        ticket0_.code as code1_0_,
        ticket0_.closing_date as closing_2_0_,
        ticket0_.description as descript3_0_,
        ticket0_.employee_id as employee4_0_,
        ticket0_.priority as priority5_0_,
        ticket0_.product as product6_0_,
        ticket0_.severity as severity7_0_,
        ticket0_.start_date as start_da8_0_,
        ticket0_.status as status9_0_,
        ticket0_.title as title10_0_,
        ticket0_.version as version11_0_ 
    from
        ticket ticket0_
Resetting system
Hibernate: 
    select
        ticket0_.code as code1_0_,
        ticket0_.closing_date as closing_2_0_,
        ticket0_.description as descript3_0_,
        ticket0_.employee_id as employee4_0_,
        ticket0_.priority as priority5_0_,
        ticket0_.product as product6_0_,
        ticket0_.severity as severity7_0_,
        ticket0_.start_date as start_da8_0_,
        ticket0_.status as status9_0_,
        ticket0_.title as title10_0_,
        ticket0_.version as version11_0_ 
    from
        ticket ticket0_
Resetting system
Hibernate: 
    select
        ticket0_.code as code1_0_,
        ticket0_.closing_date as closing_2_0_,
        ticket0_.description as descript3_0_,
        ticket0_.employee_id as employee4_0_,
        ticket0_.priority as priority5_0_,
        ticket0_.product as product6_0_,
[...]
Before any test execution
Before any test execution
Before any test execution
Before any test execution
Hibernate: 
    select
        ticket0_.code as code1_0_,
        ticket0_.closing_date as closing_2_0_,
        ticket0_.description as descript3_0_,
        ticket0_.employee_id as employee4_0_,
        ticket0_.priority as priority5_0_,
        ticket0_.product as product6_0_,
        ticket0_.severity as severity7_0_,
        ticket0_.start_date as start_da8_0_,
        ticket0_.status as status9_0_,
        ticket0_.title as title10_0_,
        ticket0_.version as version11_0_ 
    from
        ticket ticket0_ 
    where
        ticket0_.title=?
Hibernate: 
    call next value for hibernate_sequence
Hibernate: 
    insert 
    into
        ticket
        (closing_date, description, employee_id, priority, product, severity, start_date, status, title, version, code) 
    values
        (?, ?, ?, ?, ?, ?, ?, ?, ?, ?, ?)
Hibernate: 
    select
        ticket0_.code as code1_0_,
        ticket0_.closing_date as closing_2_0_,
        ticket0_.description as descript3_0_,
        ticket0_.employee_id as employee4_0_,
        ticket0_.priority as priority5_0_,
        ticket0_.product as product6_0_,
        ticket0_.severity as severity7_0_,
        ticket0_.start_date as start_da8_0_,
        ticket0_.status as status9_0_,
        ticket0_.title as title10_0_,
        ticket0_.version as version11_0_ 
    from
        ticket ticket0_ 
    where
        ticket0_.title=?
Hibernate: 
    call next value for hibernate_sequence
Hibernate: 
    insert 
    into
        ticket
        (closing_date, description, employee_id, priority, product, severity, start_date, status, title, version, code) 
    values
        (?, ?, ?, ?, ?, ?, ?, ?, ?, ?, ?)
Hibernate: 
    select
        ticket0_.code as code1_0_0_,
        ticket0_.closing_date as closing_2_0_0_,
        ticket0_.description as descript3_0_0_,
        ticket0_.employee_id as employee4_0_0_,
        ticket0_.priority as priority5_0_0_,
        ticket0_.product as product6_0_0_,
        ticket0_.severity as severity7_0_0_,
        ticket0_.start_date as start_da8_0_0_,
        ticket0_.status as status9_0_0_,
        ticket0_.title as title10_0_0_,
        ticket0_.version as version11_0_0_ 
    from
        ticket ticket0_ 
    where
        ticket0_.code=?
Hibernate: 
    select
        ticket0_.code as code1_0_0_,
        ticket0_.closing_date as closing_2_0_0_,
        ticket0_.description as descript3_0_0_,
        ticket0_.employee_id as employee4_0_0_,
        ticket0_.priority as priority5_0_0_,
        ticket0_.product as product6_0_0_,
        ticket0_.severity as severity7_0_0_,
        ticket0_.start_date as start_da8_0_0_,
        ticket0_.status as status9_0_0_,
        ticket0_.title as title10_0_0_,
        ticket0_.version as version11_0_0_ 
    from
        ticket ticket0_ 
    where
        ticket0_.code=?
Hibernate: 
    select
        ticket0_.code as code1_0_,
        ticket0_.closing_date as closing_2_0_,
        ticket0_.description as descript3_0_,
        ticket0_.employee_id as employee4_0_,
        ticket0_.priority as priority5_0_,
        ticket0_.product as product6_0_,
        ticket0_.severity as severity7_0_,
        ticket0_.start_date as start_da8_0_,
        ticket0_.status as status9_0_,
        ticket0_.title as title10_0_,
        ticket0_.version as version11_0_ 
    from
        ticket ticket0_ 
    where
        ticket0_.title=?
Resetting system
Hibernate: 
    select
        ticket0_.code as code1_0_,
        ticket0_.closing_date as closing_2_0_,
        ticket0_.description as descript3_0_,
        ticket0_.employee_id as employee4_0_,
        ticket0_.priority as priority5_0_,
        ticket0_.product as product6_0_,
        ticket0_.severity as severity7_0_,
        ticket0_.start_date as start_da8_0_,
        ticket0_.status as status9_0_,
        ticket0_.title as title10_0_,
        ticket0_.version as version11_0_ 
    from
        ticket ticket0_
Hibernate: 
    delete 
    from
        ticket_tasks 
    where
        ticket_id=?
Hibernate: 
    delete 
    from
        ticket_tasks 
    where
        ticket_id=?
Hibernate: 
    delete 
    from
        ticket 
    where
        code=?
Hibernate: 
    delete 
    from
        ticket 
    where
        code=?
Resetting system
Hibernate: 
    select
        ticket0_.code as code1_0_,
        ticket0_.closing_date as closing_2_0_,
        ticket0_.description as descript3_0_,
        ticket0_.employee_id as employee4_0_,
        ticket0_.priority as priority5_0_,
        ticket0_.product as product6_0_,
        ticket0_.severity as severity7_0_,
        ticket0_.start_date as start_da8_0_,
        ticket0_.status as status9_0_,
        ticket0_.title as title10_0_,
        ticket0_.version as version11_0_ 
    from
        ticket ticket0_
Resetting system
Hibernate: 
    select
        ticket0_.code as code1_0_,
        ticket0_.closing_date as closing_2_0_,
        ticket0_.description as descript3_0_,
        ticket0_.employee_id as employee4_0_,
        ticket0_.priority as priority5_0_,
        ticket0_.product as product6_0_,
        ticket0_.severity as severity7_0_,
        ticket0_.start_date as start_da8_0_,
        ticket0_.status as status9_0_,
        ticket0_.title as title10_0_,
        ticket0_.version as version11_0_ 
    from
        ticket ticket0_
Resetting system
Hibernate: 
    select
        ticket0_.code as code1_0_,
        ticket0_.closing_date as closing_2_0_,
        ticket0_.description as descript3_0_,
        ticket0_.employee_id as employee4_0_,
        ticket0_.priority as priority5_0_,
        ticket0_.product as product6_0_,
        ticket0_.severity as severity7_0_,
        ticket0_.start_date as start_da8_0_,
        ticket0_.status as status9_0_,
        ticket0_.title as title10_0_,
        ticket0_.version as version11_0_ 
    from
        ticket ticket0_
2023-12-02 15:19:50.003  INFO 12516 --- [    Test worker] o.s.t.c.support.AbstractContextLoader    : Could not detect default resource locations for test class [com.aninfo.integration.cucumber.TicketIntegrationServiceTest]: no resource found for suffixes {-context.xml, Context.groovy}.
2023-12-02 15:19:50.004  INFO 12516 --- [    Test worker] .b.t.c.SpringBootTestContextBootstrapper : Loaded default TestExecutionListener class names from location [META-INF/spring.factories]: [org.springframework.boot.test.autoconfigure.restdocs.RestDocsTestExecutionListener, org.springframework.boot.test.autoconfigure.web.client.MockRestServiceServerResetTestExecutionListener, org.springframework.boot.test.autoconfigure.web.servlet.MockMvcPrintOnlyOnFailureTestExecutionListener, org.springframework.boot.test.autoconfigure.web.servlet.WebDriverTestExecutionListener, org.springframework.boot.test.mock.mockito.MockitoTestExecutionListener, org.springframework.boot.test.mock.mockito.ResetMocksTestExecutionListener, org.springframework.test.context.web.ServletTestExecutionListener, org.springframework.test.context.support.DirtiesContextBeforeModesTestExecutionListener, org.springframework.test.context.support.DependencyInjectionTestExecutionListener, org.springframework.test.context.support.DirtiesContextTestExecutionListener, org.springframework.test.context.transaction.TransactionalTestExecutionListener, org.springframework.test.context.jdbc.SqlScriptsTestExecutionListener, org.springframework.test.context.event.EventPublishingTestExecutionListener]
2023-12-02 15:19:50.005  INFO 12516 --- [    Test worker] .b.t.c.SpringBootTestContextBootstrapper : Using TestExecutionListeners: [org.springframework.test.context.web.ServletTestExecutionListener@be07ebd, org.springframework.test.context.support.DirtiesContextBeforeModesTestExecutionListener@34e68fe7, org.springframework.boot.test.mock.mockito.MockitoTestExecutionListener@693afe56, org.springframework.boot.test.autoconfigure.SpringBootDependencyInjectionTestExecutionListener@2147b63a, org.springframework.test.context.support.DirtiesContextTestExecutionListener@29da3139, org.springframework.test.context.transaction.TransactionalTestExecutionListener@29c30a52, org.springframework.test.context.jdbc.SqlScriptsTestExecutionListener@17b58972, org.springframework.test.context.event.EventPublishingTestExecutionListener@b5f0bd8, org.springframework.boot.test.autoconfigure.restdocs.RestDocsTestExecutionListener@7374b073, org.springframework.boot.test.autoconfigure.web.client.MockRestServiceServerResetTestExecutionListener@42d4a5d5, org.springframework.boot.test.autoconfigure.web.servlet.MockMvcPrintOnlyOnFailureTestExecutionListener@79115ae4, org.springframework.boot.test.autoconfigure.web.servlet.WebDriverTestExecutionListener@a638fd5, org.springframework.boot.test.mock.mockito.ResetMocksTestExecutionListener@5cc241c2]
Before any test execution
Before any test execution
Before any test execution
Before any test execution
Hibernate: 
    select
        ticket0_.code as code1_0_,
        ticket0_.closing_date as closing_2_0_,
        ticket0_.description as descript3_0_,
        ticket0_.employee_id as employee4_0_,
        ticket0_.priority as priority5_0_,
        ticket0_.product as product6_0_,
        ticket0_.severity as severity7_0_,
        ticket0_.start_date as start_da8_0_,
        ticket0_.status as status9_0_,
        ticket0_.title as title10_0_,
        ticket0_.version as version11_0_ 
    from
        ticket ticket0_ 
    where
        ticket0_.title=?
Hibernate: 
    call next value for hibernate_sequence
Hibernate: 
    insert 
    into
        ticket
        (closing_date, description, employee_id, priority, product, severity, start_date, status, title, version, code) 
    values
        (?, ?, ?, ?, ?, ?, ?, ?, ?, ?, ?)
Hibernate: 
    select
        ticket0_.code as code1_0_0_,
        ticket0_.closing_date as closing_2_0_0_,
        ticket0_.description as descript3_0_0_,
        ticket0_.employee_id as employee4_0_0_,
        ticket0_.priority as priority5_0_0_,
        ticket0_.product as product6_0_0_,
        ticket0_.severity as severity7_0_0_,
        ticket0_.start_date as start_da8_0_0_,
        ticket0_.status as status9_0_0_,
        ticket0_.title as title10_0_0_,
        ticket0_.version as version11_0_0_ 
    from
        ticket ticket0_ 
    where
        ticket0_.code=?
Resetting system
Hibernate: 
    select
        ticket0_.code as code1_0_,
        ticket0_.closing_date as closing_2_0_,
        ticket0_.description as descript3_0_,
        ticket0_.employee_id as employee4_0_,
        ticket0_.priority as priority5_0_,
        ticket0_.product as product6_0_,
        ticket0_.severity as severity7_0_,
        ticket0_.start_date as start_da8_0_,
        ticket0_.status as status9_0_,
        ticket0_.title as title10_0_,
        ticket0_.version as version11_0_ 
    from
        ticket ticket0_
Hibernate: 
    delete 
    from
        ticket_tasks 
    where
        ticket_id=?
Hibernate: 
    delete 
    from
        ticket 
    where
        code=?
Resetting system
Hibernate: 
    select
        ticket0_.code as code1_0_,
        ticket0_.closing_date as closing_2_0_,
        ticket0_.description as descript3_0_,
        ticket0_.employee_id as employee4_0_,
        ticket0_.priority as priority5_0_,
        ticket0_.product as product6_0_,
        ticket0_.severity as severity7_0_,
        ticket0_.start_date as start_da8_0_,
        ticket0_.status as status9_0_,
        ticket0_.title as title10_0_,
        ticket0_.version as version11_0_ 
    from
        ticket ticket0_
Resetting system
Hibernate: 
    select
        ticket0_.code as code1_0_,
        ticket0_.closing_date as closing_2_0_,
        ticket0_.description as descript3_0_,
        ticket0_.employee_id as employee4_0_,
        ticket0_.priority as priority5_0_,
        ticket0_.product as product6_0_,
        ticket0_.severity as severity7_0_,
        ticket0_.start_date as start_da8_0_,
        ticket0_.status as status9_0_,
        ticket0_.title as title10_0_,
        ticket0_.version as version11_0_ 
    from
        ticket ticket0_
Resetting system
Hibernate: 
    select
        ticket0_.code as code1_0_,
        ticket0_.closing_date as closing_2_0_,
        ticket0_.description as descript3_0_,
        ticket0_.employee_id as employee4_0_,
        ticket0_.priority as priority5_0_,
        ticket0_.product as product6_0_,
        ticket0_.severity as severity7_0_,
        ticket0_.start_date as start_da8_0_,
        ticket0_.status as status9_0_,
        ticket0_.title as title10_0_,
        ticket0_.version as version11_0_ 
    from
        ticket ticket0_
2023-12-02 15:19:50.056  INFO 12516 --- [    Test worker] o.s.t.c.support.AbstractContextLoader    : Could not detect default resource locations for test class [com.aninfo.integration.cucumber.TicketIntegrationServiceTest]: no resource found for suffixes {-context.xml, Context.groovy}.
2023-12-02 15:19:50.058  INFO 12516 --- [    Test worker] .b.t.c.SpringBootTestContextBootstrapper : Loaded default TestExecutionListener class names from location [META-INF/spring.factories]: [org.springframework.boot.test.autoconfigure.restdocs.RestDocsTestExecutionListener, org.springframework.boot.test.autoconfigure.web.client.MockRestServiceServerResetTestExecutionListener, org.springframework.boot.test.autoconfigure.web.servlet.MockMvcPrintOnlyOnFailureTestExecutionListener, org.springframework.boot.test.autoconfigure.web.servlet.WebDriverTestExecutionListener, org.springframework.boot.test.mock.mockito.MockitoTestExecutionListener, org.springframework.boot.test.mock.mockito.ResetMocksTestExecutionListener, org.springframework.test.context.web.ServletTestExecutionListener, org.springframework.test.context.support.DirtiesContextBeforeModesTestExecutionListener, org.springframework.test.context.support.DependencyInjectionTestExecutionListener, org.springframework.test.context.support.DirtiesContextTestExecutionListener, org.springframework.test.context.transaction.TransactionalTestExecutionListener, org.springframework.test.context.jdbc.SqlScriptsTestExecutionListener, org.springframework.test.context.event.EventPublishingTestExecutionListener]
2023-12-02 15:19:50.059  INFO 12516 --- [    Test worker] .b.t.c.SpringBootTestContextBootstrapper : Using TestExecutionListeners: [org.springframework.test.context.web.ServletTestExecutionListener@4e41ec3d, org.springframework.test.context.support.DirtiesContextBeforeModesTestExecutionListener@76c6f810, org.springframework.boot.test.mock.mockito.MockitoTestExecutionListener@4b051c6f, org.springframework.boot.test.autoconfigure.SpringBootDependencyInjectionTestExecutionListener@ed4e483, org.springframework.test.context.support.DirtiesContextTestExecutionListener@4f35d160, org.springframework.test.context.transaction.TransactionalTestExecutionListener@e72a6ee, org.springframework.test.context.jdbc.SqlScriptsTestExecutionListener@6d77252b, org.springframework.test.context.event.EventPublishingTestExecutionListener@44ae34fa, org.springframework.boot.test.autoconfigure.restdocs.RestDocsTestExecutionListener@25f143de, org.springframework.boot.test.autoconfigure.web.client.MockRestServiceServerResetTestExecutionListener@3e2fd458, org.springframework.boot.test.autoconfigure.web.servlet.MockMvcPrintOnlyOnFailureTestExecutionListener@6a25e0cb, org.springframework.boot.test.autoconfigure.web.servlet.WebDriverTestExecutionListener@5f991091, org.springframework.boot.test.mock.mockito.ResetMocksTestExecutionListener@70d9470f]
Before any test execution
Before any test execution
Before any test execution
Before any test execution
Resetting system
Hibernate: 
    select
        ticket0_.code as code1_0_,
        ticket0_.closing_date as closing_2_0_,
        ticket0_.description as descript3_0_,
        ticket0_.employee_id as employee4_0_,
        ticket0_.priority as priority5_0_,
        ticket0_.product as product6_0_,
        ticket0_.severity as severity7_0_,
        ticket0_.start_date as start_da8_0_,
        ticket0_.status as status9_0_,
        ticket0_.title as title10_0_,
        ticket0_.version as version11_0_ 
    from
        ticket ticket0_
Resetting system
Hibernate: 
    select
        ticket0_.code as code1_0_,
        ticket0_.closing_date as closing_2_0_,
        ticket0_.description as descript3_0_,
        ticket0_.employee_id as employee4_0_,
        ticket0_.priority as priority5_0_,
        ticket0_.product as product6_0_,
        ticket0_.severity as severity7_0_,
        ticket0_.start_date as start_da8_0_,
        ticket0_.status as status9_0_,
        ticket0_.title as title10_0_,
        ticket0_.version as version11_0_ 
    from
        ticket ticket0_
Resetting system
Hibernate: 
    select
        ticket0_.code as code1_0_,
        ticket0_.closing_date as closing_2_0_,
        ticket0_.description as descript3_0_,
        ticket0_.employee_id as employee4_0_,
        ticket0_.priority as priority5_0_,
        ticket0_.product as product6_0_,
        ticket0_.severity as severity7_0_,
        ticket0_.start_date as start_da8_0_,
        ticket0_.status as status9_0_,
        ticket0_.title as title10_0_,
        ticket0_.version as version11_0_ 
    from
        ticket ticket0_
Resetting system
Hibernate: 
    select
        ticket0_.code as code1_0_,
        ticket0_.closing_date as closing_2_0_,
        ticket0_.description as descript3_0_,
        ticket0_.employee_id as employee4_0_,
        ticket0_.priority as priority5_0_,
        ticket0_.product as product6_0_,
        ticket0_.severity as severity7_0_,
        ticket0_.start_date as start_da8_0_,
        ticket0_.status as status9_0_,
        ticket0_.title as title10_0_,
        ticket0_.version as version11_0_ 
    from
        ticket ticket0_

13 Scenarios (?[33m2 undefined?[0m, ?[32m11 passed?[0m)
42 Steps (?[36m1 skipped?[0m, ?[33m3 undefined?[0m, ?[32m38 passed?[0m)
0m0,740s


You can implement missing steps with the snippets below:

@Then("^The tickets's code matches$")
public void the_tickets_s_code_matches() throws Throwable {
    // Write code here that turns the phrase above into concrete actions
    throw new PendingException();
}

@Given("^no tickets to search$")
public void no_tickets_to_search() throws Throwable {
    // Write code here that turns the phrase above into concrete actions
    throw new PendingException();
}

@When("^Searching a ticket by it's code$")
public void searching_a_ticket_by_it_s_code() throws Throwable {
    // Write code here that turns the phrase above into concrete actions
    throw new PendingException();
}

]]></system-out>
  <system-err><![CDATA[]]></system-err>
</testsuite>
