<?xml version="1.0" encoding="UTF-8"?>
<testsuite name="com.aninfo.integration.cucumber.CucumberTest" tests="42" skipped="0" failures="0" errors="0" timestamp="2023-12-03T00:03:29" hostname="valentin-750XFG" time="0.437">
  <properties/>
  <testcase name="Given No tickets to access" classname="com.aninfo.integration.cucumber.CucumberTest" time="0.0"/>
  <testcase name="When Trying to get tickets" classname="com.aninfo.integration.cucumber.CucumberTest" time="0.0"/>
  <testcase name="Then I get no tickets" classname="com.aninfo.integration.cucumber.CucumberTest" time="0.0"/>
  <testcase name="Given Two tickets" classname="com.aninfo.integration.cucumber.CucumberTest" time="0.0"/>
  <testcase name="When Trying to get tickets" classname="com.aninfo.integration.cucumber.CucumberTest" time="0.0"/>
  <testcase name="Then I get two tickets" classname="com.aninfo.integration.cucumber.CucumberTest" time="0.001"/>
  <testcase name="Given Ticket with name Ticket1 because of accesing" classname="com.aninfo.integration.cucumber.CucumberTest" time="0.0"/>
  <testcase name="When Trying to find ticket with name Ticket1" classname="com.aninfo.integration.cucumber.CucumberTest" time="0.001"/>
  <testcase name="Then I get the ticket appropriately" classname="com.aninfo.integration.cucumber.CucumberTest" time="0.0"/>
  <testcase name="Given Ticket with name MyTicket1 because of accesing" classname="com.aninfo.integration.cucumber.CucumberTest" time="0.0"/>
  <testcase name="When Trying to find ticket with name MyTicket2" classname="com.aninfo.integration.cucumber.CucumberTest" time="0.0"/>
  <testcase name="Then I get an Invalid Ticket Exception because of accessing" classname="com.aninfo.integration.cucumber.CucumberTest" time="0.0"/>
  <testcase name="Given No ticket with name ticket1" classname="com.aninfo.integration.cucumber.CucumberTest" time="0.0"/>
  <testcase name="When Trying to create a ticket with name ticket1" classname="com.aninfo.integration.cucumber.CucumberTest" time="0.0"/>
  <testcase name="Then It is created successfully" classname="com.aninfo.integration.cucumber.CucumberTest" time="0.0"/>
  <testcase name="And Ticket is named ticket1" classname="com.aninfo.integration.cucumber.CucumberTest" time="0.0"/>
  <testcase name="Given A ticket with status NOT STARTED" classname="com.aninfo.integration.cucumber.CucumberTest" time="0.0"/>
  <testcase name="When Trying to edit the status from NOT STARTED to IN PROGRESS" classname="com.aninfo.integration.cucumber.CucumberTest" time="0.0"/>
  <testcase name="Then Status is edited successfully" classname="com.aninfo.integration.cucumber.CucumberTest" time="0.0"/>
  <testcase name="Given A ticket with severity S1" classname="com.aninfo.integration.cucumber.CucumberTest" time="0.0"/>
  <testcase name="When Trying to edit the severity from S1 to S2" classname="com.aninfo.integration.cucumber.CucumberTest" time="0.0"/>
  <testcase name="Then Severity is edited successfully" classname="com.aninfo.integration.cucumber.CucumberTest" time="0.0"/>
  <testcase name="Given A ticket with priority LOW" classname="com.aninfo.integration.cucumber.CucumberTest" time="0.0"/>
  <testcase name="When Trying to edit the priority from LOW to HIGH" classname="com.aninfo.integration.cucumber.CucumberTest" time="0.0"/>
  <testcase name="Then Priority is edited successfully" classname="com.aninfo.integration.cucumber.CucumberTest" time="0.0"/>
  <testcase name="Given A ticket with an empty info" classname="com.aninfo.integration.cucumber.CucumberTest" time="0.0"/>
  <testcase name="When Trying to edit the info to a different one" classname="com.aninfo.integration.cucumber.CucumberTest" time="0.001"/>
  <testcase name="Then Info is edited successfully" classname="com.aninfo.integration.cucumber.CucumberTest" time="0.0"/>
  <testcase name="Given A ticket with name ticket1" classname="com.aninfo.integration.cucumber.CucumberTest" time="0.0"/>
  <testcase name="When Trying to edit the name from ticket1 to ticket2" classname="com.aninfo.integration.cucumber.CucumberTest" time="0.0"/>
  <testcase name="Then Name is edited successfully" classname="com.aninfo.integration.cucumber.CucumberTest" time="0.0"/>
  <testcase name="Given Two tickets with names ticket1 and ticket2" classname="com.aninfo.integration.cucumber.CucumberTest" time="0.0"/>
  <testcase name="When Trying to edit the name of ticket1 to the same name of ticket2" classname="com.aninfo.integration.cucumber.CucumberTest" time="0.0"/>
  <testcase name="Then I get a Ticket Name Already Taken Exception" classname="com.aninfo.integration.cucumber.CucumberTest" time="0.0"/>
  <testcase name="And It remain with the original name" classname="com.aninfo.integration.cucumber.CucumberTest" time="0.0"/>
  <testcase name="Given A ticket" classname="com.aninfo.integration.cucumber.CucumberTest" time="0.001"/>
  <testcase name="When Searching this ticket by it's code" classname="com.aninfo.integration.cucumber.CucumberTest" time="0.0"/>
  <testcase name="Then It is found successfully" classname="com.aninfo.integration.cucumber.CucumberTest" time="0.0"/>
  <testcase name="And The ticket's code matches" classname="com.aninfo.integration.cucumber.CucumberTest" time="0.0"/>
  <testcase name="Given no tickets to search" classname="com.aninfo.integration.cucumber.CucumberTest" time="0.0"/>
  <testcase name="When Searching this ticket by it's code" classname="com.aninfo.integration.cucumber.CucumberTest" time="0.0"/>
  <testcase name="Then I get an Invalid Ticket Exception because of searching" classname="com.aninfo.integration.cucumber.CucumberTest" time="0.001"/>
  <system-out><![CDATA[21:03:24.765 [Test worker] DEBUG org.springframework.test.context.BootstrapUtils - Instantiating CacheAwareContextLoaderDelegate from class [org.springframework.test.context.cache.DefaultCacheAwareContextLoaderDelegate]
21:03:24.772 [Test worker] DEBUG org.springframework.test.context.BootstrapUtils - Instantiating BootstrapContext using constructor [public org.springframework.test.context.support.DefaultBootstrapContext(java.lang.Class,org.springframework.test.context.CacheAwareContextLoaderDelegate)]
21:03:24.800 [Test worker] DEBUG org.springframework.test.context.BootstrapUtils - Instantiating TestContextBootstrapper for test class [com.aninfo.integration.cucumber.TicketSearchTest] from class [org.springframework.boot.test.context.SpringBootTestContextBootstrapper]
21:03:24.812 [Test worker] DEBUG org.springframework.test.context.support.AbstractContextLoader - Did not detect default resource location for test class [com.aninfo.integration.cucumber.TicketIntegrationServiceTest]: class path resource [com/aninfo/integration/cucumber/TicketIntegrationServiceTest-context.xml] does not exist
21:03:24.813 [Test worker] DEBUG org.springframework.test.context.support.AbstractContextLoader - Did not detect default resource location for test class [com.aninfo.integration.cucumber.TicketIntegrationServiceTest]: class path resource [com/aninfo/integration/cucumber/TicketIntegrationServiceTestContext.groovy] does not exist
21:03:24.813 [Test worker] INFO org.springframework.test.context.support.AbstractContextLoader - Could not detect default resource locations for test class [com.aninfo.integration.cucumber.TicketIntegrationServiceTest]: no resource found for suffixes {-context.xml, Context.groovy}.
21:03:24.841 [Test worker] DEBUG org.springframework.test.context.support.ActiveProfilesUtils - Could not find an 'annotation declaring class' for annotation type [org.springframework.test.context.ActiveProfiles] and class [com.aninfo.integration.cucumber.TicketSearchTest]
21:03:24.903 [Test worker] DEBUG org.springframework.boot.test.context.SpringBootTestContextBootstrapper - @TestExecutionListeners is not present for class [com.aninfo.integration.cucumber.TicketSearchTest]: using defaults.
21:03:24.903 [Test worker] INFO org.springframework.boot.test.context.SpringBootTestContextBootstrapper - Loaded default TestExecutionListener class names from location [META-INF/spring.factories]: [org.springframework.boot.test.autoconfigure.restdocs.RestDocsTestExecutionListener, org.springframework.boot.test.autoconfigure.web.client.MockRestServiceServerResetTestExecutionListener, org.springframework.boot.test.autoconfigure.web.servlet.MockMvcPrintOnlyOnFailureTestExecutionListener, org.springframework.boot.test.autoconfigure.web.servlet.WebDriverTestExecutionListener, org.springframework.boot.test.mock.mockito.MockitoTestExecutionListener, org.springframework.boot.test.mock.mockito.ResetMocksTestExecutionListener, org.springframework.test.context.web.ServletTestExecutionListener, org.springframework.test.context.support.DirtiesContextBeforeModesTestExecutionListener, org.springframework.test.context.support.DependencyInjectionTestExecutionListener, org.springframework.test.context.support.DirtiesContextTestExecutionListener, org.springframework.test.context.transaction.TransactionalTestExecutionListener, org.springframework.test.context.jdbc.SqlScriptsTestExecutionListener, org.springframework.test.context.event.EventPublishingTestExecutionListener]
21:03:24.910 [Test worker] INFO org.springframework.boot.test.context.SpringBootTestContextBootstrapper - Using TestExecutionListeners: [org.springframework.test.context.web.ServletTestExecutionListener@1a338c5b, org.springframework.test.context.support.DirtiesContextBeforeModesTestExecutionListener@670884f0, org.springframework.boot.test.mock.mockito.MockitoTestExecutionListener@10f0e659, org.springframework.boot.test.autoconfigure.SpringBootDependencyInjectionTestExecutionListener@168e9e70, org.springframework.test.context.support.DirtiesContextTestExecutionListener@10d989ae, org.springframework.test.context.transaction.TransactionalTestExecutionListener@3355b041, org.springframework.test.context.jdbc.SqlScriptsTestExecutionListener@24005a5c, org.springframework.test.context.event.EventPublishingTestExecutionListener@469f2db2, org.springframework.boot.test.autoconfigure.restdocs.RestDocsTestExecutionListener@1a574836, org.springframework.boot.test.autoconfigure.web.client.MockRestServiceServerResetTestExecutionListener@41e2485, org.springframework.boot.test.autoconfigure.web.servlet.MockMvcPrintOnlyOnFailureTestExecutionListener@226a5ce0, org.springframework.boot.test.autoconfigure.web.servlet.WebDriverTestExecutionListener@1d2717a2, org.springframework.boot.test.mock.mockito.ResetMocksTestExecutionListener@3d91eac8]
21:03:24.930 [Test worker] DEBUG org.springframework.test.context.support.TestPropertySourceUtils - Adding inlined properties to environment: {spring.jmx.enabled=false, org.springframework.boot.test.context.SpringBootTestContextBootstrapper=true, server.port=-1}

  .   ____          _            __ _ _
 /\\ / ___'_ __ _ _(_)_ __  __ _ \ \ \ \
( ( )\___ | '_ | '_| | '_ \/ _` | \ \ \ \
 \\/  ___)| |_)| | | | | || (_| |  ) ) ) )
  '  |____| .__|_| |_|_| |_\__, | / / / /
 =========|_|==============|___/=/_/_/_/
 :: Spring Boot ::        (v2.2.5.RELEASE)

2023-12-02 21:03:25.177  INFO 169169 --- [    Test worker] c.a.i.cucumber.TicketSearchTest          : Starting TicketSearchTest on valentin-750XFG with PID 169169 (started by valentin in /home/valentin/ANALISIS_DE_LA_INFORMACION/TPG/squad_3_2023_2c)
2023-12-02 21:03:25.179  INFO 169169 --- [    Test worker] c.a.i.cucumber.TicketSearchTest          : No active profile set, falling back to default profiles: default
2023-12-02 21:03:25.695  INFO 169169 --- [    Test worker] .s.d.r.c.RepositoryConfigurationDelegate : Bootstrapping Spring Data JPA repositories in DEFAULT mode.
2023-12-02 21:03:25.770  INFO 169169 --- [    Test worker] .s.d.r.c.RepositoryConfigurationDelegate : Finished Spring Data repository scanning in 70ms. Found 1 JPA repository interfaces.
2023-12-02 21:03:26.506  INFO 169169 --- [    Test worker] o.hibernate.jpa.internal.util.LogHelper  : HHH000204: Processing PersistenceUnitInfo [name: default]
2023-12-02 21:03:26.571  INFO 169169 --- [    Test worker] org.hibernate.Version                    : HHH000412: Hibernate ORM core version 5.4.12.Final
2023-12-02 21:03:26.695  INFO 169169 --- [    Test worker] o.hibernate.annotations.common.Version   : HCANN000001: Hibernate Commons Annotations {5.1.0.Final}
2023-12-02 21:03:26.787  INFO 169169 --- [    Test worker] com.zaxxer.hikari.HikariDataSource       : HikariPool-1 - Starting...
2023-12-02 21:03:26.956  INFO 169169 --- [    Test worker] com.zaxxer.hikari.HikariDataSource       : HikariPool-1 - Start completed.
2023-12-02 21:03:26.973  INFO 169169 --- [    Test worker] org.hibernate.dialect.Dialect            : HHH000400: Using dialect: org.hibernate.dialect.H2Dialect
Hibernate: 
    
    drop table ticket if exists
Hibernate: 
    
    drop table ticket_tasks if exists
Hibernate: 
    
    drop sequence if exists hibernate_sequence
Hibernate: create sequence hibernate_sequence start with 1 increment by 1
Hibernate: 
    
    create table ticket (
       code bigint not null,
        client_id bigint,
        closing_date date,
        description varchar(255),
        employee_id bigint,
        priority integer,
        product varchar(255),
        severity integer,
        start_date date,
        status integer,
        title varchar(255),
        version varchar(255),
        primary key (code)
    )
Hibernate: 
    
    create table ticket_tasks (
       ticket_id bigint not null,
        task_id bigint
    )
Hibernate: 
    
    alter table ticket_tasks 
       add constraint FKnbyd5rwnukhkx2huaqj7mmpdn 
       foreign key (ticket_id) 
       references ticket
2023-12-02 21:03:27.468  INFO 169169 --- [    Test worker] o.h.e.t.j.p.i.JtaPlatformInitiator       : HHH000490: Using JtaPlatform implementation: [org.hibernate.engine.transaction.jta.platform.internal.NoJtaPlatform]
2023-12-02 21:03:27.472  INFO 169169 --- [    Test worker] j.LocalContainerEntityManagerFactoryBean : Initialized JPA EntityManagerFactory for persistence unit 'default'
2023-12-02 21:03:28.120  WARN 169169 --- [    Test worker] JpaBaseConfiguration$JpaWebConfiguration : spring.jpa.open-in-view is enabled by default. Therefore, database queries may be performed during view rendering. Explicitly configure spring.jpa.open-in-view to disable this warning
2023-12-02 21:03:28.886  INFO 169169 --- [    Test worker] o.s.s.concurrent.ThreadPoolTaskExecutor  : Initializing ExecutorService 'applicationTaskExecutor'
2023-12-02 21:03:29.210  INFO 169169 --- [    Test worker] o.s.b.a.h2.H2ConsoleAutoConfiguration    : H2 console available at '/h2-console'. Database available at 'jdbc:h2:mem:DBNAME'
2023-12-02 21:03:29.741  INFO 169169 --- [    Test worker] c.a.i.cucumber.TicketSearchTest          : Started TicketSearchTest in 4.805 seconds (JVM running for 5.742)
Before any test execution
Before any test execution
Before any test execution
Before any test execution
Hibernate: 
    select
        ticket0_.code as code1_0_,
        ticket0_.client_id as client_i2_0_,
        ticket0_.closing_date as closing_3_0_,
        ticket0_.description as descript4_0_,
        ticket0_.employee_id as employee5_0_,
        ticket0_.priority as priority6_0_,
        ticket0_.product as product7_0_,
        ticket0_.severity as severity8_0_,
        ticket0_.start_date as start_da9_0_,
        ticket0_.status as status10_0_,
        ticket0_.title as title11_0_,
        ticket0_.version as version12_0_ 
    from
        ticket ticket0_
Resetting system
Hibernate: 
    select
        ticket0_.code as code1_0_,
        ticket0_.client_id as client_i2_0_,
        ticket0_.closing_date as closing_3_0_,
        ticket0_.description as descript4_0_,
        ticket0_.employee_id as employee5_0_,
        ticket0_.priority as priority6_0_,
        ticket0_.product as product7_0_,
        ticket0_.severity as severity8_0_,
        ticket0_.start_date as start_da9_0_,
        ticket0_.status as status10_0_,
        ticket0_.title as title11_0_,
        ticket0_.version as version12_0_ 
    from
        ticket ticket0_
Resetting system
Hibernate: 
    select
        ticket0_.code as code1_0_,
        ticket0_.client_id as client_i2_0_,
        ticket0_.closing_date as closing_3_0_,
        ticket0_.description as descript4_0_,
        ticket0_.employee_id as employee5_0_,
        ticket0_.priority as priority6_0_,
        ticket0_.product as product7_0_,
        ticket0_.severity as severity8_0_,
        ticket0_.start_date as start_da9_0_,
        ticket0_.status as status10_0_,
        ticket0_.title as title11_0_,
        ticket0_.version as version12_0_ 
    from
        ticket ticket0_
Resetting system
Hibernate: 
    select
        ticket0_.code as code1_0_,
        ticket0_.client_id as client_i2_0_,
        ticket0_.closing_date as closing_3_0_,
        ticket0_.description as descript4_0_,
        ticket0_.employee_id as employee5_0_,
        ticket0_.priority as priority6_0_,
        ticket0_.product as product7_0_,
        ticket0_.severity as severity8_0_,
        ticket0_.start_date as start_da9_0_,
        ticket0_.status as status10_0_,
        ticket0_.title as title11_0_,
        ticket0_.version as version12_0_ 
    from
        ticket ticket0_
Resetting system
Hibernate: 
    select
        ticket0_.code as code1_0_,
        ticket0_.client_id as client_i2_0_,
        ticket0_.closing_date as closing_3_0_,
        ticket0_.description as descript4_0_,
        ticket0_.employee_id as employee5_0_,
        ticket0_.priority as priority6_0_,
        ticket0_.product as product7_0_,
        ticket0_.severity as severity8_0_,
        ticket0_.start_date as start_da9_0_,
        ticket0_.status as status10_0_,
        ticket0_.title as title11_0_,
        ticket0_.version as version12_0_ 
    from
        ticket ticket0_
2023-12-02 21:03:30.062  INFO 169169 --- [    Test worker] o.s.t.c.support.AbstractContextLoader    : Could not detect default resource locations for test class [com.aninfo.integration.cucumber.TicketIntegrationServiceTest]: no resource found for suffixes {-context.xml, Context.groovy}.
2023-12-02 21:03:30.064  INFO 169169 --- [    Test worker] .b.t.c.SpringBootTestContextBootstrapper : Loaded default TestExecutionListener class names from location [META-INF/spring.factories]: [org.springframework.boot.test.autoconfigure.restdocs.RestDocsTestExecutionListener, org.springframework.boot.test.autoconfigure.web.client.MockRestServiceServerResetTestExecutionListener, org.springframework.boot.test.autoconfigure.web.servlet.MockMvcPrintOnlyOnFailureTestExecutionListener, org.springframework.boot.test.autoconfigure.web.servlet.WebDriverTestExecutionListener, org.springframework.boot.test.mock.mockito.MockitoTestExecutionListener, org.springframework.boot.test.mock.mockito.ResetMocksTestExecutionListener, org.springframework.test.context.web.ServletTestExecutionListener, org.springframework.test.context.support.DirtiesContextBeforeModesTestExecutionListener, org.springframework.test.context.support.DependencyInjectionTestExecutionListener, org.springframework.test.context.support.DirtiesContextTestExecutionListener, org.springframework.test.context.transaction.TransactionalTestExecutionListener, org.springframework.test.context.jdbc.SqlScriptsTestExecutionListener, org.springframework.test.context.event.EventPublishingTestExecutionListener]
2023-12-02 21:03:30.065  INFO 169169 --- [    Test worker] .b.t.c.SpringBootTestContextBootstrapper : Using TestExecutionListeners: [org.springframework.test.context.web.ServletTestExecutionListener@11771e99, org.springframework.test.context.support.DirtiesContextBeforeModesTestExecutionListener@6a00e058, org.springframework.boot.test.mock.mockito.MockitoTestExecutionListener@3a204d85, org.springframework.boot.test.autoconfigure.SpringBootDependencyInjectionTestExecutionListener@6eb180f1, org.springframework.test.context.support.DirtiesContextTestExecutionListener@471bc868, org.springframework.test.context.transaction.TransactionalTestExecutionListener@2af4f2f3, org.springframework.test.context.jdbc.SqlScriptsTestExecutionListener@1280de4d, org.springframework.test.context.event.EventPublishingTestExecutionListener@705462e4, org.springframework.boot.test.autoconfigure.restdocs.RestDocsTestExecutionListener@6915bc0e, org.springframework.boot.test.autoconfigure.web.client.MockRestServiceServerResetTestExecutionListener@64fbb8b5, org.springframework.boot.test.autoconfigure.web.servlet.MockMvcPrintOnlyOnFailureTestExecutionListener@709d60d1, org.springframework.boot.test.autoconfigure.web.servlet.WebDriverTestExecutionListener@230d7f64, org.springframework.boot.test.mock.mockito.ResetMocksTestExecutionListener@673c42c7]
Before any test execution
Before any test execution
Before any test execution
Before any test execution
Hibernate: 
    select
        ticket0_.code as code1_0_,
        ticket0_.client_id as client_i2_0_,
        ticket0_.closing_date as closing_3_0_,
        ticket0_.description as descript4_0_,
        ticket0_.employee_id as employee5_0_,
        ticket0_.priority as priority6_0_,
        ticket0_.product as product7_0_,
        ticket0_.severity as severity8_0_,
        ticket0_.start_date as start_da9_0_,
        ticket0_.status as status10_0_,
        ticket0_.title as title11_0_,
        ticket0_.version as version12_0_ 
    from
        ticket ticket0_ 
    where
        ticket0_.title=?
Hibernate: 
    call next value for hibernate_sequence
Hibernate: 
    insert 
    into
        ticket
        (client_id, closing_date, description, employee_id, priority, product, severity, start_date, status, title, version, code) 
    values
        (?, ?, ?, ?, ?, ?, ?, ?, ?, ?, ?, ?)
Hibernate: 
    select
        ticket0_.code as code1_0_,
        ticket0_.client_id as client_i2_0_,
        ticket0_.closing_date as closing_3_0_,
        ticket0_.description as descript4_0_,
        ticket0_.employee_id as employee5_0_,
        ticket0_.priority as priority6_0_,
        ticket0_.product as product7_0_,
        ticket0_.severity as severity8_0_,
        ticket0_.start_date as start_da9_0_,
        ticket0_.status as status10_0_,
        ticket0_.title as title11_0_,
        ticket0_.version as version12_0_ 
    from
        ticket ticket0_ 
    where
        ticket0_.title=?
Hibernate: 
    call next value for hibernate_sequence
Hibernate: 
    insert 
    into
        ticket
        (client_id, closing_date, description, employee_id, priority, product, severity, start_date, status, title, version, code) 
    values
        (?, ?, ?, ?, ?, ?, ?, ?, ?, ?, ?, ?)
Hibernate: 
    select
        ticket0_.code as code1_0_,
        ticket0_.client_id as client_i2_0_,
        ticket0_.closing_date as closing_3_0_,
        ticket0_.description as descript4_0_,
        ticket0_.employee_id as employee5_0_,
        ticket0_.priority as priority6_0_,
        ticket0_.product as product7_0_,
        ticket0_.severity as severity8_0_,
        ticket0_.start_date as start_da9_0_,
        ticket0_.status as status10_0_,
        ticket0_.title as title11_0_,
        ticket0_.version as version12_0_ 
    from
        ticket ticket0_
Hibernate: 
    select
        ticket0_.code as code1_0_,
        ticket0_.client_id as client_i2_0_,
        ticket0_.closing_date as closing_3_0_,
        ticket0_.description as descript4_0_,
        ticket0_.employee_id as employee5_0_,
        ticket0_.priority as priority6_0_,
        ticket0_.product as product7_0_,
        ticket0_.severity as severity8_0_,
        ticket0_.start_date as start_da9_0_,
        ticket0_.status as status10_0_,
        ticket0_.title as title11_0_,
        ticket0_.version as version12_0_ 
    from
        ticket ticket0_
Resetting system
Hibernate: 
    select
        ticket0_.code as code1_0_,
        ticket0_.client_id as client_i2_0_,
        ticket0_.closing_date as closing_3_0_,
        ticket0_.description as descript4_0_,
        ticket0_.employee_id as employee5_0_,
        ticket0_.priority as priority6_0_,
        ticket0_.product as product7_0_,
        ticket0_.severity as severity8_0_,
        ticket0_.start_date as start_da9_0_,
        ticket0_.status as status10_0_,
        ticket0_.title as title11_0_,
        ticket0_.version as version12_0_ 
    from
        ticket ticket0_
Hibernate: 
    delete 
    from
        ticket_tasks 
    where
        ticket_id=?
Hibernate: 
    delete 
    from
        ticket_tasks 
    where
        ticket_id=?
Hibernate: 
    delete 
    from
        ticket 
    where
        code=?
Hibernate: 
    delete 
    from
        ticket 
    where
        code=?
Resetting system
Hibernate: 
    select
        ticket0_.code as code1_0_,
        ticket0_.client_id as client_i2_0_,
        ticket0_.closing_date as closing_3_0_,
        ticket0_.description as descript4_0_,
        ticket0_.employee_id as employee5_0_,
        ticket0_.priority as priority6_0_,
        ticket0_.product as product7_0_,
        ticket0_.severity as severity8_0_,
        ticket0_.start_date as start_da9_0_,
        ticket0_.status as status10_0_,
        ticket0_.title as title11_0_,
        ticket0_.version as version12_0_ 
    from
        ticket ticket0_
Resetting system
Hibernate: 
    select
        ticket0_.code as code1_0_,
        ticket0_.client_id as client_i2_0_,
        ticket0_.closing_date as closing_3_0_,
        ticket0_.description as descript4_0_,
        ticket0_.employee_id as employee5_0_,
        ticket0_.priority as priority6_0_,
        ticket0_.product as product7_0_,
        ticket0_.severity as severity8_0_,
        ticket0_.start_date as start_da9_0_,
        ticket0_.status as status10_0_,
        ticket0_.title as title11_0_,
        ticket0_.version as version12_0_ 
    from
        ticket ticket0_
Resetting system
Hibernate: 
    select
        ticket0_.code as code1_0_,
        ticket0_.client_id as client_i2_0_,
        ticket0_.closing_date as closing_3_0_,
        ticket0_.description as descript4_0_,
        ticket0_.employee_id as employee5_0_,
        ticket0_.priority as priority6_0_,
        ticket0_.product as product7_0_,
        ticket0_.severity as severity8_0_,
        ticket0_.start_date as start_da9_0_,
        ticket0_.status as status10_0_,
        ticket0_.title as title11_0_,
        ticket0_.version as version12_0_ 
    from
        ticket ticket0_
2023-12-02 21:03:30.185  INFO 169169 --- [    Test worker] o.s.t.c.support.AbstractContextLoader    : Could not detect default resource locations for test class [com.aninfo.integration.cucumber.TicketIntegrationServiceTest]: no resource found for suffixes {-context.xml, Context.groovy}.
2023-12-02 21:03:30.186  INFO 169169 --- [    Test worker] .b.t.c.SpringBootTestContextBootstrapper : Loaded default TestExecutionListener class names from location [META-INF/spring.factories]: [org.springframework.boot.test.autoconfigure.restdocs.RestDocsTestExecutionListener, org.springframework.boot.test.autoconfigure.web.client.MockRestServiceServerResetTestExecutionListener, org.springframework.boot.test.autoconfigure.web.servlet.MockMvcPrintOnlyOnFailureTestExecutionListener, org.springframework.boot.test.autoconfigure.web.servlet.WebDriverTestExecutionListener, org.springframework.boot.test.mock.mockito.MockitoTestExecutionListener, org.springframework.boot.test.mock.mockito.ResetMocksTestExecutionListener, org.springframework.test.context.web.ServletTestExecutionListener, org.springframework.test.context.support.DirtiesContextBeforeModesTestExecutionListener, org.springframework.test.context.support.DependencyInjectionTestExecutionListener, org.springframework.test.context.support.DirtiesContextTestExecutionListener, org.springframework.test.context.transaction.TransactionalTestExecutionListener, org.springframework.test.context.jdbc.SqlScriptsTestExecutionListener, org.springframework.test.context.event.EventPublishingTestExecutionListener]
2023-12-02 21:03:30.187  INFO 169169 --- [    Test worker] .b.t.c.SpringBootTestContextBootstrapper : Using TestExecutionListeners: [org.springframework.test.context.web.ServletTestExecutionListener@24afa9ae, org.springframework.test.context.support.DirtiesContextBeforeModesTestExecutionListener@4fdb661b, org.springframework.boot.test.mock.mockito.MockitoTestExecutionListener@b0c5f5a, org.springframework.boot.test.autoconfigure.SpringBootDependencyInjectionTestExecutionListener@2991c118, org.springframework.test.context.support.DirtiesContextTestExecutionListener@702aff5d, org.springframework.test.context.transaction.TransactionalTestExecutionListener@64d5a4fd, org.springframework.test.context.jdbc.SqlScriptsTestExecutionListener@dcad1b2, org.springframework.test.context.event.EventPublishingTestExecutionListener@2af45812, org.springframework.boot.test.autoconfigure.restdocs.RestDocsTestExecutionListener@d039a06, org.springframework.boot.test.autoconfigure.web.client.MockRestServiceServerResetTestExecutionListener@44382517, org.springframework.boot.test.autoconfigure.web.servlet.MockMvcPrintOnlyOnFailureTestExecutionListener@1fa43b63, org.springframework.boot.test.autoconfigure.web.servlet.WebDriverTestExecutionListener@1718c44d, org.springframework.boot.test.mock.mockito.ResetMocksTestExecutionListener@6daaf02]
Before any test execution
Before any test execution
Before any test execution
Before any test execution
Hibernate: 
    select
        ticket0_.code as code1_0_,
        ticket0_.client_id as client_i2_0_,
        ticket0_.closing_date as closing_3_0_,
        ticket0_.description as descript4_0_,
        ticket0_.employee_id as employee5_0_,
        ticket0_.priority as priority6_0_,
        ticket0_.product as product7_0_,
        ticket0_.severity as severity8_0_,
        ticket0_.start_date as start_da9_0_,
        ticket0_.status as status10_0_,
        ticket0_.title as title11_0_,
        ticket0_.version as version12_0_ 
    from
        ticket ticket0_ 
    where
        ticket0_.title=?
Hibernate: 
    call next value for hibernate_sequence
Hibernate: 
    insert 
    into
        ticket
        (client_id, closing_date, description, employee_id, priority, product, severity, start_date, status, title, version, code) 
    values
        (?, ?, ?, ?, ?, ?, ?, ?, ?, ?, ?, ?)
Hibernate: 
    select
        ticket0_.code as code1_0_,
        ticket0_.client_id as client_i2_0_,
        ticket0_.closing_date as closing_3_0_,
        ticket0_.description as descript4_0_,
        ticket0_.employee_id as employee5_0_,
        ticket0_.priority as priority6_0_,
        ticket0_.product as product7_0_,
        ticket0_.severity as severity8_0_,
        ticket0_.start_date as start_da9_0_,
        ticket0_.status as status10_0_,
        ticket0_.title as title11_0_,
        ticket0_.version as version12_0_ 
    from
        ticket ticket0_ 
    where
        ticket0_.title=?
Resetting system
Hibernate: 
    select
        ticket0_.code as code1_0_,
        ticket0_.client_id as client_i2_0_,
        ticket0_.closing_date as closing_3_0_,
        ticket0_.description as descript4_0_,
        ticket0_.employee_id as employee5_0_,
        ticket0_.priority as priority6_0_,
        ticket0_.product as product7_0_,
        ticket0_.severity as severity8_0_,
        ticket0_.start_date as start_da9_0_,
        ticket0_.status as status10_0_,
        ticket0_.title as title11_0_,
        ticket0_.version as version12_0_ 
    from
        ticket ticket0_
Hibernate: 
    delete 
    from
        ticket_tasks 
    where
        ticket_id=?
Hibernate: 
    delete 
    from
        ticket 
    where
        code=?
Resetting system
Hibernate: 
    select
        ticket0_.code as code1_0_,
        ticket0_.client_id as client_i2_0_,
        ticket0_.closing_date as closing_3_0_,
        ticket0_.description as descript4_0_,
        ticket0_.employee_id as employee5_0_,
        ticket0_.priority as priority6_0_,
        ticket0_.product as product7_0_,
        ticket0_.severity as severity8_0_,
        ticket0_.start_date as start_da9_0_,
        ticket0_.status as status10_0_,
        ticket0_.title as title11_0_,
        ticket0_.version as version12_0_ 
    from
        ticket ticket0_
Resetting system
Hibernate: 
    select
        ticket0_.code as code1_0_,
        ticket0_.client_id as client_i2_0_,
        ticket0_.closing_date as closing_3_0_,
        ticket0_.description as descript4_0_,
        ticket0_.employee_id as employee5_0_,
        ticket0_.priority as priority6_0_,
        ticket0_.product as product7_0_,
        ticket0_.severity as severity8_0_,
        ticket0_.start_date as start_da9_0_,
        ticket0_.status as status10_0_,
        ticket0_.title as title11_0_,
        ticket0_.version as version12_0_ 
    from
        ticket ticket0_
Resetting system
Hibernate: 
    select
        ticket0_.code as code1_0_,
        ticket0_.client_id as client_i2_0_,
        ticket0_.closing_date as closing_3_0_,
        ticket0_.description as descript4_0_,
        ticket0_.employee_id as employee5_0_,
        ticket0_.priority as priority6_0_,
        ticket0_.product as product7_0_,
        ticket0_.severity as severity8_0_,
        ticket0_.start_date as start_da9_0_,
        ticket0_.status as status10_0_,
        ticket0_.title as title11_0_,
        ticket0_.version as version12_0_ 
    from
        ticket ticket0_
2023-12-02 21:03:30.212  INFO 169169 --- [    Test worker] o.s.t.c.support.AbstractContextLoader    : Could not detect default resource locations for test class [com.aninfo.integration.cucumber.TicketIntegrationServiceTest]: no resource found for suffixes {-context.xml, Context.groovy}.
2023-12-02 21:03:30.214  INFO 169169 --- [    Test worker] .b.t.c.SpringBootTestContextBootstrapper : Loaded default TestExecutionListener class names from location [META-INF/spring.factories]: [org.springframework.boot.test.autoconfigure.restdocs.RestDocsTestExecutionListener, org.springframework.boot.test.autoconfigure.web.client.MockRestServiceServerResetTestExecutionListener, org.springframework.boot.test.autoconfigure.web.servlet.MockMvcPrintOnlyOnFailureTestExecutionListener, org.springframework.boot.test.autoconfigure.web.servlet.WebDriverTestExecutionListener, org.springframework.boot.test.mock.mockito.MockitoTestExecutionListener, org.springframework.boot.test.mock.mockito.ResetMocksTestExecutionListener, org.springframework.test.context.web.ServletTestExecutionListener, org.springframework.test.context.support.DirtiesContextBeforeModesTestExecutionListener, org.springframework.test.context.support.DependencyInjectionTestExecutionListener, org.springframework.test.context.support.DirtiesContextTestExecutionListener, org.springframework.test.context.transaction.TransactionalTestExecutionListener, org.springframework.test.context.jdbc.SqlScriptsTestExecutionListener, org.springframework.test.context.event.EventPublishingTestExecutionListener]
2023-12-02 21:03:30.214  INFO 169169 --- [    Test worker] .b.t.c.SpringBootTestContextBootstrapper : Using TestExecutionListeners: [org.springframework.test.context.web.ServletTestExecutionListener@41ef84e1, org.springframework.test.context.support.DirtiesContextBeforeModesTestExecutionListener@341182b1, org.springframework.boot.test.mock.mockito.MockitoTestExecutionListener@7b984202, org.springframework.boot.test.autoconfigure.SpringBootDependencyInjectionTestExecutionListener@37accf65, org.springframework.test.context.support.DirtiesContextTestExecutionListener@a599dfd, org.springframework.test.context.transaction.TransactionalTestExecutionListener@3265820d, org.springframework.test.context.jdbc.SqlScriptsTestExecutionListener@b544e11, org.springframework.test.context.event.EventPublishingTestExecutionListener@5a527ff9, org.springframework.boot.test.autoconfigure.restdocs.RestDocsTestExecutionListener@1ca2a73b, org.springframework.boot.test.autoconfigure.web.client.MockRestServiceServerResetTestExecutionListener@2492b48, org.springframework.boot.test.autoconfigure.web.servlet.MockMvcPrintOnlyOnFailureTestExecutionListener@2bc4c9d6, org.springframework.boot.test.autoconfigure.web.servlet.WebDriverTestExecutionListener@6220c6e0, org.springframework.boot.test.mock.mockito.ResetMocksTestExecutionListener@6b323ee0]
Before any test execution
Before any test execution
Before any test execution
Before any test execution
Hibernate: 
    select
        ticket0_.code as code1_0_,
        ticket0_.client_id as client_i2_0_,
        ticket0_.closing_date as closing_3_0_,
        ticket0_.description as descript4_0_,
        ticket0_.employee_id as employee5_0_,
        ticket0_.priority as priority6_0_,
        ticket0_.product as product7_0_,
        ticket0_.severity as severity8_0_,
        ticket0_.start_date as start_da9_0_,
        ticket0_.status as status10_0_,
        ticket0_.title as title11_0_,
        ticket0_.version as version12_0_ 
    from
        ticket ticket0_ 
    where
        ticket0_.title=?
Hibernate: 
    call next value for hibernate_sequence
Hibernate: 
    insert 
    into
        ticket
        (client_id, closing_date, description, employee_id, priority, product, severity, start_date, status, title, version, code) 
    values
        (?, ?, ?, ?, ?, ?, ?, ?, ?, ?, ?, ?)
Hibernate: 
    select
        ticket0_.code as code1_0_,
        ticket0_.client_id as client_i2_0_,
        ticket0_.closing_date as closing_3_0_,
        ticket0_.description as descript4_0_,
        ticket0_.employee_id as employee5_0_,
        ticket0_.priority as priority6_0_,
        ticket0_.product as product7_0_,
        ticket0_.severity as severity8_0_,
        ticket0_.start_date as start_da9_0_,
        ticket0_.status as status10_0_,
        ticket0_.title as title11_0_,
        ticket0_.version as version12_0_ 
    from
        ticket ticket0_ 
    where
        ticket0_.title=?
Resetting system
Hibernate: 
    select
        ticket0_.code as code1_0_,
        ticket0_.client_id as client_i2_0_,
        ticket0_.closing_date as closing_3_0_,
        ticket0_.description as descript4_0_,
        ticket0_.employee_id as employee5_0_,
        ticket0_.priority as priority6_0_,
        ticket0_.product as product7_0_,
        ticket0_.severity as severity8_0_,
        ticket0_.start_date as start_da9_0_,
        ticket0_.status as status10_0_,
        ticket0_.title as title11_0_,
        ticket0_.version as version12_0_ 
    from
        ticket ticket0_
Hibernate: 
    delete 
    from
        ticket_tasks 
    where
        ticket_id=?
Hibernate: 
    delete 
    from
        ticket 
    where
        code=?
Resetting system
Hibernate: 
    select
        ticket0_.code as code1_0_,
        ticket0_.client_id as client_i2_0_,
        ticket0_.closing_date as closing_3_0_,
        ticket0_.description as descript4_0_,
        ticket0_.employee_id as employee5_0_,
        ticket0_.priority as priority6_0_,
        ticket0_.product as product7_0_,
        ticket0_.severity as severity8_0_,
        ticket0_.start_date as start_da9_0_,
        ticket0_.status as status10_0_,
        ticket0_.title as title11_0_,
        ticket0_.version as version12_0_ 
    from
        ticket ticket0_
Resetting system
Hibernate: 
    select
        ticket0_.code as code1_0_,
        ticket0_.client_id as client_i2_0_,
        ticket0_.closing_date as closing_3_0_,
        ticket0_.description as descript4_0_,
        ticket0_.employee_id as employee5_0_,
        ticket0_.priority as priority6_0_,
        ticket0_.product as product7_0_,
        ticket0_.severity as severity8_0_,
        ticket0_.start_date as start_da9_0_,
        ticket0_.status as status10_0_,
        ticket0_.title as title11_0_,
        ticket0_.version as version12_0_ 
    from
        ticket ticket0_
Resetting system
Hibernate: 
    select
        ticket0_.code as code1_0_,
        ticket0_.client_id as client_i2_0_,
        ticket0_.closing_date as closing_3_0_,
        ticket0_.description as descript4_0_,
        ticket0_.employee_id as employee5_0_,
        ticket0_.priority as priority6_0_,
        ticket0_.product as product7_0_,
        ticket0_.severity as severity8_0_,
        ticket0_.start_date as start_da9_0_,
        ticket0_.status as status10_0_,
        ticket0_.title as title11_0_,
        ticket0_.version as version12_0_ 
    from
        ticket ticket0_
2023-12-02 21:03:30.226  INFO 169169 --- [    Test worker] o.s.t.c.support.AbstractContextLoader    : Could not detect default resource locations for test class [com.aninfo.integration.cucumber.TicketIntegrationServiceTest]: no resource found for suffixes {-context.xml, Context.groovy}.
2023-12-02 21:03:30.227  INFO 169169 --- [    Test worker] .b.t.c.SpringBootTestContextBootstrapper : Loaded default TestExecutionListener class names from location [META-INF/spring.factories]: [org.springframework.boot.test.autoconfigure.restdocs.RestDocsTestExecutionListener, org.springframework.boot.test.autoconfigure.web.client.MockRestServiceServerResetTestExecutionListener, org.springframework.boot.test.autoconfigure.web.servlet.MockMvcPrintOnlyOnFailureTestExecutionListener, org.springframework.boot.test.autoconfigure.web.servlet.WebDriverTestExecutionListener, org.springframework.boot.test.mock.mockito.MockitoTestExecutionListener, org.springframework.boot.test.mock.mockito.ResetMocksTestExecutionListener, org.springframework.test.context.web.ServletTestExecutionListener, org.springframework.test.context.support.DirtiesContextBeforeModesTestExecutionListener, org.springframework.test.context.support.DependencyInjectionTestExecutionListener, org.springframework.test.context.support.DirtiesContextTestExecutionListener, org.springframework.test.context.transaction.TransactionalTestExecutionListener, org.springframework.test.context.jdbc.SqlScriptsTestExecutionListener, org.springframework.test.context.event.EventPublishingTestExecutionListener]
2023-12-02 21:03:30.227  INFO 169169 --- [    Test worker] .b.t.c.SpringBootTestContextBootstrapper : Using TestExecutionListeners: [org.springframework.test.context.web.ServletTestExecutionListener@4b6cc402, org.springframework.test.context.support.DirtiesContextBeforeModesTestExecutionListener@697cd29, org.springframework.boot.test.mock.mockito.MockitoTestExecutionListener@64ee23f0, org.springframework.boot.test.autoconfigure.SpringBootDependencyInjectionTestExecutionListener@c6f3d0b, org.springframework.test.context.support.DirtiesContextTestExecutionListener@210ea450, org.springframework.test.context.transaction.TransactionalTestExecutionListener@1948dbdd, org.springframework.test.context.jdbc.SqlScriptsTestExecutionListener@c2c9aa7, org.springframework.test.context.event.EventPublishingTestExecutionListener@79de794c, org.springframework.boot.test.autoconfigure.restdocs.RestDocsTestExecutionListener@2da67e03, org.springframework.boot.test.autoconfigure.web.client.MockRestServiceServerResetTestExecutionListener@72efde59, org.springframework.boot.test.autoconfigure.web.servlet.MockMvcPrintOnlyOnFailureTestExecutionListener@1a7e9b01, org.springframework.boot.test.autoconfigure.web.servlet.WebDriverTestExecutionListener@10e0851b, org.springframework.boot.test.mock.mockito.ResetMocksTestExecutionListener@ea8b762]
Before any test execution
Before any test execution
Before any test execution
Before any test execution
Hibernate: 
    select
        ticket0_.code as code1_0_,
        ticket0_.client_id as client_i2_0_,
        ticket0_.closing_date as closing_3_0_,
        ticket0_.description as descript4_0_,
        ticket0_.employee_id as employee5_0_,
        ticket0_.priority as priority6_0_,
        ticket0_.product as product7_0_,
        ticket0_.severity as severity8_0_,
        ticket0_.start_date as start_da9_0_,
        ticket0_.status as status10_0_,
        ticket0_.title as title11_0_,
        ticket0_.version as version12_0_ 
    from
        ticket ticket0_ 
    where
        ticket0_.title=?
Hibernate: 
    call next value for hibernate_sequence
Hibernate: 
    insert 
    into
        ticket
        (client_id, closing_date, description, employee_id, priority, product, severity, start_date, status, title, version, code) 
    values
        (?, ?, ?, ?, ?, ?, ?, ?, ?, ?, ?, ?)
Resetting system
Hibernate: 
    select
        ticket0_.code as code1_0_,
        ticket0_.client_id as client_i2_0_,
        ticket0_.closing_date as closing_3_0_,
        ticket0_.description as descript4_0_,
        ticket0_.employee_id as employee5_0_,
        ticket0_.priority as priority6_0_,
        ticket0_.product as product7_0_,
        ticket0_.severity as severity8_0_,
        ticket0_.start_date as start_da9_0_,
        ticket0_.status as status10_0_,
        ticket0_.title as title11_0_,
        ticket0_.version as version12_0_ 
    from
        ticket ticket0_
Hibernate: 
    delete 
    from
        ticket_tasks 
    where
        ticket_id=?
Hibernate: 
    delete 
    from
        ticket 
    where
        code=?
Resetting system
Hibernate: 
    select
        ticket0_.code as code1_0_,
        ticket0_.client_id as client_i2_0_,
        ticket0_.closing_date as closing_3_0_,
        ticket0_.description as descript4_0_,
        ticket0_.employee_id as employee5_0_,
        ticket0_.priority as priority6_0_,
        ticket0_.product as product7_0_,
        ticket0_.severity as severity8_0_,
        ticket0_.start_date as start_da9_0_,
        ticket0_.status as status10_0_,
        ticket0_.title as title11_0_,
        ticket0_.version as version12_0_ 
    from
        ticket ticket0_
Resetting system
Hibernate: 
    select
        ticket0_.code as code1_0_,
        ticket0_.client_id as client_i2_0_,
        ticket0_.closing_date as closing_3_0_,
        ticket0_.description as descript4_0_,
        ticket0_.employee_id as employee5_0_,
        ticket0_.priority as priority6_0_,
        ticket0_.product as product7_0_,
        ticket0_.severity as severity8_0_,
        ticket0_.start_date as start_da9_0_,
        ticket0_.status as status10_0_,
        ticket0_.title as title11_0_,
        ticket0_.version as version12_0_ 
    from
        ticket ticket0_
Resetting system
Hibernate: 
    select
        ticket0_.code as code1_0_,
        ticket0_.client_id as client_i2_0_,
        ticket0_.closing_date as closing_3_0_,
        ticket0_.description as descript4_0_,
        ticket0_.employee_id as employee5_0_,
        ticket0_.priority as priority6_0_,
        ticket0_.product as product7_0_,
        ticket0_.severity as severity8_0_,
        ticket0_.start_date as start_da9_0_,
        ticket0_.status as status10_0_,
        ticket0_.title as title11_0_,
        ticket0_.version as version12_0_ 
    from
        ticket ticket0_
2023-12-02 21:03:30.239  INFO 169169 --- [    Test worker] o.s.t.c.support.AbstractContextLoader    : Could not detect default resource locations for test class [com.aninfo.integration.cucumber.TicketIntegrationServiceTest]: no resource found for suffixes {-context.xml, Context.groovy}.
2023-12-02 21:03:30.240  INFO 169169 --- [    Test worker] .b.t.c.SpringBootTestContextBootstrapper : Loaded default TestExecutionListener class names from location [META-INF/spring.factories]: [org.springframework.boot.test.autoconfigure.restdocs.RestDocsTestExecutionListener, org.springframework.boot.test.autoconfigure.web.client.MockRestServiceServerResetTestExecutionListener, org.springframework.boot.test.autoconfigure.web.servlet.MockMvcPrintOnlyOnFailureTestExecutionListener, org.springframework.boot.test.autoconfigure.web.servlet.WebDriverTestExecutionListener, org.springframework.boot.test.mock.mockito.MockitoTestExecutionListener, org.springframework.boot.test.mock.mockito.ResetMocksTestExecutionListener, org.springframework.test.context.web.ServletTestExecutionListener, org.springframework.test.context.support.DirtiesContextBeforeModesTestExecutionListener, org.springframework.test.context.support.DependencyInjectionTestExecutionListener, org.springframework.test.context.support.DirtiesContextTestExecutionListener, org.springframework.test.context.transaction.TransactionalTestExecutionListener, org.springframework.test.context.jdbc.SqlScriptsTestExecutionListener, org.springframework.test.context.event.EventPublishingTestExecutionListener]
2023-12-02 21:03:30.241  INFO 169169 --- [    Test worker] .b.t.c.SpringBootTestContextBootstrapper : Using TestExecutionListeners: [org.springframework.test.context.web.ServletTestExecutionListener@515da83d, org.springframework.test.context.support.DirtiesContextBeforeModesTestExecutionListener@647e275b, org.springframework.boot.test.mock.mockito.MockitoTestExecutionListener@7c4cae73, org.springframework.boot.test.autoconfigure.SpringBootDependencyInjectionTestExecutionListener@7c88222b, org.springframework.test.context.support.DirtiesContextTestExecutionListener@402871c7, org.springframework.test.context.transaction.TransactionalTestExecutionListener@5579d266, org.springframework.test.context.jdbc.SqlScriptsTestExecutionListener@4c5fc18c, org.springframework.test.context.event.EventPublishingTestExecutionListener@71fb3b56, org.springframework.boot.test.autoconfigure.restdocs.RestDocsTestExecutionListener@72decae7, org.springframework.boot.test.autoconfigure.web.client.MockRestServiceServerResetTestExecutionListener@692fcc38, org.springframework.boot.test.autoconfigure.web.servlet.MockMvcPrintOnlyOnFailureTestExecutionListener@5b4e3330, org.springframework.boot.test.autoconfigure.web.servlet.WebDriverTestExecutionListener@73479284, org.springframework.boot.test.mock.mockito.ResetMocksTestExecutionListener@774ae7f9]
Before any test execution
Before any test execution
Before any test execution
Before any test execution
Hibernate: 
    select
        ticket0_.code as code1_0_,
        ticket0_.client_id as client_i2_0_,
        ticket0_.closing_date as closing_3_0_,
        ticket0_.description as descript4_0_,
        ticket0_.employee_id as employee5_0_,
        ticket0_.priority as priority6_0_,
        ticket0_.product as product7_0_,
        ticket0_.severity as severity8_0_,
        ticket0_.start_date as start_da9_0_,
        ticket0_.status as status10_0_,
        ticket0_.title as title11_0_,
        ticket0_.version as version12_0_ 
    from
        ticket ticket0_ 
    where
        ticket0_.title=?
Hibernate: 
    call next value for hibernate_sequence
Hibernate: 
    insert 
    into
        ticket
        (client_id, closing_date, description, employee_id, priority, product, severity, start_date, status, title, version, code) 
    values
        (?, ?, ?, ?, ?, ?, ?, ?, ?, ?, ?, ?)
Hibernate: 
    select
        ticket0_.code as code1_0_0_,
        ticket0_.client_id as client_i2_0_0_,
        ticket0_.closing_date as closing_3_0_0_,
        ticket0_.description as descript4_0_0_,
        ticket0_.employee_id as employee5_0_0_,
        ticket0_.priority as priority6_0_0_,
        ticket0_.product as product7_0_0_,
        ticket0_.severity as severity8_0_0_,
        ticket0_.start_date as start_da9_0_0_,
        ticket0_.status as status10_0_0_,
        ticket0_.title as title11_0_0_,
        ticket0_.version as version12_0_0_ 
    from
        ticket ticket0_ 
    where
        ticket0_.code=?
Hibernate: 
    select
        ticket0_.code as code1_0_0_,
        ticket0_.client_id as client_i2_0_0_,
        ticket0_.closing_date as closing_3_0_0_,
        ticket0_.description as descript4_0_0_,
        ticket0_.employee_id as employee5_0_0_,
        ticket0_.priority as priority6_0_0_,
        ticket0_.product as product7_0_0_,
        ticket0_.severity as severity8_0_0_,
        ticket0_.start_date as start_da9_0_0_,
        ticket0_.status as status10_0_0_,
        ticket0_.title as title11_0_0_,
        ticket0_.version as version12_0_0_ 
    from
        ticket ticket0_ 
    where
        ticket0_.code=?
Hibernate: 
    select
        ticket0_.code as code1_0_,
        ticket0_.client_id as client_i2_0_,
        ticket0_.closing_date as closing_3_0_,
        ticket0_.description as descript4_0_,
        ticket0_.employee_id as employee5_0_,
        ticket0_.priority as priority6_0_,
        ticket0_.product as product7_0_,
        ticket0_.severity as severity8_0_,
        ticket0_.start_date as start_da9_0_,
        ticket0_.status as status10_0_,
        ticket0_.title as title11_0_,
        ticket0_.version as version12_0_ 
    from
        ticket ticket0_ 
    where
        ticket0_.title=?
Hibernate: 
    select
        ticket0_.code as code1_0_0_,
        ticket0_.client_id as client_i2_0_0_,
        ticket0_.closing_date as closing_3_0_0_,
        ticket0_.description as descript4_0_0_,
        ticket0_.employee_id as employee5_0_0_,
        ticket0_.priority as priority6_0_0_,
        ticket0_.product as product7_0_0_,
        ticket0_.severity as severity8_0_0_,
        ticket0_.start_date as start_da9_0_0_,
        ticket0_.status as status10_0_0_,
        ticket0_.title as title11_0_0_,
        ticket0_.version as version12_0_0_ 
    from
        ticket ticket0_ 
    where
        ticket0_.code=?
Hibernate: 
    update
        ticket 
    set
        client_id=?,
        closing_date=?,
        description=?,
        employee_id=?,
        priority=?,
        product=?,
        severity=?,
        start_date=?,
        status=?,
        title=?,
        version=? 
    where
        code=?
Resetting system
Hibernate: 
    select
        ticket0_.code as code1_0_,
        ticket0_.client_id as client_i2_0_,
        ticket0_.closing_date as closing_3_0_,
        ticket0_.description as descript4_0_,
        ticket0_.employee_id as employee5_0_,
        ticket0_.priority as priority6_0_,
        ticket0_.product as product7_0_,
        ticket0_.severity as severity8_0_,
        ticket0_.start_date as start_da9_0_,
        ticket0_.status as status10_0_,
        ticket0_.title as title11_0_,
        ticket0_.version as version12_0_ 
    from
        ticket ticket0_
Hibernate: 
    delete 
    from
        ticket_tasks 
    where
        ticket_id=?
Hibernate: 
    delete 
    from
        ticket 
    where
        code=?
Resetting system
Hibernate: 
    select
        ticket0_.code as code1_0_,
        ticket0_.client_id as client_i2_0_,
        ticket0_.closing_date as closing_3_0_,
        ticket0_.description as descript4_0_,
        ticket0_.employee_id as employee5_0_,
        ticket0_.priority as priority6_0_,
        ticket0_.product as product7_0_,
        ticket0_.severity as severity8_0_,
        ticket0_.start_date as start_da9_0_,
        ticket0_.status as status10_0_,
        ticket0_.title as title11_0_,
        ticket0_.version as version12_0_ 
    from
        ticket ticket0_
Resetting system
Hibernate: 
    select
        ticket0_.code as code1_0_,
        ticket0_.client_id as client_i2_0_,
        ticket0_.closing_date as closing_3_0_,
        ticket0_.description as descript4_0_,
        ticket0_.employee_id as employee5_0_,
        ticket0_.priority as priority6_0_,
        ticket0_.product as product7_0_,
        ticket0_.severity as severity8_0_,
        ticket0_.start_date as start_da9_0_,
        ticket0_.status as status10_0_,
        ticket0_.title as title11_0_,
        ticket0_.version as version12_0_ 
    from
        ticket ticket0_
Resetting system
Hibernate: 
    select
        ticket0_.code as code1_0_,
        ticket0_.client_id as client_i2_0_,
        ticket0_.closing_date as closing_3_0_,
        ticket0_.description as descript4_0_,
        ticket0_.employee_id as employee5_0_,
        ticket0_.priority as priority6_0_,
        ticket0_.product as product7_0_,
        ticket0_.severity as severity8_0_,
        ticket0_.start_date as start_da9_0_,
        ticket0_.status as status10_0_,
        ticket0_.title as title11_0_,
        ticket0_.version as version12_0_ 
    from
        ticket ticket0_
2023-12-02 21:03:30.262  INFO 169169 --- [    Test worker] o.s.t.c.support.AbstractContextLoader    : Could not detect default resource locations for test class [com.aninfo.integration.cucumber.TicketIntegrationServiceTest]: no resource found for suffixes {-context.xml, Context.groovy}.
2023-12-02 21:03:30.263  INFO 169169 --- [    Test worker] .b.t.c.SpringBootTestContextBootstrapper : Loaded default TestExecutionListener class names from location [META-INF/spring.factories]: [org.springframework.boot.test.autoconfigure.restdocs.RestDocsTestExecutionListener, org.springframework.boot.test.autoconfigure.web.client.MockRestServiceServerResetTestExecutionListener, org.springframework.boot.test.autoconfigure.web.servlet.MockMvcPrintOnlyOnFailureTestExecutionListener, org.springframework.boot.test.autoconfigure.web.servlet.WebDriverTestExecutionListener, org.springframework.boot.test.mock.mockito.MockitoTestExecutionListener, org.springframework.boot.test.mock.mockito.ResetMocksTestExecutionListener, org.springframework.test.context.web.ServletTestExecutionListener, org.springframework.test.context.support.DirtiesContextBeforeModesTestExecutionListener, org.springframework.test.context.support.DependencyInjectionTestExecutionListener, org.springframework.test.context.support.DirtiesContextTestExecutionListener, org.springframework.test.context.transaction.TransactionalTestExecutionListener, org.springframework.test.context.jdbc.SqlScriptsTestExecutionListener, org.springframework.test.context.event.EventPublishingTestExecutionListener]
2023-12-02 21:03:30.263  INFO 169169 --- [    Test worker] .b.t.c.SpringBootTestContextBootstrapper : Using TestExecutionListeners: [org.springframework.test.context.web.ServletTestExecutionListener@6024638f, org.springframework.test.context.support.DirtiesContextBeforeModesTestExecutionListener@1097838d, org.springframework.boot.test.mock.mockito.MockitoTestExecutionListener@6a4e0e2e, org.springframework.boot.test.autoconfigure.SpringBootDependencyInjectionTestExecutionListener@2d6a950, org.springframework.test.context.support.DirtiesContextTestExecutionListener@41ad8a9e, org.springframework.test.context.transaction.TransactionalTestExecutionListener@6d8ae2cd, org.springframework.test.context.jdbc.SqlScriptsTestExecutionListener@772fbe2c, org.springframework.test.context.event.EventPublishingTestExecutionListener@400405b0, org.springframework.boot.test.autoconfigure.restdocs.RestDocsTestExecutionListener@6dd09e54, org.springframework.boot.test.autoconfigure.web.client.MockRestServiceServerResetTestExecutionListener@57f695a9, org.springframework.boot.test.autoconfigure.web.servlet.MockMvcPrintOnlyOnFailureTestExecutionListener@5d229fa5, org.springframework.boot.test.autoconfigure.web.servlet.WebDriverTestExecutionListener@3deb3834, org.springframework.boot.test.mock.mockito.ResetMocksTestExecutionListener@54a033e3]
Before any test execution
Before any test execution
Before any test execution
Before any test execution
Hibernate: 
    select
        ticket0_.code as code1_0_,
        ticket0_.client_id as client_i2_0_,
        ticket0_.closing_date as closing_3_0_,
        ticket0_.description as descript4_0_,
        ticket0_.employee_id as employee5_0_,
        ticket0_.priority as priority6_0_,
        ticket0_.product as product7_0_,
        ticket0_.severity as severity8_0_,
        ticket0_.start_date as start_da9_0_,
        ticket0_.status as status10_0_,
        ticket0_.title as title11_0_,
        ticket0_.version as version12_0_ 
    from
        ticket ticket0_ 
    where
        ticket0_.title=?
Hibernate: 
    call next value for hibernate_sequence
Hibernate: 
    insert 
    into
        ticket
        (client_id, closing_date, description, employee_id, priority, product, severity, start_date, status, title, version, code) 
    values
        (?, ?, ?, ?, ?, ?, ?, ?, ?, ?, ?, ?)
Hibernate: 
    select
        ticket0_.code as code1_0_0_,
        ticket0_.client_id as client_i2_0_0_,
        ticket0_.closing_date as closing_3_0_0_,
        ticket0_.description as descript4_0_0_,
        ticket0_.employee_id as employee5_0_0_,
        ticket0_.priority as priority6_0_0_,
        ticket0_.product as product7_0_0_,
        ticket0_.severity as severity8_0_0_,
        ticket0_.start_date as start_da9_0_0_,
        ticket0_.status as status10_0_0_,
        ticket0_.title as title11_0_0_,
        ticket0_.version as version12_0_0_ 
    from
        ticket ticket0_ 
    where
        ticket0_.code=?
Hibernate: 
    select
        ticket0_.code as code1_0_0_,
        ticket0_.client_id as client_i2_0_0_,
        ticket0_.closing_date as closing_3_0_0_,
        ticket0_.description as descript4_0_0_,
        ticket0_.employee_id as employee5_0_0_,
        ticket0_.priority as priority6_0_0_,
        ticket0_.product as product7_0_0_,
        ticket0_.severity as severity8_0_0_,
        ticket0_.start_date as start_da9_0_0_,
        ticket0_.status as status10_0_0_,
        ticket0_.title as title11_0_0_,
        ticket0_.version as version12_0_0_ 
    from
        ticket ticket0_ 
    where
        ticket0_.code=?
Hibernate: 
    select
        ticket0_.code as code1_0_,
        ticket0_.client_id as client_i2_0_,
        ticket0_.closing_date as closing_3_0_,
        ticket0_.description as descript4_0_,
        ticket0_.employee_id as employee5_0_,
        ticket0_.priority as priority6_0_,
        ticket0_.product as product7_0_,
        ticket0_.severity as severity8_0_,
        ticket0_.start_date as start_da9_0_,
        ticket0_.status as status10_0_,
        ticket0_.title as title11_0_,
        ticket0_.version as version12_0_ 
    from
        ticket ticket0_ 
    where
        ticket0_.title=?
Hibernate: 
    select
        ticket0_.code as code1_0_0_,
        ticket0_.client_id as client_i2_0_0_,
        ticket0_.closing_date as closing_3_0_0_,
        ticket0_.description as descript4_0_0_,
        ticket0_.employee_id as employee5_0_0_,
        ticket0_.priority as priority6_0_0_,
        ticket0_.product as product7_0_0_,
        ticket0_.severity as severity8_0_0_,
        ticket0_.start_date as start_da9_0_0_,
        ticket0_.status as status10_0_0_,
        ticket0_.title as title11_0_0_,
        ticket0_.version as version12_0_0_ 
    from
        ticket ticket0_ 
    where
        ticket0_.code=?
Hibernate: 
    update
        ticket 
    set
        client_id=?,
        closing_date=?,
        description=?,
        employee_id=?,
        priority=?,
        product=?,
        severity=?,
        start_date=?,
        status=?,
        title=?,
        version=? 
    where
        code=?
Resetting system
Hibernate: 
    select
        ticket0_.code as code1_0_,
        ticket0_.client_id as client_i2_0_,
        ticket0_.closing_date as closing_3_0_,
        ticket0_.description as descript4_0_,
        ticket0_.employee_id as employee5_0_,
        ticket0_.priority as priority6_0_,
        ticket0_.product as product7_0_,
        ticket0_.severity as severity8_0_,
        ticket0_.start_date as start_da9_0_,
        ticket0_.status as status10_0_,
        ticket0_.title as title11_0_,
        ticket0_.version as version12_0_ 
    from
        ticket ticket0_
Hibernate: 
    delete 
    from
        ticket_tasks 
    where
        ticket_id=?
Hibernate: 
    delete 
    from
        ticket 
    where
        code=?
Resetting system
Hibernate: 
    select
        ticket0_.code as code1_0_,
        ticket0_.client_id as client_i2_0_,
        ticket0_.closing_date as closing_3_0_,
        ticket0_.description as descript4_0_,
        ticket0_.employee_id as employee5_0_,
        ticket0_.priority as priority6_0_,
        ticket0_.product as product7_0_,
        ticket0_.severity as severity8_0_,
        ticket0_.start_date as start_da9_0_,
        ticket0_.status as status10_0_,
        ticket0_.title as title11_0_,
        ticket0_.version as version12_0_ 
    from
        ticket ticket0_
Resetting system
Hibernate: 
    select
        ticket0_.code as code1_0_,
        ticket0_.client_id as client_i2_0_,
        ticket0_.closing_date as closing_3_0_,
        ticket0_.description as descript4_0_,
        ticket0_.employee_id as employee5_0_,
        ticket0_.priority as priority6_0_,
        ticket0_.product as product7_0_,
        ticket0_.severity as severity8_0_,
        ticket0_.start_date as start_da9_0_,
        ticket0_.status as status10_0_,
        ticket0_.title as title11_0_,
        ticket0_.version as version12_0_ 
    from
        ticket ticket0_
Resetting system
Hibernate: 
    select
        ticket0_.code as code1_0_,
        ticket0_.client_id as client_i2_0_,
        ticket0_.closing_date as closing_3_0_,
        ticket0_.description as descript4_0_,
        ticket0_.employee_id as employee5_0_,
        ticket0_.priority as priority6_0_,
        ticket0_.product as product7_0_,
        ticket0_.severity as severity8_0_,
        ticket0_.start_date as start_da9_0_,
        ticket0_.status as status10_0_,
        ticket0_.title as title11_0_,
        ticket0_.version as version12_0_ 
    from
        ticket ticket0_
2023-12-02 21:03:30.276  INFO 169169 --- [    Test worker] o.s.t.c.support.AbstractContextLoader    : Could not detect default resource locations for test class [com.aninfo.integration.cucumber.TicketIntegrationServiceTest]: no resource found for suffixes {-context.xml, Context.groovy}.
2023-12-02 21:03:30.277  INFO 169169 --- [    Test worker] .b.t.c.SpringBootTestContextBootstrapper : Loaded default TestExecutionListener class names from location [META-INF/spring.factories]: [org.springframework.boot.test.autoconfigure.restdocs.RestDocsTestExecutionListener, org.springframework.boot.test.autoconfigure.web.client.MockRestServiceServerResetTestExecutionListener, org.springframework.boot.test.autoconfigure.web.servlet.MockMvcPrintOnlyOnFailureTestExecutionListener, org.springframework.boot.test.autoconfigure.web.servlet.WebDriverTestExecutionListener, org.springframework.boot.test.mock.mockito.MockitoTestExecutionListener, org.springframework.boot.test.mock.mockito.ResetMocksTestExecutionListener, org.springframework.test.context.web.ServletTestExecutionListener, org.springframework.test.context.support.DirtiesContextBeforeModesTestExecutionListener, org.springframework.test.context.support.DependencyInjectionTestExecutionListener, org.springframework.test.context.support.DirtiesContextTestExecutionListener, org.springframework.test.context.transaction.TransactionalTestExecutionListener, org.springframework.test.context.jdbc.SqlScriptsTestExecutionListener, org.springframework.test.context.event.EventPublishingTestExecutionListener]
2023-12-02 21:03:30.277  INFO 169169 --- [    Test worker] .b.t.c.SpringBootTestContextBootstrapper : Using TestExecutionListeners: [org.springframework.test.context.web.ServletTestExecutionListener@2ab8c0d7, org.springframework.test.context.support.DirtiesContextBeforeModesTestExecutionListener@3a1608cf, org.springframework.boot.test.mock.mockito.MockitoTestExecutionListener@9713afe, org.springframework.boot.test.autoconfigure.SpringBootDependencyInjectionTestExecutionListener@37fdb2d4, org.springframework.test.context.support.DirtiesContextTestExecutionListener@5baf7284, org.springframework.test.context.transaction.TransactionalTestExecutionListener@51f5494e, org.springframework.test.context.jdbc.SqlScriptsTestExecutionListener@51d33f44, org.springframework.test.context.event.EventPublishingTestExecutionListener@b624cb8, org.springframework.boot.test.autoconfigure.restdocs.RestDocsTestExecutionListener@2bf93402, org.springframework.boot.test.autoconfigure.web.client.MockRestServiceServerResetTestExecutionListener@503db70a, org.springframework.boot.test.autoconfigure.web.servlet.MockMvcPrintOnlyOnFailureTestExecutionListener@18dc8b56, org.springframework.boot.test.autoconfigure.web.servlet.WebDriverTestExecutionListener@1421379, org.springframework.boot.test.mock.mockito.ResetMocksTestExecutionListener@63f96e77]
Before any test execution
Before any test execution
Before any test execution
Before any test execution
Hibernate: 
    select
        ticket0_.code as code1_0_,
        ticket0_.client_id as client_i2_0_,
        ticket0_.closing_date as closing_3_0_,
        ticket0_.description as descript4_0_,
        ticket0_.employee_id as employee5_0_,
        ticket0_.priority as priority6_0_,
        ticket0_.product as product7_0_,
        ticket0_.severity as severity8_0_,
        ticket0_.start_date as start_da9_0_,
        ticket0_.status as status10_0_,
        ticket0_.title as title11_0_,
        ticket0_.version as version12_0_ 
    from
        ticket ticket0_ 
    where
        ticket0_.title=?
Hibernate: 
    call next value for hibernate_sequence
Hibernate: 
    insert 
    into
        ticket
        (client_id, closing_date, description, employee_id, priority, product, severity, start_date, status, title, version, code) 
    values
        (?, ?, ?, ?, ?, ?, ?, ?, ?, ?, ?, ?)
Hibernate: 
    select
        ticket0_.code as code1_0_0_,
        ticket0_.client_id as client_i2_0_0_,
        ticket0_.closing_date as closing_3_0_0_,
        ticket0_.description as descript4_0_0_,
        ticket0_.employee_id as employee5_0_0_,
        ticket0_.priority as priority6_0_0_,
        ticket0_.product as product7_0_0_,
        ticket0_.severity as severity8_0_0_,
        ticket0_.start_date as start_da9_0_0_,
        ticket0_.status as status10_0_0_,
        ticket0_.title as title11_0_0_,
        ticket0_.version as version12_0_0_ 
    from
        ticket ticket0_ 
    where
        ticket0_.code=?
Hibernate: 
    select
        ticket0_.code as code1_0_0_,
        ticket0_.client_id as client_i2_0_0_,
        ticket0_.closing_date as closing_3_0_0_,
        ticket0_.description as descript4_0_0_,
        ticket0_.employee_id as employee5_0_0_,
        ticket0_.priority as priority6_0_0_,
        ticket0_.product as product7_0_0_,
        ticket0_.severity as severity8_0_0_,
        ticket0_.start_date as start_da9_0_0_,
        ticket0_.status as status10_0_0_,
        ticket0_.title as title11_0_0_,
        ticket0_.version as version12_0_0_ 
    from
        ticket ticket0_ 
    where
        ticket0_.code=?
Hibernate: 
    select
        ticket0_.code as code1_0_,
        ticket0_.client_id as client_i2_0_,
        ticket0_.closing_date as closing_3_0_,
        ticket0_.description as descript4_0_,
        ticket0_.employee_id as employee5_0_,
        ticket0_.priority as priority6_0_,
        ticket0_.product as product7_0_,
        ticket0_.severity as severity8_0_,
        ticket0_.start_date as start_da9_0_,
        ticket0_.status as status10_0_,
        ticket0_.title as title11_0_,
        ticket0_.version as version12_0_ 
    from
        ticket ticket0_ 
    where
        ticket0_.title=?
Hibernate: 
    select
        ticket0_.code as code1_0_0_,
        ticket0_.client_id as client_i2_0_0_,
        ticket0_.closing_date as closing_3_0_0_,
        ticket0_.description as descript4_0_0_,
        ticket0_.employee_id as employee5_0_0_,
        ticket0_.priority as priority6_0_0_,
        ticket0_.product as product7_0_0_,
        ticket0_.severity as severity8_0_0_,
        ticket0_.start_date as start_da9_0_0_,
        ticket0_.status as status10_0_0_,
        ticket0_.title as title11_0_0_,
        ticket0_.version as version12_0_0_ 
    from
        ticket ticket0_ 
    where
        ticket0_.code=?
Hibernate: 
    update
        ticket 
    set
        client_id=?,
        closing_date=?,
        description=?,
        employee_id=?,
        priority=?,
        product=?,
        severity=?,
        start_date=?,
        status=?,
        title=?,
        version=? 
    where
        code=?
Resetting system
Hibernate: 
    select
        ticket0_.code as code1_0_,
        ticket0_.client_id as client_i2_0_,
        ticket0_.closing_date as closing_3_0_,
        ticket0_.description as descript4_0_,
        ticket0_.employee_id as employee5_0_,
        ticket0_.priority as priority6_0_,
        ticket0_.product as product7_0_,
        ticket0_.severity as severity8_0_,
        ticket0_.start_date as start_da9_0_,
        ticket0_.status as status10_0_,
        ticket0_.title as title11_0_,
        ticket0_.version as version12_0_ 
    from
        ticket ticket0_
Hibernate: 
    delete 
    from
        ticket_tasks 
    where
        ticket_id=?
Hibernate: 
    delete 
    from
        ticket 
    where
        code=?
Resetting system
Hibernate: 
    select
        ticket0_.code as code1_0_,
        ticket0_.client_id as client_i2_0_,
        ticket0_.closing_date as closing_3_0_,
        ticket0_.description as descript4_0_,
        ticket0_.employee_id as employee5_0_,
        ticket0_.priority as priority6_0_,
        ticket0_.product as product7_0_,
        ticket0_.severity as severity8_0_,
        ticket0_.start_date as start_da9_0_,
        ticket0_.status as status10_0_,
        ticket0_.title as title11_0_,
        ticket0_.version as version12_0_ 
    from
        ticket ticket0_
Resetting system
Hibernate: 
    select
        ticket0_.code as code1_0_,
        ticket0_.client_id as client_i2_0_,
        ticket0_.closing_date as closing_3_0_,
        ticket0_.description as descript4_0_,
        ticket0_.employee_id as employee5_0_,
        ticket0_.priority as priority6_0_,
        ticket0_.product as product7_0_,
        ticket0_.severity as severity8_0_,
        ticket0_.start_date as start_da9_0_,
        ticket0_.status as status10_0_,
        ticket0_.title as title11_0_,
        ticket0_.version as version12_0_ 
    from
        ticket ticket0_
Resetting system
Hibernate: 
    select
        ticket0_.code as code1_0_,
        ticket0_.client_id as client_i2_0_,
        ticket0_.closing_date as closing_3_0_,
        ticket0_.description as descript4_0_,
        ticket0_.employee_id as employee5_0_,
        ticket0_.priority as priority6_0_,
        ticket0_.product as product7_0_,
        ticket0_.severity as severity8_0_,
        ticket0_.start_date as start_da9_0_,
        ticket0_.status as status10_0_,
        ticket0_.title as title11_0_,
        ticket0_.version as version12_0_ 
    from
        ticket ticket0_
2023-12-02 21:03:30.290  INFO 169169 --- [    Test worker] o.s.t.c.support.AbstractContextLoader    : Could not detect default resource locations for test class [com.aninfo.integration.cucumber.TicketIntegrationServiceTest]: no resource found for suffixes {-context.xml, Context.groovy}.
2023-12-02 21:03:30.291  INFO 169169 --- [    Test worker] .b.t.c.SpringBootTestContextBootstrapper : Loaded default TestExecutionListener class names from location [META-INF/spring.factories]: [org.springframework.boot.test.autoconfigure.restdocs.RestDocsTestExecutionListener, org.springframework.boot.test.autoconfigure.web.client.MockRestServiceServerResetTestExecutionListener, org.springframework.boot.test.autoconfigure.web.servlet.MockMvcPrintOnlyOnFailureTestExecutionListener, org.springframework.boot.test.autoconfigure.web.servlet.WebDriverTestExecutionListener, org.springframework.boot.test.mock.mockito.MockitoTestExecutionListener, org.springframework.boot.test.mock.mockito.ResetMocksTestExecutionListener, org.springframework.test.context.web.ServletTestExecutionListener, org.springframework.test.context.support.DirtiesContextBeforeModesTestExecutionListener, org.springframework.test.context.support.DependencyInjectionTestExecutionListener, org.springframework.test.context.support.DirtiesContextTestExecutionListener, org.springframework.test.context.transaction.TransactionalTestExecutionListener, org.springframework.test.context.jdbc.SqlScriptsTestExecutionListener, org.springframework.test.context.event.EventPublishingTestExecutionListener]
2023-12-02 21:03:30.292  INFO 169169 --- [    Test worker] .b.t.c.SpringBootTestContextBootstrapper : Using TestExecutionListeners: [org.springframework.test.context.web.ServletTestExecutionListener@163f0e09, org.springframework.test.context.support.DirtiesContextBeforeModesTestExecutionListener@2fb0dfc6, org.springframework.boot.test.mock.mockito.MockitoTestExecutionListener@ca06698, org.springframework.boot.test.autoconfigure.SpringBootDependencyInjectionTestExecutionListener@24cc1643, org.springframework.test.context.support.DirtiesContextTestExecutionListener@4aed1b95, org.springframework.test.context.transaction.TransactionalTestExecutionListener@630ab3e1, org.springframework.test.context.jdbc.SqlScriptsTestExecutionListener@6c119dbe, org.springframework.test.context.event.EventPublishingTestExecutionListener@282be071, org.springframework.boot.test.autoconfigure.restdocs.RestDocsTestExecutionListener@a386752, org.springframework.boot.test.autoconfigure.web.client.MockRestServiceServerResetTestExecutionListener@3c1b484f, org.springframework.boot.test.autoconfigure.web.servlet.MockMvcPrintOnlyOnFailureTestExecutionListener@5c07ce1f, org.springframework.boot.test.autoconfigure.web.servlet.WebDriverTestExecutionListener@2b588586, org.springframework.boot.test.mock.mockito.ResetMocksTestExecutionListener@62937548]
Before any test execution
Before any test execution
Before any test execution
Before any test execution
Hibernate: 
    select
        ticket0_.code as code1_0_,
        ticket0_.client_id as client_i2_0_,
        ticket0_.closing_date as closing_3_0_,
        ticket0_.description as descript4_0_,
        ticket0_.employee_id as employee5_0_,
        ticket0_.priority as priority6_0_,
        ticket0_.product as product7_0_,
        ticket0_.severity as severity8_0_,
        ticket0_.start_date as start_da9_0_,
        ticket0_.status as status10_0_,
        ticket0_.title as title11_0_,
        ticket0_.version as version12_0_ 
    from
        ticket ticket0_ 
    where
        ticket0_.title=?
Hibernate: 
    call next value for hibernate_sequence
Hibernate: 
    insert 
    into
        ticket
        (client_id, closing_date, description, employee_id, priority, product, severity, start_date, status, title, version, code) 
    values
        (?, ?, ?, ?, ?, ?, ?, ?, ?, ?, ?, ?)
Hibernate: 
    select
        ticket0_.code as code1_0_0_,
        ticket0_.client_id as client_i2_0_0_,
        ticket0_.closing_date as closing_3_0_0_,
        ticket0_.description as descript4_0_0_,
        ticket0_.employee_id as employee5_0_0_,
        ticket0_.priority as priority6_0_0_,
        ticket0_.product as product7_0_0_,
        ticket0_.severity as severity8_0_0_,
        ticket0_.start_date as start_da9_0_0_,
        ticket0_.status as status10_0_0_,
        ticket0_.title as title11_0_0_,
        ticket0_.version as version12_0_0_ 
    from
        ticket ticket0_ 
    where
        ticket0_.code=?
Hibernate: 
    select
        ticket0_.code as code1_0_0_,
        ticket0_.client_id as client_i2_0_0_,
        ticket0_.closing_date as closing_3_0_0_,
        ticket0_.description as descript4_0_0_,
        ticket0_.employee_id as employee5_0_0_,
        ticket0_.priority as priority6_0_0_,
        ticket0_.product as product7_0_0_,
        ticket0_.severity as severity8_0_0_,
        ticket0_.start_date as start_da9_0_0_,
        ticket0_.status as status10_0_0_,
        ticket0_.title as title11_0_0_,
        ticket0_.version as version12_0_0_ 
    from
        ticket ticket0_ 
    where
        ticket0_.code=?
Hibernate: 
    select
        ticket0_.code as code1_0_,
        ticket0_.client_id as client_i2_0_,
        ticket0_.closing_date as closing_3_0_,
        ticket0_.description as descript4_0_,
        ticket0_.employee_id as employee5_0_,
        ticket0_.priority as priority6_0_,
        ticket0_.product as product7_0_,
        ticket0_.severity as severity8_0_,
        ticket0_.start_date as start_da9_0_,
        ticket0_.status as status10_0_,
        ticket0_.title as title11_0_,
        ticket0_.version as version12_0_ 
    from
        ticket ticket0_ 
    where
        ticket0_.title=?
Hibernate: 
    select
        ticket0_.code as code1_0_0_,
[...]
Before any test execution
Before any test execution
Before any test execution
Before any test execution
Hibernate: 
    select
        ticket0_.code as code1_0_,
        ticket0_.client_id as client_i2_0_,
        ticket0_.closing_date as closing_3_0_,
        ticket0_.description as descript4_0_,
        ticket0_.employee_id as employee5_0_,
        ticket0_.priority as priority6_0_,
        ticket0_.product as product7_0_,
        ticket0_.severity as severity8_0_,
        ticket0_.start_date as start_da9_0_,
        ticket0_.status as status10_0_,
        ticket0_.title as title11_0_,
        ticket0_.version as version12_0_ 
    from
        ticket ticket0_ 
    where
        ticket0_.title=?
Hibernate: 
    call next value for hibernate_sequence
Hibernate: 
    insert 
    into
        ticket
        (client_id, closing_date, description, employee_id, priority, product, severity, start_date, status, title, version, code) 
    values
        (?, ?, ?, ?, ?, ?, ?, ?, ?, ?, ?, ?)
Hibernate: 
    select
        ticket0_.code as code1_0_,
        ticket0_.client_id as client_i2_0_,
        ticket0_.closing_date as closing_3_0_,
        ticket0_.description as descript4_0_,
        ticket0_.employee_id as employee5_0_,
        ticket0_.priority as priority6_0_,
        ticket0_.product as product7_0_,
        ticket0_.severity as severity8_0_,
        ticket0_.start_date as start_da9_0_,
        ticket0_.status as status10_0_,
        ticket0_.title as title11_0_,
        ticket0_.version as version12_0_ 
    from
        ticket ticket0_ 
    where
        ticket0_.title=?
Hibernate: 
    call next value for hibernate_sequence
Hibernate: 
    insert 
    into
        ticket
        (client_id, closing_date, description, employee_id, priority, product, severity, start_date, status, title, version, code) 
    values
        (?, ?, ?, ?, ?, ?, ?, ?, ?, ?, ?, ?)
Hibernate: 
    select
        ticket0_.code as code1_0_0_,
        ticket0_.client_id as client_i2_0_0_,
        ticket0_.closing_date as closing_3_0_0_,
        ticket0_.description as descript4_0_0_,
        ticket0_.employee_id as employee5_0_0_,
        ticket0_.priority as priority6_0_0_,
        ticket0_.product as product7_0_0_,
        ticket0_.severity as severity8_0_0_,
        ticket0_.start_date as start_da9_0_0_,
        ticket0_.status as status10_0_0_,
        ticket0_.title as title11_0_0_,
        ticket0_.version as version12_0_0_ 
    from
        ticket ticket0_ 
    where
        ticket0_.code=?
Hibernate: 
    select
        ticket0_.code as code1_0_0_,
        ticket0_.client_id as client_i2_0_0_,
        ticket0_.closing_date as closing_3_0_0_,
        ticket0_.description as descript4_0_0_,
        ticket0_.employee_id as employee5_0_0_,
        ticket0_.priority as priority6_0_0_,
        ticket0_.product as product7_0_0_,
        ticket0_.severity as severity8_0_0_,
        ticket0_.start_date as start_da9_0_0_,
        ticket0_.status as status10_0_0_,
        ticket0_.title as title11_0_0_,
        ticket0_.version as version12_0_0_ 
    from
        ticket ticket0_ 
    where
        ticket0_.code=?
Hibernate: 
    select
        ticket0_.code as code1_0_,
        ticket0_.client_id as client_i2_0_,
        ticket0_.closing_date as closing_3_0_,
        ticket0_.description as descript4_0_,
        ticket0_.employee_id as employee5_0_,
        ticket0_.priority as priority6_0_,
        ticket0_.product as product7_0_,
        ticket0_.severity as severity8_0_,
        ticket0_.start_date as start_da9_0_,
        ticket0_.status as status10_0_,
        ticket0_.title as title11_0_,
        ticket0_.version as version12_0_ 
    from
        ticket ticket0_ 
    where
        ticket0_.title=?
Resetting system
Hibernate: 
    select
        ticket0_.code as code1_0_,
        ticket0_.client_id as client_i2_0_,
        ticket0_.closing_date as closing_3_0_,
        ticket0_.description as descript4_0_,
        ticket0_.employee_id as employee5_0_,
        ticket0_.priority as priority6_0_,
        ticket0_.product as product7_0_,
        ticket0_.severity as severity8_0_,
        ticket0_.start_date as start_da9_0_,
        ticket0_.status as status10_0_,
        ticket0_.title as title11_0_,
        ticket0_.version as version12_0_ 
    from
        ticket ticket0_
Hibernate: 
    delete 
    from
        ticket_tasks 
    where
        ticket_id=?
Hibernate: 
    delete 
    from
        ticket_tasks 
    where
        ticket_id=?
Hibernate: 
    delete 
    from
        ticket 
    where
        code=?
Hibernate: 
    delete 
    from
        ticket 
    where
        code=?
Resetting system
Hibernate: 
    select
        ticket0_.code as code1_0_,
        ticket0_.client_id as client_i2_0_,
        ticket0_.closing_date as closing_3_0_,
        ticket0_.description as descript4_0_,
        ticket0_.employee_id as employee5_0_,
        ticket0_.priority as priority6_0_,
        ticket0_.product as product7_0_,
        ticket0_.severity as severity8_0_,
        ticket0_.start_date as start_da9_0_,
        ticket0_.status as status10_0_,
        ticket0_.title as title11_0_,
        ticket0_.version as version12_0_ 
    from
        ticket ticket0_
Resetting system
Hibernate: 
    select
        ticket0_.code as code1_0_,
        ticket0_.client_id as client_i2_0_,
        ticket0_.closing_date as closing_3_0_,
        ticket0_.description as descript4_0_,
        ticket0_.employee_id as employee5_0_,
        ticket0_.priority as priority6_0_,
        ticket0_.product as product7_0_,
        ticket0_.severity as severity8_0_,
        ticket0_.start_date as start_da9_0_,
        ticket0_.status as status10_0_,
        ticket0_.title as title11_0_,
        ticket0_.version as version12_0_ 
    from
        ticket ticket0_
Resetting system
Hibernate: 
    select
        ticket0_.code as code1_0_,
        ticket0_.client_id as client_i2_0_,
        ticket0_.closing_date as closing_3_0_,
        ticket0_.description as descript4_0_,
        ticket0_.employee_id as employee5_0_,
        ticket0_.priority as priority6_0_,
        ticket0_.product as product7_0_,
        ticket0_.severity as severity8_0_,
        ticket0_.start_date as start_da9_0_,
        ticket0_.status as status10_0_,
        ticket0_.title as title11_0_,
        ticket0_.version as version12_0_ 
    from
        ticket ticket0_
2023-12-02 21:03:30.355  INFO 169169 --- [    Test worker] o.s.t.c.support.AbstractContextLoader    : Could not detect default resource locations for test class [com.aninfo.integration.cucumber.TicketIntegrationServiceTest]: no resource found for suffixes {-context.xml, Context.groovy}.
2023-12-02 21:03:30.356  INFO 169169 --- [    Test worker] .b.t.c.SpringBootTestContextBootstrapper : Loaded default TestExecutionListener class names from location [META-INF/spring.factories]: [org.springframework.boot.test.autoconfigure.restdocs.RestDocsTestExecutionListener, org.springframework.boot.test.autoconfigure.web.client.MockRestServiceServerResetTestExecutionListener, org.springframework.boot.test.autoconfigure.web.servlet.MockMvcPrintOnlyOnFailureTestExecutionListener, org.springframework.boot.test.autoconfigure.web.servlet.WebDriverTestExecutionListener, org.springframework.boot.test.mock.mockito.MockitoTestExecutionListener, org.springframework.boot.test.mock.mockito.ResetMocksTestExecutionListener, org.springframework.test.context.web.ServletTestExecutionListener, org.springframework.test.context.support.DirtiesContextBeforeModesTestExecutionListener, org.springframework.test.context.support.DependencyInjectionTestExecutionListener, org.springframework.test.context.support.DirtiesContextTestExecutionListener, org.springframework.test.context.transaction.TransactionalTestExecutionListener, org.springframework.test.context.jdbc.SqlScriptsTestExecutionListener, org.springframework.test.context.event.EventPublishingTestExecutionListener]
2023-12-02 21:03:30.356  INFO 169169 --- [    Test worker] .b.t.c.SpringBootTestContextBootstrapper : Using TestExecutionListeners: [org.springframework.test.context.web.ServletTestExecutionListener@792be8bf, org.springframework.test.context.support.DirtiesContextBeforeModesTestExecutionListener@38cbf61d, org.springframework.boot.test.mock.mockito.MockitoTestExecutionListener@40af750c, org.springframework.boot.test.autoconfigure.SpringBootDependencyInjectionTestExecutionListener@6b9723ee, org.springframework.test.context.support.DirtiesContextTestExecutionListener@4ddf4033, org.springframework.test.context.transaction.TransactionalTestExecutionListener@2ac33c8b, org.springframework.test.context.jdbc.SqlScriptsTestExecutionListener@11ff3bca, org.springframework.test.context.event.EventPublishingTestExecutionListener@4325f248, org.springframework.boot.test.autoconfigure.restdocs.RestDocsTestExecutionListener@74ccecc7, org.springframework.boot.test.autoconfigure.web.client.MockRestServiceServerResetTestExecutionListener@4758b1b1, org.springframework.boot.test.autoconfigure.web.servlet.MockMvcPrintOnlyOnFailureTestExecutionListener@2f11f3fb, org.springframework.boot.test.autoconfigure.web.servlet.WebDriverTestExecutionListener@434af3e3, org.springframework.boot.test.mock.mockito.ResetMocksTestExecutionListener@50739599]
Before any test execution
Before any test execution
Before any test execution
Before any test execution
Hibernate: 
    select
        ticket0_.code as code1_0_,
        ticket0_.client_id as client_i2_0_,
        ticket0_.closing_date as closing_3_0_,
        ticket0_.description as descript4_0_,
        ticket0_.employee_id as employee5_0_,
        ticket0_.priority as priority6_0_,
        ticket0_.product as product7_0_,
        ticket0_.severity as severity8_0_,
        ticket0_.start_date as start_da9_0_,
        ticket0_.status as status10_0_,
        ticket0_.title as title11_0_,
        ticket0_.version as version12_0_ 
    from
        ticket ticket0_ 
    where
        ticket0_.title=?
Hibernate: 
    call next value for hibernate_sequence
Hibernate: 
    insert 
    into
        ticket
        (client_id, closing_date, description, employee_id, priority, product, severity, start_date, status, title, version, code) 
    values
        (?, ?, ?, ?, ?, ?, ?, ?, ?, ?, ?, ?)
Hibernate: 
    select
        ticket0_.code as code1_0_0_,
        ticket0_.client_id as client_i2_0_0_,
        ticket0_.closing_date as closing_3_0_0_,
        ticket0_.description as descript4_0_0_,
        ticket0_.employee_id as employee5_0_0_,
        ticket0_.priority as priority6_0_0_,
        ticket0_.product as product7_0_0_,
        ticket0_.severity as severity8_0_0_,
        ticket0_.start_date as start_da9_0_0_,
        ticket0_.status as status10_0_0_,
        ticket0_.title as title11_0_0_,
        ticket0_.version as version12_0_0_ 
    from
        ticket ticket0_ 
    where
        ticket0_.code=?
Resetting system
Hibernate: 
    select
        ticket0_.code as code1_0_,
        ticket0_.client_id as client_i2_0_,
        ticket0_.closing_date as closing_3_0_,
        ticket0_.description as descript4_0_,
        ticket0_.employee_id as employee5_0_,
        ticket0_.priority as priority6_0_,
        ticket0_.product as product7_0_,
        ticket0_.severity as severity8_0_,
        ticket0_.start_date as start_da9_0_,
        ticket0_.status as status10_0_,
        ticket0_.title as title11_0_,
        ticket0_.version as version12_0_ 
    from
        ticket ticket0_
Hibernate: 
    delete 
    from
        ticket_tasks 
    where
        ticket_id=?
Hibernate: 
    delete 
    from
        ticket 
    where
        code=?
Resetting system
Hibernate: 
    select
        ticket0_.code as code1_0_,
        ticket0_.client_id as client_i2_0_,
        ticket0_.closing_date as closing_3_0_,
        ticket0_.description as descript4_0_,
        ticket0_.employee_id as employee5_0_,
        ticket0_.priority as priority6_0_,
        ticket0_.product as product7_0_,
        ticket0_.severity as severity8_0_,
        ticket0_.start_date as start_da9_0_,
        ticket0_.status as status10_0_,
        ticket0_.title as title11_0_,
        ticket0_.version as version12_0_ 
    from
        ticket ticket0_
Resetting system
Hibernate: 
    select
        ticket0_.code as code1_0_,
        ticket0_.client_id as client_i2_0_,
        ticket0_.closing_date as closing_3_0_,
        ticket0_.description as descript4_0_,
        ticket0_.employee_id as employee5_0_,
        ticket0_.priority as priority6_0_,
        ticket0_.product as product7_0_,
        ticket0_.severity as severity8_0_,
        ticket0_.start_date as start_da9_0_,
        ticket0_.status as status10_0_,
        ticket0_.title as title11_0_,
        ticket0_.version as version12_0_ 
    from
        ticket ticket0_
Resetting system
Hibernate: 
    select
        ticket0_.code as code1_0_,
        ticket0_.client_id as client_i2_0_,
        ticket0_.closing_date as closing_3_0_,
        ticket0_.description as descript4_0_,
        ticket0_.employee_id as employee5_0_,
        ticket0_.priority as priority6_0_,
        ticket0_.product as product7_0_,
        ticket0_.severity as severity8_0_,
        ticket0_.start_date as start_da9_0_,
        ticket0_.status as status10_0_,
        ticket0_.title as title11_0_,
        ticket0_.version as version12_0_ 
    from
        ticket ticket0_
2023-12-02 21:03:30.365  INFO 169169 --- [    Test worker] o.s.t.c.support.AbstractContextLoader    : Could not detect default resource locations for test class [com.aninfo.integration.cucumber.TicketIntegrationServiceTest]: no resource found for suffixes {-context.xml, Context.groovy}.
2023-12-02 21:03:30.366  INFO 169169 --- [    Test worker] .b.t.c.SpringBootTestContextBootstrapper : Loaded default TestExecutionListener class names from location [META-INF/spring.factories]: [org.springframework.boot.test.autoconfigure.restdocs.RestDocsTestExecutionListener, org.springframework.boot.test.autoconfigure.web.client.MockRestServiceServerResetTestExecutionListener, org.springframework.boot.test.autoconfigure.web.servlet.MockMvcPrintOnlyOnFailureTestExecutionListener, org.springframework.boot.test.autoconfigure.web.servlet.WebDriverTestExecutionListener, org.springframework.boot.test.mock.mockito.MockitoTestExecutionListener, org.springframework.boot.test.mock.mockito.ResetMocksTestExecutionListener, org.springframework.test.context.web.ServletTestExecutionListener, org.springframework.test.context.support.DirtiesContextBeforeModesTestExecutionListener, org.springframework.test.context.support.DependencyInjectionTestExecutionListener, org.springframework.test.context.support.DirtiesContextTestExecutionListener, org.springframework.test.context.transaction.TransactionalTestExecutionListener, org.springframework.test.context.jdbc.SqlScriptsTestExecutionListener, org.springframework.test.context.event.EventPublishingTestExecutionListener]
2023-12-02 21:03:30.366  INFO 169169 --- [    Test worker] .b.t.c.SpringBootTestContextBootstrapper : Using TestExecutionListeners: [org.springframework.test.context.web.ServletTestExecutionListener@6b16ad26, org.springframework.test.context.support.DirtiesContextBeforeModesTestExecutionListener@7e30eec3, org.springframework.boot.test.mock.mockito.MockitoTestExecutionListener@4a5f6dfa, org.springframework.boot.test.autoconfigure.SpringBootDependencyInjectionTestExecutionListener@65698545, org.springframework.test.context.support.DirtiesContextTestExecutionListener@3b487b53, org.springframework.test.context.transaction.TransactionalTestExecutionListener@4277dc0f, org.springframework.test.context.jdbc.SqlScriptsTestExecutionListener@73764906, org.springframework.test.context.event.EventPublishingTestExecutionListener@5a9cb980, org.springframework.boot.test.autoconfigure.restdocs.RestDocsTestExecutionListener@22f6c363, org.springframework.boot.test.autoconfigure.web.client.MockRestServiceServerResetTestExecutionListener@5e1de496, org.springframework.boot.test.autoconfigure.web.servlet.MockMvcPrintOnlyOnFailureTestExecutionListener@1f62b82a, org.springframework.boot.test.autoconfigure.web.servlet.WebDriverTestExecutionListener@208d42ff, org.springframework.boot.test.mock.mockito.ResetMocksTestExecutionListener@34747056]
Before any test execution
Before any test execution
Before any test execution
Before any test execution
Hibernate: 
    select
        ticket0_.code as code1_0_0_,
        ticket0_.client_id as client_i2_0_0_,
        ticket0_.closing_date as closing_3_0_0_,
        ticket0_.description as descript4_0_0_,
        ticket0_.employee_id as employee5_0_0_,
        ticket0_.priority as priority6_0_0_,
        ticket0_.product as product7_0_0_,
        ticket0_.severity as severity8_0_0_,
        ticket0_.start_date as start_da9_0_0_,
        ticket0_.status as status10_0_0_,
        ticket0_.title as title11_0_0_,
        ticket0_.version as version12_0_0_ 
    from
        ticket ticket0_ 
    where
        ticket0_.code=?
Resetting system
Hibernate: 
    select
        ticket0_.code as code1_0_,
        ticket0_.client_id as client_i2_0_,
        ticket0_.closing_date as closing_3_0_,
        ticket0_.description as descript4_0_,
        ticket0_.employee_id as employee5_0_,
        ticket0_.priority as priority6_0_,
        ticket0_.product as product7_0_,
        ticket0_.severity as severity8_0_,
        ticket0_.start_date as start_da9_0_,
        ticket0_.status as status10_0_,
        ticket0_.title as title11_0_,
        ticket0_.version as version12_0_ 
    from
        ticket ticket0_
Resetting system
Hibernate: 
    select
        ticket0_.code as code1_0_,
        ticket0_.client_id as client_i2_0_,
        ticket0_.closing_date as closing_3_0_,
        ticket0_.description as descript4_0_,
        ticket0_.employee_id as employee5_0_,
        ticket0_.priority as priority6_0_,
        ticket0_.product as product7_0_,
        ticket0_.severity as severity8_0_,
        ticket0_.start_date as start_da9_0_,
        ticket0_.status as status10_0_,
        ticket0_.title as title11_0_,
        ticket0_.version as version12_0_ 
    from
        ticket ticket0_
Resetting system
Hibernate: 
    select
        ticket0_.code as code1_0_,
        ticket0_.client_id as client_i2_0_,
        ticket0_.closing_date as closing_3_0_,
        ticket0_.description as descript4_0_,
        ticket0_.employee_id as employee5_0_,
        ticket0_.priority as priority6_0_,
        ticket0_.product as product7_0_,
        ticket0_.severity as severity8_0_,
        ticket0_.start_date as start_da9_0_,
        ticket0_.status as status10_0_,
        ticket0_.title as title11_0_,
        ticket0_.version as version12_0_ 
    from
        ticket ticket0_
Resetting system
Hibernate: 
    select
        ticket0_.code as code1_0_,
        ticket0_.client_id as client_i2_0_,
        ticket0_.closing_date as closing_3_0_,
        ticket0_.description as descript4_0_,
        ticket0_.employee_id as employee5_0_,
        ticket0_.priority as priority6_0_,
        ticket0_.product as product7_0_,
        ticket0_.severity as severity8_0_,
        ticket0_.start_date as start_da9_0_,
        ticket0_.status as status10_0_,
        ticket0_.title as title11_0_,
        ticket0_.version as version12_0_ 
    from
        ticket ticket0_

13 Scenarios (?[32m13 passed?[0m)
42 Steps (?[32m42 passed?[0m)
0m0.557s

]]></system-out>
  <system-err><![CDATA[]]></system-err>
</testsuite>
