<?xml version="1.0" encoding="UTF-8"?>
<testsuite name="com.aninfo.integration.cucumber.CucumberTest" tests="42" skipped="4" failures="0" errors="0" timestamp="2023-11-30T18:46:48" hostname="manuelpol-Lenovo-V130-15IKB" time="0.953">
  <properties/>
  <testcase name="Given No tickets to access" classname="com.aninfo.integration.cucumber.CucumberTest" time="0.0"/>
  <testcase name="When Trying to get tickets" classname="com.aninfo.integration.cucumber.CucumberTest" time="0.0"/>
  <testcase name="Then I get no tickets" classname="com.aninfo.integration.cucumber.CucumberTest" time="0.0"/>
  <testcase name="Given Two tickets" classname="com.aninfo.integration.cucumber.CucumberTest" time="0.0"/>
  <testcase name="When Trying to get tickets" classname="com.aninfo.integration.cucumber.CucumberTest" time="0.001"/>
  <testcase name="Then I get two tickets" classname="com.aninfo.integration.cucumber.CucumberTest" time="0.0"/>
  <testcase name="Given Ticket with name Ticket1 because of accesing" classname="com.aninfo.integration.cucumber.CucumberTest" time="0.0"/>
  <testcase name="When Trying to find ticket with name Ticket1" classname="com.aninfo.integration.cucumber.CucumberTest" time="0.001"/>
  <testcase name="Then I get the ticket appropriately" classname="com.aninfo.integration.cucumber.CucumberTest" time="0.001"/>
  <testcase name="Given Ticket with name MyTicket1 because of accesing" classname="com.aninfo.integration.cucumber.CucumberTest" time="0.001"/>
  <testcase name="When Trying to find ticket with name MyTicket2" classname="com.aninfo.integration.cucumber.CucumberTest" time="0.001"/>
  <testcase name="Then I get an Invalid Ticket Exception because of accessing" classname="com.aninfo.integration.cucumber.CucumberTest" time="0.001"/>
  <testcase name="Given No ticket with name ticket1" classname="com.aninfo.integration.cucumber.CucumberTest" time="0.001"/>
  <testcase name="When Trying to create a ticket with name ticket1" classname="com.aninfo.integration.cucumber.CucumberTest" time="0.001"/>
  <testcase name="Then It is created successfully" classname="com.aninfo.integration.cucumber.CucumberTest" time="0.0"/>
  <testcase name="And Ticket is named ticket1" classname="com.aninfo.integration.cucumber.CucumberTest" time="0.001"/>
  <testcase name="Given A ticket with status NOT STARTED" classname="com.aninfo.integration.cucumber.CucumberTest" time="0.003"/>
  <testcase name="When Trying to edit the status from NOT STARTED to IN PROGRESS" classname="com.aninfo.integration.cucumber.CucumberTest" time="0.001"/>
  <testcase name="Then Status is edited successfully" classname="com.aninfo.integration.cucumber.CucumberTest" time="0.0"/>
  <testcase name="Given A ticket with severity S1" classname="com.aninfo.integration.cucumber.CucumberTest" time="0.0"/>
  <testcase name="When Trying to edit the severity from S1 to S2" classname="com.aninfo.integration.cucumber.CucumberTest" time="0.0"/>
  <testcase name="Then Severity is edited successfully" classname="com.aninfo.integration.cucumber.CucumberTest" time="0.0"/>
  <testcase name="Given A ticket with priority LOW" classname="com.aninfo.integration.cucumber.CucumberTest" time="0.0"/>
  <testcase name="When Trying to edit the priority from LOW to HIGH" classname="com.aninfo.integration.cucumber.CucumberTest" time="0.001"/>
  <testcase name="Then Priority is edited successfully" classname="com.aninfo.integration.cucumber.CucumberTest" time="0.001"/>
  <testcase name="Given A ticket with an empty info" classname="com.aninfo.integration.cucumber.CucumberTest" time="0.001"/>
  <testcase name="When Trying to edit the info to a different one" classname="com.aninfo.integration.cucumber.CucumberTest" time="0.0"/>
  <testcase name="Then Info is edited successfully" classname="com.aninfo.integration.cucumber.CucumberTest" time="0.001"/>
  <testcase name="Given A ticket with name ticket1" classname="com.aninfo.integration.cucumber.CucumberTest" time="0.0"/>
  <testcase name="When Trying to edit the name from ticket1 to ticket2" classname="com.aninfo.integration.cucumber.CucumberTest" time="0.0"/>
  <testcase name="Then Name is edited successfully" classname="com.aninfo.integration.cucumber.CucumberTest" time="0.0"/>
  <testcase name="Given Two tickets with names ticket1 and ticket2" classname="com.aninfo.integration.cucumber.CucumberTest" time="0.0"/>
  <testcase name="When Trying to edit the name of ticket1 to the same name of ticket2" classname="com.aninfo.integration.cucumber.CucumberTest" time="0.001"/>
  <testcase name="Then I get a Ticket Name Already Taken Exception" classname="com.aninfo.integration.cucumber.CucumberTest" time="0.001"/>
  <testcase name="And It remain with the original name" classname="com.aninfo.integration.cucumber.CucumberTest" time="0.0"/>
  <testcase name="Given A ticket" classname="com.aninfo.integration.cucumber.CucumberTest" time="0.0"/>
  <testcase name="When Searching this ticket by it's code" classname="com.aninfo.integration.cucumber.CucumberTest" time="0.0"/>
  <testcase name="Then It is found successfully" classname="com.aninfo.integration.cucumber.CucumberTest" time="0.001"/>
  <testcase name="And The tickets's code matches" classname="com.aninfo.integration.cucumber.CucumberTest" time="0.0">
    <skipped/>
  </testcase>
  <testcase name="Given no tickets to search" classname="com.aninfo.integration.cucumber.CucumberTest" time="0.0">
    <skipped/>
  </testcase>
  <testcase name="When Searching a ticket by it's code" classname="com.aninfo.integration.cucumber.CucumberTest" time="0.0">
    <skipped/>
  </testcase>
  <testcase name="Then I get an Invalid Ticket Exception because of searching" classname="com.aninfo.integration.cucumber.CucumberTest" time="0.0">
    <skipped/>
  </testcase>
  <system-out><![CDATA[15:46:36.164 [Test worker] DEBUG org.springframework.test.context.BootstrapUtils - Instantiating CacheAwareContextLoaderDelegate from class [org.springframework.test.context.cache.DefaultCacheAwareContextLoaderDelegate]
15:46:36.219 [Test worker] DEBUG org.springframework.test.context.BootstrapUtils - Instantiating BootstrapContext using constructor [public org.springframework.test.context.support.DefaultBootstrapContext(java.lang.Class,org.springframework.test.context.CacheAwareContextLoaderDelegate)]
15:46:36.326 [Test worker] DEBUG org.springframework.test.context.BootstrapUtils - Instantiating TestContextBootstrapper for test class [com.aninfo.integration.cucumber.TicketAccessTest] from class [org.springframework.boot.test.context.SpringBootTestContextBootstrapper]
15:46:36.360 [Test worker] DEBUG org.springframework.test.context.support.AbstractContextLoader - Did not detect default resource location for test class [com.aninfo.integration.cucumber.TicketIntegrationServiceTest]: class path resource [com/aninfo/integration/cucumber/TicketIntegrationServiceTest-context.xml] does not exist
15:46:36.362 [Test worker] DEBUG org.springframework.test.context.support.AbstractContextLoader - Did not detect default resource location for test class [com.aninfo.integration.cucumber.TicketIntegrationServiceTest]: class path resource [com/aninfo/integration/cucumber/TicketIntegrationServiceTestContext.groovy] does not exist
15:46:36.363 [Test worker] INFO org.springframework.test.context.support.AbstractContextLoader - Could not detect default resource locations for test class [com.aninfo.integration.cucumber.TicketIntegrationServiceTest]: no resource found for suffixes {-context.xml, Context.groovy}.
15:46:36.421 [Test worker] DEBUG org.springframework.test.context.support.ActiveProfilesUtils - Could not find an 'annotation declaring class' for annotation type [org.springframework.test.context.ActiveProfiles] and class [com.aninfo.integration.cucumber.TicketAccessTest]
15:46:36.647 [Test worker] DEBUG org.springframework.boot.test.context.SpringBootTestContextBootstrapper - @TestExecutionListeners is not present for class [com.aninfo.integration.cucumber.TicketAccessTest]: using defaults.
15:46:36.648 [Test worker] INFO org.springframework.boot.test.context.SpringBootTestContextBootstrapper - Loaded default TestExecutionListener class names from location [META-INF/spring.factories]: [org.springframework.boot.test.autoconfigure.restdocs.RestDocsTestExecutionListener, org.springframework.boot.test.autoconfigure.web.client.MockRestServiceServerResetTestExecutionListener, org.springframework.boot.test.autoconfigure.web.servlet.MockMvcPrintOnlyOnFailureTestExecutionListener, org.springframework.boot.test.autoconfigure.web.servlet.WebDriverTestExecutionListener, org.springframework.boot.test.mock.mockito.MockitoTestExecutionListener, org.springframework.boot.test.mock.mockito.ResetMocksTestExecutionListener, org.springframework.test.context.web.ServletTestExecutionListener, org.springframework.test.context.support.DirtiesContextBeforeModesTestExecutionListener, org.springframework.test.context.support.DependencyInjectionTestExecutionListener, org.springframework.test.context.support.DirtiesContextTestExecutionListener, org.springframework.test.context.transaction.TransactionalTestExecutionListener, org.springframework.test.context.jdbc.SqlScriptsTestExecutionListener, org.springframework.test.context.event.EventPublishingTestExecutionListener]
15:46:36.668 [Test worker] INFO org.springframework.boot.test.context.SpringBootTestContextBootstrapper - Using TestExecutionListeners: [org.springframework.test.context.web.ServletTestExecutionListener@58b86bd2, org.springframework.test.context.support.DirtiesContextBeforeModesTestExecutionListener@71102321, org.springframework.boot.test.mock.mockito.MockitoTestExecutionListener@71f77e2a, org.springframework.boot.test.autoconfigure.SpringBootDependencyInjectionTestExecutionListener@74d347a4, org.springframework.test.context.support.DirtiesContextTestExecutionListener@6f2e5417, org.springframework.test.context.transaction.TransactionalTestExecutionListener@1fd77bf8, org.springframework.test.context.jdbc.SqlScriptsTestExecutionListener@559b4006, org.springframework.test.context.event.EventPublishingTestExecutionListener@3b9bd376, org.springframework.boot.test.autoconfigure.restdocs.RestDocsTestExecutionListener@2608b6fe, org.springframework.boot.test.autoconfigure.web.client.MockRestServiceServerResetTestExecutionListener@224017c, org.springframework.boot.test.autoconfigure.web.servlet.MockMvcPrintOnlyOnFailureTestExecutionListener@db0ea4e, org.springframework.boot.test.autoconfigure.web.servlet.WebDriverTestExecutionListener@685588ed, org.springframework.boot.test.mock.mockito.ResetMocksTestExecutionListener@b896c5f]
15:46:36.699 [Test worker] DEBUG org.springframework.test.context.support.TestPropertySourceUtils - Adding inlined properties to environment: {spring.jmx.enabled=false, org.springframework.boot.test.context.SpringBootTestContextBootstrapper=true, server.port=-1}

  .   ____          _            __ _ _
 /\\ / ___'_ __ _ _(_)_ __  __ _ \ \ \ \
( ( )\___ | '_ | '_| | '_ \/ _` | \ \ \ \
 \\/  ___)| |_)| | | | | || (_| |  ) ) ) )
  '  |____| .__|_| |_|_| |_\__, | / / / /
 =========|_|==============|___/=/_/_/_/
 :: Spring Boot ::        (v2.2.5.RELEASE)

2023-11-30 15:46:37.362  INFO 34371 --- [    Test worker] c.a.i.cucumber.TicketAccessTest          : Starting TicketAccessTest on manuelpol-Lenovo-V130-15IKB with PID 34371 (started by manuelpol in /home/manuelpol/Escritorio/aninfo/psa/backend)
2023-11-30 15:46:37.365  INFO 34371 --- [    Test worker] c.a.i.cucumber.TicketAccessTest          : No active profile set, falling back to default profiles: default
2023-11-30 15:46:38.982  INFO 34371 --- [    Test worker] .s.d.r.c.RepositoryConfigurationDelegate : Bootstrapping Spring Data JPA repositories in DEFAULT mode.
2023-11-30 15:46:39.195  INFO 34371 --- [    Test worker] .s.d.r.c.RepositoryConfigurationDelegate : Finished Spring Data repository scanning in 202ms. Found 1 JPA repository interfaces.
2023-11-30 15:46:41.118  INFO 34371 --- [    Test worker] o.hibernate.jpa.internal.util.LogHelper  : HHH000204: Processing PersistenceUnitInfo [name: default]
2023-11-30 15:46:41.245  INFO 34371 --- [    Test worker] org.hibernate.Version                    : HHH000412: Hibernate ORM core version 5.4.12.Final
2023-11-30 15:46:41.481  INFO 34371 --- [    Test worker] o.hibernate.annotations.common.Version   : HCANN000001: Hibernate Commons Annotations {5.1.0.Final}
2023-11-30 15:46:41.608  INFO 34371 --- [    Test worker] com.zaxxer.hikari.HikariDataSource       : HikariPool-1 - Starting...
2023-11-30 15:46:41.838  INFO 34371 --- [    Test worker] com.zaxxer.hikari.HikariDataSource       : HikariPool-1 - Start completed.
2023-11-30 15:46:41.857  INFO 34371 --- [    Test worker] org.hibernate.dialect.Dialect            : HHH000400: Using dialect: org.hibernate.dialect.H2Dialect
Hibernate: 
    
    drop table ticket if exists
Hibernate: 
    
    drop sequence if exists hibernate_sequence
Hibernate: create sequence hibernate_sequence start with 1 increment by 1
Hibernate: 
    
    create table ticket (
       code bigint not null,
        creator varchar(255),
        estimated_finish_date date,
        info varchar(255),
        name varchar(255),
        priority integer,
        severity integer,
        start_date date,
        status integer,
        primary key (code)
    )
2023-11-30 15:46:42.960  INFO 34371 --- [    Test worker] o.h.e.t.j.p.i.JtaPlatformInitiator       : HHH000490: Using JtaPlatform implementation: [org.hibernate.engine.transaction.jta.platform.internal.NoJtaPlatform]
2023-11-30 15:46:42.970  INFO 34371 --- [    Test worker] j.LocalContainerEntityManagerFactoryBean : Initialized JPA EntityManagerFactory for persistence unit 'default'
2023-11-30 15:46:44.361  WARN 34371 --- [    Test worker] JpaBaseConfiguration$JpaWebConfiguration : spring.jpa.open-in-view is enabled by default. Therefore, database queries may be performed during view rendering. Explicitly configure spring.jpa.open-in-view to disable this warning
2023-11-30 15:46:46.038  INFO 34371 --- [    Test worker] o.s.s.concurrent.ThreadPoolTaskExecutor  : Initializing ExecutorService 'applicationTaskExecutor'
2023-11-30 15:46:46.763  INFO 34371 --- [    Test worker] o.s.b.a.h2.H2ConsoleAutoConfiguration    : H2 console available at '/h2-console'. Database available at 'jdbc:h2:mem:DBNAME'
2023-11-30 15:46:47.763  INFO 34371 --- [    Test worker] c.a.i.cucumber.TicketAccessTest          : Started TicketAccessTest in 11.049 seconds (JVM running for 14.098)
Before any test execution
Before any test execution
Before any test execution
Before any test execution
Hibernate: 
    select
        ticket0_.code as code1_0_,
        ticket0_.creator as creator2_0_,
        ticket0_.estimated_finish_date as estimate3_0_,
        ticket0_.info as info4_0_,
        ticket0_.name as name5_0_,
        ticket0_.priority as priority6_0_,
        ticket0_.severity as severity7_0_,
        ticket0_.start_date as start_da8_0_,
        ticket0_.status as status9_0_ 
    from
        ticket ticket0_
Resetting system
Hibernate: 
    select
        ticket0_.code as code1_0_,
        ticket0_.creator as creator2_0_,
        ticket0_.estimated_finish_date as estimate3_0_,
        ticket0_.info as info4_0_,
        ticket0_.name as name5_0_,
        ticket0_.priority as priority6_0_,
        ticket0_.severity as severity7_0_,
        ticket0_.start_date as start_da8_0_,
        ticket0_.status as status9_0_ 
    from
        ticket ticket0_
Resetting system
Hibernate: 
    select
        ticket0_.code as code1_0_,
        ticket0_.creator as creator2_0_,
        ticket0_.estimated_finish_date as estimate3_0_,
        ticket0_.info as info4_0_,
        ticket0_.name as name5_0_,
        ticket0_.priority as priority6_0_,
        ticket0_.severity as severity7_0_,
        ticket0_.start_date as start_da8_0_,
        ticket0_.status as status9_0_ 
    from
        ticket ticket0_
Resetting system
Hibernate: 
    select
        ticket0_.code as code1_0_,
        ticket0_.creator as creator2_0_,
        ticket0_.estimated_finish_date as estimate3_0_,
        ticket0_.info as info4_0_,
        ticket0_.name as name5_0_,
        ticket0_.priority as priority6_0_,
        ticket0_.severity as severity7_0_,
        ticket0_.start_date as start_da8_0_,
        ticket0_.status as status9_0_ 
    from
        ticket ticket0_
Resetting system
Hibernate: 
    select
        ticket0_.code as code1_0_,
        ticket0_.creator as creator2_0_,
        ticket0_.estimated_finish_date as estimate3_0_,
        ticket0_.info as info4_0_,
        ticket0_.name as name5_0_,
        ticket0_.priority as priority6_0_,
        ticket0_.severity as severity7_0_,
        ticket0_.start_date as start_da8_0_,
        ticket0_.status as status9_0_ 
    from
        ticket ticket0_
2023-11-30 15:46:48.364  INFO 34371 --- [    Test worker] o.s.t.c.support.AbstractContextLoader    : Could not detect default resource locations for test class [com.aninfo.integration.cucumber.TicketIntegrationServiceTest]: no resource found for suffixes {-context.xml, Context.groovy}.
2023-11-30 15:46:48.368  INFO 34371 --- [    Test worker] .b.t.c.SpringBootTestContextBootstrapper : Loaded default TestExecutionListener class names from location [META-INF/spring.factories]: [org.springframework.boot.test.autoconfigure.restdocs.RestDocsTestExecutionListener, org.springframework.boot.test.autoconfigure.web.client.MockRestServiceServerResetTestExecutionListener, org.springframework.boot.test.autoconfigure.web.servlet.MockMvcPrintOnlyOnFailureTestExecutionListener, org.springframework.boot.test.autoconfigure.web.servlet.WebDriverTestExecutionListener, org.springframework.boot.test.mock.mockito.MockitoTestExecutionListener, org.springframework.boot.test.mock.mockito.ResetMocksTestExecutionListener, org.springframework.test.context.web.ServletTestExecutionListener, org.springframework.test.context.support.DirtiesContextBeforeModesTestExecutionListener, org.springframework.test.context.support.DependencyInjectionTestExecutionListener, org.springframework.test.context.support.DirtiesContextTestExecutionListener, org.springframework.test.context.transaction.TransactionalTestExecutionListener, org.springframework.test.context.jdbc.SqlScriptsTestExecutionListener, org.springframework.test.context.event.EventPublishingTestExecutionListener]
2023-11-30 15:46:48.368  INFO 34371 --- [    Test worker] .b.t.c.SpringBootTestContextBootstrapper : Using TestExecutionListeners: [org.springframework.test.context.web.ServletTestExecutionListener@20ebc617, org.springframework.test.context.support.DirtiesContextBeforeModesTestExecutionListener@26a29c47, org.springframework.boot.test.mock.mockito.MockitoTestExecutionListener@55516751, org.springframework.boot.test.autoconfigure.SpringBootDependencyInjectionTestExecutionListener@72b09ce0, org.springframework.test.context.support.DirtiesContextTestExecutionListener@c9537df, org.springframework.test.context.transaction.TransactionalTestExecutionListener@3ee7c2ae, org.springframework.test.context.jdbc.SqlScriptsTestExecutionListener@60d251cc, org.springframework.test.context.event.EventPublishingTestExecutionListener@167386aa, org.springframework.boot.test.autoconfigure.restdocs.RestDocsTestExecutionListener@337d6074, org.springframework.boot.test.autoconfigure.web.client.MockRestServiceServerResetTestExecutionListener@330f2607, org.springframework.boot.test.autoconfigure.web.servlet.MockMvcPrintOnlyOnFailureTestExecutionListener@41215d9b, org.springframework.boot.test.autoconfigure.web.servlet.WebDriverTestExecutionListener@4bedd5c3, org.springframework.boot.test.mock.mockito.ResetMocksTestExecutionListener@134b620a]
Before any test execution
Before any test execution
Before any test execution
Before any test execution
Hibernate: 
    select
        ticket0_.code as code1_0_,
        ticket0_.creator as creator2_0_,
        ticket0_.estimated_finish_date as estimate3_0_,
        ticket0_.info as info4_0_,
        ticket0_.name as name5_0_,
        ticket0_.priority as priority6_0_,
        ticket0_.severity as severity7_0_,
        ticket0_.start_date as start_da8_0_,
        ticket0_.status as status9_0_ 
    from
        ticket ticket0_ 
    where
        ticket0_.name=?
Hibernate: 
    call next value for hibernate_sequence
Hibernate: 
    insert 
    into
        ticket
        (creator, estimated_finish_date, info, name, priority, severity, start_date, status, code) 
    values
        (?, ?, ?, ?, ?, ?, ?, ?, ?)
Hibernate: 
    select
        ticket0_.code as code1_0_,
        ticket0_.creator as creator2_0_,
        ticket0_.estimated_finish_date as estimate3_0_,
        ticket0_.info as info4_0_,
        ticket0_.name as name5_0_,
        ticket0_.priority as priority6_0_,
        ticket0_.severity as severity7_0_,
        ticket0_.start_date as start_da8_0_,
        ticket0_.status as status9_0_ 
    from
        ticket ticket0_ 
    where
        ticket0_.name=?
Hibernate: 
    call next value for hibernate_sequence
Hibernate: 
    insert 
    into
        ticket
        (creator, estimated_finish_date, info, name, priority, severity, start_date, status, code) 
    values
        (?, ?, ?, ?, ?, ?, ?, ?, ?)
Hibernate: 
    select
        ticket0_.code as code1_0_,
        ticket0_.creator as creator2_0_,
        ticket0_.estimated_finish_date as estimate3_0_,
        ticket0_.info as info4_0_,
        ticket0_.name as name5_0_,
        ticket0_.priority as priority6_0_,
        ticket0_.severity as severity7_0_,
        ticket0_.start_date as start_da8_0_,
        ticket0_.status as status9_0_ 
    from
        ticket ticket0_
Hibernate: 
    select
        ticket0_.code as code1_0_,
        ticket0_.creator as creator2_0_,
        ticket0_.estimated_finish_date as estimate3_0_,
        ticket0_.info as info4_0_,
        ticket0_.name as name5_0_,
        ticket0_.priority as priority6_0_,
        ticket0_.severity as severity7_0_,
        ticket0_.start_date as start_da8_0_,
        ticket0_.status as status9_0_ 
    from
        ticket ticket0_
Resetting system
Hibernate: 
    select
        ticket0_.code as code1_0_,
        ticket0_.creator as creator2_0_,
        ticket0_.estimated_finish_date as estimate3_0_,
        ticket0_.info as info4_0_,
        ticket0_.name as name5_0_,
        ticket0_.priority as priority6_0_,
        ticket0_.severity as severity7_0_,
        ticket0_.start_date as start_da8_0_,
        ticket0_.status as status9_0_ 
    from
        ticket ticket0_
Hibernate: 
    delete 
    from
        ticket 
    where
        code=?
Hibernate: 
    delete 
    from
        ticket 
    where
        code=?
Resetting system
Hibernate: 
    select
        ticket0_.code as code1_0_,
        ticket0_.creator as creator2_0_,
        ticket0_.estimated_finish_date as estimate3_0_,
        ticket0_.info as info4_0_,
        ticket0_.name as name5_0_,
        ticket0_.priority as priority6_0_,
        ticket0_.severity as severity7_0_,
        ticket0_.start_date as start_da8_0_,
        ticket0_.status as status9_0_ 
    from
        ticket ticket0_
Resetting system
Hibernate: 
    select
        ticket0_.code as code1_0_,
        ticket0_.creator as creator2_0_,
        ticket0_.estimated_finish_date as estimate3_0_,
        ticket0_.info as info4_0_,
        ticket0_.name as name5_0_,
        ticket0_.priority as priority6_0_,
        ticket0_.severity as severity7_0_,
        ticket0_.start_date as start_da8_0_,
        ticket0_.status as status9_0_ 
    from
        ticket ticket0_
Resetting system
Hibernate: 
    select
        ticket0_.code as code1_0_,
        ticket0_.creator as creator2_0_,
        ticket0_.estimated_finish_date as estimate3_0_,
        ticket0_.info as info4_0_,
        ticket0_.name as name5_0_,
        ticket0_.priority as priority6_0_,
        ticket0_.severity as severity7_0_,
        ticket0_.start_date as start_da8_0_,
        ticket0_.status as status9_0_ 
    from
        ticket ticket0_
2023-11-30 15:46:48.556  INFO 34371 --- [    Test worker] o.s.t.c.support.AbstractContextLoader    : Could not detect default resource locations for test class [com.aninfo.integration.cucumber.TicketIntegrationServiceTest]: no resource found for suffixes {-context.xml, Context.groovy}.
2023-11-30 15:46:48.559  INFO 34371 --- [    Test worker] .b.t.c.SpringBootTestContextBootstrapper : Loaded default TestExecutionListener class names from location [META-INF/spring.factories]: [org.springframework.boot.test.autoconfigure.restdocs.RestDocsTestExecutionListener, org.springframework.boot.test.autoconfigure.web.client.MockRestServiceServerResetTestExecutionListener, org.springframework.boot.test.autoconfigure.web.servlet.MockMvcPrintOnlyOnFailureTestExecutionListener, org.springframework.boot.test.autoconfigure.web.servlet.WebDriverTestExecutionListener, org.springframework.boot.test.mock.mockito.MockitoTestExecutionListener, org.springframework.boot.test.mock.mockito.ResetMocksTestExecutionListener, org.springframework.test.context.web.ServletTestExecutionListener, org.springframework.test.context.support.DirtiesContextBeforeModesTestExecutionListener, org.springframework.test.context.support.DependencyInjectionTestExecutionListener, org.springframework.test.context.support.DirtiesContextTestExecutionListener, org.springframework.test.context.transaction.TransactionalTestExecutionListener, org.springframework.test.context.jdbc.SqlScriptsTestExecutionListener, org.springframework.test.context.event.EventPublishingTestExecutionListener]
2023-11-30 15:46:48.560  INFO 34371 --- [    Test worker] .b.t.c.SpringBootTestContextBootstrapper : Using TestExecutionListeners: [org.springframework.test.context.web.ServletTestExecutionListener@6b15b6f7, org.springframework.test.context.support.DirtiesContextBeforeModesTestExecutionListener@1e855051, org.springframework.boot.test.mock.mockito.MockitoTestExecutionListener@61d394fe, org.springframework.boot.test.autoconfigure.SpringBootDependencyInjectionTestExecutionListener@752edabb, org.springframework.test.context.support.DirtiesContextTestExecutionListener@33ca68e7, org.springframework.test.context.transaction.TransactionalTestExecutionListener@7f9a117, org.springframework.test.context.jdbc.SqlScriptsTestExecutionListener@7a70a172, org.springframework.test.context.event.EventPublishingTestExecutionListener@79085785, org.springframework.boot.test.autoconfigure.restdocs.RestDocsTestExecutionListener@19659513, org.springframework.boot.test.autoconfigure.web.client.MockRestServiceServerResetTestExecutionListener@53de7e31, org.springframework.boot.test.autoconfigure.web.servlet.MockMvcPrintOnlyOnFailureTestExecutionListener@2c5a3e09, org.springframework.boot.test.autoconfigure.web.servlet.WebDriverTestExecutionListener@1755e078, org.springframework.boot.test.mock.mockito.ResetMocksTestExecutionListener@22ad228c]
Before any test execution
Before any test execution
Before any test execution
Before any test execution
Hibernate: 
    select
        ticket0_.code as code1_0_,
        ticket0_.creator as creator2_0_,
        ticket0_.estimated_finish_date as estimate3_0_,
        ticket0_.info as info4_0_,
        ticket0_.name as name5_0_,
        ticket0_.priority as priority6_0_,
        ticket0_.severity as severity7_0_,
        ticket0_.start_date as start_da8_0_,
        ticket0_.status as status9_0_ 
    from
        ticket ticket0_ 
    where
        ticket0_.name=?
Hibernate: 
    call next value for hibernate_sequence
Hibernate: 
    insert 
    into
        ticket
        (creator, estimated_finish_date, info, name, priority, severity, start_date, status, code) 
    values
        (?, ?, ?, ?, ?, ?, ?, ?, ?)
Hibernate: 
    select
        ticket0_.code as code1_0_,
        ticket0_.creator as creator2_0_,
        ticket0_.estimated_finish_date as estimate3_0_,
        ticket0_.info as info4_0_,
        ticket0_.name as name5_0_,
        ticket0_.priority as priority6_0_,
        ticket0_.severity as severity7_0_,
        ticket0_.start_date as start_da8_0_,
        ticket0_.status as status9_0_ 
    from
        ticket ticket0_ 
    where
        ticket0_.name=?
Resetting system
Hibernate: 
    select
        ticket0_.code as code1_0_,
        ticket0_.creator as creator2_0_,
        ticket0_.estimated_finish_date as estimate3_0_,
        ticket0_.info as info4_0_,
        ticket0_.name as name5_0_,
        ticket0_.priority as priority6_0_,
        ticket0_.severity as severity7_0_,
        ticket0_.start_date as start_da8_0_,
        ticket0_.status as status9_0_ 
    from
        ticket ticket0_
Hibernate: 
    delete 
    from
        ticket 
    where
        code=?
Resetting system
Hibernate: 
    select
        ticket0_.code as code1_0_,
        ticket0_.creator as creator2_0_,
        ticket0_.estimated_finish_date as estimate3_0_,
        ticket0_.info as info4_0_,
        ticket0_.name as name5_0_,
        ticket0_.priority as priority6_0_,
        ticket0_.severity as severity7_0_,
        ticket0_.start_date as start_da8_0_,
        ticket0_.status as status9_0_ 
    from
        ticket ticket0_
Resetting system
Hibernate: 
    select
        ticket0_.code as code1_0_,
        ticket0_.creator as creator2_0_,
        ticket0_.estimated_finish_date as estimate3_0_,
        ticket0_.info as info4_0_,
        ticket0_.name as name5_0_,
        ticket0_.priority as priority6_0_,
        ticket0_.severity as severity7_0_,
        ticket0_.start_date as start_da8_0_,
        ticket0_.status as status9_0_ 
    from
        ticket ticket0_
Resetting system
Hibernate: 
    select
        ticket0_.code as code1_0_,
        ticket0_.creator as creator2_0_,
        ticket0_.estimated_finish_date as estimate3_0_,
        ticket0_.info as info4_0_,
        ticket0_.name as name5_0_,
        ticket0_.priority as priority6_0_,
        ticket0_.severity as severity7_0_,
        ticket0_.start_date as start_da8_0_,
        ticket0_.status as status9_0_ 
    from
        ticket ticket0_
2023-11-30 15:46:48.617  INFO 34371 --- [    Test worker] o.s.t.c.support.AbstractContextLoader    : Could not detect default resource locations for test class [com.aninfo.integration.cucumber.TicketIntegrationServiceTest]: no resource found for suffixes {-context.xml, Context.groovy}.
2023-11-30 15:46:48.621  INFO 34371 --- [    Test worker] .b.t.c.SpringBootTestContextBootstrapper : Loaded default TestExecutionListener class names from location [META-INF/spring.factories]: [org.springframework.boot.test.autoconfigure.restdocs.RestDocsTestExecutionListener, org.springframework.boot.test.autoconfigure.web.client.MockRestServiceServerResetTestExecutionListener, org.springframework.boot.test.autoconfigure.web.servlet.MockMvcPrintOnlyOnFailureTestExecutionListener, org.springframework.boot.test.autoconfigure.web.servlet.WebDriverTestExecutionListener, org.springframework.boot.test.mock.mockito.MockitoTestExecutionListener, org.springframework.boot.test.mock.mockito.ResetMocksTestExecutionListener, org.springframework.test.context.web.ServletTestExecutionListener, org.springframework.test.context.support.DirtiesContextBeforeModesTestExecutionListener, org.springframework.test.context.support.DependencyInjectionTestExecutionListener, org.springframework.test.context.support.DirtiesContextTestExecutionListener, org.springframework.test.context.transaction.TransactionalTestExecutionListener, org.springframework.test.context.jdbc.SqlScriptsTestExecutionListener, org.springframework.test.context.event.EventPublishingTestExecutionListener]
2023-11-30 15:46:48.622  INFO 34371 --- [    Test worker] .b.t.c.SpringBootTestContextBootstrapper : Using TestExecutionListeners: [org.springframework.test.context.web.ServletTestExecutionListener@2dccc44, org.springframework.test.context.support.DirtiesContextBeforeModesTestExecutionListener@37ee7293, org.springframework.boot.test.mock.mockito.MockitoTestExecutionListener@68ca1926, org.springframework.boot.test.autoconfigure.SpringBootDependencyInjectionTestExecutionListener@79898ee4, org.springframework.test.context.support.DirtiesContextTestExecutionListener@1d53d37d, org.springframework.test.context.transaction.TransactionalTestExecutionListener@59ed40ae, org.springframework.test.context.jdbc.SqlScriptsTestExecutionListener@6156719c, org.springframework.test.context.event.EventPublishingTestExecutionListener@549d2dfc, org.springframework.boot.test.autoconfigure.restdocs.RestDocsTestExecutionListener@57d6d429, org.springframework.boot.test.autoconfigure.web.client.MockRestServiceServerResetTestExecutionListener@648d164d, org.springframework.boot.test.autoconfigure.web.servlet.MockMvcPrintOnlyOnFailureTestExecutionListener@368551d1, org.springframework.boot.test.autoconfigure.web.servlet.WebDriverTestExecutionListener@bca7830, org.springframework.boot.test.mock.mockito.ResetMocksTestExecutionListener@6adc92fc]
Before any test execution
Before any test execution
Before any test execution
Before any test execution
Hibernate: 
    select
        ticket0_.code as code1_0_,
        ticket0_.creator as creator2_0_,
        ticket0_.estimated_finish_date as estimate3_0_,
        ticket0_.info as info4_0_,
        ticket0_.name as name5_0_,
        ticket0_.priority as priority6_0_,
        ticket0_.severity as severity7_0_,
        ticket0_.start_date as start_da8_0_,
        ticket0_.status as status9_0_ 
    from
        ticket ticket0_ 
    where
        ticket0_.name=?
Hibernate: 
    call next value for hibernate_sequence
Hibernate: 
    insert 
    into
        ticket
        (creator, estimated_finish_date, info, name, priority, severity, start_date, status, code) 
    values
        (?, ?, ?, ?, ?, ?, ?, ?, ?)
Hibernate: 
    select
        ticket0_.code as code1_0_,
        ticket0_.creator as creator2_0_,
        ticket0_.estimated_finish_date as estimate3_0_,
        ticket0_.info as info4_0_,
        ticket0_.name as name5_0_,
        ticket0_.priority as priority6_0_,
        ticket0_.severity as severity7_0_,
        ticket0_.start_date as start_da8_0_,
        ticket0_.status as status9_0_ 
    from
        ticket ticket0_ 
    where
        ticket0_.name=?
Resetting system
Hibernate: 
    select
        ticket0_.code as code1_0_,
        ticket0_.creator as creator2_0_,
        ticket0_.estimated_finish_date as estimate3_0_,
        ticket0_.info as info4_0_,
        ticket0_.name as name5_0_,
        ticket0_.priority as priority6_0_,
        ticket0_.severity as severity7_0_,
        ticket0_.start_date as start_da8_0_,
        ticket0_.status as status9_0_ 
    from
        ticket ticket0_
Hibernate: 
    delete 
    from
        ticket 
    where
        code=?
Resetting system
Hibernate: 
    select
        ticket0_.code as code1_0_,
        ticket0_.creator as creator2_0_,
        ticket0_.estimated_finish_date as estimate3_0_,
        ticket0_.info as info4_0_,
        ticket0_.name as name5_0_,
        ticket0_.priority as priority6_0_,
        ticket0_.severity as severity7_0_,
        ticket0_.start_date as start_da8_0_,
        ticket0_.status as status9_0_ 
    from
        ticket ticket0_
Resetting system
Hibernate: 
    select
        ticket0_.code as code1_0_,
        ticket0_.creator as creator2_0_,
        ticket0_.estimated_finish_date as estimate3_0_,
        ticket0_.info as info4_0_,
        ticket0_.name as name5_0_,
        ticket0_.priority as priority6_0_,
        ticket0_.severity as severity7_0_,
        ticket0_.start_date as start_da8_0_,
        ticket0_.status as status9_0_ 
    from
        ticket ticket0_
Resetting system
Hibernate: 
    select
        ticket0_.code as code1_0_,
        ticket0_.creator as creator2_0_,
        ticket0_.estimated_finish_date as estimate3_0_,
        ticket0_.info as info4_0_,
        ticket0_.name as name5_0_,
        ticket0_.priority as priority6_0_,
        ticket0_.severity as severity7_0_,
        ticket0_.start_date as start_da8_0_,
        ticket0_.status as status9_0_ 
    from
        ticket ticket0_
2023-11-30 15:46:48.660  INFO 34371 --- [    Test worker] o.s.t.c.support.AbstractContextLoader    : Could not detect default resource locations for test class [com.aninfo.integration.cucumber.TicketIntegrationServiceTest]: no resource found for suffixes {-context.xml, Context.groovy}.
2023-11-30 15:46:48.662  INFO 34371 --- [    Test worker] .b.t.c.SpringBootTestContextBootstrapper : Loaded default TestExecutionListener class names from location [META-INF/spring.factories]: [org.springframework.boot.test.autoconfigure.restdocs.RestDocsTestExecutionListener, org.springframework.boot.test.autoconfigure.web.client.MockRestServiceServerResetTestExecutionListener, org.springframework.boot.test.autoconfigure.web.servlet.MockMvcPrintOnlyOnFailureTestExecutionListener, org.springframework.boot.test.autoconfigure.web.servlet.WebDriverTestExecutionListener, org.springframework.boot.test.mock.mockito.MockitoTestExecutionListener, org.springframework.boot.test.mock.mockito.ResetMocksTestExecutionListener, org.springframework.test.context.web.ServletTestExecutionListener, org.springframework.test.context.support.DirtiesContextBeforeModesTestExecutionListener, org.springframework.test.context.support.DependencyInjectionTestExecutionListener, org.springframework.test.context.support.DirtiesContextTestExecutionListener, org.springframework.test.context.transaction.TransactionalTestExecutionListener, org.springframework.test.context.jdbc.SqlScriptsTestExecutionListener, org.springframework.test.context.event.EventPublishingTestExecutionListener]
2023-11-30 15:46:48.662  INFO 34371 --- [    Test worker] .b.t.c.SpringBootTestContextBootstrapper : Using TestExecutionListeners: [org.springframework.test.context.web.ServletTestExecutionListener@34dfc365, org.springframework.test.context.support.DirtiesContextBeforeModesTestExecutionListener@ddc5181, org.springframework.boot.test.mock.mockito.MockitoTestExecutionListener@294607b8, org.springframework.boot.test.autoconfigure.SpringBootDependencyInjectionTestExecutionListener@1f82268, org.springframework.test.context.support.DirtiesContextTestExecutionListener@4b760dd9, org.springframework.test.context.transaction.TransactionalTestExecutionListener@24490d6f, org.springframework.test.context.jdbc.SqlScriptsTestExecutionListener@3d2bb599, org.springframework.test.context.event.EventPublishingTestExecutionListener@7d003b36, org.springframework.boot.test.autoconfigure.restdocs.RestDocsTestExecutionListener@6e3f98a, org.springframework.boot.test.autoconfigure.web.client.MockRestServiceServerResetTestExecutionListener@6aadae4c, org.springframework.boot.test.autoconfigure.web.servlet.MockMvcPrintOnlyOnFailureTestExecutionListener@a4a59fd, org.springframework.boot.test.autoconfigure.web.servlet.WebDriverTestExecutionListener@766f0a09, org.springframework.boot.test.mock.mockito.ResetMocksTestExecutionListener@6f5992e7]
Before any test execution
Before any test execution
Before any test execution
Before any test execution
Hibernate: 
    select
        ticket0_.code as code1_0_,
        ticket0_.creator as creator2_0_,
        ticket0_.estimated_finish_date as estimate3_0_,
        ticket0_.info as info4_0_,
        ticket0_.name as name5_0_,
        ticket0_.priority as priority6_0_,
        ticket0_.severity as severity7_0_,
        ticket0_.start_date as start_da8_0_,
        ticket0_.status as status9_0_ 
    from
        ticket ticket0_ 
    where
        ticket0_.name=?
Hibernate: 
    call next value for hibernate_sequence
Hibernate: 
    insert 
    into
        ticket
        (creator, estimated_finish_date, info, name, priority, severity, start_date, status, code) 
    values
        (?, ?, ?, ?, ?, ?, ?, ?, ?)
Resetting system
Hibernate: 
    select
        ticket0_.code as code1_0_,
        ticket0_.creator as creator2_0_,
        ticket0_.estimated_finish_date as estimate3_0_,
        ticket0_.info as info4_0_,
        ticket0_.name as name5_0_,
        ticket0_.priority as priority6_0_,
        ticket0_.severity as severity7_0_,
        ticket0_.start_date as start_da8_0_,
        ticket0_.status as status9_0_ 
    from
        ticket ticket0_
Hibernate: 
    delete 
    from
        ticket 
    where
        code=?
Resetting system
Hibernate: 
    select
        ticket0_.code as code1_0_,
        ticket0_.creator as creator2_0_,
        ticket0_.estimated_finish_date as estimate3_0_,
        ticket0_.info as info4_0_,
        ticket0_.name as name5_0_,
        ticket0_.priority as priority6_0_,
        ticket0_.severity as severity7_0_,
        ticket0_.start_date as start_da8_0_,
        ticket0_.status as status9_0_ 
    from
        ticket ticket0_
Resetting system
Hibernate: 
    select
        ticket0_.code as code1_0_,
        ticket0_.creator as creator2_0_,
        ticket0_.estimated_finish_date as estimate3_0_,
        ticket0_.info as info4_0_,
        ticket0_.name as name5_0_,
        ticket0_.priority as priority6_0_,
        ticket0_.severity as severity7_0_,
        ticket0_.start_date as start_da8_0_,
        ticket0_.status as status9_0_ 
    from
        ticket ticket0_
Resetting system
Hibernate: 
    select
        ticket0_.code as code1_0_,
        ticket0_.creator as creator2_0_,
        ticket0_.estimated_finish_date as estimate3_0_,
        ticket0_.info as info4_0_,
        ticket0_.name as name5_0_,
        ticket0_.priority as priority6_0_,
        ticket0_.severity as severity7_0_,
        ticket0_.start_date as start_da8_0_,
        ticket0_.status as status9_0_ 
    from
        ticket ticket0_
2023-11-30 15:46:48.698  INFO 34371 --- [    Test worker] o.s.t.c.support.AbstractContextLoader    : Could not detect default resource locations for test class [com.aninfo.integration.cucumber.TicketIntegrationServiceTest]: no resource found for suffixes {-context.xml, Context.groovy}.
2023-11-30 15:46:48.702  INFO 34371 --- [    Test worker] .b.t.c.SpringBootTestContextBootstrapper : Loaded default TestExecutionListener class names from location [META-INF/spring.factories]: [org.springframework.boot.test.autoconfigure.restdocs.RestDocsTestExecutionListener, org.springframework.boot.test.autoconfigure.web.client.MockRestServiceServerResetTestExecutionListener, org.springframework.boot.test.autoconfigure.web.servlet.MockMvcPrintOnlyOnFailureTestExecutionListener, org.springframework.boot.test.autoconfigure.web.servlet.WebDriverTestExecutionListener, org.springframework.boot.test.mock.mockito.MockitoTestExecutionListener, org.springframework.boot.test.mock.mockito.ResetMocksTestExecutionListener, org.springframework.test.context.web.ServletTestExecutionListener, org.springframework.test.context.support.DirtiesContextBeforeModesTestExecutionListener, org.springframework.test.context.support.DependencyInjectionTestExecutionListener, org.springframework.test.context.support.DirtiesContextTestExecutionListener, org.springframework.test.context.transaction.TransactionalTestExecutionListener, org.springframework.test.context.jdbc.SqlScriptsTestExecutionListener, org.springframework.test.context.event.EventPublishingTestExecutionListener]
2023-11-30 15:46:48.702  INFO 34371 --- [    Test worker] .b.t.c.SpringBootTestContextBootstrapper : Using TestExecutionListeners: [org.springframework.test.context.web.ServletTestExecutionListener@21526861, org.springframework.test.context.support.DirtiesContextBeforeModesTestExecutionListener@5761d0e1, org.springframework.boot.test.mock.mockito.MockitoTestExecutionListener@6fd36aab, org.springframework.boot.test.autoconfigure.SpringBootDependencyInjectionTestExecutionListener@1d5f9a11, org.springframework.test.context.support.DirtiesContextTestExecutionListener@2f7cf8bb, org.springframework.test.context.transaction.TransactionalTestExecutionListener@76c3d36d, org.springframework.test.context.jdbc.SqlScriptsTestExecutionListener@231792c, org.springframework.test.context.event.EventPublishingTestExecutionListener@63dff469, org.springframework.boot.test.autoconfigure.restdocs.RestDocsTestExecutionListener@2b2e7189, org.springframework.boot.test.autoconfigure.web.client.MockRestServiceServerResetTestExecutionListener@439e873a, org.springframework.boot.test.autoconfigure.web.servlet.MockMvcPrintOnlyOnFailureTestExecutionListener@4a6f6e7c, org.springframework.boot.test.autoconfigure.web.servlet.WebDriverTestExecutionListener@560fa7e4, org.springframework.boot.test.mock.mockito.ResetMocksTestExecutionListener@e753695]
Before any test execution
Before any test execution
Before any test execution
Before any test execution
Hibernate: 
    select
        ticket0_.code as code1_0_,
        ticket0_.creator as creator2_0_,
        ticket0_.estimated_finish_date as estimate3_0_,
        ticket0_.info as info4_0_,
        ticket0_.name as name5_0_,
        ticket0_.priority as priority6_0_,
        ticket0_.severity as severity7_0_,
        ticket0_.start_date as start_da8_0_,
        ticket0_.status as status9_0_ 
    from
        ticket ticket0_ 
    where
        ticket0_.name=?
Hibernate: 
    call next value for hibernate_sequence
Hibernate: 
    insert 
    into
        ticket
        (creator, estimated_finish_date, info, name, priority, severity, start_date, status, code) 
    values
        (?, ?, ?, ?, ?, ?, ?, ?, ?)
Hibernate: 
    select
        ticket0_.code as code1_0_,
        ticket0_.creator as creator2_0_,
        ticket0_.estimated_finish_date as estimate3_0_,
        ticket0_.info as info4_0_,
        ticket0_.name as name5_0_,
        ticket0_.priority as priority6_0_,
        ticket0_.severity as severity7_0_,
        ticket0_.start_date as start_da8_0_,
        ticket0_.status as status9_0_ 
    from
        ticket ticket0_
Hibernate: 
    select
        ticket0_.code as code1_0_0_,
        ticket0_.creator as creator2_0_0_,
        ticket0_.estimated_finish_date as estimate3_0_0_,
        ticket0_.info as info4_0_0_,
        ticket0_.name as name5_0_0_,
        ticket0_.priority as priority6_0_0_,
        ticket0_.severity as severity7_0_0_,
        ticket0_.start_date as start_da8_0_0_,
        ticket0_.status as status9_0_0_ 
    from
        ticket ticket0_ 
    where
        ticket0_.code=?
Hibernate: 
    select
        ticket0_.code as code1_0_0_,
        ticket0_.creator as creator2_0_0_,
        ticket0_.estimated_finish_date as estimate3_0_0_,
        ticket0_.info as info4_0_0_,
        ticket0_.name as name5_0_0_,
        ticket0_.priority as priority6_0_0_,
        ticket0_.severity as severity7_0_0_,
        ticket0_.start_date as start_da8_0_0_,
        ticket0_.status as status9_0_0_ 
    from
        ticket ticket0_ 
    where
        ticket0_.code=?
Hibernate: 
    select
        ticket0_.code as code1_0_,
        ticket0_.creator as creator2_0_,
        ticket0_.estimated_finish_date as estimate3_0_,
        ticket0_.info as info4_0_,
        ticket0_.name as name5_0_,
        ticket0_.priority as priority6_0_,
        ticket0_.severity as severity7_0_,
        ticket0_.start_date as start_da8_0_,
        ticket0_.status as status9_0_ 
    from
        ticket ticket0_ 
    where
        ticket0_.name=?
Hibernate: 
    select
        ticket0_.code as code1_0_0_,
        ticket0_.creator as creator2_0_0_,
        ticket0_.estimated_finish_date as estimate3_0_0_,
        ticket0_.info as info4_0_0_,
        ticket0_.name as name5_0_0_,
        ticket0_.priority as priority6_0_0_,
        ticket0_.severity as severity7_0_0_,
        ticket0_.start_date as start_da8_0_0_,
        ticket0_.status as status9_0_0_ 
    from
        ticket ticket0_ 
    where
        ticket0_.code=?
Hibernate: 
    update
        ticket 
    set
        creator=?,
        estimated_finish_date=?,
        info=?,
        name=?,
        priority=?,
        severity=?,
        start_date=?,
        status=? 
    where
        code=?
Resetting system
Hibernate: 
    select
        ticket0_.code as code1_0_,
        ticket0_.creator as creator2_0_,
        ticket0_.estimated_finish_date as estimate3_0_,
        ticket0_.info as info4_0_,
        ticket0_.name as name5_0_,
        ticket0_.priority as priority6_0_,
        ticket0_.severity as severity7_0_,
        ticket0_.start_date as start_da8_0_,
        ticket0_.status as status9_0_ 
    from
        ticket ticket0_
Hibernate: 
    delete 
    from
        ticket 
    where
        code=?
Resetting system
Hibernate: 
    select
        ticket0_.code as code1_0_,
        ticket0_.creator as creator2_0_,
        ticket0_.estimated_finish_date as estimate3_0_,
        ticket0_.info as info4_0_,
        ticket0_.name as name5_0_,
        ticket0_.priority as priority6_0_,
        ticket0_.severity as severity7_0_,
        ticket0_.start_date as start_da8_0_,
        ticket0_.status as status9_0_ 
    from
        ticket ticket0_
Resetting system
Hibernate: 
    select
        ticket0_.code as code1_0_,
        ticket0_.creator as creator2_0_,
        ticket0_.estimated_finish_date as estimate3_0_,
        ticket0_.info as info4_0_,
        ticket0_.name as name5_0_,
        ticket0_.priority as priority6_0_,
        ticket0_.severity as severity7_0_,
        ticket0_.start_date as start_da8_0_,
        ticket0_.status as status9_0_ 
    from
        ticket ticket0_
Resetting system
Hibernate: 
    select
        ticket0_.code as code1_0_,
        ticket0_.creator as creator2_0_,
        ticket0_.estimated_finish_date as estimate3_0_,
        ticket0_.info as info4_0_,
        ticket0_.name as name5_0_,
        ticket0_.priority as priority6_0_,
        ticket0_.severity as severity7_0_,
        ticket0_.start_date as start_da8_0_,
        ticket0_.status as status9_0_ 
    from
        ticket ticket0_
2023-11-30 15:46:48.776  INFO 34371 --- [    Test worker] o.s.t.c.support.AbstractContextLoader    : Could not detect default resource locations for test class [com.aninfo.integration.cucumber.TicketIntegrationServiceTest]: no resource found for suffixes {-context.xml, Context.groovy}.
2023-11-30 15:46:48.778  INFO 34371 --- [    Test worker] .b.t.c.SpringBootTestContextBootstrapper : Loaded default TestExecutionListener class names from location [META-INF/spring.factories]: [org.springframework.boot.test.autoconfigure.restdocs.RestDocsTestExecutionListener, org.springframework.boot.test.autoconfigure.web.client.MockRestServiceServerResetTestExecutionListener, org.springframework.boot.test.autoconfigure.web.servlet.MockMvcPrintOnlyOnFailureTestExecutionListener, org.springframework.boot.test.autoconfigure.web.servlet.WebDriverTestExecutionListener, org.springframework.boot.test.mock.mockito.MockitoTestExecutionListener, org.springframework.boot.test.mock.mockito.ResetMocksTestExecutionListener, org.springframework.test.context.web.ServletTestExecutionListener, org.springframework.test.context.support.DirtiesContextBeforeModesTestExecutionListener, org.springframework.test.context.support.DependencyInjectionTestExecutionListener, org.springframework.test.context.support.DirtiesContextTestExecutionListener, org.springframework.test.context.transaction.TransactionalTestExecutionListener, org.springframework.test.context.jdbc.SqlScriptsTestExecutionListener, org.springframework.test.context.event.EventPublishingTestExecutionListener]
2023-11-30 15:46:48.779  INFO 34371 --- [    Test worker] .b.t.c.SpringBootTestContextBootstrapper : Using TestExecutionListeners: [org.springframework.test.context.web.ServletTestExecutionListener@429a0eee, org.springframework.test.context.support.DirtiesContextBeforeModesTestExecutionListener@4a217192, org.springframework.boot.test.mock.mockito.MockitoTestExecutionListener@74b50876, org.springframework.boot.test.autoconfigure.SpringBootDependencyInjectionTestExecutionListener@bdebc21, org.springframework.test.context.support.DirtiesContextTestExecutionListener@19a13eca, org.springframework.test.context.transaction.TransactionalTestExecutionListener@584d718d, org.springframework.test.context.jdbc.SqlScriptsTestExecutionListener@4e7344a, org.springframework.test.context.event.EventPublishingTestExecutionListener@7aa6bf43, org.springframework.boot.test.autoconfigure.restdocs.RestDocsTestExecutionListener@6ae189b3, org.springframework.boot.test.autoconfigure.web.client.MockRestServiceServerResetTestExecutionListener@59135c7b, org.springframework.boot.test.autoconfigure.web.servlet.MockMvcPrintOnlyOnFailureTestExecutionListener@646b7677, org.springframework.boot.test.autoconfigure.web.servlet.WebDriverTestExecutionListener@2b78811e, org.springframework.boot.test.mock.mockito.ResetMocksTestExecutionListener@4db239d3]
Before any test execution
Before any test execution
Before any test execution
Before any test execution
Hibernate: 
    select
        ticket0_.code as code1_0_,
        ticket0_.creator as creator2_0_,
        ticket0_.estimated_finish_date as estimate3_0_,
        ticket0_.info as info4_0_,
        ticket0_.name as name5_0_,
        ticket0_.priority as priority6_0_,
        ticket0_.severity as severity7_0_,
        ticket0_.start_date as start_da8_0_,
        ticket0_.status as status9_0_ 
    from
        ticket ticket0_ 
    where
        ticket0_.name=?
Hibernate: 
    call next value for hibernate_sequence
Hibernate: 
    insert 
    into
        ticket
        (creator, estimated_finish_date, info, name, priority, severity, start_date, status, code) 
    values
        (?, ?, ?, ?, ?, ?, ?, ?, ?)
Hibernate: 
    select
        ticket0_.code as code1_0_,
        ticket0_.creator as creator2_0_,
        ticket0_.estimated_finish_date as estimate3_0_,
        ticket0_.info as info4_0_,
        ticket0_.name as name5_0_,
        ticket0_.priority as priority6_0_,
        ticket0_.severity as severity7_0_,
        ticket0_.start_date as start_da8_0_,
        ticket0_.status as status9_0_ 
    from
        ticket ticket0_
Hibernate: 
    select
        ticket0_.code as code1_0_0_,
        ticket0_.creator as creator2_0_0_,
        ticket0_.estimated_finish_date as estimate3_0_0_,
        ticket0_.info as info4_0_0_,
        ticket0_.name as name5_0_0_,
        ticket0_.priority as priority6_0_0_,
        ticket0_.severity as severity7_0_0_,
        ticket0_.start_date as start_da8_0_0_,
        ticket0_.status as status9_0_0_ 
    from
        ticket ticket0_ 
    where
        ticket0_.code=?
Hibernate: 
    select
        ticket0_.code as code1_0_0_,
        ticket0_.creator as creator2_0_0_,
        ticket0_.estimated_finish_date as estimate3_0_0_,
        ticket0_.info as info4_0_0_,
        ticket0_.name as name5_0_0_,
        ticket0_.priority as priority6_0_0_,
        ticket0_.severity as severity7_0_0_,
        ticket0_.start_date as start_da8_0_0_,
        ticket0_.status as status9_0_0_ 
    from
        ticket ticket0_ 
    where
        ticket0_.code=?
Hibernate: 
    select
        ticket0_.code as code1_0_,
        ticket0_.creator as creator2_0_,
        ticket0_.estimated_finish_date as estimate3_0_,
        ticket0_.info as info4_0_,
        ticket0_.name as name5_0_,
        ticket0_.priority as priority6_0_,
        ticket0_.severity as severity7_0_,
        ticket0_.start_date as start_da8_0_,
        ticket0_.status as status9_0_ 
    from
        ticket ticket0_ 
    where
        ticket0_.name=?
Hibernate: 
    select
        ticket0_.code as code1_0_0_,
        ticket0_.creator as creator2_0_0_,
        ticket0_.estimated_finish_date as estimate3_0_0_,
        ticket0_.info as info4_0_0_,
        ticket0_.name as name5_0_0_,
        ticket0_.priority as priority6_0_0_,
        ticket0_.severity as severity7_0_0_,
        ticket0_.start_date as start_da8_0_0_,
        ticket0_.status as status9_0_0_ 
    from
        ticket ticket0_ 
    where
        ticket0_.code=?
Hibernate: 
    update
        ticket 
    set
        creator=?,
        estimated_finish_date=?,
        info=?,
        name=?,
        priority=?,
        severity=?,
        start_date=?,
        status=? 
    where
        code=?
Resetting system
Hibernate: 
    select
        ticket0_.code as code1_0_,
        ticket0_.creator as creator2_0_,
        ticket0_.estimated_finish_date as estimate3_0_,
        ticket0_.info as info4_0_,
        ticket0_.name as name5_0_,
        ticket0_.priority as priority6_0_,
        ticket0_.severity as severity7_0_,
        ticket0_.start_date as start_da8_0_,
        ticket0_.status as status9_0_ 
    from
        ticket ticket0_
Hibernate: 
    delete 
    from
        ticket 
    where
        code=?
Resetting system
Hibernate: 
    select
        ticket0_.code as code1_0_,
        ticket0_.creator as creator2_0_,
        ticket0_.estimated_finish_date as estimate3_0_,
        ticket0_.info as info4_0_,
        ticket0_.name as name5_0_,
        ticket0_.priority as priority6_0_,
        ticket0_.severity as severity7_0_,
        ticket0_.start_date as start_da8_0_,
        ticket0_.status as status9_0_ 
    from
        ticket ticket0_
Resetting system
Hibernate: 
    select
        ticket0_.code as code1_0_,
        ticket0_.creator as creator2_0_,
        ticket0_.estimated_finish_date as estimate3_0_,
        ticket0_.info as info4_0_,
        ticket0_.name as name5_0_,
        ticket0_.priority as priority6_0_,
        ticket0_.severity as severity7_0_,
        ticket0_.start_date as start_da8_0_,
        ticket0_.status as status9_0_ 
    from
        ticket ticket0_
Resetting system
Hibernate: 
    select
        ticket0_.code as code1_0_,
        ticket0_.creator as creator2_0_,
        ticket0_.estimated_finish_date as estimate3_0_,
        ticket0_.info as info4_0_,
        ticket0_.name as name5_0_,
        ticket0_.priority as priority6_0_,
        ticket0_.severity as severity7_0_,
        ticket0_.start_date as start_da8_0_,
        ticket0_.status as status9_0_ 
    from
        ticket ticket0_
2023-11-30 15:46:48.830  INFO 34371 --- [    Test worker] o.s.t.c.support.AbstractContextLoader    : Could not detect default resource locations for test class [com.aninfo.integration.cucumber.TicketIntegrationServiceTest]: no resource found for suffixes {-context.xml, Context.groovy}.
2023-11-30 15:46:48.833  INFO 34371 --- [    Test worker] .b.t.c.SpringBootTestContextBootstrapper : Loaded default TestExecutionListener class names from location [META-INF/spring.factories]: [org.springframework.boot.test.autoconfigure.restdocs.RestDocsTestExecutionListener, org.springframework.boot.test.autoconfigure.web.client.MockRestServiceServerResetTestExecutionListener, org.springframework.boot.test.autoconfigure.web.servlet.MockMvcPrintOnlyOnFailureTestExecutionListener, org.springframework.boot.test.autoconfigure.web.servlet.WebDriverTestExecutionListener, org.springframework.boot.test.mock.mockito.MockitoTestExecutionListener, org.springframework.boot.test.mock.mockito.ResetMocksTestExecutionListener, org.springframework.test.context.web.ServletTestExecutionListener, org.springframework.test.context.support.DirtiesContextBeforeModesTestExecutionListener, org.springframework.test.context.support.DependencyInjectionTestExecutionListener, org.springframework.test.context.support.DirtiesContextTestExecutionListener, org.springframework.test.context.transaction.TransactionalTestExecutionListener, org.springframework.test.context.jdbc.SqlScriptsTestExecutionListener, org.springframework.test.context.event.EventPublishingTestExecutionListener]
2023-11-30 15:46:48.833  INFO 34371 --- [    Test worker] .b.t.c.SpringBootTestContextBootstrapper : Using TestExecutionListeners: [org.springframework.test.context.web.ServletTestExecutionListener@766e4c4d, org.springframework.test.context.support.DirtiesContextBeforeModesTestExecutionListener@4a62d576, org.springframework.boot.test.mock.mockito.MockitoTestExecutionListener@71ce0a0e, org.springframework.boot.test.autoconfigure.SpringBootDependencyInjectionTestExecutionListener@40940c57, org.springframework.test.context.support.DirtiesContextTestExecutionListener@449c2c2c, org.springframework.test.context.transaction.TransactionalTestExecutionListener@188988ac, org.springframework.test.context.jdbc.SqlScriptsTestExecutionListener@19967fc9, org.springframework.test.context.event.EventPublishingTestExecutionListener@79803e18, org.springframework.boot.test.autoconfigure.restdocs.RestDocsTestExecutionListener@5cd89048, org.springframework.boot.test.autoconfigure.web.client.MockRestServiceServerResetTestExecutionListener@8c0bf97, org.springframework.boot.test.autoconfigure.web.servlet.MockMvcPrintOnlyOnFailureTestExecutionListener@2202f171, org.springframework.boot.test.autoconfigure.web.servlet.WebDriverTestExecutionListener@5a8a7bd7, org.springframework.boot.test.mock.mockito.ResetMocksTestExecutionListener@4248ea1e]
Before any test execution
Before any test execution
Before any test execution
Before any test execution
Hibernate: 
    select
        ticket0_.code as code1_0_,
        ticket0_.creator as creator2_0_,
        ticket0_.estimated_finish_date as estimate3_0_,
        ticket0_.info as info4_0_,
        ticket0_.name as name5_0_,
        ticket0_.priority as priority6_0_,
        ticket0_.severity as severity7_0_,
        ticket0_.start_date as start_da8_0_,
        ticket0_.status as status9_0_ 
    from
        ticket ticket0_ 
    where
        ticket0_.name=?
Hibernate: 
    call next value for hibernate_sequence
Hibernate: 
    insert 
    into
        ticket
        (creator, estimated_finish_date, info, name, priority, severity, start_date, status, code) 
    values
        (?, ?, ?, ?, ?, ?, ?, ?, ?)
Hibernate: 
    select
        ticket0_.code as code1_0_,
        ticket0_.creator as creator2_0_,
        ticket0_.estimated_finish_date as estimate3_0_,
        ticket0_.info as info4_0_,
        ticket0_.name as name5_0_,
        ticket0_.priority as priority6_0_,
        ticket0_.severity as severity7_0_,
        ticket0_.start_date as start_da8_0_,
        ticket0_.status as status9_0_ 
    from
        ticket ticket0_
Hibernate: 
    select
        ticket0_.code as code1_0_0_,
        ticket0_.creator as creator2_0_0_,
        ticket0_.estimated_finish_date as estimate3_0_0_,
        ticket0_.info as info4_0_0_,
        ticket0_.name as name5_0_0_,
        ticket0_.priority as priority6_0_0_,
        ticket0_.severity as severity7_0_0_,
        ticket0_.start_date as start_da8_0_0_,
        ticket0_.status as status9_0_0_ 
    from
        ticket ticket0_ 
    where
        ticket0_.code=?
Hibernate: 
    select
        ticket0_.code as code1_0_0_,
        ticket0_.creator as creator2_0_0_,
        ticket0_.estimated_finish_date as estimate3_0_0_,
        ticket0_.info as info4_0_0_,
        ticket0_.name as name5_0_0_,
        ticket0_.priority as priority6_0_0_,
        ticket0_.severity as severity7_0_0_,
        ticket0_.start_date as start_da8_0_0_,
        ticket0_.status as status9_0_0_ 
    from
        ticket ticket0_ 
    where
        ticket0_.code=?
Hibernate: 
    select
        ticket0_.code as code1_0_,
        ticket0_.creator as creator2_0_,
        ticket0_.estimated_finish_date as estimate3_0_,
        ticket0_.info as info4_0_,
        ticket0_.name as name5_0_,
        ticket0_.priority as priority6_0_,
        ticket0_.severity as severity7_0_,
        ticket0_.start_date as start_da8_0_,
        ticket0_.status as status9_0_ 
    from
        ticket ticket0_ 
    where
        ticket0_.name=?
Hibernate: 
    select
        ticket0_.code as code1_0_0_,
        ticket0_.creator as creator2_0_0_,
        ticket0_.estimated_finish_date as estimate3_0_0_,
        ticket0_.info as info4_0_0_,
        ticket0_.name as name5_0_0_,
        ticket0_.priority as priority6_0_0_,
        ticket0_.severity as severity7_0_0_,
        ticket0_.start_date as start_da8_0_0_,
        ticket0_.status as status9_0_0_ 
    from
        ticket ticket0_ 
    where
        ticket0_.code=?
Hibernate: 
    update
        ticket 
    set
        creator=?,
        estimated_finish_date=?,
        info=?,
        name=?,
        priority=?,
        severity=?,
        start_date=?,
        status=? 
    where
        code=?
Resetting system
Hibernate: 
    select
        ticket0_.code as code1_0_,
        ticket0_.creator as creator2_0_,
        ticket0_.estimated_finish_date as estimate3_0_,
        ticket0_.info as info4_0_,
        ticket0_.name as name5_0_,
        ticket0_.priority as priority6_0_,
        ticket0_.severity as severity7_0_,
        ticket0_.start_date as start_da8_0_,
        ticket0_.status as status9_0_ 
    from
        ticket ticket0_
Hibernate: 
    delete 
    from
        ticket 
    where
        code=?
Resetting system
Hibernate: 
    select
        ticket0_.code as code1_0_,
        ticket0_.creator as creator2_0_,
        ticket0_.estimated_finish_date as estimate3_0_,
        ticket0_.info as info4_0_,
        ticket0_.name as name5_0_,
        ticket0_.priority as priority6_0_,
        ticket0_.severity as severity7_0_,
        ticket0_.start_date as start_da8_0_,
        ticket0_.status as status9_0_ 
    from
        ticket ticket0_
Resetting system
Hibernate: 
    select
        ticket0_.code as code1_0_,
        ticket0_.creator as creator2_0_,
        ticket0_.estimated_finish_date as estimate3_0_,
        ticket0_.info as info4_0_,
        ticket0_.name as name5_0_,
        ticket0_.priority as priority6_0_,
        ticket0_.severity as severity7_0_,
        ticket0_.start_date as start_da8_0_,
        ticket0_.status as status9_0_ 
    from
        ticket ticket0_
Resetting system
Hibernate: 
    select
        ticket0_.code as code1_0_,
        ticket0_.creator as creator2_0_,
        ticket0_.estimated_finish_date as estimate3_0_,
        ticket0_.info as info4_0_,
        ticket0_.name as name5_0_,
        ticket0_.priority as priority6_0_,
        ticket0_.severity as severity7_0_,
        ticket0_.start_date as start_da8_0_,
        ticket0_.status as status9_0_ 
    from
        ticket ticket0_
2023-11-30 15:46:48.876  INFO 34371 --- [    Test worker] o.s.t.c.support.AbstractContextLoader    : Could not detect default resource locations for test class [com.aninfo.integration.cucumber.TicketIntegrationServiceTest]: no resource found for suffixes {-context.xml, Context.groovy}.
2023-11-30 15:46:48.878  INFO 34371 --- [    Test worker] .b.t.c.SpringBootTestContextBootstrapper : Loaded default TestExecutionListener class names from location [META-INF/spring.factories]: [org.springframework.boot.test.autoconfigure.restdocs.RestDocsTestExecutionListener, org.springframework.boot.test.autoconfigure.web.client.MockRestServiceServerResetTestExecutionListener, org.springframework.boot.test.autoconfigure.web.servlet.MockMvcPrintOnlyOnFailureTestExecutionListener, org.springframework.boot.test.autoconfigure.web.servlet.WebDriverTestExecutionListener, org.springframework.boot.test.mock.mockito.MockitoTestExecutionListener, org.springframework.boot.test.mock.mockito.ResetMocksTestExecutionListener, org.springframework.test.context.web.ServletTestExecutionListener, org.springframework.test.context.support.DirtiesContextBeforeModesTestExecutionListener, org.springframework.test.context.support.DependencyInjectionTestExecutionListener, org.springframework.test.context.support.DirtiesContextTestExecutionListener, org.springframework.test.context.transaction.TransactionalTestExecutionListener, org.springframework.test.context.jdbc.SqlScriptsTestExecutionListener, org.springframework.test.context.event.EventPublishingTestExecutionListener]
2023-11-30 15:46:48.879  INFO 34371 --- [    Test worker] .b.t.c.SpringBootTestContextBootstrapper : Using TestExecutionListeners: [org.springframework.test.context.web.ServletTestExecutionListener@6e48d069, org.springframework.test.context.support.DirtiesContextBeforeModesTestExecutionListener@2bc6c722, org.springframework.boot.test.mock.mockito.MockitoTestExecutionListener@602b3938, org.springframework.boot.test.autoconfigure.SpringBootDependencyInjectionTestExecutionListener@5d541b22, org.springframework.test.context.support.DirtiesContextTestExecutionListener@75b75379, org.springframework.test.context.transaction.TransactionalTestExecutionListener@68d5653a, org.springframework.test.context.jdbc.SqlScriptsTestExecutionListener@510e73e1, org.springframework.test.context.event.EventPublishingTestExecutionListener@2cfeffe9, org.springframework.boot.test.autoconfigure.restdocs.RestDocsTestExecutionListener@639d4d94, org.springframework.boot.test.autoconfigure.web.client.MockRestServiceServerResetTestExecutionListener@20a20868, org.springframework.boot.test.autoconfigure.web.servlet.MockMvcPrintOnlyOnFailureTestExecutionListener@211f6e6, org.springframework.boot.test.autoconfigure.web.servlet.WebDriverTestExecutionListener@59cb50fa, org.springframework.boot.test.mock.mockito.ResetMocksTestExecutionListener@50b347ba]
Before any test execution
Before any test execution
Before any test execution
Before any test execution
Hibernate: 
    select
        ticket0_.code as code1_0_,
        ticket0_.creator as creator2_0_,
        ticket0_.estimated_finish_date as estimate3_0_,
        ticket0_.info as info4_0_,
        ticket0_.name as name5_0_,
        ticket0_.priority as priority6_0_,
        ticket0_.severity as severity7_0_,
        ticket0_.start_date as start_da8_0_,
        ticket0_.status as status9_0_ 
    from
        ticket ticket0_ 
    where
        ticket0_.name=?
Hibernate: 
    call next value for hibernate_sequence
Hibernate: 
    insert 
    into
        ticket
        (creator, estimated_finish_date, info, name, priority, severity, start_date, status, code) 
    values
        (?, ?, ?, ?, ?, ?, ?, ?, ?)
Hibernate: 
    select
        ticket0_.code as code1_0_,
        ticket0_.creator as creator2_0_,
        ticket0_.estimated_finish_date as estimate3_0_,
        ticket0_.info as info4_0_,
        ticket0_.name as name5_0_,
        ticket0_.priority as priority6_0_,
        ticket0_.severity as severity7_0_,
        ticket0_.start_date as start_da8_0_,
        ticket0_.status as status9_0_ 
    from
        ticket ticket0_
Hibernate: 
    select
        ticket0_.code as code1_0_0_,
        ticket0_.creator as creator2_0_0_,
        ticket0_.estimated_finish_date as estimate3_0_0_,
        ticket0_.info as info4_0_0_,
        ticket0_.name as name5_0_0_,
        ticket0_.priority as priority6_0_0_,
        ticket0_.severity as severity7_0_0_,
        ticket0_.start_date as start_da8_0_0_,
        ticket0_.status as status9_0_0_ 
    from
        ticket ticket0_ 
    where
        ticket0_.code=?
Hibernate: 
    select
        ticket0_.code as code1_0_0_,
        ticket0_.creator as creator2_0_0_,
        ticket0_.estimated_finish_date as estimate3_0_0_,
        ticket0_.info as info4_0_0_,
        ticket0_.name as name5_0_0_,
        ticket0_.priority as priority6_0_0_,
        ticket0_.severity as severity7_0_0_,
        ticket0_.start_date as start_da8_0_0_,
        ticket0_.status as status9_0_0_ 
    from
        ticket ticket0_ 
    where
        ticket0_.code=?
Hibernate: 
    select
        ticket0_.code as code1_0_,
        ticket0_.creator as creator2_0_,
        ticket0_.estimated_finish_date as estimate3_0_,
        ticket0_.info as info4_0_,
        ticket0_.name as name5_0_,
        ticket0_.priority as priority6_0_,
        ticket0_.severity as severity7_0_,
        ticket0_.start_date as start_da8_0_,
        ticket0_.status as status9_0_ 
    from
        ticket ticket0_ 
    where
        ticket0_.name=?
Hibernate: 
    select
        ticket0_.code as code1_0_0_,
        ticket0_.creator as creator2_0_0_,
        ticket0_.estimated_finish_date as estimate3_0_0_,
        ticket0_.info as info4_0_0_,
        ticket0_.name as name5_0_0_,
        ticket0_.priority as priority6_0_0_,
        ticket0_.severity as severity7_0_0_,
        ticket0_.start_date as start_da8_0_0_,
        ticket0_.status as status9_0_0_ 
    from
        ticket ticket0_ 
    where
        ticket0_.code=?
Hibernate: 
    update
        ticket 
    set
        creator=?,
        estimated_finish_date=?,
        info=?,
        name=?,
        priority=?,
        severity=?,
        start_date=?,
        status=? 
    where
        code=?
Resetting system
Hibernate: 
    select
        ticket0_.code as code1_0_,
        ticket0_.creator as creator2_0_,
        ticket0_.estimated_finish_date as estimate3_0_,
        ticket0_.info as info4_0_,
        ticket0_.name as name5_0_,
        ticket0_.priority as priority6_0_,
        ticket0_.severity as severity7_0_,
        ticket0_.start_date as start_da8_0_,
        ticket0_.status as status9_0_ 
    from
        ticket ticket0_
Hibernate: 
    delete 
    from
        ticket 
    where
        code=?
Resetting system
Hibernate: 
    select
        ticket0_.code as code1_0_,
        ticket0_.creator as creator2_0_,
        ticket0_.estimated_finish_date as estimate3_0_,
        ticket0_.info as info4_0_,
        ticket0_.name as name5_0_,
        ticket0_.priority as priority6_0_,
        ticket0_.severity as severity7_0_,
        ticket0_.start_date as start_da8_0_,
        ticket0_.status as status9_0_ 
    from
        ticket ticket0_
Resetting system
Hibernate: 
    select
        ticket0_.code as code1_0_,
        ticket0_.creator as creator2_0_,
        ticket0_.estimated_finish_date as estimate3_0_,
        ticket0_.info as info4_0_,
        ticket0_.name as name5_0_,
        ticket0_.priority as priority6_0_,
        ticket0_.severity as severity7_0_,
        ticket0_.start_date as start_da8_0_,
        ticket0_.status as status9_0_ 
    from
        ticket ticket0_
Resetting system
Hibernate: 
    select
        ticket0_.code as code1_0_,
        ticket0_.creator as creator2_0_,
        ticket0_.estimated_finish_date as estimate3_0_,
        ticket0_.info as info4_0_,
        ticket0_.name as name5_0_,
        ticket0_.priority as priority6_0_,
        ticket0_.severity as severity7_0_,
        ticket0_.start_date as start_da8_0_,
        ticket0_.status as status9_0_ 
    from
        ticket ticket0_
2023-11-30 15:46:48.933  INFO 34371 --- [    Test worker] o.s.t.c.support.AbstractContextLoader    : Could not detect default resource locations for test class [com.aninfo.integration.cucumber.TicketIntegrationServiceTest]: no resource found for suffixes {-context.xml, Context.groovy}.
2023-11-30 15:46:48.935  INFO 34371 --- [    Test worker] .b.t.c.SpringBootTestContextBootstrapper : Loaded default TestExecutionListener class names from location [META-INF/spring.factories]: [org.springframework.boot.test.autoconfigure.restdocs.RestDocsTestExecutionListener, org.springframework.boot.test.autoconfigure.web.client.MockRestServiceServerResetTestExecutionListener, org.springframework.boot.test.autoconfigure.web.servlet.MockMvcPrintOnlyOnFailureTestExecutionListener, org.springframework.boot.test.autoconfigure.web.servlet.WebDriverTestExecutionListener, org.springframework.boot.test.mock.mockito.MockitoTestExecutionListener, org.springframework.boot.test.mock.mockito.ResetMocksTestExecutionListener, org.springframework.test.context.web.ServletTestExecutionListener, org.springframework.test.context.support.DirtiesContextBeforeModesTestExecutionListener, org.springframework.test.context.support.DependencyInjectionTestExecutionListener, org.springframework.test.context.support.DirtiesContextTestExecutionListener, org.springframework.test.context.transaction.TransactionalTestExecutionListener, org.springframework.test.context.jdbc.SqlScriptsTestExecutionListener, org.springframework.test.context.event.EventPublishingTestExecutionListener]
2023-11-30 15:46:48.935  INFO 34371 --- [    Test worker] .b.t.c.SpringBootTestContextBootstrapper : Using TestExecutionListeners: [org.springframework.test.context.web.ServletTestExecutionListener@3963bed3, org.springframework.test.context.support.DirtiesContextBeforeModesTestExecutionListener@742d4929, org.springframework.boot.test.mock.mockito.MockitoTestExecutionListener@5485a344, org.springframework.boot.test.autoconfigure.SpringBootDependencyInjectionTestExecutionListener@1f54aec3, org.springframework.test.context.support.DirtiesContextTestExecutionListener@3be50edc, org.springframework.test.context.transaction.TransactionalTestExecutionListener@259f7c88, org.springframework.test.context.jdbc.SqlScriptsTestExecutionListener@5c7974fc, org.springframework.test.context.event.EventPublishingTestExecutionListener@6661fb06, org.springframework.boot.test.autoconfigure.restdocs.RestDocsTestExecutionListener@75619af8, org.springframework.boot.test.autoconfigure.web.client.MockRestServiceServerResetTestExecutionListener@2b44d3e0, org.springframework.boot.test.autoconfigure.web.servlet.MockMvcPrintOnlyOnFailureTestExecutionListener@3c8d9ce0, org.springframework.boot.test.autoconfigure.web.servlet.WebDriverTestExecutionListener@55dde9bc, org.springframework.boot.test.mock.mockito.ResetMocksTestExecutionListener@2c121fa5]
Before any test execution
Before any test execution
Before any test execution
Before any test execution
Hibernate: 
    select
        ticket0_.code as code1_0_,
        ticket0_.creator as creator2_0_,
        ticket0_.estimated_finish_date as estimate3_0_,
        ticket0_.info as info4_0_,
        ticket0_.name as name5_0_,
        ticket0_.priority as priority6_0_,
        ticket0_.severity as severity7_0_,
        ticket0_.start_date as start_da8_0_,
        ticket0_.status as status9_0_ 
    from
        ticket ticket0_ 
    where
        ticket0_.name=?
Hibernate: 
    call next value for hibernate_sequence
Hibernate: 
    insert 
    into
        ticket
        (creator, estimated_finish_date, info, name, priority, severity, start_date, status, code) 
    values
        (?, ?, ?, ?, ?, ?, ?, ?, ?)
Hibernate: 
    select
        ticket0_.code as code1_0_,
        ticket0_.creator as creator2_0_,
        ticket0_.estimated_finish_date as estimate3_0_,
        ticket0_.info as info4_0_,
        ticket0_.name as name5_0_,
        ticket0_.priority as priority6_0_,
        ticket0_.severity as severity7_0_,
        ticket0_.start_date as start_da8_0_,
        ticket0_.status as status9_0_ 
    from
        ticket ticket0_
Hibernate: 
    select
        ticket0_.code as code1_0_0_,
        ticket0_.creator as creator2_0_0_,
        ticket0_.estimated_finish_date as estimate3_0_0_,
        ticket0_.info as info4_0_0_,
        ticket0_.name as name5_0_0_,
        ticket0_.priority as priority6_0_0_,
        ticket0_.severity as severity7_0_0_,
        ticket0_.start_date as start_da8_0_0_,
        ticket0_.status as status9_0_0_ 
    from
        ticket ticket0_ 
    where
        ticket0_.code=?
Hibernate: 
    select
        ticket0_.code as code1_0_0_,
        ticket0_.creator as creator2_0_0_,
        ticket0_.estimated_finish_date as estimate3_0_0_,
        ticket0_.info as info4_0_0_,
        ticket0_.name as name5_0_0_,
        ticket0_.priority as priority6_0_0_,
        ticket0_.severity as severity7_0_0_,
        ticket0_.start_date as start_da8_0_0_,
        ticket0_.status as status9_0_0_ 
    from
        ticket ticket0_ 
    where
        ticket0_.code=?
Hibernate: 
    select
        ticket0_.code as code1_0_,
        ticket0_.creator as creator2_0_,
        ticket0_.estimated_finish_date as estimate3_0_,
        ticket0_.info as info4_0_,
        ticket0_.name as name5_0_,
        ticket0_.priority as priority6_0_,
        ticket0_.severity as severity7_0_,
        ticket0_.start_date as start_da8_0_,
        ticket0_.status as status9_0_ 
    from
        ticket ticket0_ 
    where
        ticket0_.name=?
Hibernate: 
    select
        ticket0_.code as code1_0_0_,
        ticket0_.creator as creator2_0_0_,
        ticket0_.estimated_finish_date as estimate3_0_0_,
        ticket0_.info as info4_0_0_,
        ticket0_.name as name5_0_0_,
[...]
        ticket0_.status as status9_0_ 
    from
        ticket ticket0_
2023-11-30 15:46:48.972  INFO 34371 --- [    Test worker] o.s.t.c.support.AbstractContextLoader    : Could not detect default resource locations for test class [com.aninfo.integration.cucumber.TicketIntegrationServiceTest]: no resource found for suffixes {-context.xml, Context.groovy}.
2023-11-30 15:46:48.974  INFO 34371 --- [    Test worker] .b.t.c.SpringBootTestContextBootstrapper : Loaded default TestExecutionListener class names from location [META-INF/spring.factories]: [org.springframework.boot.test.autoconfigure.restdocs.RestDocsTestExecutionListener, org.springframework.boot.test.autoconfigure.web.client.MockRestServiceServerResetTestExecutionListener, org.springframework.boot.test.autoconfigure.web.servlet.MockMvcPrintOnlyOnFailureTestExecutionListener, org.springframework.boot.test.autoconfigure.web.servlet.WebDriverTestExecutionListener, org.springframework.boot.test.mock.mockito.MockitoTestExecutionListener, org.springframework.boot.test.mock.mockito.ResetMocksTestExecutionListener, org.springframework.test.context.web.ServletTestExecutionListener, org.springframework.test.context.support.DirtiesContextBeforeModesTestExecutionListener, org.springframework.test.context.support.DependencyInjectionTestExecutionListener, org.springframework.test.context.support.DirtiesContextTestExecutionListener, org.springframework.test.context.transaction.TransactionalTestExecutionListener, org.springframework.test.context.jdbc.SqlScriptsTestExecutionListener, org.springframework.test.context.event.EventPublishingTestExecutionListener]
2023-11-30 15:46:48.974  INFO 34371 --- [    Test worker] .b.t.c.SpringBootTestContextBootstrapper : Using TestExecutionListeners: [org.springframework.test.context.web.ServletTestExecutionListener@72588a43, org.springframework.test.context.support.DirtiesContextBeforeModesTestExecutionListener@60af105e, org.springframework.boot.test.mock.mockito.MockitoTestExecutionListener@16a1ad78, org.springframework.boot.test.autoconfigure.SpringBootDependencyInjectionTestExecutionListener@524a7443, org.springframework.test.context.support.DirtiesContextTestExecutionListener@64f6e6db, org.springframework.test.context.transaction.TransactionalTestExecutionListener@7cc337fb, org.springframework.test.context.jdbc.SqlScriptsTestExecutionListener@67128f76, org.springframework.test.context.event.EventPublishingTestExecutionListener@66fb17bb, org.springframework.boot.test.autoconfigure.restdocs.RestDocsTestExecutionListener@3568f581, org.springframework.boot.test.autoconfigure.web.client.MockRestServiceServerResetTestExecutionListener@50f17038, org.springframework.boot.test.autoconfigure.web.servlet.MockMvcPrintOnlyOnFailureTestExecutionListener@23eb2c6f, org.springframework.boot.test.autoconfigure.web.servlet.WebDriverTestExecutionListener@1d93a166, org.springframework.boot.test.mock.mockito.ResetMocksTestExecutionListener@6fa59ba8]
Before any test execution
Before any test execution
Before any test execution
Before any test execution
Hibernate: 
    select
        ticket0_.code as code1_0_,
        ticket0_.creator as creator2_0_,
        ticket0_.estimated_finish_date as estimate3_0_,
        ticket0_.info as info4_0_,
        ticket0_.name as name5_0_,
        ticket0_.priority as priority6_0_,
        ticket0_.severity as severity7_0_,
        ticket0_.start_date as start_da8_0_,
        ticket0_.status as status9_0_ 
    from
        ticket ticket0_ 
    where
        ticket0_.name=?
Hibernate: 
    call next value for hibernate_sequence
Hibernate: 
    insert 
    into
        ticket
        (creator, estimated_finish_date, info, name, priority, severity, start_date, status, code) 
    values
        (?, ?, ?, ?, ?, ?, ?, ?, ?)
Hibernate: 
    select
        ticket0_.code as code1_0_,
        ticket0_.creator as creator2_0_,
        ticket0_.estimated_finish_date as estimate3_0_,
        ticket0_.info as info4_0_,
        ticket0_.name as name5_0_,
        ticket0_.priority as priority6_0_,
        ticket0_.severity as severity7_0_,
        ticket0_.start_date as start_da8_0_,
        ticket0_.status as status9_0_ 
    from
        ticket ticket0_ 
    where
        ticket0_.name=?
Hibernate: 
    call next value for hibernate_sequence
Hibernate: 
    insert 
    into
        ticket
        (creator, estimated_finish_date, info, name, priority, severity, start_date, status, code) 
    values
        (?, ?, ?, ?, ?, ?, ?, ?, ?)
Hibernate: 
    select
        ticket0_.code as code1_0_,
        ticket0_.creator as creator2_0_,
        ticket0_.estimated_finish_date as estimate3_0_,
        ticket0_.info as info4_0_,
        ticket0_.name as name5_0_,
        ticket0_.priority as priority6_0_,
        ticket0_.severity as severity7_0_,
        ticket0_.start_date as start_da8_0_,
        ticket0_.status as status9_0_ 
    from
        ticket ticket0_
Hibernate: 
    select
        ticket0_.code as code1_0_0_,
        ticket0_.creator as creator2_0_0_,
        ticket0_.estimated_finish_date as estimate3_0_0_,
        ticket0_.info as info4_0_0_,
        ticket0_.name as name5_0_0_,
        ticket0_.priority as priority6_0_0_,
        ticket0_.severity as severity7_0_0_,
        ticket0_.start_date as start_da8_0_0_,
        ticket0_.status as status9_0_0_ 
    from
        ticket ticket0_ 
    where
        ticket0_.code=?
Hibernate: 
    select
        ticket0_.code as code1_0_0_,
        ticket0_.creator as creator2_0_0_,
        ticket0_.estimated_finish_date as estimate3_0_0_,
        ticket0_.info as info4_0_0_,
        ticket0_.name as name5_0_0_,
        ticket0_.priority as priority6_0_0_,
        ticket0_.severity as severity7_0_0_,
        ticket0_.start_date as start_da8_0_0_,
        ticket0_.status as status9_0_0_ 
    from
        ticket ticket0_ 
    where
        ticket0_.code=?
Hibernate: 
    select
        ticket0_.code as code1_0_,
        ticket0_.creator as creator2_0_,
        ticket0_.estimated_finish_date as estimate3_0_,
        ticket0_.info as info4_0_,
        ticket0_.name as name5_0_,
        ticket0_.priority as priority6_0_,
        ticket0_.severity as severity7_0_,
        ticket0_.start_date as start_da8_0_,
        ticket0_.status as status9_0_ 
    from
        ticket ticket0_ 
    where
        ticket0_.name=?
Resetting system
Hibernate: 
    select
        ticket0_.code as code1_0_,
        ticket0_.creator as creator2_0_,
        ticket0_.estimated_finish_date as estimate3_0_,
        ticket0_.info as info4_0_,
        ticket0_.name as name5_0_,
        ticket0_.priority as priority6_0_,
        ticket0_.severity as severity7_0_,
        ticket0_.start_date as start_da8_0_,
        ticket0_.status as status9_0_ 
    from
        ticket ticket0_
Hibernate: 
    delete 
    from
        ticket 
    where
        code=?
Hibernate: 
    delete 
    from
        ticket 
    where
        code=?
Resetting system
Hibernate: 
    select
        ticket0_.code as code1_0_,
        ticket0_.creator as creator2_0_,
        ticket0_.estimated_finish_date as estimate3_0_,
        ticket0_.info as info4_0_,
        ticket0_.name as name5_0_,
        ticket0_.priority as priority6_0_,
        ticket0_.severity as severity7_0_,
        ticket0_.start_date as start_da8_0_,
        ticket0_.status as status9_0_ 
    from
        ticket ticket0_
Resetting system
Hibernate: 
    select
        ticket0_.code as code1_0_,
        ticket0_.creator as creator2_0_,
        ticket0_.estimated_finish_date as estimate3_0_,
        ticket0_.info as info4_0_,
        ticket0_.name as name5_0_,
        ticket0_.priority as priority6_0_,
        ticket0_.severity as severity7_0_,
        ticket0_.start_date as start_da8_0_,
        ticket0_.status as status9_0_ 
    from
        ticket ticket0_
Resetting system
Hibernate: 
    select
        ticket0_.code as code1_0_,
        ticket0_.creator as creator2_0_,
        ticket0_.estimated_finish_date as estimate3_0_,
        ticket0_.info as info4_0_,
        ticket0_.name as name5_0_,
        ticket0_.priority as priority6_0_,
        ticket0_.severity as severity7_0_,
        ticket0_.start_date as start_da8_0_,
        ticket0_.status as status9_0_ 
    from
        ticket ticket0_
2023-11-30 15:46:49.043  INFO 34371 --- [    Test worker] o.s.t.c.support.AbstractContextLoader    : Could not detect default resource locations for test class [com.aninfo.integration.cucumber.TicketIntegrationServiceTest]: no resource found for suffixes {-context.xml, Context.groovy}.
2023-11-30 15:46:49.045  INFO 34371 --- [    Test worker] .b.t.c.SpringBootTestContextBootstrapper : Loaded default TestExecutionListener class names from location [META-INF/spring.factories]: [org.springframework.boot.test.autoconfigure.restdocs.RestDocsTestExecutionListener, org.springframework.boot.test.autoconfigure.web.client.MockRestServiceServerResetTestExecutionListener, org.springframework.boot.test.autoconfigure.web.servlet.MockMvcPrintOnlyOnFailureTestExecutionListener, org.springframework.boot.test.autoconfigure.web.servlet.WebDriverTestExecutionListener, org.springframework.boot.test.mock.mockito.MockitoTestExecutionListener, org.springframework.boot.test.mock.mockito.ResetMocksTestExecutionListener, org.springframework.test.context.web.ServletTestExecutionListener, org.springframework.test.context.support.DirtiesContextBeforeModesTestExecutionListener, org.springframework.test.context.support.DependencyInjectionTestExecutionListener, org.springframework.test.context.support.DirtiesContextTestExecutionListener, org.springframework.test.context.transaction.TransactionalTestExecutionListener, org.springframework.test.context.jdbc.SqlScriptsTestExecutionListener, org.springframework.test.context.event.EventPublishingTestExecutionListener]
2023-11-30 15:46:49.049  INFO 34371 --- [    Test worker] .b.t.c.SpringBootTestContextBootstrapper : Using TestExecutionListeners: [org.springframework.test.context.web.ServletTestExecutionListener@1a81123a, org.springframework.test.context.support.DirtiesContextBeforeModesTestExecutionListener@22abd21e, org.springframework.boot.test.mock.mockito.MockitoTestExecutionListener@3d161631, org.springframework.boot.test.autoconfigure.SpringBootDependencyInjectionTestExecutionListener@6c52661a, org.springframework.test.context.support.DirtiesContextTestExecutionListener@7ed0a968, org.springframework.test.context.transaction.TransactionalTestExecutionListener@217bf8e, org.springframework.test.context.jdbc.SqlScriptsTestExecutionListener@fbd9663, org.springframework.test.context.event.EventPublishingTestExecutionListener@70a05338, org.springframework.boot.test.autoconfigure.restdocs.RestDocsTestExecutionListener@bc03fad, org.springframework.boot.test.autoconfigure.web.client.MockRestServiceServerResetTestExecutionListener@34141a94, org.springframework.boot.test.autoconfigure.web.servlet.MockMvcPrintOnlyOnFailureTestExecutionListener@57799cfb, org.springframework.boot.test.autoconfigure.web.servlet.WebDriverTestExecutionListener@25b23cbf, org.springframework.boot.test.mock.mockito.ResetMocksTestExecutionListener@2f8542f3]
Before any test execution
Before any test execution
Before any test execution
Before any test execution
Hibernate: 
    select
        ticket0_.code as code1_0_,
        ticket0_.creator as creator2_0_,
        ticket0_.estimated_finish_date as estimate3_0_,
        ticket0_.info as info4_0_,
        ticket0_.name as name5_0_,
        ticket0_.priority as priority6_0_,
        ticket0_.severity as severity7_0_,
        ticket0_.start_date as start_da8_0_,
        ticket0_.status as status9_0_ 
    from
        ticket ticket0_ 
    where
        ticket0_.name=?
Hibernate: 
    call next value for hibernate_sequence
Hibernate: 
    insert 
    into
        ticket
        (creator, estimated_finish_date, info, name, priority, severity, start_date, status, code) 
    values
        (?, ?, ?, ?, ?, ?, ?, ?, ?)
Hibernate: 
    select
        ticket0_.code as code1_0_0_,
        ticket0_.creator as creator2_0_0_,
        ticket0_.estimated_finish_date as estimate3_0_0_,
        ticket0_.info as info4_0_0_,
        ticket0_.name as name5_0_0_,
        ticket0_.priority as priority6_0_0_,
        ticket0_.severity as severity7_0_0_,
        ticket0_.start_date as start_da8_0_0_,
        ticket0_.status as status9_0_0_ 
    from
        ticket ticket0_ 
    where
        ticket0_.code=?
Resetting system
Hibernate: 
    select
        ticket0_.code as code1_0_,
        ticket0_.creator as creator2_0_,
        ticket0_.estimated_finish_date as estimate3_0_,
        ticket0_.info as info4_0_,
        ticket0_.name as name5_0_,
        ticket0_.priority as priority6_0_,
        ticket0_.severity as severity7_0_,
        ticket0_.start_date as start_da8_0_,
        ticket0_.status as status9_0_ 
    from
        ticket ticket0_
Hibernate: 
    delete 
    from
        ticket 
    where
        code=?
Resetting system
Hibernate: 
    select
        ticket0_.code as code1_0_,
        ticket0_.creator as creator2_0_,
        ticket0_.estimated_finish_date as estimate3_0_,
        ticket0_.info as info4_0_,
        ticket0_.name as name5_0_,
        ticket0_.priority as priority6_0_,
        ticket0_.severity as severity7_0_,
        ticket0_.start_date as start_da8_0_,
        ticket0_.status as status9_0_ 
    from
        ticket ticket0_
Resetting system
Hibernate: 
    select
        ticket0_.code as code1_0_,
        ticket0_.creator as creator2_0_,
        ticket0_.estimated_finish_date as estimate3_0_,
        ticket0_.info as info4_0_,
        ticket0_.name as name5_0_,
        ticket0_.priority as priority6_0_,
        ticket0_.severity as severity7_0_,
        ticket0_.start_date as start_da8_0_,
        ticket0_.status as status9_0_ 
    from
        ticket ticket0_
Resetting system
Hibernate: 
    select
        ticket0_.code as code1_0_,
        ticket0_.creator as creator2_0_,
        ticket0_.estimated_finish_date as estimate3_0_,
        ticket0_.info as info4_0_,
        ticket0_.name as name5_0_,
        ticket0_.priority as priority6_0_,
        ticket0_.severity as severity7_0_,
        ticket0_.start_date as start_da8_0_,
        ticket0_.status as status9_0_ 
    from
        ticket ticket0_
2023-11-30 15:46:49.087  INFO 34371 --- [    Test worker] o.s.t.c.support.AbstractContextLoader    : Could not detect default resource locations for test class [com.aninfo.integration.cucumber.TicketIntegrationServiceTest]: no resource found for suffixes {-context.xml, Context.groovy}.
2023-11-30 15:46:49.089  INFO 34371 --- [    Test worker] .b.t.c.SpringBootTestContextBootstrapper : Loaded default TestExecutionListener class names from location [META-INF/spring.factories]: [org.springframework.boot.test.autoconfigure.restdocs.RestDocsTestExecutionListener, org.springframework.boot.test.autoconfigure.web.client.MockRestServiceServerResetTestExecutionListener, org.springframework.boot.test.autoconfigure.web.servlet.MockMvcPrintOnlyOnFailureTestExecutionListener, org.springframework.boot.test.autoconfigure.web.servlet.WebDriverTestExecutionListener, org.springframework.boot.test.mock.mockito.MockitoTestExecutionListener, org.springframework.boot.test.mock.mockito.ResetMocksTestExecutionListener, org.springframework.test.context.web.ServletTestExecutionListener, org.springframework.test.context.support.DirtiesContextBeforeModesTestExecutionListener, org.springframework.test.context.support.DependencyInjectionTestExecutionListener, org.springframework.test.context.support.DirtiesContextTestExecutionListener, org.springframework.test.context.transaction.TransactionalTestExecutionListener, org.springframework.test.context.jdbc.SqlScriptsTestExecutionListener, org.springframework.test.context.event.EventPublishingTestExecutionListener]
2023-11-30 15:46:49.090  INFO 34371 --- [    Test worker] .b.t.c.SpringBootTestContextBootstrapper : Using TestExecutionListeners: [org.springframework.test.context.web.ServletTestExecutionListener@571822c, org.springframework.test.context.support.DirtiesContextBeforeModesTestExecutionListener@629eb214, org.springframework.boot.test.mock.mockito.MockitoTestExecutionListener@7e7275c5, org.springframework.boot.test.autoconfigure.SpringBootDependencyInjectionTestExecutionListener@d8a6eaf, org.springframework.test.context.support.DirtiesContextTestExecutionListener@4e3edd0, org.springframework.test.context.transaction.TransactionalTestExecutionListener@137af14a, org.springframework.test.context.jdbc.SqlScriptsTestExecutionListener@7ecb62bd, org.springframework.test.context.event.EventPublishingTestExecutionListener@206a94dd, org.springframework.boot.test.autoconfigure.restdocs.RestDocsTestExecutionListener@3bfc606d, org.springframework.boot.test.autoconfigure.web.client.MockRestServiceServerResetTestExecutionListener@7f4826f9, org.springframework.boot.test.autoconfigure.web.servlet.MockMvcPrintOnlyOnFailureTestExecutionListener@5a336d27, org.springframework.boot.test.autoconfigure.web.servlet.WebDriverTestExecutionListener@2e0bd6c0, org.springframework.boot.test.mock.mockito.ResetMocksTestExecutionListener@76ac3464]
Before any test execution
Before any test execution
Before any test execution
Before any test execution
Resetting system
Hibernate: 
    select
        ticket0_.code as code1_0_,
        ticket0_.creator as creator2_0_,
        ticket0_.estimated_finish_date as estimate3_0_,
        ticket0_.info as info4_0_,
        ticket0_.name as name5_0_,
        ticket0_.priority as priority6_0_,
        ticket0_.severity as severity7_0_,
        ticket0_.start_date as start_da8_0_,
        ticket0_.status as status9_0_ 
    from
        ticket ticket0_
Resetting system
Hibernate: 
    select
        ticket0_.code as code1_0_,
        ticket0_.creator as creator2_0_,
        ticket0_.estimated_finish_date as estimate3_0_,
        ticket0_.info as info4_0_,
        ticket0_.name as name5_0_,
        ticket0_.priority as priority6_0_,
        ticket0_.severity as severity7_0_,
        ticket0_.start_date as start_da8_0_,
        ticket0_.status as status9_0_ 
    from
        ticket ticket0_
Resetting system
Hibernate: 
    select
        ticket0_.code as code1_0_,
        ticket0_.creator as creator2_0_,
        ticket0_.estimated_finish_date as estimate3_0_,
        ticket0_.info as info4_0_,
        ticket0_.name as name5_0_,
        ticket0_.priority as priority6_0_,
        ticket0_.severity as severity7_0_,
        ticket0_.start_date as start_da8_0_,
        ticket0_.status as status9_0_ 
    from
        ticket ticket0_
Resetting system
Hibernate: 
    select
        ticket0_.code as code1_0_,
        ticket0_.creator as creator2_0_,
        ticket0_.estimated_finish_date as estimate3_0_,
        ticket0_.info as info4_0_,
        ticket0_.name as name5_0_,
        ticket0_.priority as priority6_0_,
        ticket0_.severity as severity7_0_,
        ticket0_.start_date as start_da8_0_,
        ticket0_.status as status9_0_ 
    from
        ticket ticket0_

13 Scenarios (?[33m2 undefined?[0m, ?[32m11 passed?[0m)
42 Steps (?[36m1 skipped?[0m, ?[33m3 undefined?[0m, ?[32m38 passed?[0m)
0m1,155s


You can implement missing steps with the snippets below:

@Then("^The tickets's code matches$")
public void the_tickets_s_code_matches() throws Throwable {
    // Write code here that turns the phrase above into concrete actions
    throw new PendingException();
}

@Given("^no tickets to search$")
public void no_tickets_to_search() throws Throwable {
    // Write code here that turns the phrase above into concrete actions
    throw new PendingException();
}

@When("^Searching a ticket by it's code$")
public void searching_a_ticket_by_it_s_code() throws Throwable {
    // Write code here that turns the phrase above into concrete actions
    throw new PendingException();
}

]]></system-out>
  <system-err><![CDATA[]]></system-err>
</testsuite>
